[WARNING] 19:24:36 | The command at C:\Users\richa\OneDrive - w6l3y\northern-lights-development-bot\commands\fun\ping2.js is missing a required "data" or "execute" property.
[INFO] 19:24:36 | Started refreshing 5 application (/) commands.
[INFO] 19:24:37 | Successfully reloaded 5 application (/) commands.
[DEBUG] 19:24:37 | Provided token: MTA4NTYxMjkzOTc3MzQ4NTE5MA.GZK5eK.**************************************
[DEBUG] 19:24:37 | Preparing to connect to the gateway...
[DEBUG] 19:24:37 | [WS => Manager] Fetched Gateway Information
    URL: wss://gateway.discord.gg
    Recommended Shards: 1
[DEBUG] 19:24:37 | [WS => Manager] Session Limit Information
    Total: 1000
    Remaining: 975
[DEBUG] 19:24:37 | [WS => Shard 0] Connecting to wss://gateway.discord.gg?v=10&encoding=json
[DEBUG] 19:24:37 | [WS => Shard 0] Waiting for event hello for 60000ms
[DEBUG] 19:24:37 | [WS => Shard 0] Preparing first heartbeat of the connection with a jitter of 0.5723409577478273; waiting 23609ms
[DEBUG] 19:24:37 | [WS => Shard 0] Waiting for identify throttle
[DEBUG] 19:24:37 | [WS => Shard 0] Identifying
	shard id: 0
	shard count: 1
	intents: 1
	compression: none
[DEBUG] 19:24:37 | [WS => Shard 0] Waiting for event ready for 15000ms
[DEBUG] 19:24:38 | [WS => Shard 0] Shard received all its guilds. Marking as fully ready.
[DEBUG] 19:25:01 | [WS => Shard 0] First heartbeat sent, starting to beat every 41250ms
[DEBUG] 19:25:01 | [WS => Shard 0] Heartbeat acknowledged, latency of 149ms.
[DEBUG] 19:25:42 | [WS => Shard 0] Heartbeat acknowledged, latency of 132ms.
[WARNING] 19:26:03 | The command at C:\Users\richa\OneDrive - w6l3y\northern-lights-development-bot\commands\fun\ping2.js is missing a required "data" or "execute" property.
[INFO] 19:26:03 | Started refreshing 5 application (/) commands.
[INFO] 19:26:03 | Successfully reloaded 5 application (/) commands.
[DEBUG] 19:26:04 | Provided token: MTA4NTYxMjkzOTc3MzQ4NTE5MA.GZK5eK.**************************************
[DEBUG] 19:26:04 | Preparing to connect to the gateway...
[DEBUG] 19:26:04 | [WS => Manager] Fetched Gateway Information
    URL: wss://gateway.discord.gg
    Recommended Shards: 1
[DEBUG] 19:26:04 | [WS => Manager] Session Limit Information
    Total: 1000
    Remaining: 974
[DEBUG] 19:26:04 | [WS => Shard 0] Connecting to wss://gateway.discord.gg?v=10&encoding=json
[DEBUG] 19:26:04 | [WS => Shard 0] Waiting for event hello for 60000ms
[DEBUG] 19:26:04 | [WS => Shard 0] Preparing first heartbeat of the connection with a jitter of 0.9428713784464153; waiting 38893ms
[DEBUG] 19:26:04 | [WS => Shard 0] Waiting for identify throttle
[DEBUG] 19:26:04 | [WS => Shard 0] Identifying
	shard id: 0
	shard count: 1
	intents: 1
	compression: none
[DEBUG] 19:26:04 | [WS => Shard 0] Waiting for event ready for 15000ms
[DEBUG] 19:26:04 | [WS => Shard 0] Shard received all its guilds. Marking as fully ready.
[DEBUG] 19:26:43 | [WS => Shard 0] First heartbeat sent, starting to beat every 41250ms
[DEBUG] 19:26:43 | [WS => Shard 0] Heartbeat acknowledged, latency of 120ms.
[WARNING] 19:27:24 | The command at C:\Users\richa\OneDrive - w6l3y\northern-lights-development-bot\commands\fun\ping2.js is missing a required "data" or "execute" property.
[INFO] 19:27:24 | Started refreshing 5 application (/) commands.
[INFO] 19:27:24 | Successfully reloaded 5 application (/) commands.
[DEBUG] 19:27:25 | Provided token: MTA4NTYxMjkzOTc3MzQ4NTE5MA.GZK5eK.**************************************
[DEBUG] 19:27:25 | Preparing to connect to the gateway...
[DEBUG] 19:27:25 | [WS => Manager] Fetched Gateway Information
    URL: wss://gateway.discord.gg
    Recommended Shards: 1
[DEBUG] 19:27:25 | [WS => Manager] Session Limit Information
    Total: 1000
    Remaining: 973
[DEBUG] 19:27:25 | [WS => Shard 0] Connecting to wss://gateway.discord.gg?v=10&encoding=json
[DEBUG] 19:27:25 | [WS => Shard 0] Waiting for event hello for 60000ms
[DEBUG] 19:27:25 | [WS => Shard 0] Preparing first heartbeat of the connection with a jitter of 0.8469938167714535; waiting 34938ms
[DEBUG] 19:27:25 | [WS => Shard 0] Waiting for identify throttle
[DEBUG] 19:27:25 | [WS => Shard 0] Identifying
	shard id: 0
	shard count: 1
	intents: 1
	compression: none
[DEBUG] 19:27:25 | [WS => Shard 0] Waiting for event ready for 15000ms
[DEBUG] 19:27:25 | [WS => Shard 0] Shard received all its guilds. Marking as fully ready.
[DEBUG] 19:28:00 | [WS => Shard 0] First heartbeat sent, starting to beat every 41250ms
[DEBUG] 19:28:00 | [WS => Shard 0] Heartbeat acknowledged, latency of 130ms.
[DEBUG] 19:28:41 | [WS => Shard 0] Heartbeat acknowledged, latency of 126ms.
[DEBUG] 19:29:23 | [WS => Shard 0] Heartbeat acknowledged, latency of 152ms.
[DEBUG] 19:30:04 | [WS => Shard 0] Heartbeat acknowledged, latency of 125ms.
[WARNING] 19:32:16 | The command at C:\Users\richa\OneDrive - w6l3y\northern-lights-development-bot\commands\fun\ping2.js is missing a required "data" or "execute" property.
[INFO] 19:32:16 | Started refreshing 5 application (/) commands.
[INFO] 19:32:16 | Successfully reloaded 5 application (/) commands.
[DEBUG] 19:32:16 | Provided token: MTA4NTYxMjkzOTc3MzQ4NTE5MA.GZK5eK.**************************************
[DEBUG] 19:32:16 | Preparing to connect to the gateway...
[DEBUG] 19:32:17 | [WS => Manager] Fetched Gateway Information
    URL: wss://gateway.discord.gg
    Recommended Shards: 1
[DEBUG] 19:32:17 | [WS => Manager] Session Limit Information
    Total: 1000
    Remaining: 972
[DEBUG] 19:32:17 | [WS => Shard 0] Connecting to wss://gateway.discord.gg?v=10&encoding=json
[DEBUG] 19:32:17 | [WS => Shard 0] Waiting for event hello for 60000ms
[DEBUG] 19:32:17 | [WS => Shard 0] Preparing first heartbeat of the connection with a jitter of 0.12520052000998438; waiting 5164ms
[DEBUG] 19:32:17 | [WS => Shard 0] Waiting for identify throttle
[DEBUG] 19:32:17 | [WS => Shard 0] Identifying
	shard id: 0
	shard count: 1
	intents: 1
	compression: none
[DEBUG] 19:32:17 | [WS => Shard 0] Waiting for event ready for 15000ms
[DEBUG] 19:32:17 | [WS => Shard 0] Shard received all its guilds. Marking as fully ready.
