[WARNING] 22:05:25 | The command at C:\Users\richa\OneDrive - w6l3y\northern-lights-development-bot\commands\fun\ping2.js is missing a required "data" or "execute" property.
[WARNING] 23:06:41 | The command at C:\Users\richa\OneDrive - w6l3y\northern-lights-development-bot\commands\fun\ping2.js is missing a required "data" or "execute" property.
[WARNING] 23:07:00 | The command at C:\Users\richa\OneDrive - w6l3y\northern-lights-development-bot\commands\fun\ping2.js is missing a required "data" or "execute" property.
[WARNING] 23:07:00 | The command at C:\Users\richa\OneDrive - w6l3y\northern-lights-development-bot\commands\utility\setactivity.js is missing a required "data" or "execute" property.
[INFO] 23:07:00 | Started refreshing 5 application (/) commands.
[INFO] 23:07:00 | Successfully reloaded 5 application (/) commands.
[DEBUG] 23:07:01 | Provided token: MTA4NTYxMjkzOTc3MzQ4NTE5MA.GZK5eK.**************************************
[DEBUG] 23:07:01 | Preparing to connect to the gateway...
[DEBUG] 23:07:01 | [WS => Manager] Fetched Gateway Information
    URL: wss://gateway.discord.gg
    Recommended Shards: 1
[DEBUG] 23:07:01 | [WS => Manager] Session Limit Information
    Total: 1000
    Remaining: 1000
[DEBUG] 23:07:01 | [WS => Shard 0] Connecting to wss://gateway.discord.gg?v=10&encoding=json
[DEBUG] 23:07:01 | [WS => Shard 0] Waiting for event hello for 60000ms
[DEBUG] 23:07:01 | [WS => Shard 0] Preparing first heartbeat of the connection with a jitter of 0.4629923971470473; waiting 19098ms
[DEBUG] 23:07:01 | [WS => Shard 0] Waiting for identify throttle
[DEBUG] 23:07:01 | [WS => Shard 0] Identifying
	shard id: 0
	shard count: 1
	intents: 1
	compression: none
[DEBUG] 23:07:01 | [WS => Shard 0] Waiting for event ready for 15000ms
[DEBUG] 23:07:02 | [WS => Shard 0] Shard received all its guilds. Marking as fully ready.
[DEBUG] 23:07:20 | [WS => Shard 0] First heartbeat sent, starting to beat every 41250ms
[DEBUG] 23:07:21 | [WS => Shard 0] Heartbeat acknowledged, latency of 121ms.
[DEBUG] 23:08:02 | [WS => Shard 0] Heartbeat acknowledged, latency of 120ms.
[DEBUG] 23:08:43 | [WS => Shard 0] Heartbeat acknowledged, latency of 119ms.
[WARNING] 23:08:46 | The command at C:\Users\richa\OneDrive - w6l3y\northern-lights-development-bot\commands\fun\ping2.js is missing a required "data" or "execute" property.
[WARNING] 23:10:03 | The command at C:\Users\richa\OneDrive - w6l3y\northern-lights-development-bot\commands\fun\ping2.js is missing a required "data" or "execute" property.
[WARNING] 23:11:54 | The command at C:\Users\richa\OneDrive - w6l3y\northern-lights-development-bot\commands\fun\ping2.js is missing a required "data" or "execute" property.
[WARNING] 23:12:04 | The command at C:\Users\richa\OneDrive - w6l3y\northern-lights-development-bot\commands\fun\ping2.js is missing a required "data" or "execute" property.
[WARNING] 23:12:11 | The command at C:\Users\richa\OneDrive - w6l3y\northern-lights-development-bot\commands\fun\ping2.js is missing a required "data" or "execute" property.
[WARNING] 23:12:46 | The command at C:\Users\richa\OneDrive - w6l3y\northern-lights-development-bot\commands\fun\ping2.js is missing a required "data" or "execute" property.
[INFO] 23:12:47 | Started refreshing 6 application (/) commands.
[INFO] 23:12:47 | Successfully reloaded 6 application (/) commands.
[DEBUG] 23:12:47 | Provided token: MTA4NTYxMjkzOTc3MzQ4NTE5MA.GZK5eK.**************************************
[DEBUG] 23:12:47 | Preparing to connect to the gateway...
[DEBUG] 23:12:48 | [WS => Manager] Fetched Gateway Information
    URL: wss://gateway.discord.gg
    Recommended Shards: 1
[DEBUG] 23:12:48 | [WS => Manager] Session Limit Information
    Total: 1000
    Remaining: 999
[DEBUG] 23:12:48 | [WS => Shard 0] Connecting to wss://gateway.discord.gg?v=10&encoding=json
[DEBUG] 23:12:48 | [WS => Shard 0] Waiting for event hello for 60000ms
[DEBUG] 23:12:48 | [WS => Shard 0] Preparing first heartbeat of the connection with a jitter of 0.3864906134733723; waiting 15942ms
[DEBUG] 23:12:48 | [WS => Shard 0] Waiting for identify throttle
[DEBUG] 23:12:48 | [WS => Shard 0] Identifying
	shard id: 0
	shard count: 1
	intents: 1
	compression: none
[DEBUG] 23:12:48 | [WS => Shard 0] Waiting for event ready for 15000ms
[DEBUG] 23:12:48 | [WS => Shard 0] Shard received all its guilds. Marking as fully ready.
[DEBUG] 23:13:04 | [WS => Shard 0] First heartbeat sent, starting to beat every 41250ms
[DEBUG] 23:13:04 | [WS => Shard 0] Heartbeat acknowledged, latency of 120ms.
[DEBUG] 23:13:45 | [WS => Shard 0] Heartbeat acknowledged, latency of 123ms.
[DEBUG] 23:14:26 | [WS => Shard 0] Heartbeat acknowledged, latency of 119ms.
[DEBUG] 23:15:08 | [WS => Shard 0] Heartbeat acknowledged, latency of 121ms.
[DEBUG] 23:15:49 | [WS => Shard 0] Heartbeat acknowledged, latency of 121ms.
[DEBUG] 23:16:30 | [WS => Shard 0] Heartbeat acknowledged, latency of 120ms.
[DEBUG] 23:17:11 | [WS => Shard 0] Heartbeat acknowledged, latency of 122ms.
[DEBUG] 23:17:53 | [WS => Shard 0] Heartbeat acknowledged, latency of 121ms.
[DEBUG] 23:18:34 | [WS => Shard 0] Heartbeat acknowledged, latency of 120ms.
[DEBUG] 23:19:15 | [WS => Shard 0] Heartbeat acknowledged, latency of 121ms.
[DEBUG] 23:19:56 | [WS => Shard 0] Heartbeat acknowledged, latency of 122ms.
[DEBUG] 23:20:38 | [WS => Shard 0] Heartbeat acknowledged, latency of 120ms.
[DEBUG] 23:21:19 | [WS => Shard 0] Heartbeat acknowledged, latency of 121ms.
[DEBUG] 23:22:00 | [WS => Shard 0] Heartbeat acknowledged, latency of 123ms.
[ERROR] 23:22:28 | TypeError: Assignment to constant variable.
    at Object.execute (C:\Users\richa\OneDrive - w6l3y\northern-lights-development-bot\commands\utility\setactivity.js:30:26)
    at process.processTicksAndRejections (node:internal/process/task_queues:95:5)
    at async Object.execute (C:\Users\richa\OneDrive - w6l3y\northern-lights-development-bot\events\interactionCreate.js:51:13)
[DEBUG] 23:22:41 | [WS => Shard 0] Heartbeat acknowledged, latency of 120ms.
[MEMORY] 23:22:47 | 17.74 MB out of 18.89 MB
[CPU] 23:22:47 |  0.02 % used
[UPTIME] 23:22:47 | 0d 0h 10m 0s
[DEBUG] 23:23:23 | [WS => Shard 0] Heartbeat acknowledged, latency of 121ms.
[DEBUG] 23:24:04 | [WS => Shard 0] Heartbeat acknowledged, latency of 120ms.
[DEBUG] 23:24:45 | [WS => Shard 0] Heartbeat acknowledged, latency of 120ms.
[DEBUG] 23:25:26 | [WS => Shard 0] Heartbeat acknowledged, latency of 119ms.
[DEBUG] 23:26:08 | [WS => Shard 0] Heartbeat acknowledged, latency of 120ms.
[DEBUG] 23:26:49 | [WS => Shard 0] Heartbeat acknowledged, latency of 121ms.
[DEBUG] 23:27:30 | [WS => Shard 0] Heartbeat acknowledged, latency of 126ms.
[DEBUG] 23:28:11 | [WS => Shard 0] Heartbeat acknowledged, latency of 119ms.
[DEBUG] 23:28:53 | [WS => Shard 0] Heartbeat acknowledged, latency of 119ms.
[DEBUG] 23:29:34 | [WS => Shard 0] Heartbeat acknowledged, latency of 119ms.
[DEBUG] 23:30:15 | [WS => Shard 0] Heartbeat acknowledged, latency of 124ms.
[DEBUG] 23:30:56 | [WS => Shard 0] Heartbeat acknowledged, latency of 123ms.
[DEBUG] 23:31:38 | [WS => Shard 0] Heartbeat acknowledged, latency of 120ms.
[DEBUG] 23:32:19 | [WS => Shard 0] Heartbeat acknowledged, latency of 119ms.
[MEMORY] 23:32:47 | 17.76 MB out of 18.89 MB
[CPU] 23:32:47 |  0.02 % used
[UPTIME] 23:32:47 | 0d 0h 20m 0s
[DEBUG] 23:33:00 | [WS => Shard 0] Heartbeat acknowledged, latency of 119ms.
[DEBUG] 23:33:41 | [WS => Shard 0] Heartbeat acknowledged, latency of 125ms.
[DEBUG] 23:34:23 | [WS => Shard 0] Heartbeat acknowledged, latency of 119ms.
[DEBUG] 23:35:04 | [WS => Shard 0] Heartbeat acknowledged, latency of 123ms.
[DEBUG] 23:35:45 | [WS => Shard 0] Heartbeat acknowledged, latency of 135ms.
[DEBUG] 23:36:26 | [WS => Shard 0] Heartbeat acknowledged, latency of 119ms.
[DEBUG] 23:37:08 | [WS => Shard 0] Heartbeat acknowledged, latency of 121ms.
[DEBUG] 23:37:49 | [WS => Shard 0] Heartbeat acknowledged, latency of 123ms.
[DEBUG] 23:38:30 | [WS => Shard 0] Heartbeat acknowledged, latency of 122ms.
[DEBUG] 23:39:11 | [WS => Shard 0] Heartbeat acknowledged, latency of 119ms.
[DEBUG] 23:39:53 | [WS => Shard 0] Heartbeat acknowledged, latency of 121ms.
[DEBUG] 23:40:34 | [WS => Shard 0] Heartbeat acknowledged, latency of 119ms.
[DEBUG] 23:41:15 | [WS => Shard 0] Heartbeat acknowledged, latency of 119ms.
[DEBUG] 23:41:56 | [WS => Shard 0] Heartbeat acknowledged, latency of 120ms.
[DEBUG] 23:42:38 | [WS => Shard 0] Heartbeat acknowledged, latency of 119ms.
[MEMORY] 23:42:47 | 17.67 MB out of 20.14 MB
[CPU] 23:42:47 |  0.02 % used
[UPTIME] 23:42:47 | 0d 0h 30m 0s
[DEBUG] 23:43:19 | [WS => Shard 0] Heartbeat acknowledged, latency of 122ms.
[DEBUG] 23:44:00 | [WS => Shard 0] Heartbeat acknowledged, latency of 121ms.
[DEBUG] 23:44:41 | [WS => Shard 0] Heartbeat acknowledged, latency of 123ms.
[DEBUG] 23:45:23 | [WS => Shard 0] Heartbeat acknowledged, latency of 123ms.
[DEBUG] 23:46:04 | [WS => Shard 0] Heartbeat acknowledged, latency of 125ms.
[DEBUG] 23:46:45 | [WS => Shard 0] Heartbeat acknowledged, latency of 120ms.
[DEBUG] 23:47:26 | [WS => Shard 0] Heartbeat acknowledged, latency of 119ms.
[DEBUG] 23:48:08 | [WS => Shard 0] Heartbeat acknowledged, latency of 119ms.
[DEBUG] 23:48:49 | [WS => Shard 0] Heartbeat acknowledged, latency of 121ms.
[DEBUG] 23:49:30 | [WS => Shard 0] Heartbeat acknowledged, latency of 120ms.
[DEBUG] 23:50:11 | [WS => Shard 0] Heartbeat acknowledged, latency of 119ms.
[DEBUG] 23:50:53 | [WS => Shard 0] Heartbeat acknowledged, latency of 118ms.
[DEBUG] 23:51:34 | [WS => Shard 0] Heartbeat acknowledged, latency of 123ms.
[DEBUG] 23:52:15 | [WS => Shard 0] Heartbeat acknowledged, latency of 119ms.
[MEMORY] 23:52:47 | 18.06 MB out of 20.14 MB
[CPU] 23:52:47 |  0.02 % used
[UPTIME] 23:52:47 | 0d 0h 40m 0s
[DEBUG] 23:52:56 | [WS => Shard 0] Heartbeat acknowledged, latency of 121ms.
[DEBUG] 23:53:38 | [WS => Shard 0] Heartbeat acknowledged, latency of 119ms.
[DEBUG] 23:54:19 | [WS => Shard 0] Heartbeat acknowledged, latency of 121ms.
[DEBUG] 23:55:00 | [WS => Shard 0] Heartbeat acknowledged, latency of 119ms.
[DEBUG] 23:55:41 | [WS => Shard 0] Heartbeat acknowledged, latency of 120ms.
[DEBUG] 23:56:23 | [WS => Shard 0] Heartbeat acknowledged, latency of 120ms.
[DEBUG] 23:57:04 | [WS => Shard 0] Heartbeat acknowledged, latency of 119ms.
[DEBUG] 23:57:45 | [WS => Shard 0] Heartbeat acknowledged, latency of 124ms.
[DEBUG] 23:58:26 | [WS => Shard 0] Heartbeat acknowledged, latency of 120ms.
[DEBUG] 23:59:08 | [WS => Shard 0] Heartbeat acknowledged, latency of 119ms.
[DEBUG] 23:59:49 | [WS => Shard 0] Heartbeat acknowledged, latency of 120ms.
