[WARNING] 17:14:28 | The command at C:\Users\richa\OneDrive - w6l3y\northernlightsdev\northern-lights-development-bot\commands\guild\tickets.js is missing a required "data" or "execute" property.
[INFO] 17:14:28 | Started refreshing 10 application (/) commands.
[INFO] 17:14:28 | Successfully reloaded 10 application (/) commands.
[DEBUG] 17:14:29 | Provided token: MTA4NTYxMjkzOTc3MzQ4NTE5MA.GZK5eK.**************************************
[DEBUG] 17:14:29 | Preparing to connect to the gateway...
[DEBUG] 17:14:29 | [WS => Manager] Fetched Gateway Information
    URL: wss://gateway.discord.gg
    Recommended Shards: 1
[DEBUG] 17:14:29 | [WS => Manager] Session Limit Information
    Total: 1000
    Remaining: 1000
[DEBUG] 17:14:29 | [WS => Shard 0] Connecting to wss://gateway.discord.gg?v=10&encoding=json
[DEBUG] 17:14:29 | [WS => Shard 0] Waiting for event hello for 60000ms
[DEBUG] 17:14:29 | [WS => Shard 0] Preparing first heartbeat of the connection with a jitter of 0.2841904112415794; waiting 11722ms
[DEBUG] 17:14:29 | [WS => Shard 0] Waiting for identify throttle
[DEBUG] 17:14:29 | [WS => Shard 0] Identifying
	shard id: 0
	shard count: 1
	intents: 513
	compression: none
[DEBUG] 17:14:29 | [WS => Shard 0] Waiting for event ready for 15000ms
[DEBUG] 17:14:29 | [WS => Shard 0] Shard received all its guilds. Marking as fully ready.
[DEBUG] 17:14:41 | [WS => Shard 0] First heartbeat sent, starting to beat every 41250ms
[DEBUG] 17:14:41 | [WS => Shard 0] Heartbeat acknowledged, latency of 122ms.
[DEBUG] 17:15:22 | [WS => Shard 0] Heartbeat acknowledged, latency of 124ms.
[DEBUG] 17:16:04 | [WS => Shard 0] Heartbeat acknowledged, latency of 140ms.
[DEBUG] 17:16:45 | [WS => Shard 0] Heartbeat acknowledged, latency of 122ms.
[DEBUG] 17:17:26 | [WS => Shard 0] Heartbeat acknowledged, latency of 141ms.
[DEBUG] 17:18:07 | [WS => Shard 0] Heartbeat acknowledged, latency of 132ms.
[DEBUG] 17:18:49 | [WS => Shard 0] Heartbeat acknowledged, latency of 133ms.
[WARNING] 17:19:01 | The command at C:\Users\richa\OneDrive - w6l3y\northernlightsdev\northern-lights-development-bot\commands\guild\tickets.js is missing a required "data" or "execute" property.
[INFO] 17:19:01 | Started refreshing 10 application (/) commands.
[INFO] 17:19:01 | Successfully reloaded 10 application (/) commands.
[DEBUG] 17:19:02 | Provided token: MTA4NTYxMjkzOTc3MzQ4NTE5MA.GZK5eK.**************************************
[DEBUG] 17:19:02 | Preparing to connect to the gateway...
[DEBUG] 17:19:02 | [WS => Manager] Fetched Gateway Information
    URL: wss://gateway.discord.gg
    Recommended Shards: 1
[DEBUG] 17:19:02 | [WS => Manager] Session Limit Information
    Total: 1000
    Remaining: 999
[DEBUG] 17:19:02 | [WS => Shard 0] Connecting to wss://gateway.discord.gg?v=10&encoding=json
[DEBUG] 17:19:02 | [WS => Shard 0] Waiting for event hello for 60000ms
[DEBUG] 17:19:02 | [WS => Shard 0] Preparing first heartbeat of the connection with a jitter of 0.21903520300633272; waiting 9035ms
[DEBUG] 17:19:02 | [WS => Shard 0] Waiting for identify throttle
[DEBUG] 17:19:02 | [WS => Shard 0] Identifying
	shard id: 0
	shard count: 1
	intents: 513
	compression: none
[DEBUG] 17:19:02 | [WS => Shard 0] Waiting for event ready for 15000ms
[DEBUG] 17:19:02 | [WS => Shard 0] Shard received all its guilds. Marking as fully ready.
[DEBUG] 17:19:11 | [WS => Shard 0] First heartbeat sent, starting to beat every 41250ms
[DEBUG] 17:19:11 | [WS => Shard 0] Heartbeat acknowledged, latency of 127ms.
[WARNING] 17:19:52 | The command at C:\Users\richa\OneDrive - w6l3y\northernlightsdev\northern-lights-development-bot\commands\guild\tickets.js is missing a required "data" or "execute" property.
[INFO] 17:19:52 | Started refreshing 10 application (/) commands.
[INFO] 17:19:52 | Successfully reloaded 10 application (/) commands.
[DEBUG] 17:19:53 | Provided token: MTA4NTYxMjkzOTc3MzQ4NTE5MA.GZK5eK.**************************************
[DEBUG] 17:19:53 | Preparing to connect to the gateway...
[DEBUG] 17:19:53 | [WS => Manager] Fetched Gateway Information
    URL: wss://gateway.discord.gg
    Recommended Shards: 1
[DEBUG] 17:19:53 | [WS => Manager] Session Limit Information
    Total: 1000
    Remaining: 998
[DEBUG] 17:19:53 | [WS => Shard 0] Connecting to wss://gateway.discord.gg?v=10&encoding=json
[DEBUG] 17:19:53 | [WS => Shard 0] Waiting for event hello for 60000ms
[DEBUG] 17:19:53 | [WS => Shard 0] Preparing first heartbeat of the connection with a jitter of 0.7448807314975319; waiting 30726ms
[DEBUG] 17:19:53 | [WS => Shard 0] Waiting for identify throttle
[DEBUG] 17:19:53 | [WS => Shard 0] Identifying
	shard id: 0
	shard count: 1
	intents: 513
	compression: none
[DEBUG] 17:19:53 | [WS => Shard 0] Waiting for event ready for 15000ms
[DEBUG] 17:19:53 | [WS => Shard 0] Shard received all its guilds. Marking as fully ready.
[DEBUG] 17:20:24 | [WS => Shard 0] First heartbeat sent, starting to beat every 41250ms
[DEBUG] 17:20:24 | [WS => Shard 0] Heartbeat acknowledged, latency of 124ms.
[DEBUG] 17:21:05 | [WS => Shard 0] Heartbeat acknowledged, latency of 128ms.
[WARNING] 17:21:25 | The command at C:\Users\richa\OneDrive - w6l3y\northernlightsdev\northern-lights-development-bot\commands\guild\tickets.js is missing a required "data" or "execute" property.
[INFO] 17:21:25 | Started refreshing 10 application (/) commands.
[INFO] 17:21:26 | Successfully reloaded 10 application (/) commands.
[DEBUG] 17:21:26 | Provided token: MTA4NTYxMjkzOTc3MzQ4NTE5MA.GZK5eK.**************************************
[DEBUG] 17:21:26 | Preparing to connect to the gateway...
[DEBUG] 17:21:26 | [WS => Manager] Fetched Gateway Information
    URL: wss://gateway.discord.gg
    Recommended Shards: 1
[DEBUG] 17:21:26 | [WS => Manager] Session Limit Information
    Total: 1000
    Remaining: 997
[DEBUG] 17:21:26 | [WS => Shard 0] Connecting to wss://gateway.discord.gg?v=10&encoding=json
[DEBUG] 17:21:26 | [WS => Shard 0] Waiting for event hello for 60000ms
[DEBUG] 17:21:26 | [WS => Shard 0] Preparing first heartbeat of the connection with a jitter of 0.79339688801241; waiting 32727ms
[DEBUG] 17:21:26 | [WS => Shard 0] Waiting for identify throttle
[DEBUG] 17:21:26 | [WS => Shard 0] Identifying
	shard id: 0
	shard count: 1
	intents: 513
	compression: none
[DEBUG] 17:21:26 | [WS => Shard 0] Waiting for event ready for 15000ms
[DEBUG] 17:21:27 | [WS => Shard 0] Shard received all its guilds. Marking as fully ready.
[DEBUG] 17:21:59 | [WS => Shard 0] First heartbeat sent, starting to beat every 41250ms
[DEBUG] 17:21:59 | [WS => Shard 0] Heartbeat acknowledged, latency of 132ms.
[WARNING] 17:22:37 | The command at C:\Users\richa\OneDrive - w6l3y\northernlightsdev\northern-lights-development-bot\commands\guild\tickets.js is missing a required "data" or "execute" property.
[INFO] 17:22:37 | Started refreshing 10 application (/) commands.
[INFO] 17:22:38 | Successfully reloaded 10 application (/) commands.
[DEBUG] 17:22:38 | Provided token: MTA4NTYxMjkzOTc3MzQ4NTE5MA.GZK5eK.**************************************
[DEBUG] 17:22:38 | Preparing to connect to the gateway...
[DEBUG] 17:22:38 | [WS => Manager] Fetched Gateway Information
    URL: wss://gateway.discord.gg
    Recommended Shards: 1
[DEBUG] 17:22:38 | [WS => Manager] Session Limit Information
    Total: 1000
    Remaining: 996
[DEBUG] 17:22:38 | [WS => Shard 0] Connecting to wss://gateway.discord.gg?v=10&encoding=json
[DEBUG] 17:22:38 | [WS => Shard 0] Waiting for event hello for 60000ms
[DEBUG] 17:22:38 | [WS => Shard 0] Preparing first heartbeat of the connection with a jitter of 0.9731785747969899; waiting 40143ms
[DEBUG] 17:22:38 | [WS => Shard 0] Waiting for identify throttle
[DEBUG] 17:22:38 | [WS => Shard 0] Identifying
	shard id: 0
	shard count: 1
	intents: 513
	compression: none
[DEBUG] 17:22:38 | [WS => Shard 0] Waiting for event ready for 15000ms
[DEBUG] 17:22:39 | [WS => Shard 0] Shard received all its guilds. Marking as fully ready.
[WARNING] 17:22:46 | The command at C:\Users\richa\OneDrive - w6l3y\northernlightsdev\northern-lights-development-bot\commands\guild\tickets.js is missing a required "data" or "execute" property.
[INFO] 17:22:46 | Started refreshing 10 application (/) commands.
[INFO] 17:22:47 | Successfully reloaded 10 application (/) commands.
[DEBUG] 17:22:48 | Provided token: MTA4NTYxMjkzOTc3MzQ4NTE5MA.GZK5eK.**************************************
[DEBUG] 17:22:48 | Preparing to connect to the gateway...
[DEBUG] 17:22:48 | [WS => Manager] Fetched Gateway Information
    URL: wss://gateway.discord.gg
    Recommended Shards: 1
[DEBUG] 17:22:48 | [WS => Manager] Session Limit Information
    Total: 1000
    Remaining: 995
[DEBUG] 17:22:48 | [WS => Shard 0] Connecting to wss://gateway.discord.gg?v=10&encoding=json
[DEBUG] 17:22:48 | [WS => Shard 0] Waiting for event hello for 60000ms
[DEBUG] 17:22:48 | [WS => Shard 0] Preparing first heartbeat of the connection with a jitter of 0.9172733425464594; waiting 37837ms
[DEBUG] 17:22:48 | [WS => Shard 0] Waiting for identify throttle
[DEBUG] 17:22:48 | [WS => Shard 0] Identifying
	shard id: 0
	shard count: 1
	intents: 513
	compression: none
[DEBUG] 17:22:48 | [WS => Shard 0] Waiting for event ready for 15000ms
[DEBUG] 17:22:49 | [WS => Shard 0] Shard received all its guilds. Marking as fully ready.
[WARNING] 17:22:57 | The command at C:\Users\richa\OneDrive - w6l3y\northernlightsdev\northern-lights-development-bot\commands\guild\tickets.js is missing a required "data" or "execute" property.
[INFO] 17:22:57 | Started refreshing 10 application (/) commands.
[DEBUG] 17:22:57 | Provided token: MTA4NTYxMjkzOTc3MzQ4NTE5MA.GZK5eK.**************************************
[DEBUG] 17:22:57 | Preparing to connect to the gateway...
[DEBUG] 17:22:58 | [WS => Manager] Fetched Gateway Information
    URL: wss://gateway.discord.gg
    Recommended Shards: 1
[DEBUG] 17:22:58 | [WS => Manager] Session Limit Information
    Total: 1000
    Remaining: 994
[DEBUG] 17:22:58 | [WS => Shard 0] Connecting to wss://gateway.discord.gg?v=10&encoding=json
[DEBUG] 17:22:58 | [WS => Shard 0] Waiting for event hello for 60000ms
[DEBUG] 17:22:58 | [WS => Shard 0] Preparing first heartbeat of the connection with a jitter of 0.12367775490542621; waiting 5101ms
[DEBUG] 17:22:58 | [WS => Shard 0] Waiting for identify throttle
[DEBUG] 17:22:58 | [WS => Shard 0] Identifying
	shard id: 0
	shard count: 1
	intents: 513
	compression: none
[DEBUG] 17:22:58 | [WS => Shard 0] Waiting for event ready for 15000ms
[DEBUG] 17:22:58 | [WS => Shard 0] Shard received all its guilds. Marking as fully ready.
[DEBUG] 17:23:03 | [WS => Shard 0] First heartbeat sent, starting to beat every 41250ms
[DEBUG] 17:23:03 | [WS => Shard 0] Heartbeat acknowledged, latency of 127ms.
[INFO] 17:23:38 | Successfully reloaded 10 application (/) commands.
[DEBUG] 17:23:44 | [WS => Shard 0] Heartbeat acknowledged, latency of 133ms.
[DEBUG] 17:24:26 | [WS => Shard 0] Heartbeat acknowledged, latency of 128ms.
[WARNING] 17:24:42 | The command at C:\Users\richa\OneDrive - w6l3y\northernlightsdev\northern-lights-development-bot\commands\guild\tickets.js is missing a required "data" or "execute" property.
[INFO] 17:24:42 | Started refreshing 10 application (/) commands.
[INFO] 17:24:42 | Successfully reloaded 10 application (/) commands.
[DEBUG] 17:24:43 | Provided token: MTA4NTYxMjkzOTc3MzQ4NTE5MA.GZK5eK.**************************************
[DEBUG] 17:24:43 | Preparing to connect to the gateway...
[DEBUG] 17:24:43 | [WS => Manager] Fetched Gateway Information
    URL: wss://gateway.discord.gg
    Recommended Shards: 1
[DEBUG] 17:24:43 | [WS => Manager] Session Limit Information
    Total: 1000
    Remaining: 993
[DEBUG] 17:24:43 | [WS => Shard 0] Connecting to wss://gateway.discord.gg?v=10&encoding=json
[DEBUG] 17:24:43 | [WS => Shard 0] Waiting for event hello for 60000ms
[DEBUG] 17:24:43 | [WS => Shard 0] Preparing first heartbeat of the connection with a jitter of 0.9787639330370286; waiting 40374ms
[DEBUG] 17:24:43 | [WS => Shard 0] Waiting for identify throttle
[DEBUG] 17:24:43 | [WS => Shard 0] Identifying
	shard id: 0
	shard count: 1
	intents: 513
	compression: none
[DEBUG] 17:24:43 | [WS => Shard 0] Waiting for event ready for 15000ms
[DEBUG] 17:24:43 | [WS => Shard 0] Shard received all its guilds. Marking as fully ready.
[DEBUG] 17:25:23 | [WS => Shard 0] First heartbeat sent, starting to beat every 41250ms
[DEBUG] 17:25:24 | [WS => Shard 0] Heartbeat acknowledged, latency of 132ms.
[WARNING] 17:25:29 | The command at C:\Users\richa\OneDrive - w6l3y\northernlightsdev\northern-lights-development-bot\commands\guild\tickets.js is missing a required "data" or "execute" property.
[INFO] 17:25:29 | Started refreshing 10 application (/) commands.
[INFO] 17:25:30 | Successfully reloaded 10 application (/) commands.
[DEBUG] 17:25:30 | Provided token: MTA4NTYxMjkzOTc3MzQ4NTE5MA.GZK5eK.**************************************
[DEBUG] 17:25:30 | Preparing to connect to the gateway...
[DEBUG] 17:25:30 | [WS => Manager] Fetched Gateway Information
    URL: wss://gateway.discord.gg
    Recommended Shards: 1
[DEBUG] 17:25:30 | [WS => Manager] Session Limit Information
    Total: 1000
    Remaining: 992
[DEBUG] 17:25:30 | [WS => Shard 0] Connecting to wss://gateway.discord.gg?v=10&encoding=json
[DEBUG] 17:25:30 | [WS => Shard 0] Waiting for event hello for 60000ms
[DEBUG] 17:25:30 | [WS => Shard 0] Preparing first heartbeat of the connection with a jitter of 0.9622442467246888; waiting 39692ms
[DEBUG] 17:25:30 | [WS => Shard 0] Waiting for identify throttle
[DEBUG] 17:25:30 | [WS => Shard 0] Identifying
	shard id: 0
	shard count: 1
	intents: 513
	compression: none
[DEBUG] 17:25:30 | [WS => Shard 0] Waiting for event ready for 15000ms
[DEBUG] 17:25:31 | [WS => Shard 0] Shard received all its guilds. Marking as fully ready.
[WARNING] 17:26:02 | The command at C:\Users\richa\OneDrive - w6l3y\northernlightsdev\northern-lights-development-bot\commands\guild\tickets.js is missing a required "data" or "execute" property.
[INFO] 17:26:02 | Started refreshing 10 application (/) commands.
[INFO] 17:26:03 | Successfully reloaded 10 application (/) commands.
[DEBUG] 17:26:03 | Provided token: MTA4NTYxMjkzOTc3MzQ4NTE5MA.GZK5eK.**************************************
[DEBUG] 17:26:03 | Preparing to connect to the gateway...
[DEBUG] 17:26:03 | [WS => Manager] Fetched Gateway Information
    URL: wss://gateway.discord.gg
    Recommended Shards: 1
[DEBUG] 17:26:03 | [WS => Manager] Session Limit Information
    Total: 1000
    Remaining: 991
[DEBUG] 17:26:03 | [WS => Shard 0] Connecting to wss://gateway.discord.gg?v=10&encoding=json
[DEBUG] 17:26:03 | [WS => Shard 0] Waiting for event hello for 60000ms
[DEBUG] 17:26:04 | [WS => Shard 0] Preparing first heartbeat of the connection with a jitter of 0.9736093418636174; waiting 40161ms
[DEBUG] 17:26:04 | [WS => Shard 0] Waiting for identify throttle
[DEBUG] 17:26:04 | [WS => Shard 0] Identifying
	shard id: 0
	shard count: 1
	intents: 513
	compression: none
[DEBUG] 17:26:04 | [WS => Shard 0] Waiting for event ready for 15000ms
[DEBUG] 17:26:04 | [WS => Shard 0] Shard received all its guilds. Marking as fully ready.
[DEBUG] 17:26:44 | [WS => Shard 0] First heartbeat sent, starting to beat every 41250ms
[DEBUG] 17:26:44 | [WS => Shard 0] Heartbeat acknowledged, latency of 129ms.
[DEBUG] 17:27:25 | [WS => Shard 0] Heartbeat acknowledged, latency of 128ms.
[WARNING] 17:27:33 | The command at C:\Users\richa\OneDrive - w6l3y\northernlightsdev\northern-lights-development-bot\commands\guild\tickets.js is missing a required "data" or "execute" property.
[INFO] 17:27:33 | Started refreshing 10 application (/) commands.
[INFO] 17:27:33 | Successfully reloaded 10 application (/) commands.
[DEBUG] 17:27:33 | Provided token: MTA4NTYxMjkzOTc3MzQ4NTE5MA.GZK5eK.**************************************
[DEBUG] 17:27:33 | Preparing to connect to the gateway...
[DEBUG] 17:27:34 | [WS => Manager] Fetched Gateway Information
    URL: wss://gateway.discord.gg
    Recommended Shards: 1
[DEBUG] 17:27:34 | [WS => Manager] Session Limit Information
    Total: 1000
    Remaining: 990
[DEBUG] 17:27:34 | [WS => Shard 0] Connecting to wss://gateway.discord.gg?v=10&encoding=json
[DEBUG] 17:27:34 | [WS => Shard 0] Waiting for event hello for 60000ms
[DEBUG] 17:27:34 | [WS => Shard 0] Preparing first heartbeat of the connection with a jitter of 0.5528819765855635; waiting 22806ms
[DEBUG] 17:27:34 | [WS => Shard 0] Waiting for identify throttle
[DEBUG] 17:27:34 | [WS => Shard 0] Identifying
	shard id: 0
	shard count: 1
	intents: 513
	compression: none
[DEBUG] 17:27:34 | [WS => Shard 0] Waiting for event ready for 15000ms
[DEBUG] 17:27:34 | [WS => Shard 0] Shard received all its guilds. Marking as fully ready.
[DEBUG] 17:27:57 | [WS => Shard 0] First heartbeat sent, starting to beat every 41250ms
[DEBUG] 17:27:57 | [WS => Shard 0] Heartbeat acknowledged, latency of 122ms.
[WARNING] 17:28:04 | The command at C:\Users\richa\OneDrive - w6l3y\northernlightsdev\northern-lights-development-bot\commands\guild\tickets.js is missing a required "data" or "execute" property.
[INFO] 17:28:04 | Started refreshing 10 application (/) commands.
[INFO] 17:28:05 | Successfully reloaded 10 application (/) commands.
[DEBUG] 17:28:05 | Provided token: MTA4NTYxMjkzOTc3MzQ4NTE5MA.GZK5eK.**************************************
[DEBUG] 17:28:05 | Preparing to connect to the gateway...
[DEBUG] 17:28:05 | [WS => Manager] Fetched Gateway Information
    URL: wss://gateway.discord.gg
    Recommended Shards: 1
[DEBUG] 17:28:05 | [WS => Manager] Session Limit Information
    Total: 1000
    Remaining: 989
[DEBUG] 17:28:05 | [WS => Shard 0] Connecting to wss://gateway.discord.gg?v=10&encoding=json
[DEBUG] 17:28:05 | [WS => Shard 0] Waiting for event hello for 60000ms
[DEBUG] 17:28:06 | [WS => Shard 0] Preparing first heartbeat of the connection with a jitter of 0.7753847151584854; waiting 31984ms
[DEBUG] 17:28:06 | [WS => Shard 0] Waiting for identify throttle
[DEBUG] 17:28:06 | [WS => Shard 0] Identifying
	shard id: 0
	shard count: 1
	intents: 513
	compression: none
[DEBUG] 17:28:06 | [WS => Shard 0] Waiting for event ready for 15000ms
[DEBUG] 17:28:06 | [WS => Shard 0] Shard received all its guilds. Marking as fully ready.
[DEBUG] 17:28:38 | [WS => Shard 0] First heartbeat sent, starting to beat every 41250ms
[DEBUG] 17:28:38 | [WS => Shard 0] Heartbeat acknowledged, latency of 124ms.
[WARNING] 17:29:03 | The command at C:\Users\richa\OneDrive - w6l3y\northernlightsdev\northern-lights-development-bot\commands\guild\tickets.js is missing a required "data" or "execute" property.
[INFO] 17:29:03 | Started refreshing 10 application (/) commands.
[INFO] 17:29:04 | Successfully reloaded 10 application (/) commands.
[DEBUG] 17:29:04 | Provided token: MTA4NTYxMjkzOTc3MzQ4NTE5MA.GZK5eK.**************************************
[DEBUG] 17:29:04 | Preparing to connect to the gateway...
[DEBUG] 17:29:04 | [WS => Manager] Fetched Gateway Information
    URL: wss://gateway.discord.gg
    Recommended Shards: 1
[DEBUG] 17:29:04 | [WS => Manager] Session Limit Information
    Total: 1000
    Remaining: 988
[DEBUG] 17:29:04 | [WS => Shard 0] Connecting to wss://gateway.discord.gg?v=10&encoding=json
[DEBUG] 17:29:04 | [WS => Shard 0] Waiting for event hello for 60000ms
[DEBUG] 17:29:04 | [WS => Shard 0] Preparing first heartbeat of the connection with a jitter of 0.313547423454166; waiting 12933ms
[DEBUG] 17:29:04 | [WS => Shard 0] Waiting for identify throttle
[DEBUG] 17:29:04 | [WS => Shard 0] Identifying
	shard id: 0
	shard count: 1
	intents: 513
	compression: none
[DEBUG] 17:29:04 | [WS => Shard 0] Waiting for event ready for 15000ms
[DEBUG] 17:29:05 | [WS => Shard 0] Shard received all its guilds. Marking as fully ready.
[DEBUG] 17:29:17 | [WS => Shard 0] First heartbeat sent, starting to beat every 41250ms
[DEBUG] 17:29:17 | [WS => Shard 0] Heartbeat acknowledged, latency of 129ms.
[WARNING] 17:29:41 | The command at C:\Users\richa\OneDrive - w6l3y\northernlightsdev\northern-lights-development-bot\commands\guild\tickets.js is missing a required "data" or "execute" property.
[INFO] 17:29:41 | Started refreshing 10 application (/) commands.
[INFO] 17:29:42 | Successfully reloaded 10 application (/) commands.
[DEBUG] 17:29:42 | Provided token: MTA4NTYxMjkzOTc3MzQ4NTE5MA.GZK5eK.**************************************
[DEBUG] 17:29:42 | Preparing to connect to the gateway...
[DEBUG] 17:29:42 | [WS => Manager] Fetched Gateway Information
    URL: wss://gateway.discord.gg
    Recommended Shards: 1
[DEBUG] 17:29:42 | [WS => Manager] Session Limit Information
    Total: 1000
    Remaining: 987
[DEBUG] 17:29:42 | [WS => Shard 0] Connecting to wss://gateway.discord.gg?v=10&encoding=json
[DEBUG] 17:29:42 | [WS => Shard 0] Waiting for event hello for 60000ms
[DEBUG] 17:29:43 | [WS => Shard 0] Preparing first heartbeat of the connection with a jitter of 0.8916857259707494; waiting 36782ms
[DEBUG] 17:29:43 | [WS => Shard 0] Waiting for identify throttle
[DEBUG] 17:29:43 | [WS => Shard 0] Identifying
	shard id: 0
	shard count: 1
	intents: 513
	compression: none
[DEBUG] 17:29:43 | [WS => Shard 0] Waiting for event ready for 15000ms
[DEBUG] 17:29:43 | [WS => Shard 0] Shard received all its guilds. Marking as fully ready.
[DEBUG] 17:30:19 | [WS => Shard 0] First heartbeat sent, starting to beat every 41250ms
[DEBUG] 17:30:20 | [WS => Shard 0] Heartbeat acknowledged, latency of 126ms.
[DEBUG] 17:31:01 | [WS => Shard 0] Heartbeat acknowledged, latency of 132ms.
[DEBUG] 17:31:42 | [WS => Shard 0] Heartbeat acknowledged, latency of 136ms.
[DEBUG] 17:32:23 | [WS => Shard 0] Heartbeat acknowledged, latency of 124ms.
[DEBUG] 17:33:05 | [WS => Shard 0] Heartbeat acknowledged, latency of 124ms.
[DEBUG] 17:33:46 | [WS => Shard 0] Heartbeat acknowledged, latency of 123ms.
[DEBUG] 17:34:27 | [WS => Shard 0] Heartbeat acknowledged, latency of 122ms.
[DEBUG] 17:35:08 | [WS => Shard 0] Heartbeat acknowledged, latency of 131ms.
[DEBUG] 17:35:50 | [WS => Shard 0] Heartbeat acknowledged, latency of 125ms.
[DEBUG] 17:36:31 | [WS => Shard 0] Heartbeat acknowledged, latency of 129ms.
[DEBUG] 17:37:12 | [WS => Shard 0] Heartbeat acknowledged, latency of 122ms.
[DEBUG] 17:37:53 | [WS => Shard 0] Heartbeat acknowledged, latency of 125ms.
[DEBUG] 17:38:35 | [WS => Shard 0] Heartbeat acknowledged, latency of 129ms.
[DEBUG] 17:39:16 | [WS => Shard 0] Heartbeat acknowledged, latency of 122ms.
[MEMORY] 17:39:42 | 18.41 MB out of 19.89 MB
[CPU] 17:39:42 |  0.02 % used
[UPTIME] 17:39:42 | 0d 0h 10m 0s
[DEBUG] 17:39:57 | [WS => Shard 0] Heartbeat acknowledged, latency of 125ms.
[DEBUG] 17:40:38 | [WS => Shard 0] Heartbeat acknowledged, latency of 127ms.
[DEBUG] 17:41:20 | [WS => Shard 0] Heartbeat acknowledged, latency of 129ms.
[DEBUG] 17:42:01 | [WS => Shard 0] Heartbeat acknowledged, latency of 128ms.
[DEBUG] 17:42:42 | [WS => Shard 0] Heartbeat acknowledged, latency of 137ms.
[DEBUG] 17:43:23 | [WS => Shard 0] Heartbeat acknowledged, latency of 126ms.
[DEBUG] 17:44:05 | [WS => Shard 0] Heartbeat acknowledged, latency of 132ms.
[DEBUG] 17:44:46 | [WS => Shard 0] Heartbeat acknowledged, latency of 126ms.
