[WARNING] 21:17:34 | The command at C:\Users\richa\Documents\GitHub\northern-lights-development-bot\commands\guild\tickets.js is missing a required "data" or "execute" property.
[INFO] 21:17:34 | Started refreshing 28 application (/) commands.
[INFO] 21:17:34 | Successfully reloaded 28 application (/) commands.
[DEBUG] 21:17:35 | Provided token: MTA4NTYxMjkzOTc3MzQ4NTE5MA.GZ0lsI.**************************************
[DEBUG] 21:17:35 | Preparing to connect to the gateway...
[DEBUG] 21:17:35 | [WS => Manager] Fetched Gateway Information
    URL: wss://gateway.discord.gg
    Recommended Shards: 1
[DEBUG] 21:17:35 | [WS => Manager] Session Limit Information
    Total: 1000
    Remaining: 1000
[DEBUG] 21:17:35 | [WS => Shard 0] Connecting to wss://gateway.discord.gg?v=10&encoding=json
[DEBUG] 21:17:35 | [WS => Shard 0] Waiting for event hello for 60000ms
[DEBUG] 21:17:35 | [WS => Shard 0] Preparing first heartbeat of the connection with a jitter of 0.9061710335865956; waiting 37379ms
[DEBUG] 21:17:35 | [WS => Shard 0] Waiting for identify throttle
[DEBUG] 21:17:35 | [WS => Shard 0] Identifying
	shard id: 0
	shard count: 1
	intents: 33283
	compression: none
[DEBUG] 21:17:35 | [WS => Shard 0] Waiting for event ready for 15000ms
[DEBUG] 21:17:36 | [WS => Shard 0] Shard received all its guilds. Marking as fully ready.
[DEBUG] 21:18:13 | [WS => Shard 0] First heartbeat sent, starting to beat every 41250ms
[DEBUG] 21:18:13 | [WS => Shard 0] Heartbeat acknowledged, latency of 253ms.
[DEBUG] 21:18:54 | [WS => Shard 0] Heartbeat acknowledged, latency of 131ms.
[WARNING] 21:18:58 | The command at C:\Users\richa\Documents\GitHub\northern-lights-development-bot\commands\guild\tickets.js is missing a required "data" or "execute" property.
[INFO] 21:18:58 | Started refreshing 28 application (/) commands.
[INFO] 21:18:59 | Successfully reloaded 28 application (/) commands.
[DEBUG] 21:18:59 | Provided token: MTA4NTYxMjkzOTc3MzQ4NTE5MA.GZ0lsI.**************************************
[DEBUG] 21:18:59 | Preparing to connect to the gateway...
[DEBUG] 21:18:59 | [WS => Manager] Fetched Gateway Information
    URL: wss://gateway.discord.gg
    Recommended Shards: 1
[DEBUG] 21:18:59 | [WS => Manager] Session Limit Information
    Total: 1000
    Remaining: 999
[DEBUG] 21:18:59 | [WS => Shard 0] Connecting to wss://gateway.discord.gg?v=10&encoding=json
[DEBUG] 21:18:59 | [WS => Shard 0] Waiting for event hello for 60000ms
[DEBUG] 21:18:59 | [WS => Shard 0] Preparing first heartbeat of the connection with a jitter of 0.8887692239534339; waiting 36661ms
[DEBUG] 21:18:59 | [WS => Shard 0] Waiting for identify throttle
[DEBUG] 21:18:59 | [WS => Shard 0] Identifying
	shard id: 0
	shard count: 1
	intents: 33283
	compression: none
[DEBUG] 21:18:59 | [WS => Shard 0] Waiting for event ready for 15000ms
[DEBUG] 21:19:00 | [WS => Shard 0] Shard received all its guilds. Marking as fully ready.
[DEBUG] 21:19:36 | [WS => Shard 0] First heartbeat sent, starting to beat every 41250ms
[DEBUG] 21:19:36 | [WS => Shard 0] Heartbeat acknowledged, latency of 129ms.
[DEBUG] 21:19:42 | Provided token: MTA4NTYxMjkzOTc3MzQ4NTE5MA.GZ0lsI.**************************************
[DEBUG] 21:19:42 | Preparing to connect to the gateway...
[DEBUG] 21:19:42 | [WS => Manager] Fetched Gateway Information
    URL: wss://gateway.discord.gg
    Recommended Shards: 1
[DEBUG] 21:19:42 | [WS => Manager] Session Limit Information
    Total: 1000
    Remaining: 998
[DEBUG] 21:19:42 | [WS => Shard 0] Connecting to wss://gateway.discord.gg?v=10&encoding=json
[DEBUG] 21:19:42 | [WS => Shard 0] Waiting for event hello for 60000ms
[DEBUG] 21:19:42 | [WS => Shard 0] Preparing first heartbeat of the connection with a jitter of 0.2288701947885885; waiting 9440ms
[DEBUG] 21:19:42 | [WS => Shard 0] Waiting for identify throttle
[DEBUG] 21:19:42 | [WS => Shard 0] Identifying
	shard id: 0
	shard count: 1
	intents: 33283
	compression: none
[DEBUG] 21:19:42 | [WS => Shard 0] Waiting for event ready for 15000ms
[DEBUG] 21:19:43 | [WS => Shard 0] Shard received all its guilds. Marking as fully ready.
[DEBUG] 21:19:52 | [WS => Shard 0] First heartbeat sent, starting to beat every 41250ms
[DEBUG] 21:19:52 | [WS => Shard 0] Heartbeat acknowledged, latency of 141ms.
[ERROR] 21:20:17 | File: ready.js | Error: Error: read ECONNRESET
[ERROR] 21:20:17 | DiscordAPIError[10062]: Unknown interaction
[WARNING] 21:20:33 | The command at C:\Users\richa\Documents\GitHub\northern-lights-development-bot\commands\guild\tickets.js is missing a required "data" or "execute" property.
[INFO] 21:20:33 | Started refreshing 28 application (/) commands.
[DEBUG] 21:20:34 | Provided token: MTA4NTYxMjkzOTc3MzQ4NTE5MA.GZ0lsI.**************************************
[DEBUG] 21:20:34 | Preparing to connect to the gateway...
[DEBUG] 21:20:34 | [WS => Manager] Fetched Gateway Information
    URL: wss://gateway.discord.gg
    Recommended Shards: 1
[DEBUG] 21:20:34 | [WS => Manager] Session Limit Information
    Total: 1000
    Remaining: 997
[DEBUG] 21:20:34 | [WS => Shard 0] Connecting to wss://gateway.discord.gg?v=10&encoding=json
[DEBUG] 21:20:34 | [WS => Shard 0] Waiting for event hello for 60000ms
[INFO] 21:20:34 | Successfully reloaded 28 application (/) commands.
[DEBUG] 21:20:34 | [WS => Shard 0] Preparing first heartbeat of the connection with a jitter of 0.8275954292382703; waiting 34138ms
[DEBUG] 21:20:34 | [WS => Shard 0] Waiting for identify throttle
[DEBUG] 21:20:34 | [WS => Shard 0] Identifying
	shard id: 0
	shard count: 1
	intents: 33283
	compression: none
[DEBUG] 21:20:34 | [WS => Shard 0] Waiting for event ready for 15000ms
[DEBUG] 21:20:35 | [WS => Shard 0] Shard received all its guilds. Marking as fully ready.
[DEBUG] 21:21:08 | [WS => Shard 0] First heartbeat sent, starting to beat every 41250ms
[DEBUG] 21:21:09 | [WS => Shard 0] Heartbeat acknowledged, latency of 134ms.
[DEBUG] 21:21:50 | [WS => Shard 0] Heartbeat acknowledged, latency of 148ms.
[DEBUG] 21:22:31 | [WS => Shard 0] Heartbeat acknowledged, latency of 139ms.
[DEBUG] 21:23:12 | [WS => Shard 0] Heartbeat acknowledged, latency of 158ms.
[DEBUG] 21:23:54 | [WS => Shard 0] Heartbeat acknowledged, latency of 133ms.
[DEBUG] 21:24:35 | [WS => Shard 0] Heartbeat acknowledged, latency of 138ms.
[DEBUG] 21:25:16 | [WS => Shard 0] Heartbeat acknowledged, latency of 138ms.
[DEBUG] 21:25:57 | [WS => Shard 0] Heartbeat acknowledged, latency of 146ms.
[DEBUG] 21:26:39 | [WS => Shard 0] Heartbeat acknowledged, latency of 143ms.
[DEBUG] 21:27:20 | [WS => Shard 0] Heartbeat acknowledged, latency of 145ms.
[DEBUG] 21:28:01 | [WS => Shard 0] Heartbeat acknowledged, latency of 136ms.
[DEBUG] 21:28:42 | [WS => Shard 0] Heartbeat acknowledged, latency of 136ms.
[DEBUG] 21:29:24 | [WS => Shard 0] Heartbeat acknowledged, latency of 139ms.
[DEBUG] 21:30:05 | [WS => Shard 0] Heartbeat acknowledged, latency of 132ms.
[MEMORY] 21:30:34 | 42.77 MB out of 46.59 MB
[CPU] 21:30:34 |  0.02 % used
[UPTIME] 21:30:34 | 0d 0h 10m 0s
[DEBUG] 21:30:46 | [WS => Shard 0] Heartbeat acknowledged, latency of 138ms.
[DEBUG] 21:31:27 | [WS => Shard 0] Heartbeat acknowledged, latency of 144ms.
[ERROR] 21:31:54 | DiscordAPIError[10062]: Unknown interaction
[WARNING] 21:32:06 | The command at C:\Users\richa\Documents\GitHub\northern-lights-development-bot\commands\guild\tickets.js is missing a required "data" or "execute" property.
[INFO] 21:32:06 | Started refreshing 28 application (/) commands.
[DEBUG] 21:32:07 | Provided token: MTA4NTYxMjkzOTc3MzQ4NTE5MA.GZ0lsI.**************************************
[DEBUG] 21:32:07 | Preparing to connect to the gateway...
[INFO] 21:32:12 | Successfully reloaded 28 application (/) commands.
[DEBUG] 21:32:34 | [WS => Manager] Fetched Gateway Information
    URL: wss://gateway.discord.gg
    Recommended Shards: 1
[DEBUG] 21:32:34 | [WS => Manager] Session Limit Information
    Total: 1000
    Remaining: 996
[DEBUG] 21:32:34 | [WS => Shard 0] Connecting to wss://gateway.discord.gg?v=10&encoding=json
[DEBUG] 21:32:34 | [WS => Shard 0] Waiting for event hello for 60000ms
[DEBUG] 21:32:35 | [WS => Shard 0] Preparing first heartbeat of the connection with a jitter of 0.580166817572856; waiting 23931ms
[DEBUG] 21:32:35 | [WS => Shard 0] Waiting for identify throttle
[DEBUG] 21:32:35 | [WS => Shard 0] Identifying
	shard id: 0
	shard count: 1
	intents: 33283
	compression: none
[DEBUG] 21:32:35 | [WS => Shard 0] Waiting for event ready for 15000ms
[DEBUG] 21:32:36 | [WS => Shard 0] Shard received all its guilds. Marking as fully ready.
[WARNING] 21:32:55 | The command at C:\Users\richa\Documents\GitHub\northern-lights-development-bot\commands\guild\tickets.js is missing a required "data" or "execute" property.
[INFO] 21:32:55 | Started refreshing 28 application (/) commands.
[DEBUG] 21:32:56 | Provided token: MTA4NTYxMjkzOTc3MzQ4NTE5MA.GZ0lsI.**************************************
[DEBUG] 21:32:56 | Preparing to connect to the gateway...
[DEBUG] 21:32:56 | [WS => Manager] Fetched Gateway Information
    URL: wss://gateway.discord.gg
    Recommended Shards: 1
[DEBUG] 21:32:56 | [WS => Manager] Session Limit Information
    Total: 1000
    Remaining: 995
[DEBUG] 21:32:56 | [WS => Shard 0] Connecting to wss://gateway.discord.gg?v=10&encoding=json
[DEBUG] 21:32:56 | [WS => Shard 0] Waiting for event hello for 60000ms
[DEBUG] 21:32:57 | [WS => Shard 0] Preparing first heartbeat of the connection with a jitter of 0.9403533396326043; waiting 38789ms
[DEBUG] 21:32:57 | [WS => Shard 0] Waiting for identify throttle
[DEBUG] 21:32:57 | [WS => Shard 0] Identifying
	shard id: 0
	shard count: 1
	intents: 33283
	compression: none
[DEBUG] 21:32:57 | [WS => Shard 0] Waiting for event ready for 15000ms
[DEBUG] 21:32:57 | [WS => Shard 0] Shard received all its guilds. Marking as fully ready.
[INFO] 21:32:59 | Successfully reloaded 28 application (/) commands.
[DEBUG] 21:33:35 | [WS => Shard 0] First heartbeat sent, starting to beat every 41250ms
[DEBUG] 21:33:35 | [WS => Shard 0] Heartbeat acknowledged, latency of 119ms.
[DEBUG] 21:34:17 | [WS => Shard 0] Heartbeat acknowledged, latency of 126ms.
[DEBUG] 21:34:58 | [WS => Shard 0] Heartbeat acknowledged, latency of 120ms.
[DEBUG] 21:35:39 | [WS => Shard 0] Heartbeat acknowledged, latency of 129ms.
[DEBUG] 21:36:20 | [WS => Shard 0] Heartbeat acknowledged, latency of 128ms.
[DEBUG] 21:37:02 | [WS => Shard 0] Heartbeat acknowledged, latency of 128ms.
[DEBUG] 21:37:43 | [WS => Shard 0] Heartbeat acknowledged, latency of 125ms.
[DEBUG] 21:38:24 | [WS => Shard 0] Heartbeat acknowledged, latency of 129ms.
[DEBUG] 21:39:05 | [WS => Shard 0] Heartbeat acknowledged, latency of 119ms.
[DEBUG] 21:39:47 | [WS => Shard 0] Heartbeat acknowledged, latency of 129ms.
[DEBUG] 21:40:28 | [WS => Shard 0] Heartbeat acknowledged, latency of 130ms.
[DEBUG] 21:41:09 | [WS => Shard 0] Heartbeat acknowledged, latency of 120ms.
[DEBUG] 21:41:50 | [WS => Shard 0] Heartbeat acknowledged, latency of 129ms.
[DEBUG] 21:42:32 | [WS => Shard 0] Heartbeat acknowledged, latency of 120ms.
[MEMORY] 21:42:56 | 23.93 MB out of 26.59 MB
[CPU] 21:42:56 |  0.02 % used
[UPTIME] 21:42:56 | 0d 0h 10m 0s
[DEBUG] 21:43:13 | [WS => Shard 0] Heartbeat acknowledged, latency of 119ms.
[DEBUG] 21:43:54 | [WS => Shard 0] Heartbeat acknowledged, latency of 121ms.
[DEBUG] 21:44:35 | [WS => Shard 0] Heartbeat acknowledged, latency of 120ms.
[DEBUG] 21:45:17 | [WS => Shard 0] Heartbeat acknowledged, latency of 121ms.
[DEBUG] 21:45:58 | [WS => Shard 0] Heartbeat acknowledged, latency of 120ms.
[DEBUG] 21:46:39 | [WS => Shard 0] Heartbeat acknowledged, latency of 121ms.
[DEBUG] 21:47:20 | [WS => Shard 0] Heartbeat acknowledged, latency of 122ms.
[DEBUG] 21:48:02 | [WS => Shard 0] Heartbeat acknowledged, latency of 120ms.
[DEBUG] 21:48:43 | [WS => Shard 0] Heartbeat acknowledged, latency of 122ms.
[DEBUG] 21:49:24 | [WS => Shard 0] Heartbeat acknowledged, latency of 120ms.
[DEBUG] 21:50:05 | [WS => Shard 0] Heartbeat acknowledged, latency of 122ms.
[DEBUG] 21:50:47 | [WS => Shard 0] Heartbeat acknowledged, latency of 126ms.
[DEBUG] 21:51:28 | [WS => Shard 0] Heartbeat acknowledged, latency of 122ms.
[DEBUG] 21:52:09 | [WS => Shard 0] Heartbeat acknowledged, latency of 124ms.
[DEBUG] 21:52:50 | [WS => Shard 0] Heartbeat acknowledged, latency of 121ms.
[MEMORY] 21:52:56 | 23.57 MB out of 26.59 MB
[CPU] 21:52:56 |  0.02 % used
[UPTIME] 21:52:56 | 0d 0h 20m 0s
[DEBUG] 21:53:32 | [WS => Shard 0] Heartbeat acknowledged, latency of 122ms.
[DEBUG] 21:54:13 | [WS => Shard 0] Heartbeat acknowledged, latency of 121ms.
[DEBUG] 21:54:54 | [WS => Shard 0] Heartbeat acknowledged, latency of 138ms.
[DEBUG] 21:55:35 | [WS => Shard 0] Heartbeat acknowledged, latency of 120ms.
[DEBUG] 21:56:17 | [WS => Shard 0] Heartbeat acknowledged, latency of 132ms.
[DEBUG] 21:56:58 | [WS => Shard 0] Heartbeat acknowledged, latency of 123ms.
[DEBUG] 21:57:39 | [WS => Shard 0] Heartbeat acknowledged, latency of 121ms.
[DEBUG] 21:58:20 | [WS => Shard 0] Heartbeat acknowledged, latency of 120ms.
[DEBUG] 21:59:00 | [WS => Shard 0] Heartbeat acknowledged, latency of 120ms.
[DEBUG] 21:59:41 | [WS => Shard 0] Heartbeat acknowledged, latency of 129ms.
[DEBUG] 22:00:22 | [WS => Shard 0] Heartbeat acknowledged, latency of 122ms.
[DEBUG] 22:01:04 | [WS => Shard 0] Heartbeat acknowledged, latency of 121ms.
[DEBUG] 22:01:45 | [WS => Shard 0] Heartbeat acknowledged, latency of 127ms.
[DEBUG] 22:02:26 | [WS => Shard 0] Heartbeat acknowledged, latency of 121ms.
[MEMORY] 22:02:54 | 23.97 MB out of 26.59 MB
[CPU] 22:02:54 |  0.02 % used
[UPTIME] 22:02:54 | 0d 0h 30m 0s
[DEBUG] 22:03:07 | [WS => Shard 0] Heartbeat acknowledged, latency of 130ms.
[DEBUG] 22:03:49 | [WS => Shard 0] Heartbeat acknowledged, latency of 127ms.
[DEBUG] 22:04:30 | [WS => Shard 0] Heartbeat acknowledged, latency of 133ms.
[DEBUG] 22:05:11 | [WS => Shard 0] Heartbeat acknowledged, latency of 140ms.
[DEBUG] 22:05:52 | [WS => Shard 0] Heartbeat acknowledged, latency of 130ms.
[DEBUG] 22:06:34 | [WS => Shard 0] Heartbeat acknowledged, latency of 126ms.
[DEBUG] 22:07:15 | [WS => Shard 0] Heartbeat acknowledged, latency of 121ms.
[DEBUG] 22:07:56 | [WS => Shard 0] Heartbeat acknowledged, latency of 121ms.
[DEBUG] 22:08:37 | [WS => Shard 0] Heartbeat acknowledged, latency of 124ms.
[DEBUG] 22:09:19 | [WS => Shard 0] Heartbeat acknowledged, latency of 126ms.
[DEBUG] 22:10:00 | [WS => Shard 0] Heartbeat acknowledged, latency of 123ms.
[DEBUG] 22:10:41 | [WS => Shard 0] Heartbeat acknowledged, latency of 134ms.
[DEBUG] 22:11:22 | [WS => Shard 0] Heartbeat acknowledged, latency of 120ms.
[DEBUG] 22:12:04 | [WS => Shard 0] Heartbeat acknowledged, latency of 136ms.
[DEBUG] 22:12:45 | [WS => Shard 0] Heartbeat acknowledged, latency of 126ms.
[MEMORY] 22:12:54 | 23.56 MB out of 26.59 MB
[CPU] 22:12:54 |  0.02 % used
[UPTIME] 22:12:54 | 0d 0h 40m 0s
[DEBUG] 22:13:26 | [WS => Shard 0] Heartbeat acknowledged, latency of 138ms.
[DEBUG] 22:14:07 | [WS => Shard 0] Heartbeat acknowledged, latency of 187ms.
[DEBUG] 22:14:49 | [WS => Shard 0] Heartbeat acknowledged, latency of 122ms.
[DEBUG] 22:15:30 | [WS => Shard 0] Heartbeat acknowledged, latency of 120ms.
[DEBUG] 22:16:11 | [WS => Shard 0] Heartbeat acknowledged, latency of 132ms.
[DEBUG] 22:16:52 | [WS => Shard 0] Heartbeat acknowledged, latency of 124ms.
[DEBUG] 22:17:34 | [WS => Shard 0] Heartbeat acknowledged, latency of 119ms.
[DEBUG] 22:18:15 | [WS => Shard 0] Heartbeat acknowledged, latency of 121ms.
[DEBUG] 22:18:56 | [WS => Shard 0] Heartbeat acknowledged, latency of 121ms.
[DEBUG] 22:19:37 | [WS => Shard 0] Heartbeat acknowledged, latency of 124ms.
[DEBUG] 22:20:19 | [WS => Shard 0] Heartbeat acknowledged, latency of 121ms.
[DEBUG] 22:21:00 | [WS => Shard 0] Heartbeat acknowledged, latency of 129ms.
[DEBUG] 22:21:41 | [WS => Shard 0] Heartbeat acknowledged, latency of 120ms.
[DEBUG] 22:22:22 | [WS => Shard 0] Heartbeat acknowledged, latency of 126ms.
[MEMORY] 22:22:54 | 23.97 MB out of 26.59 MB
[CPU] 22:22:54 |  0.02 % used
[UPTIME] 22:22:54 | 0d 0h 50m 0s
[DEBUG] 22:23:04 | [WS => Shard 0] Heartbeat acknowledged, latency of 120ms.
[DEBUG] 22:23:45 | [WS => Shard 0] Heartbeat acknowledged, latency of 129ms.
[DEBUG] 22:24:26 | [WS => Shard 0] Heartbeat acknowledged, latency of 120ms.
[DEBUG] 22:25:07 | [WS => Shard 0] Heartbeat acknowledged, latency of 148ms.
[DEBUG] 22:25:49 | [WS => Shard 0] Heartbeat acknowledged, latency of 121ms.
[DEBUG] 22:26:30 | [WS => Shard 0] Heartbeat acknowledged, latency of 135ms.
[DEBUG] 22:27:11 | [WS => Shard 0] Heartbeat acknowledged, latency of 121ms.
[DEBUG] 22:27:52 | [WS => Shard 0] Heartbeat acknowledged, latency of 122ms.
[DEBUG] 22:28:34 | [WS => Shard 0] Heartbeat acknowledged, latency of 122ms.
[DEBUG] 22:29:15 | [WS => Shard 0] Heartbeat acknowledged, latency of 121ms.
[DEBUG] 22:29:56 | [WS => Shard 0] Heartbeat acknowledged, latency of 120ms.
[DEBUG] 22:30:37 | [WS => Shard 0] Heartbeat acknowledged, latency of 130ms.
[DEBUG] 22:31:19 | [WS => Shard 0] Heartbeat acknowledged, latency of 127ms.
[DEBUG] 22:32:00 | [WS => Shard 0] Heartbeat acknowledged, latency of 120ms.
[DEBUG] 22:32:41 | [WS => Shard 0] Heartbeat acknowledged, latency of 121ms.
[MEMORY] 22:32:54 | 23.65 MB out of 26.59 MB
[CPU] 22:32:54 |  0.02 % used
[UPTIME] 22:32:54 | 0d 1h 0m 0s
[DEBUG] 22:33:22 | [WS => Shard 0] Heartbeat acknowledged, latency of 121ms.
[DEBUG] 22:34:04 | [WS => Shard 0] Heartbeat acknowledged, latency of 125ms.
[DEBUG] 22:34:45 | [WS => Shard 0] Heartbeat acknowledged, latency of 120ms.
[DEBUG] 22:35:26 | [WS => Shard 0] Heartbeat acknowledged, latency of 130ms.
[DEBUG] 22:36:07 | [WS => Shard 0] Heartbeat acknowledged, latency of 129ms.
[DEBUG] 22:36:49 | [WS => Shard 0] Heartbeat acknowledged, latency of 123ms.
[DEBUG] 22:37:30 | [WS => Shard 0] Heartbeat acknowledged, latency of 128ms.
[DEBUG] 22:38:11 | [WS => Shard 0] Heartbeat acknowledged, latency of 127ms.
[DEBUG] 22:38:52 | [WS => Shard 0] Heartbeat acknowledged, latency of 130ms.
[DEBUG] 22:39:34 | [WS => Shard 0] Heartbeat acknowledged, latency of 133ms.
[DEBUG] 22:40:15 | [WS => Shard 0] Heartbeat acknowledged, latency of 124ms.
[DEBUG] 22:40:56 | [WS => Shard 0] Heartbeat acknowledged, latency of 132ms.
[DEBUG] 22:41:37 | [WS => Shard 0] Heartbeat acknowledged, latency of 121ms.
[DEBUG] 22:42:19 | [WS => Shard 0] Heartbeat acknowledged, latency of 120ms.
[MEMORY] 22:42:54 | 23.94 MB out of 26.59 MB
[CPU] 22:42:54 |  0.02 % used
[UPTIME] 22:42:54 | 0d 1h 10m 0s
[DEBUG] 22:43:00 | [WS => Shard 0] Heartbeat acknowledged, latency of 122ms.
[DEBUG] 22:43:41 | [WS => Shard 0] Heartbeat acknowledged, latency of 122ms.
[DEBUG] 22:44:22 | [WS => Shard 0] Heartbeat acknowledged, latency of 126ms.
[DEBUG] 22:45:04 | [WS => Shard 0] Heartbeat acknowledged, latency of 120ms.
[DEBUG] 22:45:45 | [WS => Shard 0] Heartbeat acknowledged, latency of 126ms.
[DEBUG] 22:46:26 | [WS => Shard 0] Heartbeat acknowledged, latency of 128ms.
[DEBUG] 22:47:07 | [WS => Shard 0] Heartbeat acknowledged, latency of 121ms.
[DEBUG] 22:47:49 | [WS => Shard 0] Heartbeat acknowledged, latency of 130ms.
[DEBUG] 22:48:30 | [WS => Shard 0] Heartbeat acknowledged, latency of 120ms.
[DEBUG] 22:49:11 | [WS => Shard 0] Heartbeat acknowledged, latency of 130ms.
[DEBUG] 22:49:52 | [WS => Shard 0] Heartbeat acknowledged, latency of 122ms.
[DEBUG] 22:50:34 | [WS => Shard 0] Heartbeat acknowledged, latency of 120ms.
[DEBUG] 22:51:15 | [WS => Shard 0] Heartbeat acknowledged, latency of 120ms.
[DEBUG] 22:51:56 | [WS => Shard 0] Heartbeat acknowledged, latency of 137ms.
[DEBUG] 22:52:37 | [WS => Shard 0] Heartbeat acknowledged, latency of 120ms.
[MEMORY] 22:52:54 | 23.57 MB out of 27.59 MB
[CPU] 22:52:54 |  0.02 % used
[UPTIME] 22:52:54 | 0d 1h 20m 0s
[DEBUG] 22:53:19 | [WS => Shard 0] Heartbeat acknowledged, latency of 127ms.
[DEBUG] 22:54:00 | [WS => Shard 0] Heartbeat acknowledged, latency of 121ms.
