[INFO] 00:00:00 | New Log File Created
[WARNING] 02:25:48 | The command at C:\Users\richa\OneDrive - w6l3y\northern-lights-development-bot\commands\project\currentprojects.js is missing a required "data" or "execute" property.
[WARNING] 02:26:05 | The command at C:\Users\richa\OneDrive - w6l3y\northern-lights-development-bot\commands\project\currentprojects.js is missing a required "data" or "execute" property.
[INFO] 02:26:05 | Started refreshing 8 application (/) commands.
[INFO] 02:26:06 | Successfully reloaded 8 application (/) commands.
[DEBUG] 02:26:06 | Provided token: MTA4NTYxMjkzOTc3MzQ4NTE5MA.GZK5eK.**************************************
[DEBUG] 02:26:06 | Preparing to connect to the gateway...
[DEBUG] 02:26:06 | [WS => Manager] Fetched Gateway Information
    URL: wss://gateway.discord.gg
    Recommended Shards: 1
[DEBUG] 02:26:06 | [WS => Manager] Session Limit Information
    Total: 1000
    Remaining: 997
[DEBUG] 02:26:06 | [WS => Shard 0] Connecting to wss://gateway.discord.gg?v=10&encoding=json
[DEBUG] 02:26:06 | [WS => Shard 0] Waiting for event hello for 60000ms
[DEBUG] 02:26:07 | [WS => Shard 0] Preparing first heartbeat of the connection with a jitter of 0.7589019121051481; waiting 31304ms
[DEBUG] 02:26:07 | [WS => Shard 0] Waiting for identify throttle
[DEBUG] 02:26:07 | [WS => Shard 0] Identifying
	shard id: 0
	shard count: 1
	intents: 513
	compression: none
[DEBUG] 02:26:07 | [WS => Shard 0] Waiting for event ready for 15000ms
[DEBUG] 02:26:07 | [WS => Shard 0] Shard received all its guilds. Marking as fully ready.
[ERROR] 02:26:36 | TypeError: Cannot read properties of undefined (reading 'member')
    at Object.execute (C:\Users\richa\OneDrive - w6l3y\northern-lights-development-bot\commands\project\todo.js:45:46)
    at Object.execute (C:\Users\richa\OneDrive - w6l3y\northern-lights-development-bot\events\interactionCreate.js:52:27)
    at process.processTicksAndRejections (node:internal/process/task_queues:95:5)
[DEBUG] 02:26:38 | [WS => Shard 0] First heartbeat sent, starting to beat every 41250ms
[DEBUG] 02:26:38 | [WS => Shard 0] Heartbeat acknowledged, latency of 119ms.
[COMMAND] 02:26:52 | Command: Reload | megurre (324856872987262996) reloaded todo.
[ERROR] 02:26:58 | TypeError: Cannot read properties of undefined (reading 'members')
    at Object.execute (C:\Users\richa\OneDrive - w6l3y\northern-lights-development-bot\commands\project\todo.js:45:46)
    at Object.execute (C:\Users\richa\OneDrive - w6l3y\northern-lights-development-bot\events\interactionCreate.js:52:27)
    at process.processTicksAndRejections (node:internal/process/task_queues:95:5)
[DEBUG] 02:27:19 | [WS => Shard 0] Heartbeat acknowledged, latency of 123ms.
[DEBUG] 02:28:00 | [WS => Shard 0] Heartbeat acknowledged, latency of 120ms.
[COMMAND] 02:28:04 | Command: Reload | megurre (324856872987262996) reloaded todo.
[INFO] 02:28:08 | megurre (324856872987262996) connected to the database.
[ERROR] 02:28:08 | Command: Todo | megurre (324856872987262996) received an error while connecting to the database | TypeError [CommandInteractionOptionType]: Option "priority" is of type: 3; expected 4.
    at CommandInteractionOptionResolver._getTypedOption (C:\Users\richa\node_modules\discord.js\src\structures\CommandInteractionOptionResolver.js:99:13)
    at CommandInteractionOptionResolver.getInteger (C:\Users\richa\node_modules\discord.js\src\structures\CommandInteractionOptionResolver.js:183:25)
    at C:\Users\richa\OneDrive - w6l3y\northern-lights-development-bot\commands\project\todo.js:64:54
    at Connection.<anonymous> (C:\Users\richa\node_modules\mysql2\lib\connection.js:815:13)
    at Object.onceWrapper (node:events:629:26)
    at Connection.emit (node:events:514:28)
    at ClientHandshake.<anonymous> (C:\Users\richa\node_modules\mysql2\lib\connection.js:137:14)
    at ClientHandshake.emit (node:events:514:28)
    at ClientHandshake.execute (C:\Users\richa\node_modules\mysql2\lib\commands\command.js:49:10)
    at Connection.handlePacket (C:\Users\richa\node_modules\mysql2\lib\connection.js:478:34)
[INFO] 02:28:24 | megurre (324856872987262996) connected to the database.
[ERROR] 02:28:24 | Command: Todo | megurre (324856872987262996) received an error while connecting to the database | TypeError [CommandInteractionOptionType]: Option "priority" is of type: 3; expected 4.
    at CommandInteractionOptionResolver._getTypedOption (C:\Users\richa\node_modules\discord.js\src\structures\CommandInteractionOptionResolver.js:99:13)
    at CommandInteractionOptionResolver.getInteger (C:\Users\richa\node_modules\discord.js\src\structures\CommandInteractionOptionResolver.js:183:25)
    at C:\Users\richa\OneDrive - w6l3y\northern-lights-development-bot\commands\project\todo.js:64:54
    at Connection.<anonymous> (C:\Users\richa\node_modules\mysql2\lib\connection.js:815:13)
    at Object.onceWrapper (node:events:629:26)
    at Connection.emit (node:events:514:28)
    at ClientHandshake.<anonymous> (C:\Users\richa\node_modules\mysql2\lib\connection.js:137:14)
    at ClientHandshake.emit (node:events:514:28)
    at ClientHandshake.execute (C:\Users\richa\node_modules\mysql2\lib\commands\command.js:49:10)
    at Connection.handlePacket (C:\Users\richa\node_modules\mysql2\lib\connection.js:478:34)
[WARNING] 02:28:34 | The command at C:\Users\richa\OneDrive - w6l3y\northern-lights-development-bot\commands\project\currentprojects.js is missing a required "data" or "execute" property.
[INFO] 02:28:34 | Started refreshing 8 application (/) commands.
[INFO] 02:28:34 | Successfully reloaded 8 application (/) commands.
[DEBUG] 02:28:35 | Provided token: MTA4NTYxMjkzOTc3MzQ4NTE5MA.GZK5eK.**************************************
[DEBUG] 02:28:35 | Preparing to connect to the gateway...
[DEBUG] 02:28:35 | [WS => Manager] Fetched Gateway Information
    URL: wss://gateway.discord.gg
    Recommended Shards: 1
[DEBUG] 02:28:35 | [WS => Manager] Session Limit Information
    Total: 1000
    Remaining: 996
[DEBUG] 02:28:35 | [WS => Shard 0] Connecting to wss://gateway.discord.gg?v=10&encoding=json
[DEBUG] 02:28:35 | [WS => Shard 0] Waiting for event hello for 60000ms
[DEBUG] 02:28:35 | [WS => Shard 0] Preparing first heartbeat of the connection with a jitter of 0.2412234038862553; waiting 9950ms
[DEBUG] 02:28:35 | [WS => Shard 0] Waiting for identify throttle
[DEBUG] 02:28:35 | [WS => Shard 0] Identifying
	shard id: 0
	shard count: 1
	intents: 513
	compression: none
[DEBUG] 02:28:35 | [WS => Shard 0] Waiting for event ready for 15000ms
[DEBUG] 02:28:35 | [WS => Shard 0] Shard received all its guilds. Marking as fully ready.
[INFO] 02:28:37 | megurre (324856872987262996) connected to the database.
[ERROR] 02:28:37 | Command: Todo | megurre (324856872987262996) received an error while connecting to the database | TypeError [CommandInteractionOptionType]: Option "priority" is of type: 3; expected 4.
    at CommandInteractionOptionResolver._getTypedOption (C:\Users\richa\node_modules\discord.js\src\structures\CommandInteractionOptionResolver.js:99:13)
    at CommandInteractionOptionResolver.getInteger (C:\Users\richa\node_modules\discord.js\src\structures\CommandInteractionOptionResolver.js:183:25)
    at C:\Users\richa\OneDrive - w6l3y\northern-lights-development-bot\commands\project\todo.js:64:54
    at Connection.<anonymous> (C:\Users\richa\node_modules\mysql2\lib\connection.js:815:13)
    at Object.onceWrapper (node:events:629:26)
    at Connection.emit (node:events:514:28)
    at ClientHandshake.<anonymous> (C:\Users\richa\node_modules\mysql2\lib\connection.js:137:14)
    at ClientHandshake.emit (node:events:514:28)
    at ClientHandshake.execute (C:\Users\richa\node_modules\mysql2\lib\commands\command.js:49:10)
    at Connection.handlePacket (C:\Users\richa\node_modules\mysql2\lib\connection.js:478:34)
[DEBUG] 02:28:45 | [WS => Shard 0] First heartbeat sent, starting to beat every 41250ms
[DEBUG] 02:28:45 | [WS => Shard 0] Heartbeat acknowledged, latency of 119ms.
[DEBUG] 02:29:26 | [WS => Shard 0] Heartbeat acknowledged, latency of 131ms.
[DEBUG] 02:30:08 | [WS => Shard 0] Heartbeat acknowledged, latency of 122ms.
[DEBUG] 02:30:49 | [WS => Shard 0] Heartbeat acknowledged, latency of 124ms.
[WARNING] 02:31:14 | The command at C:\Users\richa\OneDrive - w6l3y\northern-lights-development-bot\commands\project\currentprojects.js is missing a required "data" or "execute" property.
[INFO] 02:31:14 | Started refreshing 8 application (/) commands.
[INFO] 02:31:14 | Successfully reloaded 8 application (/) commands.
[DEBUG] 02:31:15 | Provided token: MTA4NTYxMjkzOTc3MzQ4NTE5MA.GZK5eK.**************************************
[DEBUG] 02:31:15 | Preparing to connect to the gateway...
[DEBUG] 02:31:15 | [WS => Manager] Fetched Gateway Information
    URL: wss://gateway.discord.gg
    Recommended Shards: 1
[DEBUG] 02:31:15 | [WS => Manager] Session Limit Information
    Total: 1000
    Remaining: 995
[DEBUG] 02:31:15 | [WS => Shard 0] Connecting to wss://gateway.discord.gg?v=10&encoding=json
[DEBUG] 02:31:15 | [WS => Shard 0] Waiting for event hello for 60000ms
[DEBUG] 02:31:15 | [WS => Shard 0] Preparing first heartbeat of the connection with a jitter of 0.12165693705056957; waiting 5018ms
[DEBUG] 02:31:15 | [WS => Shard 0] Waiting for identify throttle
[DEBUG] 02:31:15 | [WS => Shard 0] Identifying
	shard id: 0
	shard count: 1
	intents: 513
	compression: none
[DEBUG] 02:31:15 | [WS => Shard 0] Waiting for event ready for 15000ms
[DEBUG] 02:31:16 | [WS => Shard 0] Shard received all its guilds. Marking as fully ready.
[INFO] 02:31:18 | megurre (324856872987262996) connected to the database.
[ERROR] 02:31:18 | Command: Todo | megurre (324856872987262996) received an error while connecting to the database | TypeError [CommandInteractionOptionType]: Option "priority" is of type: 3; expected 4.
    at CommandInteractionOptionResolver._getTypedOption (C:\Users\richa\node_modules\discord.js\src\structures\CommandInteractionOptionResolver.js:99:13)
    at CommandInteractionOptionResolver.getInteger (C:\Users\richa\node_modules\discord.js\src\structures\CommandInteractionOptionResolver.js:183:25)
    at C:\Users\richa\OneDrive - w6l3y\northern-lights-development-bot\commands\project\todo.js:64:54
    at Connection.<anonymous> (C:\Users\richa\node_modules\mysql2\lib\connection.js:815:13)
    at Object.onceWrapper (node:events:629:26)
    at Connection.emit (node:events:514:28)
    at ClientHandshake.<anonymous> (C:\Users\richa\node_modules\mysql2\lib\connection.js:137:14)
    at ClientHandshake.emit (node:events:514:28)
    at ClientHandshake.execute (C:\Users\richa\node_modules\mysql2\lib\commands\command.js:49:10)
    at Connection.handlePacket (C:\Users\richa\node_modules\mysql2\lib\connection.js:478:34)
[DEBUG] 02:31:20 | [WS => Shard 0] First heartbeat sent, starting to beat every 41250ms
[DEBUG] 02:31:21 | [WS => Shard 0] Heartbeat acknowledged, latency of 118ms.
[WARNING] 02:31:33 | The command at C:\Users\richa\OneDrive - w6l3y\northern-lights-development-bot\commands\project\currentprojects.js is missing a required "data" or "execute" property.
[INFO] 02:31:33 | Started refreshing 8 application (/) commands.
[INFO] 02:31:33 | Successfully reloaded 8 application (/) commands.
[DEBUG] 02:31:34 | Provided token: MTA4NTYxMjkzOTc3MzQ4NTE5MA.GZK5eK.**************************************
[DEBUG] 02:31:34 | Preparing to connect to the gateway...
[DEBUG] 02:31:34 | [WS => Manager] Fetched Gateway Information
    URL: wss://gateway.discord.gg
    Recommended Shards: 1
[DEBUG] 02:31:34 | [WS => Manager] Session Limit Information
    Total: 1000
    Remaining: 994
[DEBUG] 02:31:34 | [WS => Shard 0] Connecting to wss://gateway.discord.gg?v=10&encoding=json
[DEBUG] 02:31:34 | [WS => Shard 0] Waiting for event hello for 60000ms
[DEBUG] 02:31:34 | [WS => Shard 0] Preparing first heartbeat of the connection with a jitter of 0.5862405299900397; waiting 24182ms
[DEBUG] 02:31:34 | [WS => Shard 0] Waiting for identify throttle
[DEBUG] 02:31:34 | [WS => Shard 0] Identifying
	shard id: 0
	shard count: 1
	intents: 513
	compression: none
[DEBUG] 02:31:34 | [WS => Shard 0] Waiting for event ready for 15000ms
[DEBUG] 02:31:35 | [WS => Shard 0] Shard received all its guilds. Marking as fully ready.
[INFO] 02:31:36 | megurre (324856872987262996) connected to the database.
[ERROR] 02:31:36 | Command: Todo | megurre (324856872987262996) received an error while connecting to the database | TypeError [CommandInteractionOptionType]: Option "priority" is of type: 3; expected 4.
    at CommandInteractionOptionResolver._getTypedOption (C:\Users\richa\node_modules\discord.js\src\structures\CommandInteractionOptionResolver.js:99:13)
    at CommandInteractionOptionResolver.getInteger (C:\Users\richa\node_modules\discord.js\src\structures\CommandInteractionOptionResolver.js:183:25)
    at C:\Users\richa\OneDrive - w6l3y\northern-lights-development-bot\commands\project\todo.js:64:52
    at Connection.<anonymous> (C:\Users\richa\node_modules\mysql2\lib\connection.js:815:13)
    at Object.onceWrapper (node:events:629:26)
    at Connection.emit (node:events:514:28)
    at ClientHandshake.<anonymous> (C:\Users\richa\node_modules\mysql2\lib\connection.js:137:14)
    at ClientHandshake.emit (node:events:514:28)
    at ClientHandshake.execute (C:\Users\richa\node_modules\mysql2\lib\commands\command.js:49:10)
    at Connection.handlePacket (C:\Users\richa\node_modules\mysql2\lib\connection.js:478:34)
[DEBUG] 02:31:58 | [WS => Shard 0] First heartbeat sent, starting to beat every 41250ms
[DEBUG] 02:31:59 | [WS => Shard 0] Heartbeat acknowledged, latency of 120ms.
[COMMAND] 02:32:33 | Command: Reload | megurre (324856872987262996) reloaded todo.
[INFO] 02:32:37 | megurre (324856872987262996) connected to the database.
[ERROR] 02:32:37 | Command: Todo | megurre (324856872987262996) received an error while connecting to the database | TypeError [CommandInteractionOptionType]: Option "priority" is of type: 3; expected 4.
    at CommandInteractionOptionResolver._getTypedOption (C:\Users\richa\node_modules\discord.js\src\structures\CommandInteractionOptionResolver.js:99:13)
    at CommandInteractionOptionResolver.getInteger (C:\Users\richa\node_modules\discord.js\src\structures\CommandInteractionOptionResolver.js:183:25)
    at C:\Users\richa\OneDrive - w6l3y\northern-lights-development-bot\commands\project\todo.js:64:54
    at Connection.<anonymous> (C:\Users\richa\node_modules\mysql2\lib\connection.js:815:13)
    at Object.onceWrapper (node:events:629:26)
    at Connection.emit (node:events:514:28)
    at ClientHandshake.<anonymous> (C:\Users\richa\node_modules\mysql2\lib\connection.js:137:14)
    at ClientHandshake.emit (node:events:514:28)
    at ClientHandshake.execute (C:\Users\richa\node_modules\mysql2\lib\commands\command.js:49:10)
    at Connection.handlePacket (C:\Users\richa\node_modules\mysql2\lib\connection.js:478:34)
[DEBUG] 02:32:40 | [WS => Shard 0] Heartbeat acknowledged, latency of 124ms.
[DEBUG] 02:33:21 | [WS => Shard 0] Heartbeat acknowledged, latency of 120ms.
[DEBUG] 02:34:02 | [WS => Shard 0] Heartbeat acknowledged, latency of 121ms.
[DEBUG] 02:34:44 | [WS => Shard 0] Heartbeat acknowledged, latency of 129ms.
[WARNING] 02:35:14 | The command at C:\Users\richa\OneDrive - w6l3y\northern-lights-development-bot\commands\project\currentprojects.js is missing a required "data" or "execute" property.
[INFO] 02:35:14 | Started refreshing 8 application (/) commands.
[INFO] 02:35:14 | Successfully reloaded 8 application (/) commands.
[DEBUG] 02:35:15 | Provided token: MTA4NTYxMjkzOTc3MzQ4NTE5MA.GZK5eK.**************************************
[DEBUG] 02:35:15 | Preparing to connect to the gateway...
[DEBUG] 02:35:15 | [WS => Manager] Fetched Gateway Information
    URL: wss://gateway.discord.gg
    Recommended Shards: 1
[DEBUG] 02:35:15 | [WS => Manager] Session Limit Information
    Total: 1000
    Remaining: 993
[DEBUG] 02:35:15 | [WS => Shard 0] Connecting to wss://gateway.discord.gg?v=10&encoding=json
[DEBUG] 02:35:15 | [WS => Shard 0] Waiting for event hello for 60000ms
[DEBUG] 02:35:15 | [WS => Shard 0] Preparing first heartbeat of the connection with a jitter of 0.4041479157333243; waiting 16671ms
[DEBUG] 02:35:15 | [WS => Shard 0] Waiting for identify throttle
[DEBUG] 02:35:15 | [WS => Shard 0] Identifying
	shard id: 0
	shard count: 1
	intents: 513
	compression: none
[DEBUG] 02:35:15 | [WS => Shard 0] Waiting for event ready for 15000ms
[DEBUG] 02:35:15 | [WS => Shard 0] Shard received all its guilds. Marking as fully ready.
[DEBUG] 02:35:32 | [WS => Shard 0] First heartbeat sent, starting to beat every 41250ms
[DEBUG] 02:35:32 | [WS => Shard 0] Heartbeat acknowledged, latency of 121ms.
[INFO] 02:35:33 | megurre (324856872987262996) connected to the database.
[ERROR] 02:35:33 | Command: Todo | megurre (324856872987262996) received an error while connecting to the database | TypeError: interaction.options.has is not a function
    at C:\Users\richa\OneDrive - w6l3y\northern-lights-development-bot\commands\project\todo.js:68:46
    at Connection.<anonymous> (C:\Users\richa\node_modules\mysql2\lib\connection.js:815:13)
    at Object.onceWrapper (node:events:629:26)
    at Connection.emit (node:events:514:28)
    at ClientHandshake.<anonymous> (C:\Users\richa\node_modules\mysql2\lib\connection.js:137:14)
    at ClientHandshake.emit (node:events:514:28)
    at ClientHandshake.execute (C:\Users\richa\node_modules\mysql2\lib\commands\command.js:49:10)
    at Connection.handlePacket (C:\Users\richa\node_modules\mysql2\lib\connection.js:478:34)
    at PacketParser.onPacket (C:\Users\richa\node_modules\mysql2\lib\connection.js:97:12)
    at PacketParser.executeStart (C:\Users\richa\node_modules\mysql2\lib\packet_parser.js:75:16)
[DEBUG] 02:36:13 | [WS => Shard 0] Heartbeat acknowledged, latency of 123ms.
[COMMAND] 02:36:41 | Command: Reload | megurre (324856872987262996) reloaded todo.
[INFO] 02:36:45 | megurre (324856872987262996) connected to the database.
[ERROR] 02:36:45 | Command: Todo | megurre (324856872987262996) received an error while connecting to the database | ReferenceError: isNan is not defined
    at C:\Users\richa\OneDrive - w6l3y\northern-lights-development-bot\commands\project\todo.js:69:21
    at Connection.<anonymous> (C:\Users\richa\node_modules\mysql2\lib\connection.js:815:13)
    at Object.onceWrapper (node:events:629:26)
    at Connection.emit (node:events:514:28)
    at ClientHandshake.<anonymous> (C:\Users\richa\node_modules\mysql2\lib\connection.js:137:14)
    at ClientHandshake.emit (node:events:514:28)
    at ClientHandshake.execute (C:\Users\richa\node_modules\mysql2\lib\commands\command.js:49:10)
    at Connection.handlePacket (C:\Users\richa\node_modules\mysql2\lib\connection.js:478:34)
    at PacketParser.onPacket (C:\Users\richa\node_modules\mysql2\lib\connection.js:97:12)
    at PacketParser.executeStart (C:\Users\richa\node_modules\mysql2\lib\packet_parser.js:75:16)
[DEBUG] 02:36:54 | [WS => Shard 0] Heartbeat acknowledged, latency of 121ms.
[COMMAND] 02:37:00 | Command: Reload | megurre (324856872987262996) reloaded todo.
[INFO] 02:37:08 | megurre (324856872987262996) connected to the database.
[ERROR] 02:37:08 | Command: Todo | megurre (324856872987262996) received an error while connecting to the database | ReferenceError: priority is not defined
    at C:\Users\richa\OneDrive - w6l3y\northern-lights-development-bot\commands\project\todo.js:74:78
    at Connection.<anonymous> (C:\Users\richa\node_modules\mysql2\lib\connection.js:815:13)
    at Object.onceWrapper (node:events:629:26)
    at Connection.emit (node:events:514:28)
    at ClientHandshake.<anonymous> (C:\Users\richa\node_modules\mysql2\lib\connection.js:137:14)
    at ClientHandshake.emit (node:events:514:28)
    at ClientHandshake.execute (C:\Users\richa\node_modules\mysql2\lib\commands\command.js:49:10)
    at Connection.handlePacket (C:\Users\richa\node_modules\mysql2\lib\connection.js:478:34)
    at PacketParser.onPacket (C:\Users\richa\node_modules\mysql2\lib\connection.js:97:12)
    at PacketParser.executeStart (C:\Users\richa\node_modules\mysql2\lib\packet_parser.js:75:16)
[DEBUG] 02:37:36 | [WS => Shard 0] Heartbeat acknowledged, latency of 120ms.
[COMMAND] 02:37:39 | Command: Reload | megurre (324856872987262996) reloaded todo.
[INFO] 02:37:42 | megurre (324856872987262996) connected to the database.
[INFO] 02:37:42 | megurre (324856872987262996) added a todo to the database.
[DEBUG] 02:38:17 | [WS => Shard 0] Heartbeat acknowledged, latency of 123ms.
[INFO] 02:38:38 | megurre (324856872987262996) connected to the database.
[INFO] 02:38:38 | megurre (324856872987262996) listed a todo from the database.
[DEBUG] 02:38:39 | Provided token: MTA4NTYxMjkzOTc3MzQ4NTE5MA.GZK5eK.**************************************
[DEBUG] 02:38:39 | Preparing to connect to the gateway...
[DEBUG] 02:38:39 | [WS => Manager] Fetched Gateway Information
    URL: wss://gateway.discord.gg
    Recommended Shards: 1
[DEBUG] 02:38:39 | [WS => Manager] Session Limit Information
    Total: 1000
    Remaining: 992
[DEBUG] 02:38:39 | [WS => Shard 0] Connecting to wss://gateway.discord.gg?v=10&encoding=json
[DEBUG] 02:38:39 | [WS => Shard 0] Waiting for event hello for 60000ms
[DEBUG] 02:38:39 | [WS => Shard 0] Preparing first heartbeat of the connection with a jitter of 0.7490065954035388; waiting 30896ms
[DEBUG] 02:38:39 | [WS => Shard 0] Waiting for identify throttle
[DEBUG] 02:38:39 | [WS => Shard 0] Identifying
	shard id: 0
	shard count: 1
	intents: 513
	compression: none
[DEBUG] 02:38:39 | [WS => Shard 0] Waiting for event ready for 15000ms
[DEBUG] 02:38:40 | [WS => Shard 0] Shard received all its guilds. Marking as fully ready.
[WARNING] 02:39:02 | The command at C:\Users\richa\OneDrive - w6l3y\northern-lights-development-bot\commands\project\currentprojects.js is missing a required "data" or "execute" property.
[INFO] 02:39:02 | Started refreshing 8 application (/) commands.
[INFO] 02:39:03 | Successfully reloaded 8 application (/) commands.
[DEBUG] 02:39:03 | Provided token: MTA4NTYxMjkzOTc3MzQ4NTE5MA.GZK5eK.**************************************
[DEBUG] 02:39:03 | Preparing to connect to the gateway...
[DEBUG] 02:39:04 | [WS => Manager] Fetched Gateway Information
    URL: wss://gateway.discord.gg
    Recommended Shards: 1
[DEBUG] 02:39:04 | [WS => Manager] Session Limit Information
    Total: 1000
    Remaining: 991
[DEBUG] 02:39:04 | [WS => Shard 0] Connecting to wss://gateway.discord.gg?v=10&encoding=json
[DEBUG] 02:39:04 | [WS => Shard 0] Waiting for event hello for 60000ms
[DEBUG] 02:39:04 | [WS => Shard 0] Preparing first heartbeat of the connection with a jitter of 0.27213262287457485; waiting 11225ms
[DEBUG] 02:39:04 | [WS => Shard 0] Waiting for identify throttle
[DEBUG] 02:39:04 | [WS => Shard 0] Identifying
	shard id: 0
	shard count: 1
	intents: 513
	compression: none
[DEBUG] 02:39:04 | [WS => Shard 0] Waiting for event ready for 15000ms
[DEBUG] 02:39:04 | [WS => Shard 0] Shard received all its guilds. Marking as fully ready.
[INFO] 02:39:08 | megurre (324856872987262996) connected to the database.
[INFO] 02:39:08 | megurre (324856872987262996) listed a todo from the database.
[DEBUG] 02:39:09 | Provided token: MTA4NTYxMjkzOTc3MzQ4NTE5MA.GZK5eK.**************************************
[DEBUG] 02:39:09 | Preparing to connect to the gateway...
[DEBUG] 02:39:09 | [WS => Manager] Fetched Gateway Information
    URL: wss://gateway.discord.gg
    Recommended Shards: 1
[DEBUG] 02:39:09 | [WS => Manager] Session Limit Information
    Total: 1000
    Remaining: 990
[DEBUG] 02:39:09 | [WS => Shard 0] Connecting to wss://gateway.discord.gg?v=10&encoding=json
[DEBUG] 02:39:09 | [WS => Shard 0] Waiting for event hello for 60000ms
[DEBUG] 02:39:10 | [WS => Shard 0] Preparing first heartbeat of the connection with a jitter of 0.3268440130669159; waiting 13482ms
[DEBUG] 02:39:10 | [WS => Shard 0] Waiting for identify throttle
[DEBUG] 02:39:10 | [WS => Shard 0] Identifying
	shard id: 0
	shard count: 1
	intents: 513
	compression: none
[DEBUG] 02:39:10 | [WS => Shard 0] Waiting for event ready for 15000ms
[DEBUG] 02:39:10 | [WS => Shard 0] Shard received all its guilds. Marking as fully ready.
[DEBUG] 02:39:23 | [WS => Shard 0] First heartbeat sent, starting to beat every 41250ms
[DEBUG] 02:39:23 | [WS => Shard 0] Heartbeat acknowledged, latency of 118ms.
[DEBUG] 02:40:05 | [WS => Shard 0] Heartbeat acknowledged, latency of 161ms.
[COMMAND] 02:40:33 | Command: Reload | megurre (324856872987262996) reloaded todo.
[INFO] 02:40:37 | megurre (324856872987262996) connected to the database.
[INFO] 02:40:37 | megurre (324856872987262996) listed a todo from the database.
[DEBUG] 02:40:38 | Provided token: MTA4NTYxMjkzOTc3MzQ4NTE5MA.GZK5eK.**************************************
[DEBUG] 02:40:38 | Preparing to connect to the gateway...
[DEBUG] 02:40:38 | [WS => Manager] Fetched Gateway Information
    URL: wss://gateway.discord.gg
    Recommended Shards: 1
[DEBUG] 02:40:38 | [WS => Manager] Session Limit Information
    Total: 1000
    Remaining: 989
[DEBUG] 02:40:38 | [WS => Shard 0] Connecting to wss://gateway.discord.gg?v=10&encoding=json
[DEBUG] 02:40:38 | [WS => Shard 0] Waiting for event hello for 60000ms
[DEBUG] 02:40:38 | [WS => Shard 0] Preparing first heartbeat of the connection with a jitter of 0.6816022057998425; waiting 28116ms
[DEBUG] 02:40:38 | [WS => Shard 0] Waiting for identify throttle
[DEBUG] 02:40:38 | [WS => Shard 0] Identifying
	shard id: 0
	shard count: 1
	intents: 513
	compression: none
[DEBUG] 02:40:38 | [WS => Shard 0] Waiting for event ready for 15000ms
[DEBUG] 02:40:38 | [WS => Shard 0] Shard received all its guilds. Marking as fully ready.
[DEBUG] 02:41:06 | [WS => Shard 0] First heartbeat sent, starting to beat every 41250ms
[DEBUG] 02:41:06 | [WS => Shard 0] Heartbeat acknowledged, latency of 120ms.
[WARNING] 02:41:16 | The command at C:\Users\richa\OneDrive - w6l3y\northern-lights-development-bot\commands\project\currentprojects.js is missing a required "data" or "execute" property.
[INFO] 02:41:16 | Started refreshing 8 application (/) commands.
[INFO] 02:41:16 | Successfully reloaded 8 application (/) commands.
[DEBUG] 02:41:17 | Provided token: MTA4NTYxMjkzOTc3MzQ4NTE5MA.GZK5eK.**************************************
[DEBUG] 02:41:17 | Preparing to connect to the gateway...
[DEBUG] 02:41:17 | [WS => Manager] Fetched Gateway Information
    URL: wss://gateway.discord.gg
    Recommended Shards: 1
[DEBUG] 02:41:17 | [WS => Manager] Session Limit Information
    Total: 1000
    Remaining: 988
[DEBUG] 02:41:17 | [WS => Shard 0] Connecting to wss://gateway.discord.gg?v=10&encoding=json
[DEBUG] 02:41:17 | [WS => Shard 0] Waiting for event hello for 60000ms
[DEBUG] 02:41:17 | [WS => Shard 0] Preparing first heartbeat of the connection with a jitter of 0.9932883394688932; waiting 40973ms
[DEBUG] 02:41:17 | [WS => Shard 0] Waiting for identify throttle
[DEBUG] 02:41:17 | [WS => Shard 0] Identifying
	shard id: 0
	shard count: 1
	intents: 513
	compression: none
[DEBUG] 02:41:17 | [WS => Shard 0] Waiting for event ready for 15000ms
[DEBUG] 02:41:17 | [WS => Shard 0] Shard received all its guilds. Marking as fully ready.
[INFO] 02:41:20 | megurre (324856872987262996) connected to the database.
[INFO] 02:41:20 | megurre (324856872987262996) listed a todo from the database.
[DEBUG] 02:41:20 | Provided token: MTA4NTYxMjkzOTc3MzQ4NTE5MA.GZK5eK.**************************************
[DEBUG] 02:41:20 | Preparing to connect to the gateway...
[DEBUG] 02:41:21 | [WS => Manager] Fetched Gateway Information
    URL: wss://gateway.discord.gg
    Recommended Shards: 1
[DEBUG] 02:41:21 | [WS => Manager] Session Limit Information
    Total: 1000
    Remaining: 987
[DEBUG] 02:41:21 | [WS => Shard 0] Connecting to wss://gateway.discord.gg?v=10&encoding=json
[DEBUG] 02:41:21 | [WS => Shard 0] Waiting for event hello for 60000ms
[DEBUG] 02:41:21 | [WS => Shard 0] Preparing first heartbeat of the connection with a jitter of 0.7820228518479257; waiting 32258ms
[DEBUG] 02:41:21 | [WS => Shard 0] Waiting for identify throttle
[DEBUG] 02:41:21 | [WS => Shard 0] Identifying
	shard id: 0
	shard count: 1
	intents: 513
	compression: none
[DEBUG] 02:41:21 | [WS => Shard 0] Waiting for event ready for 15000ms
[DEBUG] 02:41:22 | [WS => Shard 0] Shard received all its guilds. Marking as fully ready.
[DEBUG] 02:41:54 | [WS => Shard 0] First heartbeat sent, starting to beat every 41250ms
[DEBUG] 02:41:54 | [WS => Shard 0] Heartbeat acknowledged, latency of 119ms.
[WARNING] 02:42:02 | The command at C:\Users\richa\OneDrive - w6l3y\northern-lights-development-bot\commands\project\currentprojects.js is missing a required "data" or "execute" property.
[INFO] 02:42:02 | Started refreshing 8 application (/) commands.
[INFO] 02:42:03 | Successfully reloaded 8 application (/) commands.
[DEBUG] 02:42:03 | Provided token: MTA4NTYxMjkzOTc3MzQ4NTE5MA.GZK5eK.**************************************
[DEBUG] 02:42:03 | Preparing to connect to the gateway...
[DEBUG] 02:42:03 | [WS => Manager] Fetched Gateway Information
    URL: wss://gateway.discord.gg
    Recommended Shards: 1
[DEBUG] 02:42:03 | [WS => Manager] Session Limit Information
    Total: 1000
    Remaining: 986
[DEBUG] 02:42:03 | [WS => Shard 0] Connecting to wss://gateway.discord.gg?v=10&encoding=json
[DEBUG] 02:42:03 | [WS => Shard 0] Waiting for event hello for 60000ms
[DEBUG] 02:42:04 | [WS => Shard 0] Preparing first heartbeat of the connection with a jitter of 0.1413158695114689; waiting 5829ms
[DEBUG] 02:42:04 | [WS => Shard 0] Waiting for identify throttle
[DEBUG] 02:42:04 | [WS => Shard 0] Identifying
	shard id: 0
	shard count: 1
	intents: 513
	compression: none
[DEBUG] 02:42:04 | [WS => Shard 0] Waiting for event ready for 15000ms
[DEBUG] 02:42:04 | [WS => Shard 0] Shard received all its guilds. Marking as fully ready.
[INFO] 02:42:07 | megurre (324856872987262996) connected to the database.
[INFO] 02:42:07 | megurre (324856872987262996) listed a todo from the database.
[DEBUG] 02:42:08 | Provided token: MTA4NTYxMjkzOTc3MzQ4NTE5MA.GZK5eK.**************************************
[DEBUG] 02:42:08 | Preparing to connect to the gateway...
[DEBUG] 02:42:08 | [WS => Manager] Fetched Gateway Information
    URL: wss://gateway.discord.gg
    Recommended Shards: 1
[DEBUG] 02:42:08 | [WS => Manager] Session Limit Information
    Total: 1000
    Remaining: 985
[DEBUG] 02:42:08 | [WS => Shard 0] Connecting to wss://gateway.discord.gg?v=10&encoding=json
[DEBUG] 02:42:08 | [WS => Shard 0] Waiting for event hello for 60000ms
[DEBUG] 02:42:08 | [WS => Shard 0] Preparing first heartbeat of the connection with a jitter of 0.548133131297281; waiting 22610ms
[DEBUG] 02:42:08 | [WS => Shard 0] Waiting for identify throttle
[DEBUG] 02:42:08 | [WS => Shard 0] Identifying
	shard id: 0
	shard count: 1
	intents: 513
	compression: none
[DEBUG] 02:42:08 | [WS => Shard 0] Waiting for event ready for 15000ms
[DEBUG] 02:42:09 | [WS => Shard 0] Shard received all its guilds. Marking as fully ready.
[DEBUG] 02:42:31 | [WS => Shard 0] First heartbeat sent, starting to beat every 41250ms
[DEBUG] 02:42:31 | [WS => Shard 0] Heartbeat acknowledged, latency of 119ms.
[DEBUG] 02:43:12 | [WS => Shard 0] Heartbeat acknowledged, latency of 121ms.
[DEBUG] 02:43:54 | [WS => Shard 0] Heartbeat acknowledged, latency of 119ms.
[WARNING] 02:44:34 | The command at C:\Users\richa\OneDrive - w6l3y\northern-lights-development-bot\commands\project\currentprojects.js is missing a required "data" or "execute" property.
[WARNING] 02:45:06 | The command at C:\Users\richa\OneDrive - w6l3y\northern-lights-development-bot\commands\project\currentprojects.js is missing a required "data" or "execute" property.
[INFO] 02:45:07 | Started refreshing 8 application (/) commands.
[INFO] 02:45:07 | Successfully reloaded 8 application (/) commands.
[DEBUG] 02:45:08 | Provided token: MTA4NTYxMjkzOTc3MzQ4NTE5MA.GZK5eK.**************************************
[DEBUG] 02:45:08 | Preparing to connect to the gateway...
[DEBUG] 02:45:08 | [WS => Manager] Fetched Gateway Information
    URL: wss://gateway.discord.gg
    Recommended Shards: 1
[DEBUG] 02:45:08 | [WS => Manager] Session Limit Information
    Total: 1000
    Remaining: 984
[DEBUG] 02:45:08 | [WS => Shard 0] Connecting to wss://gateway.discord.gg?v=10&encoding=json
[DEBUG] 02:45:08 | [WS => Shard 0] Waiting for event hello for 60000ms
[DEBUG] 02:45:08 | [WS => Shard 0] Preparing first heartbeat of the connection with a jitter of 0.8411109612240466; waiting 34695ms
[DEBUG] 02:45:08 | [WS => Shard 0] Waiting for identify throttle
[DEBUG] 02:45:08 | [WS => Shard 0] Identifying
	shard id: 0
	shard count: 1
	intents: 513
	compression: none
[DEBUG] 02:45:08 | [WS => Shard 0] Waiting for event ready for 15000ms
[DEBUG] 02:45:08 | [WS => Shard 0] Shard received all its guilds. Marking as fully ready.
[INFO] 02:45:09 | megurre (324856872987262996) connected to the database.
[INFO] 02:45:09 | megurre (324856872987262996) listed a todo from the database.
[DEBUG] 02:45:10 | Provided token: MTA4NTYxMjkzOTc3MzQ4NTE5MA.GZK5eK.**************************************
[DEBUG] 02:45:10 | Preparing to connect to the gateway...
[DEBUG] 02:45:12 | [WS => Manager] Fetched Gateway Information
    URL: wss://gateway.discord.gg
    Recommended Shards: 1
[DEBUG] 02:45:12 | [WS => Manager] Session Limit Information
    Total: 1000
    Remaining: 983
[DEBUG] 02:45:12 | [WS => Shard 0] Connecting to wss://gateway.discord.gg?v=10&encoding=json
[DEBUG] 02:45:12 | [WS => Shard 0] Waiting for event hello for 60000ms
[DEBUG] 02:45:12 | [WS => Shard 0] Preparing first heartbeat of the connection with a jitter of 0.3266851527061647; waiting 13475ms
[DEBUG] 02:45:12 | [WS => Shard 0] Waiting for identify throttle
[DEBUG] 02:45:12 | [WS => Shard 0] Identifying
	shard id: 0
	shard count: 1
	intents: 513
	compression: none
[DEBUG] 02:45:12 | [WS => Shard 0] Waiting for event ready for 15000ms
[DEBUG] 02:45:13 | [WS => Shard 0] Shard received all its guilds. Marking as fully ready.
[DEBUG] 02:45:26 | [WS => Shard 0] First heartbeat sent, starting to beat every 41250ms
[DEBUG] 02:45:26 | [WS => Shard 0] Heartbeat acknowledged, latency of 120ms.
[DEBUG] 02:46:07 | [WS => Shard 0] Heartbeat acknowledged, latency of 121ms.
[WARNING] 02:46:09 | The command at C:\Users\richa\OneDrive - w6l3y\northern-lights-development-bot\commands\project\currentprojects.js is missing a required "data" or "execute" property.
[INFO] 02:46:09 | Started refreshing 8 application (/) commands.
[WARNING] 02:46:11 | The command at C:\Users\richa\OneDrive - w6l3y\northern-lights-development-bot\commands\project\currentprojects.js is missing a required "data" or "execute" property.
[INFO] 02:46:12 | Started refreshing 8 application (/) commands.
[INFO] 02:46:12 | Successfully reloaded 8 application (/) commands.
[DEBUG] 02:46:13 | Provided token: MTA4NTYxMjkzOTc3MzQ4NTE5MA.GZK5eK.**************************************
[DEBUG] 02:46:13 | Preparing to connect to the gateway...
[DEBUG] 02:46:14 | [WS => Manager] Fetched Gateway Information
    URL: wss://gateway.discord.gg
    Recommended Shards: 1
[DEBUG] 02:46:14 | [WS => Manager] Session Limit Information
    Total: 1000
    Remaining: 982
[DEBUG] 02:46:14 | [WS => Shard 0] Connecting to wss://gateway.discord.gg?v=10&encoding=json
[DEBUG] 02:46:14 | [WS => Shard 0] Waiting for event hello for 60000ms
[DEBUG] 02:46:15 | [WS => Shard 0] Preparing first heartbeat of the connection with a jitter of 0.27945790135576987; waiting 11527ms
[DEBUG] 02:46:15 | [WS => Shard 0] Waiting for identify throttle
[DEBUG] 02:46:15 | [WS => Shard 0] Identifying
	shard id: 0
	shard count: 1
	intents: 513
	compression: none
[DEBUG] 02:46:15 | [WS => Shard 0] Waiting for event ready for 15000ms
[DEBUG] 02:46:15 | [WS => Shard 0] Shard received all its guilds. Marking as fully ready.
[INFO] 02:46:20 | megurre (324856872987262996) connected to the database.
[INFO] 02:46:20 | megurre (324856872987262996) listed a todo from the database.
[DEBUG] 02:46:26 | [WS => Shard 0] First heartbeat sent, starting to beat every 41250ms
[DEBUG] 02:46:26 | [WS => Shard 0] Heartbeat acknowledged, latency of 120ms.
[INFO] 02:46:56 | megurre (324856872987262996) connected to the database.
[INFO] 02:46:56 | megurre (324856872987262996) removed a todo from the database.
[DEBUG] 02:47:07 | [WS => Shard 0] Heartbeat acknowledged, latency of 124ms.
[WARNING] 02:47:21 | The command at C:\Users\richa\OneDrive - w6l3y\northern-lights-development-bot\commands\project\currentprojects.js is missing a required "data" or "execute" property.
[INFO] 02:47:21 | Started refreshing 8 application (/) commands.
[INFO] 02:47:21 | Successfully reloaded 8 application (/) commands.
[DEBUG] 02:47:22 | Provided token: MTA4NTYxMjkzOTc3MzQ4NTE5MA.GZK5eK.**************************************
[DEBUG] 02:47:22 | Preparing to connect to the gateway...
[DEBUG] 02:47:22 | [WS => Manager] Fetched Gateway Information
    URL: wss://gateway.discord.gg
    Recommended Shards: 1
[DEBUG] 02:47:22 | [WS => Manager] Session Limit Information
    Total: 1000
    Remaining: 981
[DEBUG] 02:47:22 | [WS => Shard 0] Connecting to wss://gateway.discord.gg?v=10&encoding=json
[DEBUG] 02:47:22 | [WS => Shard 0] Waiting for event hello for 60000ms
[DEBUG] 02:47:22 | [WS => Shard 0] Preparing first heartbeat of the connection with a jitter of 0.6729204118775094; waiting 27757ms
[DEBUG] 02:47:22 | [WS => Shard 0] Waiting for identify throttle
[DEBUG] 02:47:22 | [WS => Shard 0] Identifying
	shard id: 0
	shard count: 1
	intents: 513
	compression: none
[DEBUG] 02:47:22 | [WS => Shard 0] Waiting for event ready for 15000ms
[DEBUG] 02:47:23 | [WS => Shard 0] Shard received all its guilds. Marking as fully ready.
[INFO] 02:47:32 | megurre (324856872987262996) connected to the database.
[INFO] 02:47:32 | megurre (324856872987262996) added a todo to the database.
[WARNING] 02:47:45 | The command at C:\Users\richa\OneDrive - w6l3y\northern-lights-development-bot\commands\project\currentprojects.js is missing a required "data" or "execute" property.
[INFO] 02:47:46 | Started refreshing 8 application (/) commands.
[INFO] 02:47:46 | Successfully reloaded 8 application (/) commands.
[DEBUG] 02:47:47 | Provided token: MTA4NTYxMjkzOTc3MzQ4NTE5MA.GZK5eK.**************************************
[DEBUG] 02:47:47 | Preparing to connect to the gateway...
[DEBUG] 02:47:47 | [WS => Manager] Fetched Gateway Information
    URL: wss://gateway.discord.gg
    Recommended Shards: 1
[DEBUG] 02:47:47 | [WS => Manager] Session Limit Information
    Total: 1000
    Remaining: 980
[DEBUG] 02:47:47 | [WS => Shard 0] Connecting to wss://gateway.discord.gg?v=10&encoding=json
[DEBUG] 02:47:47 | [WS => Shard 0] Waiting for event hello for 60000ms
[DEBUG] 02:47:47 | [WS => Shard 0] Preparing first heartbeat of the connection with a jitter of 0.6067977234037945; waiting 25030ms
[DEBUG] 02:47:47 | [WS => Shard 0] Waiting for identify throttle
[DEBUG] 02:47:47 | [WS => Shard 0] Identifying
	shard id: 0
	shard count: 1
	intents: 513
	compression: none
[DEBUG] 02:47:47 | [WS => Shard 0] Waiting for event ready for 15000ms
[DEBUG] 02:47:47 | [WS => Shard 0] Shard received all its guilds. Marking as fully ready.
[INFO] 02:47:51 | megurre (324856872987262996) connected to the database.
[INFO] 02:47:51 | megurre (324856872987262996) added a todo to the database.
[INFO] 02:48:04 | megurre (324856872987262996) connected to the database.
[INFO] 02:48:04 | megurre (324856872987262996) removed a todo from the database.
[DEBUG] 02:48:12 | [WS => Shard 0] First heartbeat sent, starting to beat every 41250ms
[DEBUG] 02:48:12 | [WS => Shard 0] Heartbeat acknowledged, latency of 118ms.
[INFO] 02:48:15 | megurre (324856872987262996) connected to the database.
[INFO] 02:48:15 | megurre (324856872987262996) removed a todo from the database.
[WARNING] 02:48:23 | The command at C:\Users\richa\OneDrive - w6l3y\northern-lights-development-bot\commands\project\currentprojects.js is missing a required "data" or "execute" property.
[INFO] 02:48:23 | Started refreshing 8 application (/) commands.
[INFO] 02:48:23 | Successfully reloaded 8 application (/) commands.
[DEBUG] 02:48:24 | Provided token: MTA4NTYxMjkzOTc3MzQ4NTE5MA.GZK5eK.**************************************
[DEBUG] 02:48:24 | Preparing to connect to the gateway...
[DEBUG] 02:48:24 | [WS => Manager] Fetched Gateway Information
    URL: wss://gateway.discord.gg
    Recommended Shards: 1
[DEBUG] 02:48:24 | [WS => Manager] Session Limit Information
    Total: 1000
    Remaining: 979
[DEBUG] 02:48:24 | [WS => Shard 0] Connecting to wss://gateway.discord.gg?v=10&encoding=json
[DEBUG] 02:48:24 | [WS => Shard 0] Waiting for event hello for 60000ms
[DEBUG] 02:48:24 | [WS => Shard 0] Preparing first heartbeat of the connection with a jitter of 0.34183215898094166; waiting 14100ms
[DEBUG] 02:48:24 | [WS => Shard 0] Waiting for identify throttle
[DEBUG] 02:48:24 | [WS => Shard 0] Identifying
	shard id: 0
	shard count: 1
	intents: 513
	compression: none
[DEBUG] 02:48:24 | [WS => Shard 0] Waiting for event ready for 15000ms
[DEBUG] 02:48:25 | [WS => Shard 0] Shard received all its guilds. Marking as fully ready.
[WARNING] 02:48:29 | The command at C:\Users\richa\OneDrive - w6l3y\northern-lights-development-bot\commands\project\currentprojects.js is missing a required "data" or "execute" property.
[INFO] 02:48:29 | Started refreshing 8 application (/) commands.
[INFO] 02:48:29 | Successfully reloaded 8 application (/) commands.
[DEBUG] 02:48:30 | Provided token: MTA4NTYxMjkzOTc3MzQ4NTE5MA.GZK5eK.**************************************
[DEBUG] 02:48:30 | Preparing to connect to the gateway...
[DEBUG] 02:48:30 | [WS => Manager] Fetched Gateway Information
    URL: wss://gateway.discord.gg
    Recommended Shards: 1
[DEBUG] 02:48:30 | [WS => Manager] Session Limit Information
    Total: 1000
    Remaining: 978
[DEBUG] 02:48:30 | [WS => Shard 0] Connecting to wss://gateway.discord.gg?v=10&encoding=json
[DEBUG] 02:48:30 | [WS => Shard 0] Waiting for event hello for 60000ms
[DEBUG] 02:48:30 | [WS => Shard 0] Preparing first heartbeat of the connection with a jitter of 0.3327976539754798; waiting 13727ms
[DEBUG] 02:48:30 | [WS => Shard 0] Waiting for identify throttle
[DEBUG] 02:48:30 | [WS => Shard 0] Identifying
	shard id: 0
	shard count: 1
	intents: 513
	compression: none
[DEBUG] 02:48:30 | [WS => Shard 0] Waiting for event ready for 15000ms
[DEBUG] 02:48:31 | [WS => Shard 0] Shard received all its guilds. Marking as fully ready.
[INFO] 02:48:40 | megurre (324856872987262996) connected to the database.
[INFO] 02:48:40 | megurre (324856872987262996) added a todo to the database.
[DEBUG] 02:48:44 | [WS => Shard 0] First heartbeat sent, starting to beat every 41250ms
[DEBUG] 02:48:44 | [WS => Shard 0] Heartbeat acknowledged, latency of 119ms.
[INFO] 02:48:46 | megurre (324856872987262996) connected to the database.
[INFO] 02:48:46 | megurre (324856872987262996) listed a todo from the database.
[DEBUG] 02:49:25 | [WS => Shard 0] Heartbeat acknowledged, latency of 119ms.
[WARNING] 02:49:58 | The command at C:\Users\richa\OneDrive - w6l3y\northern-lights-development-bot\commands\project\currentprojects.js is missing a required "data" or "execute" property.
[INFO] 02:49:58 | Started refreshing 8 application (/) commands.
[INFO] 02:49:59 | Successfully reloaded 8 application (/) commands.
[DEBUG] 02:49:59 | Provided token: MTA4NTYxMjkzOTc3MzQ4NTE5MA.GZK5eK.**************************************
[DEBUG] 02:49:59 | Preparing to connect to the gateway...
[DEBUG] 02:49:59 | [WS => Manager] Fetched Gateway Information
    URL: wss://gateway.discord.gg
    Recommended Shards: 1
[DEBUG] 02:49:59 | [WS => Manager] Session Limit Information
    Total: 1000
    Remaining: 977
[DEBUG] 02:49:59 | [WS => Shard 0] Connecting to wss://gateway.discord.gg?v=10&encoding=json
[DEBUG] 02:49:59 | [WS => Shard 0] Waiting for event hello for 60000ms
[DEBUG] 02:49:59 | [WS => Shard 0] Preparing first heartbeat of the connection with a jitter of 0.40013499250255746; waiting 16505ms
[DEBUG] 02:49:59 | [WS => Shard 0] Waiting for identify throttle
[DEBUG] 02:49:59 | [WS => Shard 0] Identifying
	shard id: 0
	shard count: 1
	intents: 513
	compression: none
[DEBUG] 02:49:59 | [WS => Shard 0] Waiting for event ready for 15000ms
[DEBUG] 02:50:00 | [WS => Shard 0] Shard received all its guilds. Marking as fully ready.
[INFO] 02:50:08 | megurre (324856872987262996) connected to the database.
[INFO] 02:50:08 | megurre (324856872987262996) added a todo to the database.
[INFO] 02:50:13 | megurre (324856872987262996) connected to the database.
[INFO] 02:50:13 | megurre (324856872987262996) listed a todo from the database.
[DEBUG] 02:50:16 | [WS => Shard 0] First heartbeat sent, starting to beat every 41250ms
[DEBUG] 02:50:16 | [WS => Shard 0] Heartbeat acknowledged, latency of 119ms.
[INFO] 02:50:35 | Command: 2FA | megurre (324856872987262996) connected to the database.
[INFO] 02:50:48 | Command: 2FA | megurre (324856872987262996) connected to the database.
[DEBUG] 02:50:57 | [WS => Shard 0] Heartbeat acknowledged, latency of 118ms.
[DEBUG] 02:51:38 | [WS => Shard 0] Heartbeat acknowledged, latency of 118ms.
[WARNING] 02:51:55 | The command at C:\Users\richa\OneDrive - w6l3y\northern-lights-development-bot\commands\project\currentprojects.js is missing a required "data" or "execute" property.
[INFO] 02:51:55 | Started refreshing 8 application (/) commands.
[INFO] 02:51:56 | Successfully reloaded 8 application (/) commands.
[DEBUG] 02:51:56 | Provided token: MTA4NTYxMjkzOTc3MzQ4NTE5MA.GZK5eK.**************************************
[DEBUG] 02:51:56 | Preparing to connect to the gateway...
[DEBUG] 02:51:57 | [WS => Manager] Fetched Gateway Information
    URL: wss://gateway.discord.gg
    Recommended Shards: 1
[DEBUG] 02:51:57 | [WS => Manager] Session Limit Information
    Total: 1000
    Remaining: 976
[DEBUG] 02:51:57 | [WS => Shard 0] Connecting to wss://gateway.discord.gg?v=10&encoding=json
[DEBUG] 02:51:57 | [WS => Shard 0] Waiting for event hello for 60000ms
[DEBUG] 02:51:57 | [WS => Shard 0] Preparing first heartbeat of the connection with a jitter of 0.5294051242091968; waiting 21837ms
[DEBUG] 02:51:57 | [WS => Shard 0] Waiting for identify throttle
[DEBUG] 02:51:57 | [WS => Shard 0] Identifying
	shard id: 0
	shard count: 1
	intents: 513
	compression: none
[DEBUG] 02:51:57 | [WS => Shard 0] Waiting for event ready for 15000ms
[DEBUG] 02:51:57 | [WS => Shard 0] Shard received all its guilds. Marking as fully ready.
[INFO] 02:51:58 | Command: 2FA | megurre (324856872987262996) connected to the database.
[DEBUG] 02:52:19 | [WS => Shard 0] First heartbeat sent, starting to beat every 41250ms
[DEBUG] 02:52:19 | [WS => Shard 0] Heartbeat acknowledged, latency of 119ms.
[DEBUG] 02:53:00 | [WS => Shard 0] Heartbeat acknowledged, latency of 119ms.
[DEBUG] 02:53:42 | [WS => Shard 0] Heartbeat acknowledged, latency of 119ms.
[WARNING] 02:53:44 | The command at C:\Users\richa\OneDrive - w6l3y\northern-lights-development-bot\commands\project\currentprojects.js is missing a required "data" or "execute" property.
[INFO] 02:53:44 | Started refreshing 8 application (/) commands.
[INFO] 02:53:44 | Successfully reloaded 8 application (/) commands.
[DEBUG] 02:53:45 | Provided token: MTA4NTYxMjkzOTc3MzQ4NTE5MA.GZK5eK.**************************************
[DEBUG] 02:53:45 | Preparing to connect to the gateway...
[DEBUG] 02:53:45 | [WS => Manager] Fetched Gateway Information
    URL: wss://gateway.discord.gg
    Recommended Shards: 1
[DEBUG] 02:53:45 | [WS => Manager] Session Limit Information
    Total: 1000
    Remaining: 975
[DEBUG] 02:53:45 | [WS => Shard 0] Connecting to wss://gateway.discord.gg?v=10&encoding=json
[DEBUG] 02:53:45 | [WS => Shard 0] Waiting for event hello for 60000ms
[DEBUG] 02:53:45 | [WS => Shard 0] Preparing first heartbeat of the connection with a jitter of 0.1722764766519751; waiting 7106ms
[DEBUG] 02:53:46 | [WS => Shard 0] Waiting for identify throttle
[DEBUG] 02:53:46 | [WS => Shard 0] Identifying
	shard id: 0
	shard count: 1
	intents: 513
	compression: none
[DEBUG] 02:53:46 | [WS => Shard 0] Waiting for event ready for 15000ms
[DEBUG] 02:53:46 | [WS => Shard 0] Shard received all its guilds. Marking as fully ready.
[INFO] 02:53:48 | Command: 2FA | megurre (324856872987262996) connected to the database.
[COMMAND] 02:53:49 | Command: 2FA | megurre (324856872987262996) ran 2FA setup.
[DEBUG] 02:53:53 | [WS => Shard 0] First heartbeat sent, starting to beat every 41250ms
[DEBUG] 02:53:53 | [WS => Shard 0] Heartbeat acknowledged, latency of 118ms.
[INFO] 02:54:25 | megurre (324856872987262996) connected to the database.
[WARN] 02:54:25 | Command: Validate | megurre (324856872987262996) tried to validate their 2FA code, but it was invalid.
[DEBUG] 02:54:34 | [WS => Shard 0] Heartbeat acknowledged, latency of 119ms.
[INFO] 02:54:36 | megurre (324856872987262996) connected to the database.
[WARN] 02:54:36 | Command: Validate | megurre (324856872987262996) tried to validate their 2FA code, but it was invalid.
[INFO] 02:55:04 | megurre (324856872987262996) connected to the database.
[WARN] 02:55:04 | Command: Validate | megurre (324856872987262996) tried to validate their 2FA code, but it was invalid.
[DEBUG] 02:55:15 | [WS => Shard 0] Heartbeat acknowledged, latency of 118ms.
[INFO] 02:55:40 | megurre (324856872987262996) connected to the database.
[INFO] 02:55:40 | Command: Validate | megurre (324856872987262996) successfully validated their reqyest.
[INFO] 02:55:40 | Command: Validate | megurre (324856872987262996) updated their user data.
[COMMAND] 02:55:40 | Command: 2FA | megurre (324856872987262996) successfully set up 2FA.
[DEBUG] 02:55:56 | [WS => Shard 0] Heartbeat acknowledged, latency of 118ms.
[DEBUG] 02:56:38 | [WS => Shard 0] Heartbeat acknowledged, latency of 118ms.
[WARNING] 02:57:10 | The command at C:\Users\richa\OneDrive - w6l3y\northern-lights-development-bot\commands\project\currentprojects.js is missing a required "data" or "execute" property.
[INFO] 02:57:10 | Started refreshing 8 application (/) commands.
[INFO] 02:57:11 | Successfully reloaded 8 application (/) commands.
[DEBUG] 02:57:11 | Provided token: MTA4NTYxMjkzOTc3MzQ4NTE5MA.GZK5eK.**************************************
[DEBUG] 02:57:11 | Preparing to connect to the gateway...
[DEBUG] 02:57:12 | [WS => Manager] Fetched Gateway Information
    URL: wss://gateway.discord.gg
    Recommended Shards: 1
[DEBUG] 02:57:12 | [WS => Manager] Session Limit Information
    Total: 1000
    Remaining: 974
[DEBUG] 02:57:12 | [WS => Shard 0] Connecting to wss://gateway.discord.gg?v=10&encoding=json
[DEBUG] 02:57:12 | [WS => Shard 0] Waiting for event hello for 60000ms
[DEBUG] 02:57:12 | [WS => Shard 0] Preparing first heartbeat of the connection with a jitter of 0.5492583402712163; waiting 22656ms
[DEBUG] 02:57:12 | [WS => Shard 0] Waiting for identify throttle
[DEBUG] 02:57:12 | [WS => Shard 0] Identifying
	shard id: 0
	shard count: 1
	intents: 513
	compression: none
[DEBUG] 02:57:12 | [WS => Shard 0] Waiting for event ready for 15000ms
[DEBUG] 02:57:12 | [WS => Shard 0] Shard received all its guilds. Marking as fully ready.
[INFO] 02:57:15 | megurre (324856872987262996) connected to the database.
[INFO] 02:57:15 | megurre (324856872987262996) added a todo to the database.
[INFO] 02:57:18 | megurre (324856872987262996) connected to the database.
[INFO] 02:57:18 | megurre (324856872987262996) listed a todo from the database.
[DEBUG] 02:57:35 | [WS => Shard 0] First heartbeat sent, starting to beat every 41250ms
[DEBUG] 02:57:35 | [WS => Shard 0] Heartbeat acknowledged, latency of 122ms.
[DEBUG] 02:58:16 | [WS => Shard 0] Heartbeat acknowledged, latency of 122ms.
[DEBUG] 02:58:57 | [WS => Shard 0] Heartbeat acknowledged, latency of 121ms.
[DEBUG] 02:59:38 | [WS => Shard 0] Heartbeat acknowledged, latency of 120ms.
[INFO] 03:00:19 | megurre (324856872987262996) connected to the database.
[INFO] 03:00:19 | megurre (324856872987262996) listed a todo from the database.
[DEBUG] 03:00:20 | [WS => Shard 0] Heartbeat acknowledged, latency of 147ms.
[DEBUG] 03:01:01 | [WS => Shard 0] Heartbeat acknowledged, latency of 120ms.
[WARNING] 03:01:05 | The command at C:\Users\richa\OneDrive - w6l3y\northern-lights-development-bot\commands\project\currentprojects.js is missing a required "data" or "execute" property.
[INFO] 03:01:05 | Started refreshing 8 application (/) commands.
[INFO] 03:01:05 | Successfully reloaded 8 application (/) commands.
[DEBUG] 03:01:06 | Provided token: MTA4NTYxMjkzOTc3MzQ4NTE5MA.GZK5eK.**************************************
[DEBUG] 03:01:06 | Preparing to connect to the gateway...
[DEBUG] 03:01:06 | [WS => Manager] Fetched Gateway Information
    URL: wss://gateway.discord.gg
    Recommended Shards: 1
[DEBUG] 03:01:06 | [WS => Manager] Session Limit Information
    Total: 1000
    Remaining: 973
[DEBUG] 03:01:06 | [WS => Shard 0] Connecting to wss://gateway.discord.gg?v=10&encoding=json
[DEBUG] 03:01:06 | [WS => Shard 0] Waiting for event hello for 60000ms
[DEBUG] 03:01:06 | [WS => Shard 0] Preparing first heartbeat of the connection with a jitter of 0.8093826107302529; waiting 33387ms
[DEBUG] 03:01:06 | [WS => Shard 0] Waiting for identify throttle
[DEBUG] 03:01:06 | [WS => Shard 0] Identifying
	shard id: 0
	shard count: 1
	intents: 513
	compression: none
[DEBUG] 03:01:06 | [WS => Shard 0] Waiting for event ready for 15000ms
[DEBUG] 03:01:06 | [WS => Shard 0] Shard received all its guilds. Marking as fully ready.
[DEBUG] 03:01:40 | [WS => Shard 0] First heartbeat sent, starting to beat every 41250ms
[DEBUG] 03:01:40 | [WS => Shard 0] Heartbeat acknowledged, latency of 121ms.
[WARNING] 03:01:41 | The command at C:\Users\richa\OneDrive - w6l3y\northern-lights-development-bot\commands\project\currentprojects.js is missing a required "data" or "execute" property.
[INFO] 03:01:42 | Started refreshing 8 application (/) commands.
[INFO] 03:01:42 | Successfully reloaded 8 application (/) commands.
[DEBUG] 03:01:43 | Provided token: MTA4NTYxMjkzOTc3MzQ4NTE5MA.GZK5eK.**************************************
[DEBUG] 03:01:43 | Preparing to connect to the gateway...
[DEBUG] 03:01:43 | [WS => Manager] Fetched Gateway Information
    URL: wss://gateway.discord.gg
    Recommended Shards: 1
[DEBUG] 03:01:43 | [WS => Manager] Session Limit Information
    Total: 1000
    Remaining: 972
[DEBUG] 03:01:43 | [WS => Shard 0] Connecting to wss://gateway.discord.gg?v=10&encoding=json
[DEBUG] 03:01:43 | [WS => Shard 0] Waiting for event hello for 60000ms
[DEBUG] 03:01:43 | [WS => Shard 0] Preparing first heartbeat of the connection with a jitter of 0.33628949704455113; waiting 13871ms
[DEBUG] 03:01:43 | [WS => Shard 0] Waiting for identify throttle
[DEBUG] 03:01:43 | [WS => Shard 0] Identifying
	shard id: 0
	shard count: 1
	intents: 513
	compression: none
[DEBUG] 03:01:43 | [WS => Shard 0] Waiting for event ready for 15000ms
[DEBUG] 03:01:43 | [WS => Shard 0] Shard received all its guilds. Marking as fully ready.
[INFO] 03:01:48 | megurre (324856872987262996) connected to the database.
[INFO] 03:01:48 | megurre (324856872987262996) added a todo to the database.
[INFO] 03:01:52 | megurre (324856872987262996) connected to the database.
[INFO] 03:01:52 | megurre (324856872987262996) listed a todo from the database.
[DEBUG] 03:01:57 | [WS => Shard 0] First heartbeat sent, starting to beat every 41250ms
[DEBUG] 03:01:57 | [WS => Shard 0] Heartbeat acknowledged, latency of 121ms.
[WARNING] 03:02:06 | The command at C:\Users\richa\OneDrive - w6l3y\northern-lights-development-bot\commands\project\currentprojects.js is missing a required "data" or "execute" property.
[INFO] 03:02:07 | Started refreshing 8 application (/) commands.
[INFO] 03:02:07 | Successfully reloaded 8 application (/) commands.
[DEBUG] 03:02:08 | Provided token: MTA4NTYxMjkzOTc3MzQ4NTE5MA.GZK5eK.**************************************
[DEBUG] 03:02:08 | Preparing to connect to the gateway...
[DEBUG] 03:02:08 | [WS => Manager] Fetched Gateway Information
    URL: wss://gateway.discord.gg
    Recommended Shards: 1
[DEBUG] 03:02:08 | [WS => Manager] Session Limit Information
    Total: 1000
    Remaining: 971
[DEBUG] 03:02:08 | [WS => Shard 0] Connecting to wss://gateway.discord.gg?v=10&encoding=json
[DEBUG] 03:02:08 | [WS => Shard 0] Waiting for event hello for 60000ms
[DEBUG] 03:02:08 | [WS => Shard 0] Preparing first heartbeat of the connection with a jitter of 0.42032445545585473; waiting 17338ms
[DEBUG] 03:02:08 | [WS => Shard 0] Waiting for identify throttle
[DEBUG] 03:02:08 | [WS => Shard 0] Identifying
	shard id: 0
	shard count: 1
	intents: 513
	compression: none
[DEBUG] 03:02:08 | [WS => Shard 0] Waiting for event ready for 15000ms
[DEBUG] 03:02:08 | [WS => Shard 0] Shard received all its guilds. Marking as fully ready.
[INFO] 03:02:13 | megurre (324856872987262996) connected to the database.
[INFO] 03:02:13 | megurre (324856872987262996) added a todo to the database.
[DEBUG] 03:02:25 | [WS => Shard 0] First heartbeat sent, starting to beat every 41250ms
[DEBUG] 03:02:25 | [WS => Shard 0] Heartbeat acknowledged, latency of 121ms.
[DEBUG] 03:03:07 | [WS => Shard 0] Heartbeat acknowledged, latency of 121ms.
[WARNING] 03:03:24 | The command at C:\Users\richa\OneDrive - w6l3y\northern-lights-development-bot\commands\project\currentprojects.js is missing a required "data" or "execute" property.
[INFO] 03:03:24 | Started refreshing 8 application (/) commands.
[INFO] 03:03:24 | Successfully reloaded 8 application (/) commands.
[DEBUG] 03:03:25 | Provided token: MTA4NTYxMjkzOTc3MzQ4NTE5MA.GZK5eK.**************************************
[DEBUG] 03:03:25 | Preparing to connect to the gateway...
[DEBUG] 03:03:25 | [WS => Manager] Fetched Gateway Information
    URL: wss://gateway.discord.gg
    Recommended Shards: 1
[DEBUG] 03:03:25 | [WS => Manager] Session Limit Information
    Total: 1000
    Remaining: 970
[DEBUG] 03:03:25 | [WS => Shard 0] Connecting to wss://gateway.discord.gg?v=10&encoding=json
[DEBUG] 03:03:25 | [WS => Shard 0] Waiting for event hello for 60000ms
[DEBUG] 03:03:25 | [WS => Shard 0] Preparing first heartbeat of the connection with a jitter of 0.25420688390863355; waiting 10486ms
[DEBUG] 03:03:25 | [WS => Shard 0] Waiting for identify throttle
[DEBUG] 03:03:25 | [WS => Shard 0] Identifying
	shard id: 0
	shard count: 1
	intents: 513
	compression: none
[DEBUG] 03:03:25 | [WS => Shard 0] Waiting for event ready for 15000ms
[DEBUG] 03:03:26 | [WS => Shard 0] Shard received all its guilds. Marking as fully ready.
[INFO] 03:03:29 | megurre (324856872987262996) connected to the database.
[INFO] 03:03:29 | megurre (324856872987262996) added a todo to the database.
[INFO] 03:03:33 | megurre (324856872987262996) connected to the database.
[INFO] 03:03:33 | megurre (324856872987262996) listed a todo from the database.
[DEBUG] 03:03:36 | [WS => Shard 0] First heartbeat sent, starting to beat every 41250ms
[DEBUG] 03:03:36 | [WS => Shard 0] Heartbeat acknowledged, latency of 120ms.
[DEBUG] 03:04:17 | [WS => Shard 0] Heartbeat acknowledged, latency of 120ms.
[DEBUG] 03:04:58 | [WS => Shard 0] Heartbeat acknowledged, latency of 120ms.
[DEBUG] 03:05:40 | [WS => Shard 0] Heartbeat acknowledged, latency of 120ms.
[INFO] 03:05:45 | megurre (324856872987262996) connected to the database.
[INFO] 03:05:45 | megurre (324856872987262996) added a todo to the database.
[INFO] 03:05:48 | megurre (324856872987262996) connected to the database.
[INFO] 03:05:48 | megurre (324856872987262996) listed a todo from the database.
[DEBUG] 03:06:21 | [WS => Shard 0] Heartbeat acknowledged, latency of 120ms.
[WARNING] 03:06:59 | The command at C:\Users\richa\OneDrive - w6l3y\northern-lights-development-bot\commands\project\currentprojects.js is missing a required "data" or "execute" property.
[INFO] 03:07:00 | Started refreshing 8 application (/) commands.
[INFO] 03:07:00 | Successfully reloaded 8 application (/) commands.
[DEBUG] 03:07:01 | Provided token: MTA4NTYxMjkzOTc3MzQ4NTE5MA.GZK5eK.**************************************
[DEBUG] 03:07:01 | Preparing to connect to the gateway...
[DEBUG] 03:07:01 | [WS => Manager] Fetched Gateway Information
    URL: wss://gateway.discord.gg
    Recommended Shards: 1
[DEBUG] 03:07:01 | [WS => Manager] Session Limit Information
    Total: 1000
    Remaining: 969
[DEBUG] 03:07:01 | [WS => Shard 0] Connecting to wss://gateway.discord.gg?v=10&encoding=json
[DEBUG] 03:07:01 | [WS => Shard 0] Waiting for event hello for 60000ms
[DEBUG] 03:07:01 | [WS => Shard 0] Preparing first heartbeat of the connection with a jitter of 0.1466895646115698; waiting 6050ms
[DEBUG] 03:07:01 | [WS => Shard 0] Waiting for identify throttle
[DEBUG] 03:07:01 | [WS => Shard 0] Identifying
	shard id: 0
	shard count: 1
	intents: 513
	compression: none
[DEBUG] 03:07:01 | [WS => Shard 0] Waiting for event ready for 15000ms
[DEBUG] 03:07:01 | [WS => Shard 0] Shard received all its guilds. Marking as fully ready.
[INFO] 03:07:02 | megurre (324856872987262996) connected to the database.
[INFO] 03:07:02 | megurre (324856872987262996) listed a todo from the database.
[DEBUG] 03:07:07 | [WS => Shard 0] First heartbeat sent, starting to beat every 41250ms
[DEBUG] 03:07:07 | [WS => Shard 0] Heartbeat acknowledged, latency of 123ms.
[INFO] 03:07:30 | megurre (324856872987262996) connected to the database.
[INFO] 03:07:30 | megurre (324856872987262996) added a todo to the database.
[INFO] 03:07:34 | megurre (324856872987262996) connected to the database.
[INFO] 03:07:34 | megurre (324856872987262996) listed a todo from the database.
[DEBUG] 03:07:49 | [WS => Shard 0] Heartbeat acknowledged, latency of 120ms.
[DEBUG] 03:08:30 | [WS => Shard 0] Heartbeat acknowledged, latency of 120ms.
[DEBUG] 03:09:11 | [WS => Shard 0] Heartbeat acknowledged, latency of 120ms.
[WARNING] 03:09:27 | The command at C:\Users\richa\OneDrive - w6l3y\northern-lights-development-bot\commands\project\currentprojects.js is missing a required "data" or "execute" property.
[INFO] 03:09:27 | Started refreshing 8 application (/) commands.
[INFO] 03:09:28 | Successfully reloaded 8 application (/) commands.
[DEBUG] 03:09:28 | Provided token: MTA4NTYxMjkzOTc3MzQ4NTE5MA.GZK5eK.**************************************
[DEBUG] 03:09:28 | Preparing to connect to the gateway...
[DEBUG] 03:09:29 | [WS => Manager] Fetched Gateway Information
    URL: wss://gateway.discord.gg
    Recommended Shards: 1
[DEBUG] 03:09:29 | [WS => Manager] Session Limit Information
    Total: 1000
    Remaining: 968
[DEBUG] 03:09:29 | [WS => Shard 0] Connecting to wss://gateway.discord.gg?v=10&encoding=json
[DEBUG] 03:09:29 | [WS => Shard 0] Waiting for event hello for 60000ms
[DEBUG] 03:09:29 | [WS => Shard 0] Preparing first heartbeat of the connection with a jitter of 0.023396321541982568; waiting 965ms
[DEBUG] 03:09:29 | [WS => Shard 0] Waiting for identify throttle
[DEBUG] 03:09:29 | [WS => Shard 0] Identifying
	shard id: 0
	shard count: 1
	intents: 513
	compression: none
[DEBUG] 03:09:29 | [WS => Shard 0] Waiting for event ready for 15000ms
[DEBUG] 03:09:29 | [WS => Shard 0] Shard received all its guilds. Marking as fully ready.
[DEBUG] 03:09:30 | [WS => Shard 0] First heartbeat sent, starting to beat every 41250ms
[DEBUG] 03:09:30 | [WS => Shard 0] Heartbeat acknowledged, latency of 120ms.
[INFO] 03:09:37 | megurre (324856872987262996) connected to the database.
[INFO] 03:09:37 | megurre (324856872987262996) added a todo to the database.
[INFO] 03:09:45 | megurre (324856872987262996) connected to the database.
[INFO] 03:09:45 | megurre (324856872987262996) added a todo to the database.
[INFO] 03:09:47 | megurre (324856872987262996) connected to the database.
[INFO] 03:09:47 | megurre (324856872987262996) added a todo to the database.
[INFO] 03:09:48 | megurre (324856872987262996) connected to the database.
[INFO] 03:09:48 | megurre (324856872987262996) added a todo to the database.
[INFO] 03:09:50 | megurre (324856872987262996) connected to the database.
[INFO] 03:09:50 | megurre (324856872987262996) added a todo to the database.
[INFO] 03:09:52 | megurre (324856872987262996) connected to the database.
[INFO] 03:09:52 | megurre (324856872987262996) added a todo to the database.
[INFO] 03:09:55 | megurre (324856872987262996) connected to the database.
[INFO] 03:09:55 | megurre (324856872987262996) added a todo to the database.
[INFO] 03:09:57 | megurre (324856872987262996) connected to the database.
[INFO] 03:09:57 | megurre (324856872987262996) added a todo to the database.
[INFO] 03:09:59 | megurre (324856872987262996) connected to the database.
[INFO] 03:09:59 | megurre (324856872987262996) added a todo to the database.
[INFO] 03:10:03 | megurre (324856872987262996) connected to the database.
[INFO] 03:10:03 | megurre (324856872987262996) added a todo to the database.
[INFO] 03:10:05 | megurre (324856872987262996) connected to the database.
[INFO] 03:10:05 | megurre (324856872987262996) added a todo to the database.
[INFO] 03:10:07 | megurre (324856872987262996) connected to the database.
[INFO] 03:10:07 | megurre (324856872987262996) added a todo to the database.
[INFO] 03:10:10 | megurre (324856872987262996) connected to the database.
[INFO] 03:10:10 | megurre (324856872987262996) added a todo to the database.
[DEBUG] 03:10:11 | [WS => Shard 0] Heartbeat acknowledged, latency of 122ms.
[INFO] 03:10:12 | megurre (324856872987262996) connected to the database.
[INFO] 03:10:12 | megurre (324856872987262996) added a todo to the database.
[INFO] 03:10:15 | megurre (324856872987262996) connected to the database.
[INFO] 03:10:15 | megurre (324856872987262996) added a todo to the database.
[INFO] 03:10:17 | megurre (324856872987262996) connected to the database.
[INFO] 03:10:17 | megurre (324856872987262996) added a todo to the database.
[INFO] 03:10:19 | megurre (324856872987262996) connected to the database.
[INFO] 03:10:19 | megurre (324856872987262996) added a todo to the database.
[INFO] 03:10:22 | megurre (324856872987262996) connected to the database.
[INFO] 03:10:22 | megurre (324856872987262996) added a todo to the database.
[INFO] 03:10:25 | megurre (324856872987262996) connected to the database.
[INFO] 03:10:25 | megurre (324856872987262996) added a todo to the database.
[INFO] 03:10:27 | megurre (324856872987262996) connected to the database.
[INFO] 03:10:27 | megurre (324856872987262996) added a todo to the database.
[INFO] 03:10:30 | megurre (324856872987262996) connected to the database.
[INFO] 03:10:30 | megurre (324856872987262996) added a todo to the database.
[INFO] 03:10:32 | megurre (324856872987262996) connected to the database.
[INFO] 03:10:32 | megurre (324856872987262996) added a todo to the database.
[INFO] 03:10:35 | megurre (324856872987262996) connected to the database.
[INFO] 03:10:35 | megurre (324856872987262996) added a todo to the database.
[DEBUG] 03:10:52 | [WS => Shard 0] Heartbeat acknowledged, latency of 119ms.
[INFO] 03:10:55 | megurre (324856872987262996) connected to the database.
[INFO] 03:10:55 | megurre (324856872987262996) added a todo to the database.
[INFO] 03:11:00 | megurre (324856872987262996) connected to the database.
[INFO] 03:11:00 | megurre (324856872987262996) listed a todo from the database.
[DEBUG] 03:11:01 | Provided token: MTA4NTYxMjkzOTc3MzQ4NTE5MA.GZK5eK.**************************************
[DEBUG] 03:11:01 | Preparing to connect to the gateway...
[DEBUG] 03:11:01 | [WS => Manager] Fetched Gateway Information
    URL: wss://gateway.discord.gg
    Recommended Shards: 1
[DEBUG] 03:11:01 | [WS => Manager] Session Limit Information
    Total: 1000
    Remaining: 967
[DEBUG] 03:11:01 | [WS => Shard 0] Connecting to wss://gateway.discord.gg?v=10&encoding=json
[DEBUG] 03:11:01 | [WS => Shard 0] Waiting for event hello for 60000ms
[DEBUG] 03:11:01 | [WS => Shard 0] Preparing first heartbeat of the connection with a jitter of 0.917275046497041; waiting 37837ms
[DEBUG] 03:11:01 | [WS => Shard 0] Waiting for identify throttle
[DEBUG] 03:11:01 | [WS => Shard 0] Identifying
	shard id: 0
	shard count: 1
	intents: 513
	compression: none
[DEBUG] 03:11:01 | [WS => Shard 0] Waiting for event ready for 15000ms
[DEBUG] 03:11:01 | [WS => Shard 0] Shard received all its guilds. Marking as fully ready.
[DEBUG] 03:11:39 | [WS => Shard 0] First heartbeat sent, starting to beat every 41250ms
[DEBUG] 03:11:39 | [WS => Shard 0] Heartbeat acknowledged, latency of 120ms.
[WARNING] 03:11:42 | The command at C:\Users\richa\OneDrive - w6l3y\northern-lights-development-bot\commands\project\currentprojects.js is missing a required "data" or "execute" property.
[INFO] 03:11:42 | Started refreshing 8 application (/) commands.
[INFO] 03:11:42 | Successfully reloaded 8 application (/) commands.
[DEBUG] 03:11:43 | Provided token: MTA4NTYxMjkzOTc3MzQ4NTE5MA.GZK5eK.**************************************
[DEBUG] 03:11:43 | Preparing to connect to the gateway...
[DEBUG] 03:11:43 | [WS => Manager] Fetched Gateway Information
    URL: wss://gateway.discord.gg
    Recommended Shards: 1
[DEBUG] 03:11:43 | [WS => Manager] Session Limit Information
    Total: 1000
    Remaining: 966
[DEBUG] 03:11:43 | [WS => Shard 0] Connecting to wss://gateway.discord.gg?v=10&encoding=json
[DEBUG] 03:11:43 | [WS => Shard 0] Waiting for event hello for 60000ms
[DEBUG] 03:11:43 | [WS => Shard 0] Preparing first heartbeat of the connection with a jitter of 0.07014765183070848; waiting 2893ms
[DEBUG] 03:11:43 | [WS => Shard 0] Waiting for identify throttle
[DEBUG] 03:11:43 | [WS => Shard 0] Identifying
	shard id: 0
	shard count: 1
	intents: 513
	compression: none
[DEBUG] 03:11:43 | [WS => Shard 0] Waiting for event ready for 15000ms
[DEBUG] 03:11:43 | [WS => Shard 0] Shard received all its guilds. Marking as fully ready.
[INFO] 03:11:46 | megurre (324856872987262996) connected to the database.
[INFO] 03:11:46 | megurre (324856872987262996) listed a todo from the database.
[DEBUG] 03:11:46 | Provided token: MTA4NTYxMjkzOTc3MzQ4NTE5MA.GZK5eK.**************************************
[DEBUG] 03:11:46 | Preparing to connect to the gateway...
[DEBUG] 03:11:47 | [WS => Manager] Fetched Gateway Information
    URL: wss://gateway.discord.gg
    Recommended Shards: 1
[DEBUG] 03:11:47 | [WS => Manager] Session Limit Information
    Total: 1000
    Remaining: 965
[DEBUG] 03:11:47 | [WS => Shard 0] Connecting to wss://gateway.discord.gg?v=10&encoding=json
[DEBUG] 03:11:47 | [WS => Shard 0] Waiting for event hello for 60000ms
[DEBUG] 03:11:47 | [WS => Shard 0] Preparing first heartbeat of the connection with a jitter of 0.645822655326673; waiting 26640ms
[DEBUG] 03:11:47 | [WS => Shard 0] Waiting for identify throttle
[DEBUG] 03:11:47 | [WS => Shard 0] Identifying
	shard id: 0
	shard count: 1
	intents: 513
	compression: none
[DEBUG] 03:11:47 | [WS => Shard 0] Waiting for event ready for 15000ms
[DEBUG] 03:11:48 | [WS => Shard 0] Shard received all its guilds. Marking as fully ready.
[WARNING] 03:11:52 | The command at C:\Users\richa\OneDrive - w6l3y\northern-lights-development-bot\commands\project\currentprojects.js is missing a required "data" or "execute" property.
[INFO] 03:11:53 | Started refreshing 8 application (/) commands.
[INFO] 03:11:53 | Successfully reloaded 8 application (/) commands.
[DEBUG] 03:11:54 | Provided token: MTA4NTYxMjkzOTc3MzQ4NTE5MA.GZK5eK.**************************************
[DEBUG] 03:11:54 | Preparing to connect to the gateway...
[DEBUG] 03:11:54 | [WS => Manager] Fetched Gateway Information
    URL: wss://gateway.discord.gg
    Recommended Shards: 1
[DEBUG] 03:11:54 | [WS => Manager] Session Limit Information
    Total: 1000
    Remaining: 964
[DEBUG] 03:11:54 | [WS => Shard 0] Connecting to wss://gateway.discord.gg?v=10&encoding=json
[DEBUG] 03:11:54 | [WS => Shard 0] Waiting for event hello for 60000ms
[DEBUG] 03:11:54 | [WS => Shard 0] Preparing first heartbeat of the connection with a jitter of 0.18398734483964674; waiting 7589ms
[DEBUG] 03:11:54 | [WS => Shard 0] Waiting for identify throttle
[DEBUG] 03:11:54 | [WS => Shard 0] Identifying
	shard id: 0
	shard count: 1
	intents: 513
	compression: none
[DEBUG] 03:11:54 | [WS => Shard 0] Waiting for event ready for 15000ms
[DEBUG] 03:11:54 | [WS => Shard 0] Shard received all its guilds. Marking as fully ready.
[INFO] 03:11:55 | megurre (324856872987262996) connected to the database.
[INFO] 03:11:55 | megurre (324856872987262996) listed a todo from the database.
[DEBUG] 03:12:02 | [WS => Shard 0] First heartbeat sent, starting to beat every 41250ms
[DEBUG] 03:12:02 | [WS => Shard 0] Heartbeat acknowledged, latency of 124ms.
[DEBUG] 03:12:43 | [WS => Shard 0] Heartbeat acknowledged, latency of 122ms.
[COMMAND] 03:12:54 | Command: Reload | megurre (324856872987262996) reloaded todo.
[INFO] 03:13:00 | megurre (324856872987262996) connected to the database.
[INFO] 03:13:00 | megurre (324856872987262996) added a todo to the database.
[INFO] 03:13:02 | megurre (324856872987262996) connected to the database.
[INFO] 03:13:02 | megurre (324856872987262996) listed a todo from the database.
[DEBUG] 03:13:03 | Provided token: MTA4NTYxMjkzOTc3MzQ4NTE5MA.GZK5eK.**************************************
[DEBUG] 03:13:03 | Preparing to connect to the gateway...
[DEBUG] 03:13:03 | [WS => Manager] Fetched Gateway Information
    URL: wss://gateway.discord.gg
    Recommended Shards: 1
[DEBUG] 03:13:03 | [WS => Manager] Session Limit Information
    Total: 1000
    Remaining: 963
[DEBUG] 03:13:03 | [WS => Shard 0] Connecting to wss://gateway.discord.gg?v=10&encoding=json
[DEBUG] 03:13:03 | [WS => Shard 0] Waiting for event hello for 60000ms
[DEBUG] 03:13:03 | [WS => Shard 0] Preparing first heartbeat of the connection with a jitter of 0.06552792221780823; waiting 2703ms
[DEBUG] 03:13:03 | [WS => Shard 0] Waiting for identify throttle
[DEBUG] 03:13:03 | [WS => Shard 0] Identifying
	shard id: 0
	shard count: 1
	intents: 513
	compression: none
[DEBUG] 03:13:03 | [WS => Shard 0] Waiting for event ready for 15000ms
[DEBUG] 03:13:04 | [WS => Shard 0] Shard received all its guilds. Marking as fully ready.
[DEBUG] 03:13:06 | [WS => Shard 0] First heartbeat sent, starting to beat every 41250ms
[DEBUG] 03:13:06 | [WS => Shard 0] Heartbeat acknowledged, latency of 125ms.
[DEBUG] 03:13:47 | [WS => Shard 0] Heartbeat acknowledged, latency of 123ms.
[DEBUG] 03:14:50 | [WS => Shard 0] The gateway closed with an unexpected code 1006, attempting to resume.
[DEBUG] 03:14:50 | [WS => Shard 0] Destroying shard
	Reason: none
	Code: 1006
	Recover: Resume
[DEBUG] 03:14:50 | [WS => Shard 0] Connection status during destroy
	Needs closing: false
	Ready state: 3
[DEBUG] 03:14:50 | [WS => Shard 0] Connecting to wss://gateway-us-east1-b.discord.gg?v=10&encoding=json
[DEBUG] 03:14:50 | [WS => Shard 0] Waiting for event hello for 60000ms
[DEBUG] 03:14:50 | [WS => Shard 0] The gateway closed with an unexpected code 1006, attempting to resume.
[DEBUG] 03:14:50 | [WS => Shard 0] Destroying shard
	Reason: none
	Code: 1006
	Recover: Resume
[DEBUG] 03:14:50 | [WS => Shard 0] Connection status during destroy
	Needs closing: false
	Ready state: 3
[DEBUG] 03:14:50 | [WS => Shard 0] Tried to destroy a shard that was idle
[DEBUG] 03:14:51 | [WS => Shard 0] Connecting to wss://gateway-us-east1-b.discord.gg?v=10&encoding=json
[DEBUG] 03:14:51 | [WS => Shard 0] Waiting for event hello for 60000ms
[DEBUG] 03:14:51 | [WS => Shard 0] The gateway closed with an unexpected code 1006, attempting to resume.
[DEBUG] 03:14:51 | [WS => Shard 0] Destroying shard
	Reason: none
	Code: 1006
	Recover: Resume
[DEBUG] 03:14:51 | [WS => Shard 0] Connection status during destroy
	Needs closing: false
	Ready state: 3
[DEBUG] 03:14:51 | [WS => Shard 0] Tried to destroy a shard that was idle
[DEBUG] 03:14:51 | [WS => Shard 0] Connecting to wss://gateway-us-east1-b.discord.gg?v=10&encoding=json
[DEBUG] 03:14:51 | [WS => Shard 0] Waiting for event hello for 60000ms
[DEBUG] 03:15:02 | [WS => Shard 0] The gateway closed with an unexpected code 1006, attempting to resume.
[DEBUG] 03:15:02 | [WS => Shard 0] Destroying shard
	Reason: none
	Code: 1006
	Recover: Resume
[DEBUG] 03:15:02 | [WS => Shard 0] Connection status during destroy
	Needs closing: false
	Ready state: 3
[DEBUG] 03:15:02 | [WS => Shard 0] Tried to destroy a shard that was idle
[DEBUG] 03:15:03 | [WS => Shard 0] Connecting to wss://gateway-us-east1-b.discord.gg?v=10&encoding=json
[DEBUG] 03:15:03 | [WS => Shard 0] Waiting for event hello for 60000ms
[DEBUG] 03:15:03 | [WS => Shard 0] The gateway closed with an unexpected code 1006, attempting to resume.
[DEBUG] 03:15:03 | [WS => Shard 0] Destroying shard
	Reason: none
	Code: 1006
	Recover: Resume
[DEBUG] 03:15:03 | [WS => Shard 0] Connection status during destroy
	Needs closing: false
	Ready state: 3
[DEBUG] 03:15:03 | [WS => Shard 0] Tried to destroy a shard that was idle
[DEBUG] 03:15:03 | [WS => Shard 0] Connecting to wss://gateway-us-east1-b.discord.gg?v=10&encoding=json
[DEBUG] 03:15:04 | [WS => Shard 0] Waiting for event hello for 60000ms
[DEBUG] 03:15:04 | [WS => Shard 0] The gateway closed with an unexpected code 1006, attempting to resume.
[DEBUG] 03:15:04 | [WS => Shard 0] Destroying shard
	Reason: none
	Code: 1006
	Recover: Resume
[DEBUG] 03:15:04 | [WS => Shard 0] Connection status during destroy
	Needs closing: false
	Ready state: 3
[DEBUG] 03:15:04 | [WS => Shard 0] Tried to destroy a shard that was idle
[DEBUG] 03:15:04 | [WS => Shard 0] Connecting to wss://gateway-us-east1-b.discord.gg?v=10&encoding=json
[DEBUG] 03:15:04 | [WS => Shard 0] Waiting for event hello for 60000ms
[DEBUG] 03:15:04 | [WS => Shard 0] The gateway closed with an unexpected code 1006, attempting to resume.
[DEBUG] 03:15:04 | [WS => Shard 0] Destroying shard
	Reason: none
	Code: 1006
	Recover: Resume
[DEBUG] 03:15:04 | [WS => Shard 0] Connection status during destroy
	Needs closing: false
	Ready state: 3
[DEBUG] 03:15:04 | [WS => Shard 0] Tried to destroy a shard that was idle
[DEBUG] 03:15:05 | [WS => Shard 0] Connecting to wss://gateway-us-east1-b.discord.gg?v=10&encoding=json
[DEBUG] 03:15:05 | [WS => Shard 0] Waiting for event hello for 60000ms
[DEBUG] 03:15:05 | [WS => Shard 0] The gateway closed with an unexpected code 1006, attempting to resume.
[DEBUG] 03:15:05 | [WS => Shard 0] Destroying shard
	Reason: none
	Code: 1006
	Recover: Resume
[DEBUG] 03:15:05 | [WS => Shard 0] Connection status during destroy
	Needs closing: false
	Ready state: 3
[DEBUG] 03:15:05 | [WS => Shard 0] Tried to destroy a shard that was idle
[DEBUG] 03:15:05 | [WS => Shard 0] Connecting to wss://gateway-us-east1-b.discord.gg?v=10&encoding=json
[DEBUG] 03:15:05 | [WS => Shard 0] Waiting for event hello for 60000ms
[DEBUG] 03:15:05 | [WS => Shard 0] The gateway closed with an unexpected code 1006, attempting to resume.
[DEBUG] 03:15:05 | [WS => Shard 0] Destroying shard
	Reason: none
	Code: 1006
	Recover: Resume
[DEBUG] 03:15:05 | [WS => Shard 0] Connection status during destroy
	Needs closing: false
	Ready state: 3
[DEBUG] 03:15:05 | [WS => Shard 0] Tried to destroy a shard that was idle
[DEBUG] 03:15:06 | [WS => Shard 0] Connecting to wss://gateway-us-east1-b.discord.gg?v=10&encoding=json
[DEBUG] 03:15:06 | [WS => Shard 0] Waiting for event hello for 60000ms
[DEBUG] 03:15:06 | [WS => Shard 0] The gateway closed with an unexpected code 1006, attempting to resume.
[DEBUG] 03:15:06 | [WS => Shard 0] Destroying shard
	Reason: none
	Code: 1006
	Recover: Resume
[DEBUG] 03:15:06 | [WS => Shard 0] Connection status during destroy
	Needs closing: false
	Ready state: 3
[DEBUG] 03:15:06 | [WS => Shard 0] Tried to destroy a shard that was idle
[DEBUG] 03:15:06 | [WS => Shard 0] Connecting to wss://gateway-us-east1-b.discord.gg?v=10&encoding=json
[DEBUG] 03:15:06 | [WS => Shard 0] Waiting for event hello for 60000ms
[DEBUG] 03:15:06 | [WS => Shard 0] The gateway closed with an unexpected code 1006, attempting to resume.
[DEBUG] 03:15:06 | [WS => Shard 0] Destroying shard
	Reason: none
	Code: 1006
	Recover: Resume
[DEBUG] 03:15:06 | [WS => Shard 0] Connection status during destroy
	Needs closing: false
	Ready state: 3
[DEBUG] 03:15:06 | [WS => Shard 0] Tried to destroy a shard that was idle
[DEBUG] 03:15:07 | [WS => Shard 0] Connecting to wss://gateway-us-east1-b.discord.gg?v=10&encoding=json
[DEBUG] 03:15:07 | [WS => Shard 0] Waiting for event hello for 60000ms
[DEBUG] 03:15:07 | [WS => Shard 0] The gateway closed with an unexpected code 1006, attempting to resume.
[DEBUG] 03:15:07 | [WS => Shard 0] Destroying shard
	Reason: none
	Code: 1006
	Recover: Resume
[DEBUG] 03:15:07 | [WS => Shard 0] Connection status during destroy
	Needs closing: false
	Ready state: 3
[DEBUG] 03:15:07 | [WS => Shard 0] Tried to destroy a shard that was idle
[DEBUG] 03:15:07 | [WS => Shard 0] Connecting to wss://gateway-us-east1-b.discord.gg?v=10&encoding=json
[DEBUG] 03:15:07 | [WS => Shard 0] Waiting for event hello for 60000ms
[DEBUG] 03:15:07 | [WS => Shard 0] The gateway closed with an unexpected code 1006, attempting to resume.
[DEBUG] 03:15:07 | [WS => Shard 0] Destroying shard
	Reason: none
	Code: 1006
	Recover: Resume
[DEBUG] 03:15:07 | [WS => Shard 0] Connection status during destroy
	Needs closing: false
	Ready state: 3
[DEBUG] 03:15:07 | [WS => Shard 0] Tried to destroy a shard that was idle
[DEBUG] 03:15:08 | [WS => Shard 0] Connecting to wss://gateway-us-east1-b.discord.gg?v=10&encoding=json
[DEBUG] 03:15:08 | [WS => Shard 0] Waiting for event hello for 60000ms
[DEBUG] 03:15:19 | [WS => Shard 0] The gateway closed with an unexpected code 1006, attempting to resume.
[DEBUG] 03:15:19 | [WS => Shard 0] Destroying shard
	Reason: none
	Code: 1006
	Recover: Resume
[DEBUG] 03:15:19 | [WS => Shard 0] Connection status during destroy
	Needs closing: false
	Ready state: 3
[DEBUG] 03:15:19 | [WS => Shard 0] Tried to destroy a shard that was idle
[DEBUG] 03:15:19 | [WS => Shard 0] Connecting to wss://gateway-us-east1-b.discord.gg?v=10&encoding=json
[DEBUG] 03:15:19 | [WS => Shard 0] Waiting for event hello for 60000ms
[DEBUG] 03:15:19 | [WS => Shard 0] The gateway closed with an unexpected code 1006, attempting to resume.
[DEBUG] 03:15:19 | [WS => Shard 0] Destroying shard
	Reason: none
	Code: 1006
	Recover: Resume
[DEBUG] 03:15:19 | [WS => Shard 0] Connection status during destroy
	Needs closing: false
	Ready state: 3
[DEBUG] 03:15:19 | [WS => Shard 0] Tried to destroy a shard that was idle
[DEBUG] 03:15:20 | [WS => Shard 0] Connecting to wss://gateway-us-east1-b.discord.gg?v=10&encoding=json
[DEBUG] 03:15:20 | [WS => Shard 0] Waiting for event hello for 60000ms
[DEBUG] 03:15:20 | [WS => Shard 0] The gateway closed with an unexpected code 1006, attempting to resume.
[DEBUG] 03:15:20 | [WS => Shard 0] Destroying shard
	Reason: none
	Code: 1006
	Recover: Resume
[DEBUG] 03:15:20 | [WS => Shard 0] Connection status during destroy
	Needs closing: false
	Ready state: 3
[DEBUG] 03:15:20 | [WS => Shard 0] Tried to destroy a shard that was idle
[DEBUG] 03:15:20 | [WS => Shard 0] Connecting to wss://gateway-us-east1-b.discord.gg?v=10&encoding=json
[DEBUG] 03:15:20 | [WS => Shard 0] Waiting for event hello for 60000ms
[DEBUG] 03:15:20 | [WS => Shard 0] The gateway closed with an unexpected code 1006, attempting to resume.
[DEBUG] 03:15:20 | [WS => Shard 0] Destroying shard
	Reason: none
	Code: 1006
	Recover: Resume
[DEBUG] 03:15:20 | [WS => Shard 0] Connection status during destroy
	Needs closing: false
	Ready state: 3
[DEBUG] 03:15:20 | [WS => Shard 0] Tried to destroy a shard that was idle
[DEBUG] 03:15:21 | [WS => Shard 0] Connecting to wss://gateway-us-east1-b.discord.gg?v=10&encoding=json
[DEBUG] 03:15:21 | [WS => Shard 0] Waiting for event hello for 60000ms
[DEBUG] 03:15:21 | [WS => Shard 0] The gateway closed with an unexpected code 1006, attempting to resume.
[DEBUG] 03:15:21 | [WS => Shard 0] Destroying shard
	Reason: none
	Code: 1006
	Recover: Resume
[DEBUG] 03:15:21 | [WS => Shard 0] Connection status during destroy
	Needs closing: false
	Ready state: 3
[DEBUG] 03:15:21 | [WS => Shard 0] Tried to destroy a shard that was idle
[DEBUG] 03:15:21 | [WS => Shard 0] Connecting to wss://gateway-us-east1-b.discord.gg?v=10&encoding=json
[DEBUG] 03:15:21 | [WS => Shard 0] Waiting for event hello for 60000ms
[DEBUG] 03:15:21 | [WS => Shard 0] The gateway closed with an unexpected code 1006, attempting to resume.
[DEBUG] 03:15:21 | [WS => Shard 0] Destroying shard
	Reason: none
	Code: 1006
	Recover: Resume
[DEBUG] 03:15:21 | [WS => Shard 0] Connection status during destroy
	Needs closing: false
	Ready state: 3
[DEBUG] 03:15:21 | [WS => Shard 0] Tried to destroy a shard that was idle
[DEBUG] 03:15:22 | [WS => Shard 0] Connecting to wss://gateway-us-east1-b.discord.gg?v=10&encoding=json
[DEBUG] 03:15:22 | [WS => Shard 0] Waiting for event hello for 60000ms
[DEBUG] 03:15:22 | [WS => Shard 0] The gateway closed with an unexpected code 1006, attempting to resume.
[DEBUG] 03:15:22 | [WS => Shard 0] Destroying shard
	Reason: none
	Code: 1006
	Recover: Resume
[DEBUG] 03:15:22 | [WS => Shard 0] Connection status during destroy
	Needs closing: false
	Ready state: 3
[DEBUG] 03:15:22 | [WS => Shard 0] Tried to destroy a shard that was idle
[DEBUG] 03:15:22 | [WS => Shard 0] Connecting to wss://gateway-us-east1-b.discord.gg?v=10&encoding=json
[DEBUG] 03:15:22 | [WS => Shard 0] Waiting for event hello for 60000ms
[DEBUG] 03:15:22 | [WS => Shard 0] The gateway closed with an unexpected code 1006, attempting to resume.
[DEBUG] 03:15:22 | [WS => Shard 0] Destroying shard
	Reason: none
	Code: 1006
	Recover: Resume
[DEBUG] 03:15:22 | [WS => Shard 0] Connection status during destroy
	Needs closing: false
	Ready state: 3
[DEBUG] 03:15:22 | [WS => Shard 0] Tried to destroy a shard that was idle
[DEBUG] 03:15:23 | [WS => Shard 0] Connecting to wss://gateway-us-east1-b.discord.gg?v=10&encoding=json
[DEBUG] 03:15:23 | [WS => Shard 0] Waiting for event hello for 60000ms
[DEBUG] 03:15:23 | [WS => Shard 0] The gateway closed with an unexpected code 1006, attempting to resume.
[DEBUG] 03:15:23 | [WS => Shard 0] Destroying shard
	Reason: none
	Code: 1006
	Recover: Resume
[DEBUG] 03:15:23 | [WS => Shard 0] Connection status during destroy
	Needs closing: false
	Ready state: 3
[DEBUG] 03:15:23 | [WS => Shard 0] Tried to destroy a shard that was idle
[DEBUG] 03:15:23 | [WS => Shard 0] Connecting to wss://gateway-us-east1-b.discord.gg?v=10&encoding=json
[DEBUG] 03:15:23 | [WS => Shard 0] Waiting for event hello for 60000ms
[DEBUG] 03:15:23 | [WS => Shard 0] The gateway closed with an unexpected code 1006, attempting to resume.
[DEBUG] 03:15:23 | [WS => Shard 0] Destroying shard
	Reason: none
	Code: 1006
	Recover: Resume
[DEBUG] 03:15:23 | [WS => Shard 0] Connection status during destroy
	Needs closing: false
	Ready state: 3
[DEBUG] 03:15:23 | [WS => Shard 0] Tried to destroy a shard that was idle
[DEBUG] 03:15:24 | [WS => Shard 0] Connecting to wss://gateway-us-east1-b.discord.gg?v=10&encoding=json
[DEBUG] 03:15:24 | [WS => Shard 0] Waiting for event hello for 60000ms
[DEBUG] 03:15:24 | [WS => Shard 0] The gateway closed with an unexpected code 1006, attempting to resume.
[DEBUG] 03:15:24 | [WS => Shard 0] Destroying shard
	Reason: none
	Code: 1006
	Recover: Resume
[DEBUG] 03:15:24 | [WS => Shard 0] Connection status during destroy
	Needs closing: false
	Ready state: 3
[DEBUG] 03:15:24 | [WS => Shard 0] Tried to destroy a shard that was idle
[DEBUG] 03:15:24 | [WS => Shard 0] Connecting to wss://gateway-us-east1-b.discord.gg?v=10&encoding=json
[DEBUG] 03:15:24 | [WS => Shard 0] Waiting for event hello for 60000ms
[DEBUG] 03:15:24 | [WS => Shard 0] The gateway closed with an unexpected code 1006, attempting to resume.
[DEBUG] 03:15:24 | [WS => Shard 0] Destroying shard
	Reason: none
	Code: 1006
	Recover: Resume
[DEBUG] 03:15:24 | [WS => Shard 0] Connection status during destroy
	Needs closing: false
	Ready state: 3
[DEBUG] 03:15:24 | [WS => Shard 0] Tried to destroy a shard that was idle
[DEBUG] 03:15:25 | [WS => Shard 0] Connecting to wss://gateway-us-east1-b.discord.gg?v=10&encoding=json
[DEBUG] 03:15:25 | [WS => Shard 0] Waiting for event hello for 60000ms
[DEBUG] 03:15:25 | [WS => Shard 0] The gateway closed with an unexpected code 1006, attempting to resume.
[DEBUG] 03:15:25 | [WS => Shard 0] Destroying shard
	Reason: none
	Code: 1006
	Recover: Resume
[DEBUG] 03:15:25 | [WS => Shard 0] Connection status during destroy
	Needs closing: false
	Ready state: 3
[DEBUG] 03:15:25 | [WS => Shard 0] Tried to destroy a shard that was idle
[DEBUG] 03:15:25 | [WS => Shard 0] Connecting to wss://gateway-us-east1-b.discord.gg?v=10&encoding=json
[DEBUG] 03:15:25 | [WS => Shard 0] Waiting for event hello for 60000ms
[DEBUG] 03:15:36 | [WS => Shard 0] The gateway closed with an unexpected code 1006, attempting to resume.
[DEBUG] 03:15:36 | [WS => Shard 0] Destroying shard
	Reason: none
	Code: 1006
	Recover: Resume
[DEBUG] 03:15:36 | [WS => Shard 0] Connection status during destroy
	Needs closing: false
	Ready state: 3
[DEBUG] 03:15:36 | [WS => Shard 0] Tried to destroy a shard that was idle
[DEBUG] 03:15:37 | [WS => Shard 0] Connecting to wss://gateway-us-east1-b.discord.gg?v=10&encoding=json
[DEBUG] 03:15:37 | [WS => Shard 0] Waiting for event hello for 60000ms
[DEBUG] 03:15:37 | [WS => Shard 0] The gateway closed with an unexpected code 1006, attempting to resume.
[DEBUG] 03:15:37 | [WS => Shard 0] Destroying shard
	Reason: none
	Code: 1006
	Recover: Resume
[DEBUG] 03:15:37 | [WS => Shard 0] Connection status during destroy
	Needs closing: false
	Ready state: 3
[DEBUG] 03:15:37 | [WS => Shard 0] Tried to destroy a shard that was idle
[DEBUG] 03:15:37 | [WS => Shard 0] Connecting to wss://gateway-us-east1-b.discord.gg?v=10&encoding=json
[DEBUG] 03:15:37 | [WS => Shard 0] Waiting for event hello for 60000ms
[DEBUG] 03:15:37 | [WS => Shard 0] The gateway closed with an unexpected code 1006, attempting to resume.
[DEBUG] 03:15:37 | [WS => Shard 0] Destroying shard
	Reason: none
	Code: 1006
	Recover: Resume
[DEBUG] 03:15:37 | [WS => Shard 0] Connection status during destroy
	Needs closing: false
	Ready state: 3
[DEBUG] 03:15:37 | [WS => Shard 0] Tried to destroy a shard that was idle
[DEBUG] 03:15:38 | [WS => Shard 0] Connecting to wss://gateway-us-east1-b.discord.gg?v=10&encoding=json
[DEBUG] 03:15:38 | [WS => Shard 0] Waiting for event hello for 60000ms
[DEBUG] 03:15:38 | [WS => Shard 0] The gateway closed with an unexpected code 1006, attempting to resume.
[DEBUG] 03:15:38 | [WS => Shard 0] Destroying shard
	Reason: none
	Code: 1006
	Recover: Resume
[DEBUG] 03:15:38 | [WS => Shard 0] Connection status during destroy
	Needs closing: false
	Ready state: 3
[DEBUG] 03:15:38 | [WS => Shard 0] Tried to destroy a shard that was idle
[DEBUG] 03:15:38 | [WS => Shard 0] Connecting to wss://gateway-us-east1-b.discord.gg?v=10&encoding=json
[DEBUG] 03:15:38 | [WS => Shard 0] Waiting for event hello for 60000ms
[DEBUG] 03:15:38 | [WS => Shard 0] The gateway closed with an unexpected code 1006, attempting to resume.
[DEBUG] 03:15:38 | [WS => Shard 0] Destroying shard
	Reason: none
	Code: 1006
	Recover: Resume
[DEBUG] 03:15:38 | [WS => Shard 0] Connection status during destroy
	Needs closing: false
	Ready state: 3
[DEBUG] 03:15:38 | [WS => Shard 0] Tried to destroy a shard that was idle
[DEBUG] 03:15:39 | [WS => Shard 0] Connecting to wss://gateway-us-east1-b.discord.gg?v=10&encoding=json
[DEBUG] 03:15:39 | [WS => Shard 0] Waiting for event hello for 60000ms
[DEBUG] 03:15:39 | [WS => Shard 0] The gateway closed with an unexpected code 1006, attempting to resume.
[DEBUG] 03:15:39 | [WS => Shard 0] Destroying shard
	Reason: none
	Code: 1006
	Recover: Resume
[DEBUG] 03:15:39 | [WS => Shard 0] Connection status during destroy
	Needs closing: false
	Ready state: 3
[DEBUG] 03:15:39 | [WS => Shard 0] Tried to destroy a shard that was idle
[DEBUG] 03:15:39 | [WS => Shard 0] Connecting to wss://gateway-us-east1-b.discord.gg?v=10&encoding=json
[DEBUG] 03:15:39 | [WS => Shard 0] Waiting for event hello for 60000ms
[DEBUG] 03:15:39 | [WS => Shard 0] The gateway closed with an unexpected code 1006, attempting to resume.
[DEBUG] 03:15:39 | [WS => Shard 0] Destroying shard
	Reason: none
	Code: 1006
	Recover: Resume
[DEBUG] 03:15:39 | [WS => Shard 0] Connection status during destroy
	Needs closing: false
	Ready state: 3
[DEBUG] 03:15:39 | [WS => Shard 0] Tried to destroy a shard that was idle
[DEBUG] 03:15:40 | [WS => Shard 0] Connecting to wss://gateway-us-east1-b.discord.gg?v=10&encoding=json
[DEBUG] 03:15:40 | [WS => Shard 0] Waiting for event hello for 60000ms
[DEBUG] 03:15:40 | [WS => Shard 0] The gateway closed with an unexpected code 1006, attempting to resume.
[DEBUG] 03:15:40 | [WS => Shard 0] Destroying shard
	Reason: none
	Code: 1006
	Recover: Resume
[DEBUG] 03:15:40 | [WS => Shard 0] Connection status during destroy
	Needs closing: false
	Ready state: 3
[DEBUG] 03:15:40 | [WS => Shard 0] Tried to destroy a shard that was idle
[DEBUG] 03:15:40 | [WS => Shard 0] Connecting to wss://gateway-us-east1-b.discord.gg?v=10&encoding=json
[DEBUG] 03:15:40 | [WS => Shard 0] Waiting for event hello for 60000ms
[DEBUG] 03:15:40 | [WS => Shard 0] The gateway closed with an unexpected code 1006, attempting to resume.
[DEBUG] 03:15:40 | [WS => Shard 0] Destroying shard
	Reason: none
	Code: 1006
	Recover: Resume
[DEBUG] 03:15:40 | [WS => Shard 0] Connection status during destroy
	Needs closing: false
	Ready state: 3
[DEBUG] 03:15:40 | [WS => Shard 0] Tried to destroy a shard that was idle
[DEBUG] 03:15:41 | [WS => Shard 0] Connecting to wss://gateway-us-east1-b.discord.gg?v=10&encoding=json
[DEBUG] 03:15:41 | [WS => Shard 0] Waiting for event hello for 60000ms
[DEBUG] 03:15:41 | [WS => Shard 0] The gateway closed with an unexpected code 1006, attempting to resume.
[DEBUG] 03:15:41 | [WS => Shard 0] Destroying shard
	Reason: none
	Code: 1006
	Recover: Resume
[DEBUG] 03:15:41 | [WS => Shard 0] Connection status during destroy
	Needs closing: false
	Ready state: 3
[DEBUG] 03:15:41 | [WS => Shard 0] Tried to destroy a shard that was idle
[DEBUG] 03:15:41 | [WS => Shard 0] Connecting to wss://gateway-us-east1-b.discord.gg?v=10&encoding=json
[DEBUG] 03:15:41 | [WS => Shard 0] Waiting for event hello for 60000ms
[DEBUG] 03:15:52 | [WS => Shard 0] The gateway closed with an unexpected code 1006, attempting to resume.
[DEBUG] 03:15:52 | [WS => Shard 0] Destroying shard
	Reason: none
	Code: 1006
	Recover: Resume
[DEBUG] 03:15:52 | [WS => Shard 0] Connection status during destroy
	Needs closing: false
	Ready state: 3
[DEBUG] 03:15:52 | [WS => Shard 0] Tried to destroy a shard that was idle
[DEBUG] 03:15:53 | [WS => Shard 0] Connecting to wss://gateway-us-east1-b.discord.gg?v=10&encoding=json
[DEBUG] 03:15:53 | [WS => Shard 0] Waiting for event hello for 60000ms
[DEBUG] 03:16:04 | [WS => Shard 0] The gateway closed with an unexpected code 1006, attempting to resume.
[DEBUG] 03:16:04 | [WS => Shard 0] Destroying shard
	Reason: none
	Code: 1006
	Recover: Resume
[DEBUG] 03:16:04 | [WS => Shard 0] Connection status during destroy
	Needs closing: false
	Ready state: 3
[DEBUG] 03:16:04 | [WS => Shard 0] Tried to destroy a shard that was idle
[DEBUG] 03:16:04 | [WS => Shard 0] Connecting to wss://gateway-us-east1-b.discord.gg?v=10&encoding=json
[DEBUG] 03:16:04 | [WS => Shard 0] Waiting for event hello for 60000ms
[DEBUG] 03:16:15 | [WS => Shard 0] The gateway closed with an unexpected code 1006, attempting to resume.
[DEBUG] 03:16:15 | [WS => Shard 0] Destroying shard
	Reason: none
	Code: 1006
	Recover: Resume
[DEBUG] 03:16:15 | [WS => Shard 0] Connection status during destroy
	Needs closing: false
	Ready state: 3
[DEBUG] 03:16:15 | [WS => Shard 0] Tried to destroy a shard that was idle
[DEBUG] 03:16:16 | [WS => Shard 0] Connecting to wss://gateway-us-east1-b.discord.gg?v=10&encoding=json
[DEBUG] 03:16:16 | [WS => Shard 0] Waiting for event hello for 60000ms
[DEBUG] 03:16:27 | [WS => Shard 0] The gateway closed with an unexpected code 1006, attempting to resume.
[DEBUG] 03:16:27 | [WS => Shard 0] Destroying shard
	Reason: none
	Code: 1006
	Recover: Resume
[DEBUG] 03:16:27 | [WS => Shard 0] Connection status during destroy
	Needs closing: false
	Ready state: 3
[DEBUG] 03:16:27 | [WS => Shard 0] Tried to destroy a shard that was idle
[DEBUG] 03:16:27 | [WS => Shard 0] Connecting to wss://gateway-us-east1-b.discord.gg?v=10&encoding=json
[DEBUG] 03:16:27 | [WS => Shard 0] Waiting for event hello for 60000ms
[DEBUG] 03:16:38 | [WS => Shard 0] The gateway closed with an unexpected code 1006, attempting to resume.
[DEBUG] 03:16:38 | [WS => Shard 0] Destroying shard
	Reason: none
	Code: 1006
	Recover: Resume
[DEBUG] 03:16:38 | [WS => Shard 0] Connection status during destroy
	Needs closing: false
	Ready state: 3
[DEBUG] 03:16:38 | [WS => Shard 0] Tried to destroy a shard that was idle
[DEBUG] 03:16:39 | [WS => Shard 0] Connecting to wss://gateway-us-east1-b.discord.gg?v=10&encoding=json
[DEBUG] 03:16:39 | [WS => Shard 0] Waiting for event hello for 60000ms
