[WARNING] 17:12:01 | The command at C:\Users\richa\OneDrive - w6l3y\northernlightsdev\northern-lights-development-bot\commands\guild\tickets.js is missing a required "data" or "execute" property.
[INFO] 17:12:01 | Started refreshing 10 application (/) commands.
[INFO] 17:12:01 | Successfully reloaded 10 application (/) commands.
[DEBUG] 17:12:02 | Provided token: MTA4NTYxMjkzOTc3MzQ4NTE5MA.GZK5eK.**************************************
[DEBUG] 17:12:02 | Preparing to connect to the gateway...
[DEBUG] 17:12:02 | [WS => Manager] Fetched Gateway Information
    URL: wss://gateway.discord.gg
    Recommended Shards: 1
[DEBUG] 17:12:02 | [WS => Manager] Session Limit Information
    Total: 1000
    Remaining: 1000
[DEBUG] 17:12:02 | [WS => Shard 0] Connecting to wss://gateway.discord.gg?v=10&encoding=json
[DEBUG] 17:12:02 | [WS => Shard 0] Waiting for event hello for 60000ms
[DEBUG] 17:12:02 | [WS => Shard 0] Preparing first heartbeat of the connection with a jitter of 0.08579867483484915; waiting 3539ms
[DEBUG] 17:12:02 | [WS => Shard 0] Waiting for identify throttle
[DEBUG] 17:12:02 | [WS => Shard 0] Identifying
	shard id: 0
	shard count: 1
	intents: 513
	compression: none
[DEBUG] 17:12:02 | [WS => Shard 0] Waiting for event ready for 15000ms
[DEBUG] 17:12:03 | [WS => Shard 0] Shard received all its guilds. Marking as fully ready.
[DEBUG] 17:12:06 | [WS => Shard 0] First heartbeat sent, starting to beat every 41250ms
[DEBUG] 17:12:06 | [WS => Shard 0] Heartbeat acknowledged, latency of 149ms.
[DEBUG] 17:12:47 | [WS => Shard 0] Heartbeat acknowledged, latency of 126ms.
[DEBUG] 17:13:28 | [WS => Shard 0] Heartbeat acknowledged, latency of 129ms.
[DEBUG] 17:14:10 | [WS => Shard 0] Heartbeat acknowledged, latency of 122ms.
[DEBUG] 17:14:51 | [WS => Shard 0] Heartbeat acknowledged, latency of 126ms.
[DEBUG] 17:15:32 | [WS => Shard 0] Heartbeat acknowledged, latency of 122ms.
[DEBUG] 17:16:13 | [WS => Shard 0] Heartbeat acknowledged, latency of 124ms.
[DEBUG] 17:16:55 | [WS => Shard 0] Heartbeat acknowledged, latency of 125ms.
[WARNING] 17:16:59 | The command at C:\Users\richa\OneDrive - w6l3y\northernlightsdev\northern-lights-development-bot\commands\guild\tickets.js is missing a required "data" or "execute" property.
[INFO] 17:16:59 | Started refreshing 11 application (/) commands.
[INFO] 17:16:59 | Successfully reloaded 11 application (/) commands.
[DEBUG] 17:17:00 | Provided token: MTA4NTYxMjkzOTc3MzQ4NTE5MA.GZK5eK.**************************************
[DEBUG] 17:17:00 | Preparing to connect to the gateway...
[DEBUG] 17:17:00 | [WS => Manager] Fetched Gateway Information
    URL: wss://gateway.discord.gg
    Recommended Shards: 1
[DEBUG] 17:17:00 | [WS => Manager] Session Limit Information
    Total: 1000
    Remaining: 999
[DEBUG] 17:17:00 | [WS => Shard 0] Connecting to wss://gateway.discord.gg?v=10&encoding=json
[DEBUG] 17:17:00 | [WS => Shard 0] Waiting for event hello for 60000ms
[DEBUG] 17:17:00 | [WS => Shard 0] Preparing first heartbeat of the connection with a jitter of 0.904910475860957; waiting 37327ms
[DEBUG] 17:17:00 | [WS => Shard 0] Waiting for identify throttle
[DEBUG] 17:17:00 | [WS => Shard 0] Identifying
	shard id: 0
	shard count: 1
	intents: 513
	compression: none
[DEBUG] 17:17:00 | [WS => Shard 0] Waiting for event ready for 15000ms
[DEBUG] 17:17:00 | [WS => Shard 0] Shard received all its guilds. Marking as fully ready.
[ERROR] 17:17:07 | DiscordAPIError[10062]: Unknown interaction
[WARNING] 17:17:14 | The command at C:\Users\richa\OneDrive - w6l3y\northernlightsdev\northern-lights-development-bot\commands\guild\tickets.js is missing a required "data" or "execute" property.
[INFO] 17:17:14 | Started refreshing 11 application (/) commands.
[INFO] 17:17:15 | Successfully reloaded 11 application (/) commands.
[DEBUG] 17:17:15 | Provided token: MTA4NTYxMjkzOTc3MzQ4NTE5MA.GZK5eK.**************************************
[DEBUG] 17:17:15 | Preparing to connect to the gateway...
[DEBUG] 17:17:16 | [WS => Manager] Fetched Gateway Information
    URL: wss://gateway.discord.gg
    Recommended Shards: 1
[DEBUG] 17:17:16 | [WS => Manager] Session Limit Information
    Total: 1000
    Remaining: 998
[DEBUG] 17:17:16 | [WS => Shard 0] Connecting to wss://gateway.discord.gg?v=10&encoding=json
[DEBUG] 17:17:16 | [WS => Shard 0] Waiting for event hello for 60000ms
[DEBUG] 17:17:16 | [WS => Shard 0] Preparing first heartbeat of the connection with a jitter of 0.549246408558663; waiting 22656ms
[DEBUG] 17:17:16 | [WS => Shard 0] Waiting for identify throttle
[DEBUG] 17:17:16 | [WS => Shard 0] Identifying
	shard id: 0
	shard count: 1
	intents: 513
	compression: none
[DEBUG] 17:17:16 | [WS => Shard 0] Waiting for event ready for 15000ms
[DEBUG] 17:17:16 | [WS => Shard 0] Shard received all its guilds. Marking as fully ready.
[DEBUG] 17:17:38 | [WS => Shard 0] First heartbeat sent, starting to beat every 41250ms
[DEBUG] 17:17:39 | [WS => Shard 0] Heartbeat acknowledged, latency of 126ms.
[DEBUG] 17:18:20 | [WS => Shard 0] Heartbeat acknowledged, latency of 130ms.
[ERROR] 17:18:32 | ReferenceError: afafaf is not defined
    at Object.execute (C:\Users\richa\OneDrive - w6l3y\northernlightsdev\northern-lights-development-bot\commands\utility\ping.js:9:98)
    at Object.execute (C:\Users\richa\OneDrive - w6l3y\northernlightsdev\northern-lights-development-bot\events\interactionCreate.js:51:27)
    at process.processTicksAndRejections (node:internal/process/task_queues:95:5)
[WARNING] 17:18:56 | Command: Reload | megurre (324856872987262996) tried to reload pibng but it does not exist.
[DEBUG] 17:19:01 | [WS => Shard 0] Heartbeat acknowledged, latency of 122ms.
[DEBUG] 17:19:42 | [WS => Shard 0] Heartbeat acknowledged, latency of 158ms.
[DEBUG] 17:20:24 | [WS => Shard 0] Heartbeat acknowledged, latency of 136ms.
[DEBUG] 17:21:05 | [WS => Shard 0] Heartbeat acknowledged, latency of 123ms.
[WARNING] 17:21:07 | The command at C:\Users\richa\OneDrive - w6l3y\northernlightsdev\northern-lights-development-bot\commands\guild\tickets.js is missing a required "data" or "execute" property.
[INFO] 17:21:07 | Started refreshing 12 application (/) commands.
[INFO] 17:21:08 | Successfully reloaded 12 application (/) commands.
[DEBUG] 17:21:08 | Provided token: MTA4NTYxMjkzOTc3MzQ4NTE5MA.GZK5eK.**************************************
[DEBUG] 17:21:08 | Preparing to connect to the gateway...
[DEBUG] 17:21:08 | [WS => Manager] Fetched Gateway Information
    URL: wss://gateway.discord.gg
    Recommended Shards: 1
[DEBUG] 17:21:08 | [WS => Manager] Session Limit Information
    Total: 1000
    Remaining: 997
[DEBUG] 17:21:08 | [WS => Shard 0] Connecting to wss://gateway.discord.gg?v=10&encoding=json
[DEBUG] 17:21:08 | [WS => Shard 0] Waiting for event hello for 60000ms
[DEBUG] 17:21:09 | [WS => Shard 0] Preparing first heartbeat of the connection with a jitter of 0.49812448751138394; waiting 20547ms
[DEBUG] 17:21:09 | [WS => Shard 0] Waiting for identify throttle
[DEBUG] 17:21:09 | [WS => Shard 0] Identifying
	shard id: 0
	shard count: 1
	intents: 513
	compression: none
[DEBUG] 17:21:09 | [WS => Shard 0] Waiting for event ready for 15000ms
[DEBUG] 17:21:09 | [WS => Shard 0] Shard received all its guilds. Marking as fully ready.
[ERROR] 17:21:25 | TypeError [CommandInteractionOptionNotFound]: Required option "reason" not found.
    at CommandInteractionOptionResolver.get (C:\Users\richa\node_modules\discord.js\src\structures\CommandInteractionOptionResolver.js:78:15)
    at CommandInteractionOptionResolver._getTypedOption (C:\Users\richa\node_modules\discord.js\src\structures\CommandInteractionOptionResolver.js:95:25)
    at CommandInteractionOptionResolver.getString (C:\Users\richa\node_modules\discord.js\src\structures\CommandInteractionOptionResolver.js:172:25)
    at Object.execute (C:\Users\richa\OneDrive - w6l3y\northernlightsdev\northern-lights-development-bot\commands\bot\lockdownbot.js:13:44)
    at process.processTicksAndRejections (node:internal/process/task_queues:95:5)
    at async Object.execute (C:\Users\richa\OneDrive - w6l3y\northernlightsdev\northern-lights-development-bot\events\interactionCreate.js:51:13)
[DEBUG] 17:21:29 | [WS => Shard 0] First heartbeat sent, starting to beat every 41250ms
[DEBUG] 17:21:29 | [WS => Shard 0] Heartbeat acknowledged, latency of 123ms.
[DEBUG] 17:21:59 | Provided token: MTA4NTYxMjkzOTc3MzQ4NTE5MA.GZK5eK.**************************************
[DEBUG] 17:21:59 | Preparing to connect to the gateway...
[DEBUG] 17:21:59 | [WS => Manager] Fetched Gateway Information
    URL: wss://gateway.discord.gg
    Recommended Shards: 1
[DEBUG] 17:21:59 | [WS => Manager] Session Limit Information
    Total: 1000
    Remaining: 996
[DEBUG] 17:21:59 | [WS => Shard 0] Connecting to wss://gateway.discord.gg?v=10&encoding=json
[DEBUG] 17:21:59 | [WS => Shard 0] Waiting for event hello for 60000ms
[DEBUG] 17:21:59 | [WS => Shard 0] Preparing first heartbeat of the connection with a jitter of 0.6631682796668414; waiting 27355ms
[DEBUG] 17:21:59 | [WS => Shard 0] Waiting for identify throttle
[DEBUG] 17:21:59 | [WS => Shard 0] Identifying
	shard id: 0
	shard count: 1
	intents: 513
	compression: none
[DEBUG] 17:21:59 | [WS => Shard 0] Waiting for event ready for 15000ms
[DEBUG] 17:21:59 | [WS => Shard 0] Shard received all its guilds. Marking as fully ready.
[DEBUG] 17:22:27 | [WS => Shard 0] First heartbeat sent, starting to beat every 41250ms
[DEBUG] 17:22:27 | [WS => Shard 0] Heartbeat acknowledged, latency of 129ms.
[DEBUG] 17:23:08 | [WS => Shard 0] Heartbeat acknowledged, latency of 121ms.
[DEBUG] 17:23:49 | [WS => Shard 0] Heartbeat acknowledged, latency of 137ms.
[DEBUG] 17:24:30 | [WS => Shard 0] Heartbeat acknowledged, latency of 126ms.
