[WARNING] 22:29:38 | The command at C:\Users\richa\Documents\GitHub\northern-lights-development-bot\commands\guild\tickets.js is missing a required "data" or "execute" property.
[INFO] 22:29:39 | Started refreshing 11 application (/) commands.
[INFO] 22:29:39 | Successfully reloaded 11 application (/) commands.
[DEBUG] 22:29:39 | Provided token: MTA4NTYxMjkzOTc3MzQ4NTE5MA.GZK5eK.**************************************
[DEBUG] 22:29:39 | Preparing to connect to the gateway...
[DEBUG] 22:29:40 | [WS => Manager] Fetched Gateway Information
    URL: wss://gateway.discord.gg
    Recommended Shards: 1
[DEBUG] 22:29:40 | [WS => Manager] Session Limit Information
    Total: 1000
    Remaining: 1000
[DEBUG] 22:29:40 | [WS => Shard 0] Connecting to wss://gateway.discord.gg?v=10&encoding=json
[DEBUG] 22:29:40 | [WS => Shard 0] Waiting for event hello for 60000ms
[DEBUG] 22:29:40 | [WS => Shard 0] Preparing first heartbeat of the connection with a jitter of 0.15940057223360293; waiting 6575ms
[DEBUG] 22:29:40 | [WS => Shard 0] Waiting for identify throttle
[DEBUG] 22:29:40 | [WS => Shard 0] Identifying
	shard id: 0
	shard count: 1
	intents: 513
	compression: none
[DEBUG] 22:29:40 | [WS => Shard 0] Waiting for event ready for 15000ms
[DEBUG] 22:29:40 | [WS => Shard 0] Shard received all its guilds. Marking as fully ready.
[DEBUG] 22:29:46 | [WS => Shard 0] First heartbeat sent, starting to beat every 41250ms
[DEBUG] 22:29:46 | [WS => Shard 0] Heartbeat acknowledged, latency of 137ms.
[DEBUG] 22:30:28 | [WS => Shard 0] Heartbeat acknowledged, latency of 121ms.
[DEBUG] 22:31:09 | [WS => Shard 0] Heartbeat acknowledged, latency of 120ms.
[DEBUG] 22:31:14 | Provided token: MTA4NTYxMjkzOTc3MzQ4NTE5MA.GZK5eK.**************************************
[DEBUG] 22:31:14 | Preparing to connect to the gateway...
[DEBUG] 22:31:14 | [WS => Manager] Fetched Gateway Information
    URL: wss://gateway.discord.gg
    Recommended Shards: 1
[DEBUG] 22:31:14 | [WS => Manager] Session Limit Information
    Total: 1000
    Remaining: 999
[DEBUG] 22:31:14 | [WS => Shard 0] Connecting to wss://gateway.discord.gg?v=10&encoding=json
[DEBUG] 22:31:14 | [WS => Shard 0] Waiting for event hello for 60000ms
[DEBUG] 22:31:15 | [WS => Shard 0] Preparing first heartbeat of the connection with a jitter of 0.7590575530209767; waiting 31311ms
[DEBUG] 22:31:15 | [WS => Shard 0] Waiting for identify throttle
[DEBUG] 22:31:15 | [WS => Shard 0] Identifying
	shard id: 0
	shard count: 1
	intents: 513
	compression: none
[DEBUG] 22:31:15 | [WS => Shard 0] Waiting for event ready for 15000ms
[DEBUG] 22:31:15 | [WS => Shard 0] Shard received all its guilds. Marking as fully ready.
[WARNING] 22:31:36 | The command at C:\Users\richa\Documents\GitHub\northern-lights-development-bot\commands\guild\tickets.js is missing a required "data" or "execute" property.
[INFO] 22:31:36 | Started refreshing 11 application (/) commands.
[INFO] 22:31:36 | Successfully reloaded 11 application (/) commands.
[DEBUG] 22:31:37 | Provided token: MTA4NTYxMjkzOTc3MzQ4NTE5MA.GZK5eK.**************************************
[DEBUG] 22:31:37 | Preparing to connect to the gateway...
[DEBUG] 22:31:37 | [WS => Manager] Fetched Gateway Information
    URL: wss://gateway.discord.gg
    Recommended Shards: 1
[DEBUG] 22:31:37 | [WS => Manager] Session Limit Information
    Total: 1000
    Remaining: 998
[DEBUG] 22:31:37 | [WS => Shard 0] Connecting to wss://gateway.discord.gg?v=10&encoding=json
[DEBUG] 22:31:37 | [WS => Shard 0] Waiting for event hello for 60000ms
[DEBUG] 22:31:37 | [WS => Shard 0] Preparing first heartbeat of the connection with a jitter of 0.5270827874599584; waiting 21742ms
[DEBUG] 22:31:37 | [WS => Shard 0] Waiting for identify throttle
[DEBUG] 22:31:37 | [WS => Shard 0] Identifying
	shard id: 0
	shard count: 1
	intents: 513
	compression: none
[DEBUG] 22:31:37 | [WS => Shard 0] Waiting for event ready for 15000ms
[DEBUG] 22:31:37 | [WS => Shard 0] Shard received all its guilds. Marking as fully ready.
[DEBUG] 22:31:43 | Provided token: MTA4NTYxMjkzOTc3MzQ4NTE5MA.GZK5eK.**************************************
[DEBUG] 22:31:43 | Preparing to connect to the gateway...
[DEBUG] 22:31:43 | [WS => Manager] Fetched Gateway Information
    URL: wss://gateway.discord.gg
    Recommended Shards: 1
[DEBUG] 22:31:43 | [WS => Manager] Session Limit Information
    Total: 1000
    Remaining: 997
[DEBUG] 22:31:43 | [WS => Shard 0] Connecting to wss://gateway.discord.gg?v=10&encoding=json
[DEBUG] 22:31:43 | [WS => Shard 0] Waiting for event hello for 60000ms
[DEBUG] 22:31:44 | [WS => Shard 0] Preparing first heartbeat of the connection with a jitter of 0.20370111893282306; waiting 8402ms
[DEBUG] 22:31:44 | [WS => Shard 0] Waiting for identify throttle
[DEBUG] 22:31:44 | [WS => Shard 0] Identifying
	shard id: 0
	shard count: 1
	intents: 513
	compression: none
[DEBUG] 22:31:44 | [WS => Shard 0] Waiting for event ready for 15000ms
[DEBUG] 22:31:44 | [WS => Shard 0] Shard received all its guilds. Marking as fully ready.
[WARNING] 22:31:54 | The command at C:\Users\richa\Documents\GitHub\northern-lights-development-bot\commands\guild\tickets.js is missing a required "data" or "execute" property.
[INFO] 22:31:54 | Started refreshing 11 application (/) commands.
[INFO] 22:31:54 | Successfully reloaded 11 application (/) commands.
[DEBUG] 22:31:55 | Provided token: MTA4NTYxMjkzOTc3MzQ4NTE5MA.GZK5eK.**************************************
[DEBUG] 22:31:55 | Preparing to connect to the gateway...
[DEBUG] 22:31:55 | [WS => Manager] Fetched Gateway Information
    URL: wss://gateway.discord.gg
    Recommended Shards: 1
[DEBUG] 22:31:55 | [WS => Manager] Session Limit Information
    Total: 1000
    Remaining: 996
[DEBUG] 22:31:55 | [WS => Shard 0] Connecting to wss://gateway.discord.gg?v=10&encoding=json
[DEBUG] 22:31:55 | [WS => Shard 0] Waiting for event hello for 60000ms
[DEBUG] 22:31:55 | [WS => Shard 0] Preparing first heartbeat of the connection with a jitter of 0.027731612795326877; waiting 1143ms
[DEBUG] 22:31:55 | [WS => Shard 0] Waiting for identify throttle
[DEBUG] 22:31:55 | [WS => Shard 0] Identifying
	shard id: 0
	shard count: 1
	intents: 513
	compression: none
[DEBUG] 22:31:55 | [WS => Shard 0] Waiting for event ready for 15000ms
[DEBUG] 22:31:55 | [WS => Shard 0] Shard received all its guilds. Marking as fully ready.
[DEBUG] 22:31:56 | [WS => Shard 0] First heartbeat sent, starting to beat every 41250ms
[DEBUG] 22:31:56 | [WS => Shard 0] Heartbeat acknowledged, latency of 119ms.
[DEBUG] 22:32:37 | [WS => Shard 0] Heartbeat acknowledged, latency of 120ms.
[DEBUG] 22:33:19 | [WS => Shard 0] Heartbeat acknowledged, latency of 120ms.
[DEBUG] 22:34:00 | [WS => Shard 0] Heartbeat acknowledged, latency of 123ms.
[DEBUG] 22:34:41 | [WS => Shard 0] Heartbeat acknowledged, latency of 126ms.
[DEBUG] 22:35:22 | [WS => Shard 0] Heartbeat acknowledged, latency of 120ms.
[DEBUG] 22:36:00 | Provided token: MTA4NTYxMjkzOTc3MzQ4NTE5MA.GZK5eK.**************************************
[DEBUG] 22:36:00 | Preparing to connect to the gateway...
[DEBUG] 22:36:00 | [WS => Manager] Fetched Gateway Information
    URL: wss://gateway.discord.gg
    Recommended Shards: 1
[DEBUG] 22:36:00 | [WS => Manager] Session Limit Information
    Total: 1000
    Remaining: 995
[DEBUG] 22:36:00 | [WS => Shard 0] Connecting to wss://gateway.discord.gg?v=10&encoding=json
[DEBUG] 22:36:00 | [WS => Shard 0] Waiting for event hello for 60000ms
[DEBUG] 22:36:00 | [WS => Shard 0] Preparing first heartbeat of the connection with a jitter of 0.39948701952880783; waiting 16478ms
[DEBUG] 22:36:00 | [WS => Shard 0] Waiting for identify throttle
[DEBUG] 22:36:00 | [WS => Shard 0] Identifying
	shard id: 0
	shard count: 1
	intents: 513
	compression: none
[DEBUG] 22:36:00 | [WS => Shard 0] Waiting for event ready for 15000ms
[DEBUG] 22:36:00 | [WS => Shard 0] Shard received all its guilds. Marking as fully ready.
[DEBUG] 22:36:17 | [WS => Shard 0] First heartbeat sent, starting to beat every 41250ms
[DEBUG] 22:36:17 | [WS => Shard 0] Heartbeat acknowledged, latency of 120ms.
[DEBUG] 22:36:58 | [WS => Shard 0] Heartbeat acknowledged, latency of 119ms.
[DEBUG] 22:37:02 | Provided token: MTA4NTYxMjkzOTc3MzQ4NTE5MA.GZK5eK.**************************************
[DEBUG] 22:37:02 | Preparing to connect to the gateway...
[DEBUG] 22:37:02 | [WS => Manager] Fetched Gateway Information
    URL: wss://gateway.discord.gg
    Recommended Shards: 1
[DEBUG] 22:37:02 | [WS => Manager] Session Limit Information
    Total: 1000
    Remaining: 994
[DEBUG] 22:37:02 | [WS => Shard 0] Connecting to wss://gateway.discord.gg?v=10&encoding=json
[DEBUG] 22:37:02 | [WS => Shard 0] Waiting for event hello for 60000ms
[DEBUG] 22:37:02 | [WS => Shard 0] Preparing first heartbeat of the connection with a jitter of 0.17937288967612353; waiting 7399ms
[DEBUG] 22:37:02 | [WS => Shard 0] Waiting for identify throttle
[DEBUG] 22:37:02 | [WS => Shard 0] Identifying
	shard id: 0
	shard count: 1
	intents: 513
	compression: none
[DEBUG] 22:37:02 | [WS => Shard 0] Waiting for event ready for 15000ms
[DEBUG] 22:37:03 | [WS => Shard 0] Shard received all its guilds. Marking as fully ready.
[DEBUG] 22:37:10 | [WS => Shard 0] First heartbeat sent, starting to beat every 41250ms
[DEBUG] 22:37:10 | [WS => Shard 0] Heartbeat acknowledged, latency of 122ms.
[DEBUG] 22:37:27 | Provided token: MTA4NTYxMjkzOTc3MzQ4NTE5MA.GZK5eK.**************************************
[DEBUG] 22:37:27 | Preparing to connect to the gateway...
[DEBUG] 22:37:27 | [WS => Manager] Fetched Gateway Information
    URL: wss://gateway.discord.gg
    Recommended Shards: 1
[DEBUG] 22:37:27 | [WS => Manager] Session Limit Information
    Total: 1000
    Remaining: 993
[DEBUG] 22:37:27 | [WS => Shard 0] Connecting to wss://gateway.discord.gg?v=10&encoding=json
[DEBUG] 22:37:27 | [WS => Shard 0] Waiting for event hello for 60000ms
[DEBUG] 22:37:27 | [WS => Shard 0] Preparing first heartbeat of the connection with a jitter of 0.18976489095657745; waiting 7827ms
[DEBUG] 22:37:27 | [WS => Shard 0] Waiting for identify throttle
[DEBUG] 22:37:27 | [WS => Shard 0] Identifying
	shard id: 0
	shard count: 1
	intents: 513
	compression: none
[DEBUG] 22:37:27 | [WS => Shard 0] Waiting for event ready for 15000ms
[DEBUG] 22:37:28 | [WS => Shard 0] Shard received all its guilds. Marking as fully ready.
[DEBUG] 22:37:35 | [WS => Shard 0] First heartbeat sent, starting to beat every 41250ms
[DEBUG] 22:37:35 | [WS => Shard 0] Heartbeat acknowledged, latency of 123ms.
[DEBUG] 22:38:16 | [WS => Shard 0] Heartbeat acknowledged, latency of 123ms.
[DEBUG] 22:38:58 | [WS => Shard 0] Heartbeat acknowledged, latency of 122ms.
[DEBUG] 22:39:39 | [WS => Shard 0] Heartbeat acknowledged, latency of 123ms.
[DEBUG] 22:40:20 | [WS => Shard 0] Heartbeat acknowledged, latency of 122ms.
[DEBUG] 22:41:01 | [WS => Shard 0] Heartbeat acknowledged, latency of 123ms.
[DEBUG] 22:41:43 | [WS => Shard 0] Heartbeat acknowledged, latency of 126ms.
[DEBUG] 22:42:24 | [WS => Shard 0] Heartbeat acknowledged, latency of 128ms.
[COMMAND] 22:43:03 | megurre (324856872987262996) set the activity to Playing tf. with the status online
[DEBUG] 22:43:05 | [WS => Shard 0] Heartbeat acknowledged, latency of 123ms.
[DEBUG] 22:43:46 | [WS => Shard 0] Heartbeat acknowledged, latency of 120ms.
[WARNING] 22:43:52 | The command at C:\Users\richa\Documents\GitHub\northern-lights-development-bot\commands\guild\tickets.js is missing a required "data" or "execute" property.
[INFO] 22:43:52 | Started refreshing 11 application (/) commands.
[INFO] 22:43:52 | Successfully reloaded 11 application (/) commands.
[DEBUG] 22:43:52 | Provided token: MTA4NTYxMjkzOTc3MzQ4NTE5MA.GZK5eK.**************************************
[DEBUG] 22:43:52 | Preparing to connect to the gateway...
[DEBUG] 22:43:53 | [WS => Manager] Fetched Gateway Information
    URL: wss://gateway.discord.gg
    Recommended Shards: 1
[DEBUG] 22:43:53 | [WS => Manager] Session Limit Information
    Total: 1000
    Remaining: 992
[DEBUG] 22:43:53 | [WS => Shard 0] Connecting to wss://gateway.discord.gg?v=10&encoding=json
[DEBUG] 22:43:53 | [WS => Shard 0] Waiting for event hello for 60000ms
[DEBUG] 22:43:53 | [WS => Shard 0] Preparing first heartbeat of the connection with a jitter of 0.8817131165878611; waiting 36370ms
[DEBUG] 22:43:53 | [WS => Shard 0] Waiting for identify throttle
[DEBUG] 22:43:53 | [WS => Shard 0] Identifying
	shard id: 0
	shard count: 1
	intents: 513
	compression: none
[DEBUG] 22:43:53 | [WS => Shard 0] Waiting for event ready for 15000ms
[DEBUG] 22:43:53 | [WS => Shard 0] Shard received all its guilds. Marking as fully ready.
[COMMAND] 22:44:15 | megurre (324856872987262996) set the activity to Watching testing. with the status dnd
[DEBUG] 22:44:29 | [WS => Shard 0] First heartbeat sent, starting to beat every 41250ms
[DEBUG] 22:44:29 | [WS => Shard 0] Heartbeat acknowledged, latency of 120ms.
[COMMAND] 22:44:31 | megurre (324856872987262996) set the activity to Watching MeGurre Code. with the status dnd
[DEBUG] 22:45:11 | [WS => Shard 0] Heartbeat acknowledged, latency of 124ms.
[DEBUG] 22:45:52 | [WS => Shard 0] Heartbeat acknowledged, latency of 124ms.
[DEBUG] 22:46:33 | [WS => Shard 0] Heartbeat acknowledged, latency of 120ms.
[DEBUG] 22:47:14 | [WS => Shard 0] Heartbeat acknowledged, latency of 123ms.
[DEBUG] 22:47:56 | [WS => Shard 0] Heartbeat acknowledged, latency of 127ms.
[DEBUG] 22:48:37 | [WS => Shard 0] Heartbeat acknowledged, latency of 123ms.
[DEBUG] 22:49:18 | [WS => Shard 0] Heartbeat acknowledged, latency of 120ms.
[DEBUG] 22:49:28 | Provided token: MTA4NTYxMjkzOTc3MzQ4NTE5MA.GZK5eK.**************************************
[DEBUG] 22:49:28 | Preparing to connect to the gateway...
[DEBUG] 22:49:29 | [WS => Manager] Fetched Gateway Information
    URL: wss://gateway.discord.gg
    Recommended Shards: 1
[DEBUG] 22:49:29 | [WS => Manager] Session Limit Information
    Total: 1000
    Remaining: 991
[DEBUG] 22:49:29 | [WS => Shard 0] Connecting to wss://gateway.discord.gg?v=10&encoding=json
[DEBUG] 22:49:29 | [WS => Shard 0] Waiting for event hello for 60000ms
[DEBUG] 22:49:29 | [WS => Shard 0] Preparing first heartbeat of the connection with a jitter of 0.36263845154953933; waiting 14958ms
[DEBUG] 22:49:29 | [WS => Shard 0] Waiting for identify throttle
[DEBUG] 22:49:29 | [WS => Shard 0] Identifying
	shard id: 0
	shard count: 1
	intents: 513
	compression: none
[DEBUG] 22:49:29 | [WS => Shard 0] Waiting for event ready for 15000ms
[DEBUG] 22:49:29 | [WS => Shard 0] Shard received all its guilds. Marking as fully ready.
[DEBUG] 22:49:44 | [WS => Shard 0] First heartbeat sent, starting to beat every 41250ms
[DEBUG] 22:49:44 | [WS => Shard 0] Heartbeat acknowledged, latency of 122ms.
[DEBUG] 22:50:25 | [WS => Shard 0] Heartbeat acknowledged, latency of 125ms.
[DEBUG] 22:51:07 | [WS => Shard 0] Heartbeat acknowledged, latency of 120ms.
[DEBUG] 22:51:48 | [WS => Shard 0] Heartbeat acknowledged, latency of 120ms.
[DEBUG] 22:52:29 | [WS => Shard 0] Heartbeat acknowledged, latency of 136ms.
[DEBUG] 22:53:10 | [WS => Shard 0] Heartbeat acknowledged, latency of 123ms.
[DEBUG] 22:53:52 | [WS => Shard 0] Heartbeat acknowledged, latency of 138ms.
[DEBUG] 22:54:33 | [WS => Shard 0] Heartbeat acknowledged, latency of 125ms.
[DEBUG] 22:55:14 | [WS => Shard 0] Heartbeat acknowledged, latency of 127ms.
[DEBUG] 22:55:55 | [WS => Shard 0] Heartbeat acknowledged, latency of 121ms.
[DEBUG] 22:56:37 | [WS => Shard 0] Heartbeat acknowledged, latency of 134ms.
[DEBUG] 22:57:18 | [WS => Shard 0] Heartbeat acknowledged, latency of 268ms.
[DEBUG] 22:57:59 | [WS => Shard 0] Heartbeat acknowledged, latency of 127ms.
[DEBUG] 22:58:40 | [WS => Shard 0] Heartbeat acknowledged, latency of 123ms.
[DEBUG] 22:59:22 | [WS => Shard 0] Heartbeat acknowledged, latency of 123ms.
[MEMORY] 22:59:28 | 23.65 MB out of 26.09 MB
[CPU] 22:59:28 |  0.03 % used
[UPTIME] 22:59:28 | 0d 0h 10m 0s
[WARNING] 23:00:03 | The command at C:\Users\richa\Documents\GitHub\northern-lights-development-bot\commands\guild\tickets.js is missing a required "data" or "execute" property.
[INFO] 23:00:03 | Started refreshing 11 application (/) commands.
[INFO] 23:00:04 | Successfully reloaded 11 application (/) commands.
[DEBUG] 23:00:04 | Provided token: MTA4NTYxMjkzOTc3MzQ4NTE5MA.GZK5eK.**************************************
[DEBUG] 23:00:04 | Preparing to connect to the gateway...
[DEBUG] 23:00:04 | [WS => Manager] Fetched Gateway Information
    URL: wss://gateway.discord.gg
    Recommended Shards: 1
[DEBUG] 23:00:04 | [WS => Manager] Session Limit Information
    Total: 1000
    Remaining: 990
[DEBUG] 23:00:04 | [WS => Shard 0] Connecting to wss://gateway.discord.gg?v=10&encoding=json
[DEBUG] 23:00:04 | [WS => Shard 0] Waiting for event hello for 60000ms
[DEBUG] 23:00:04 | [WS => Shard 0] Preparing first heartbeat of the connection with a jitter of 0.06985763596575945; waiting 2881ms
[DEBUG] 23:00:04 | [WS => Shard 0] Waiting for identify throttle
[DEBUG] 23:00:04 | [WS => Shard 0] Identifying
	shard id: 0
	shard count: 1
	intents: 513
	compression: none
[DEBUG] 23:00:04 | [WS => Shard 0] Waiting for event ready for 15000ms
[DEBUG] 23:00:05 | [WS => Shard 0] Shard received all its guilds. Marking as fully ready.
[DEBUG] 23:00:07 | [WS => Shard 0] First heartbeat sent, starting to beat every 41250ms
[DEBUG] 23:00:07 | [WS => Shard 0] Heartbeat acknowledged, latency of 118ms.
[DEBUG] 23:00:49 | [WS => Shard 0] Heartbeat acknowledged, latency of 119ms.
[ERROR] 23:01:07 | ReferenceError: logFilePath is not defined
[DEBUG] 23:01:30 | [WS => Shard 0] Heartbeat acknowledged, latency of 127ms.
[DEBUG] 23:02:11 | [WS => Shard 0] Heartbeat acknowledged, latency of 119ms.
[DEBUG] 23:02:52 | [WS => Shard 0] Heartbeat acknowledged, latency of 139ms.
[DEBUG] 23:03:34 | [WS => Shard 0] Heartbeat acknowledged, latency of 140ms.
[DEBUG] 23:04:15 | [WS => Shard 0] Heartbeat acknowledged, latency of 129ms.
[DEBUG] 23:04:56 | [WS => Shard 0] Heartbeat acknowledged, latency of 121ms.
[DEBUG] 23:05:37 | [WS => Shard 0] Heartbeat acknowledged, latency of 135ms.
[DEBUG] 23:06:19 | [WS => Shard 0] Heartbeat acknowledged, latency of 120ms.
[WARNING] 23:06:44 | The command at C:\Users\richa\Documents\GitHub\northern-lights-development-bot\commands\guild\tickets.js is missing a required "data" or "execute" property.
[INFO] 23:06:44 | Started refreshing 11 application (/) commands.
[INFO] 23:06:44 | Successfully reloaded 11 application (/) commands.
[DEBUG] 23:06:45 | Provided token: MTA4NTYxMjkzOTc3MzQ4NTE5MA.GZK5eK.**************************************
[DEBUG] 23:06:45 | Preparing to connect to the gateway...
[DEBUG] 23:06:45 | [WS => Manager] Fetched Gateway Information
    URL: wss://gateway.discord.gg
    Recommended Shards: 1
[DEBUG] 23:06:45 | [WS => Manager] Session Limit Information
    Total: 1000
    Remaining: 989
[DEBUG] 23:06:45 | [WS => Shard 0] Connecting to wss://gateway.discord.gg?v=10&encoding=json
[DEBUG] 23:06:45 | [WS => Shard 0] Waiting for event hello for 60000ms
[DEBUG] 23:06:45 | [WS => Shard 0] Preparing first heartbeat of the connection with a jitter of 0.9288334686122977; waiting 38314ms
[DEBUG] 23:06:45 | [WS => Shard 0] Waiting for identify throttle
[DEBUG] 23:06:45 | [WS => Shard 0] Identifying
	shard id: 0
	shard count: 1
	intents: 513
	compression: none
[DEBUG] 23:06:45 | [WS => Shard 0] Waiting for event ready for 15000ms
[DEBUG] 23:06:45 | [WS => Shard 0] Shard received all its guilds. Marking as fully ready.
[ERROR] 23:06:45 | File: ready.js | Error getting guild data: Error: Table 'northern_lights.guilds' doesn't exist
[WARNING] 23:08:28 | The command at C:\Users\richa\Documents\GitHub\northern-lights-development-bot\commands\guild\tickets.js is missing a required "data" or "execute" property.
[INFO] 23:08:28 | Started refreshing 11 application (/) commands.
[INFO] 23:08:28 | Successfully reloaded 11 application (/) commands.
[DEBUG] 23:08:29 | Provided token: MTA4NTYxMjkzOTc3MzQ4NTE5MA.GZK5eK.**************************************
[DEBUG] 23:08:29 | Preparing to connect to the gateway...
[DEBUG] 23:08:29 | [WS => Manager] Fetched Gateway Information
    URL: wss://gateway.discord.gg
    Recommended Shards: 1
[DEBUG] 23:08:29 | [WS => Manager] Session Limit Information
    Total: 1000
    Remaining: 988
[DEBUG] 23:08:29 | [WS => Shard 0] Connecting to wss://gateway.discord.gg?v=10&encoding=json
[DEBUG] 23:08:29 | [WS => Shard 0] Waiting for event hello for 60000ms
[DEBUG] 23:08:29 | [WS => Shard 0] Preparing first heartbeat of the connection with a jitter of 0.7359180615237269; waiting 30356ms
[DEBUG] 23:08:29 | [WS => Shard 0] Waiting for identify throttle
[DEBUG] 23:08:29 | [WS => Shard 0] Identifying
	shard id: 0
	shard count: 1
	intents: 513
	compression: none
[DEBUG] 23:08:29 | [WS => Shard 0] Waiting for event ready for 15000ms
[DEBUG] 23:08:29 | [WS => Shard 0] Shard received all its guilds. Marking as fully ready.
[DEBUG] 23:08:59 | [WS => Shard 0] First heartbeat sent, starting to beat every 41250ms
[DEBUG] 23:09:00 | [WS => Shard 0] Heartbeat acknowledged, latency of 127ms.
[DEBUG] 23:09:41 | [WS => Shard 0] Heartbeat acknowledged, latency of 127ms.
[DEBUG] 23:10:22 | [WS => Shard 0] Heartbeat acknowledged, latency of 129ms.
[DEBUG] 23:11:03 | [WS => Shard 0] Heartbeat acknowledged, latency of 122ms.
[DEBUG] 23:11:45 | [WS => Shard 0] Heartbeat acknowledged, latency of 133ms.
[DEBUG] 23:12:26 | [WS => Shard 0] Heartbeat acknowledged, latency of 122ms.
[DEBUG] 23:13:07 | [WS => Shard 0] Heartbeat acknowledged, latency of 124ms.
[DEBUG] 23:13:48 | [WS => Shard 0] Heartbeat acknowledged, latency of 128ms.
[DEBUG] 23:14:30 | [WS => Shard 0] Heartbeat acknowledged, latency of 133ms.
[DEBUG] 23:15:11 | [WS => Shard 0] Heartbeat acknowledged, latency of 131ms.
[COMMAND] 23:15:39 | megurre (324856872987262996) set the activity to Watching Low Country RP. with the status online
[DEBUG] 23:15:52 | [WS => Shard 0] Heartbeat acknowledged, latency of 126ms.
[DEBUG] 23:16:33 | [WS => Shard 0] Heartbeat acknowledged, latency of 121ms.
[DEBUG] 23:17:15 | [WS => Shard 0] Heartbeat acknowledged, latency of 125ms.
[DEBUG] 23:17:56 | [WS => Shard 0] Heartbeat acknowledged, latency of 126ms.
[MEMORY] 23:18:29 | 21.36 MB out of 24.09 MB
[CPU] 23:18:29 |  0.02 % used
[UPTIME] 23:18:29 | 0d 0h 10m 0s
[DEBUG] 23:18:37 | [WS => Shard 0] Heartbeat acknowledged, latency of 122ms.
[DEBUG] 23:19:18 | [WS => Shard 0] Heartbeat acknowledged, latency of 123ms.
[DEBUG] 23:20:00 | [WS => Shard 0] Heartbeat acknowledged, latency of 124ms.
[DEBUG] 23:20:41 | [WS => Shard 0] Heartbeat acknowledged, latency of 128ms.
[DEBUG] 23:21:22 | [WS => Shard 0] Heartbeat acknowledged, latency of 133ms.
[DEBUG] 23:22:03 | [WS => Shard 0] Heartbeat acknowledged, latency of 122ms.
[DEBUG] 23:22:45 | [WS => Shard 0] Heartbeat acknowledged, latency of 129ms.
[DEBUG] 23:23:26 | [WS => Shard 0] Heartbeat acknowledged, latency of 123ms.
[DEBUG] 23:24:07 | [WS => Shard 0] Heartbeat acknowledged, latency of 121ms.
[WARNING] 23:25:33 | The command at C:\Users\richa\Documents\GitHub\northern-lights-development-bot\commands\guild\tickets.js is missing a required "data" or "execute" property.
[INFO] 23:25:33 | Started refreshing 11 application (/) commands.
[INFO] 23:25:33 | Successfully reloaded 11 application (/) commands.
[DEBUG] 23:25:34 | Provided token: MTA4NTYxMjkzOTc3MzQ4NTE5MA.GZK5eK.**************************************
[DEBUG] 23:25:34 | Preparing to connect to the gateway...
[DEBUG] 23:25:34 | [WS => Manager] Fetched Gateway Information
    URL: wss://gateway.discord.gg
    Recommended Shards: 1
[DEBUG] 23:25:34 | [WS => Manager] Session Limit Information
    Total: 1000
    Remaining: 987
[DEBUG] 23:25:34 | [WS => Shard 0] Connecting to wss://gateway.discord.gg?v=10&encoding=json
[DEBUG] 23:25:34 | [WS => Shard 0] Waiting for event hello for 60000ms
[DEBUG] 23:25:34 | [WS => Shard 0] Preparing first heartbeat of the connection with a jitter of 0.8967205712812123; waiting 36989ms
[DEBUG] 23:25:34 | [WS => Shard 0] Waiting for identify throttle
[DEBUG] 23:25:34 | [WS => Shard 0] Identifying
	shard id: 0
	shard count: 1
	intents: 513
	compression: none
[DEBUG] 23:25:34 | [WS => Shard 0] Waiting for event ready for 15000ms
[DEBUG] 23:25:34 | [WS => Shard 0] Shard received all its guilds. Marking as fully ready.
[ERROR] 23:25:40 | ReferenceError: logFilePath is not defined
[DEBUG] 23:25:53 | Provided token: MTA4NTYxMjkzOTc3MzQ4NTE5MA.GZK5eK.**************************************
[DEBUG] 23:25:53 | Preparing to connect to the gateway...
[DEBUG] 23:25:54 | [WS => Manager] Fetched Gateway Information
    URL: wss://gateway.discord.gg
    Recommended Shards: 1
[DEBUG] 23:25:54 | [WS => Manager] Session Limit Information
    Total: 1000
    Remaining: 986
[DEBUG] 23:25:54 | [WS => Shard 0] Connecting to wss://gateway.discord.gg?v=10&encoding=json
[DEBUG] 23:25:54 | [WS => Shard 0] Waiting for event hello for 60000ms
[DEBUG] 23:25:54 | [WS => Shard 0] Preparing first heartbeat of the connection with a jitter of 0.620093300533; waiting 25578ms
[DEBUG] 23:25:54 | [WS => Shard 0] Waiting for identify throttle
[DEBUG] 23:25:54 | [WS => Shard 0] Identifying
	shard id: 0
	shard count: 1
	intents: 513
	compression: none
[DEBUG] 23:25:54 | [WS => Shard 0] Waiting for event ready for 15000ms
[DEBUG] 23:25:54 | [WS => Shard 0] Shard received all its guilds. Marking as fully ready.
[DEBUG] 23:26:19 | [WS => Shard 0] First heartbeat sent, starting to beat every 41250ms
[DEBUG] 23:26:19 | [WS => Shard 0] Heartbeat acknowledged, latency of 130ms.
[DEBUG] 23:27:01 | [WS => Shard 0] Heartbeat acknowledged, latency of 126ms.
[DEBUG] 23:27:42 | [WS => Shard 0] Heartbeat acknowledged, latency of 124ms.
