[WARNING] 01:57:39 | The command at C:\Users\richa\OneDrive - w6l3y\northern-lights-development-bot\commands\project\currentprojects.js is missing a required "data" or "execute" property.
[INFO] 01:57:39 | Started refreshing 8 application (/) commands.
[INFO] 01:57:39 | Successfully reloaded 8 application (/) commands.
[DEBUG] 01:57:40 | Provided token: MTA4NTYxMjkzOTc3MzQ4NTE5MA.GZK5eK.**************************************
[DEBUG] 01:57:40 | Preparing to connect to the gateway...
[DEBUG] 01:57:40 | [WS => Manager] Fetched Gateway Information
    URL: wss://gateway.discord.gg
    Recommended Shards: 1
[DEBUG] 01:57:40 | [WS => Manager] Session Limit Information
    Total: 1000
    Remaining: 1000
[DEBUG] 01:57:40 | [WS => Shard 0] Connecting to wss://gateway.discord.gg?v=10&encoding=json
[DEBUG] 01:57:40 | [WS => Shard 0] Waiting for event hello for 60000ms
[DEBUG] 01:57:40 | [WS => Shard 0] Preparing first heartbeat of the connection with a jitter of 0.6315291964866387; waiting 26050ms
[DEBUG] 01:57:40 | [WS => Shard 0] Waiting for identify throttle
[DEBUG] 01:57:40 | [WS => Shard 0] Identifying
	shard id: 0
	shard count: 1
	intents: 513
	compression: none
[DEBUG] 01:57:40 | [WS => Shard 0] Waiting for event ready for 15000ms
[DEBUG] 01:57:41 | [WS => Shard 0] Shard received all its guilds. Marking as fully ready.
[INFO] 01:57:51 | megurre (324856872987262996) connected to the database.
[INFO] 01:57:51 | megurre (324856872987262996) listed a todo from the database.
[DEBUG] 01:57:52 | Provided token: MTA4NTYxMjkzOTc3MzQ4NTE5MA.GZK5eK.**************************************
[DEBUG] 01:57:52 | Preparing to connect to the gateway...
[DEBUG] 01:57:52 | [WS => Manager] Fetched Gateway Information
    URL: wss://gateway.discord.gg
    Recommended Shards: 1
[DEBUG] 01:57:52 | [WS => Manager] Session Limit Information
    Total: 1000
    Remaining: 999
[DEBUG] 01:57:52 | [WS => Shard 0] Connecting to wss://gateway.discord.gg?v=10&encoding=json
[DEBUG] 01:57:52 | [WS => Shard 0] Waiting for event hello for 60000ms
[DEBUG] 01:57:52 | [WS => Shard 0] Preparing first heartbeat of the connection with a jitter of 0.5377995362348373; waiting 22184ms
[DEBUG] 01:57:52 | [WS => Shard 0] Waiting for identify throttle
[DEBUG] 01:57:52 | [WS => Shard 0] Identifying
	shard id: 0
	shard count: 1
	intents: 513
	compression: none
[DEBUG] 01:57:52 | [WS => Shard 0] Waiting for event ready for 15000ms
[DEBUG] 01:57:52 | [WS => Shard 0] Shard received all its guilds. Marking as fully ready.
[DEBUG] 01:58:14 | [WS => Shard 0] First heartbeat sent, starting to beat every 41250ms
[DEBUG] 01:58:14 | [WS => Shard 0] Heartbeat acknowledged, latency of 119ms.
[WARNING] 01:58:47 | The command at C:\Users\richa\OneDrive - w6l3y\northern-lights-development-bot\commands\project\currentprojects.js is missing a required "data" or "execute" property.
[INFO] 01:58:47 | Started refreshing 8 application (/) commands.
[INFO] 01:58:47 | Successfully reloaded 8 application (/) commands.
[DEBUG] 01:58:48 | Provided token: MTA4NTYxMjkzOTc3MzQ4NTE5MA.GZK5eK.**************************************
[DEBUG] 01:58:48 | Preparing to connect to the gateway...
[DEBUG] 01:58:48 | [WS => Manager] Fetched Gateway Information
    URL: wss://gateway.discord.gg
    Recommended Shards: 1
[DEBUG] 01:58:48 | [WS => Manager] Session Limit Information
    Total: 1000
    Remaining: 998
[DEBUG] 01:58:48 | [WS => Shard 0] Connecting to wss://gateway.discord.gg?v=10&encoding=json
[DEBUG] 01:58:48 | [WS => Shard 0] Waiting for event hello for 60000ms
[DEBUG] 01:58:48 | [WS => Shard 0] Preparing first heartbeat of the connection with a jitter of 0.4728743339852364; waiting 19506ms
[DEBUG] 01:58:48 | [WS => Shard 0] Waiting for identify throttle
[DEBUG] 01:58:48 | [WS => Shard 0] Identifying
	shard id: 0
	shard count: 1
	intents: 513
	compression: none
[DEBUG] 01:58:48 | [WS => Shard 0] Waiting for event ready for 15000ms
[DEBUG] 01:58:49 | [WS => Shard 0] Shard received all its guilds. Marking as fully ready.
[INFO] 01:58:50 | megurre (324856872987262996) connected to the database.
[INFO] 01:58:50 | megurre (324856872987262996) listed a todo from the database.
[DEBUG] 01:58:51 | Provided token: MTA4NTYxMjkzOTc3MzQ4NTE5MA.GZK5eK.**************************************
[DEBUG] 01:58:51 | Preparing to connect to the gateway...
[DEBUG] 01:58:52 | [WS => Manager] Fetched Gateway Information
    URL: wss://gateway.discord.gg
    Recommended Shards: 1
[DEBUG] 01:58:52 | [WS => Manager] Session Limit Information
    Total: 1000
    Remaining: 997
[DEBUG] 01:58:52 | [WS => Shard 0] Connecting to wss://gateway.discord.gg?v=10&encoding=json
[DEBUG] 01:58:52 | [WS => Shard 0] Waiting for event hello for 60000ms
[DEBUG] 01:58:53 | [WS => Shard 0] Preparing first heartbeat of the connection with a jitter of 0.8680713036014676; waiting 35807ms
[DEBUG] 01:58:53 | [WS => Shard 0] Waiting for identify throttle
[DEBUG] 01:58:53 | [WS => Shard 0] Identifying
	shard id: 0
	shard count: 1
	intents: 513
	compression: none
[DEBUG] 01:58:53 | [WS => Shard 0] Waiting for event ready for 15000ms
[DEBUG] 01:58:53 | [WS => Shard 0] Shard received all its guilds. Marking as fully ready.
[DEBUG] 01:59:28 | [WS => Shard 0] First heartbeat sent, starting to beat every 41250ms
[DEBUG] 01:59:28 | [WS => Shard 0] Heartbeat acknowledged, latency of 121ms.
[DEBUG] 02:00:10 | [WS => Shard 0] Heartbeat acknowledged, latency of 120ms.
[DEBUG] 02:00:51 | [WS => Shard 0] Heartbeat acknowledged, latency of 120ms.
[WARNING] 02:01:11 | The command at C:\Users\richa\OneDrive - w6l3y\northern-lights-development-bot\commands\project\currentprojects.js is missing a required "data" or "execute" property.
[INFO] 02:01:11 | Started refreshing 8 application (/) commands.
[INFO] 02:01:11 | Successfully reloaded 8 application (/) commands.
[DEBUG] 02:01:12 | Provided token: MTA4NTYxMjkzOTc3MzQ4NTE5MA.GZK5eK.**************************************
[DEBUG] 02:01:12 | Preparing to connect to the gateway...
[DEBUG] 02:01:12 | [WS => Manager] Fetched Gateway Information
    URL: wss://gateway.discord.gg
    Recommended Shards: 1
[DEBUG] 02:01:12 | [WS => Manager] Session Limit Information
    Total: 1000
    Remaining: 996
[DEBUG] 02:01:12 | [WS => Shard 0] Connecting to wss://gateway.discord.gg?v=10&encoding=json
[DEBUG] 02:01:12 | [WS => Shard 0] Waiting for event hello for 60000ms
[DEBUG] 02:01:12 | [WS => Shard 0] Preparing first heartbeat of the connection with a jitter of 0.6762866252332997; waiting 27896ms
[DEBUG] 02:01:12 | [WS => Shard 0] Waiting for identify throttle
[DEBUG] 02:01:12 | [WS => Shard 0] Identifying
	shard id: 0
	shard count: 1
	intents: 513
	compression: none
[DEBUG] 02:01:12 | [WS => Shard 0] Waiting for event ready for 15000ms
[DEBUG] 02:01:13 | [WS => Shard 0] Shard received all its guilds. Marking as fully ready.
[INFO] 02:01:14 | megurre (324856872987262996) connected to the database.
[INFO] 02:01:14 | megurre (324856872987262996) listed a todo from the database.
[DEBUG] 02:01:15 | Provided token: MTA4NTYxMjkzOTc3MzQ4NTE5MA.GZK5eK.**************************************
[DEBUG] 02:01:15 | Preparing to connect to the gateway...
[DEBUG] 02:01:16 | [WS => Manager] Fetched Gateway Information
    URL: wss://gateway.discord.gg
    Recommended Shards: 1
[DEBUG] 02:01:16 | [WS => Manager] Session Limit Information
    Total: 1000
    Remaining: 995
[DEBUG] 02:01:16 | [WS => Shard 0] Connecting to wss://gateway.discord.gg?v=10&encoding=json
[DEBUG] 02:01:16 | [WS => Shard 0] Waiting for event hello for 60000ms
[DEBUG] 02:01:17 | [WS => Shard 0] Preparing first heartbeat of the connection with a jitter of 0.28379375737545876; waiting 11706ms
[DEBUG] 02:01:17 | [WS => Shard 0] Waiting for identify throttle
[DEBUG] 02:01:17 | [WS => Shard 0] Identifying
	shard id: 0
	shard count: 1
	intents: 513
	compression: none
[DEBUG] 02:01:17 | [WS => Shard 0] Waiting for event ready for 15000ms
[DEBUG] 02:01:17 | [WS => Shard 0] Shard received all its guilds. Marking as fully ready.
[DEBUG] 02:01:28 | [WS => Shard 0] First heartbeat sent, starting to beat every 41250ms
[DEBUG] 02:01:28 | [WS => Shard 0] Heartbeat acknowledged, latency of 120ms.
[WARNING] 02:02:02 | The command at C:\Users\richa\OneDrive - w6l3y\northern-lights-development-bot\commands\project\currentprojects.js is missing a required "data" or "execute" property.
[INFO] 02:02:02 | Started refreshing 8 application (/) commands.
[INFO] 02:02:02 | Successfully reloaded 8 application (/) commands.
[DEBUG] 02:02:03 | Provided token: MTA4NTYxMjkzOTc3MzQ4NTE5MA.GZK5eK.**************************************
[DEBUG] 02:02:03 | Preparing to connect to the gateway...
[DEBUG] 02:02:03 | [WS => Manager] Fetched Gateway Information
    URL: wss://gateway.discord.gg
    Recommended Shards: 1
[DEBUG] 02:02:03 | [WS => Manager] Session Limit Information
    Total: 1000
    Remaining: 994
[DEBUG] 02:02:03 | [WS => Shard 0] Connecting to wss://gateway.discord.gg?v=10&encoding=json
[DEBUG] 02:02:03 | [WS => Shard 0] Waiting for event hello for 60000ms
[DEBUG] 02:02:03 | [WS => Shard 0] Preparing first heartbeat of the connection with a jitter of 0.2648778154861524; waiting 10926ms
[DEBUG] 02:02:03 | [WS => Shard 0] Waiting for identify throttle
[DEBUG] 02:02:03 | [WS => Shard 0] Identifying
	shard id: 0
	shard count: 1
	intents: 513
	compression: none
[DEBUG] 02:02:03 | [WS => Shard 0] Waiting for event ready for 15000ms
[DEBUG] 02:02:04 | [WS => Shard 0] Shard received all its guilds. Marking as fully ready.
[INFO] 02:02:05 | megurre (324856872987262996) connected to the database.
[INFO] 02:02:05 | megurre (324856872987262996) listed a todo from the database.
[DEBUG] 02:02:06 | Provided token: MTA4NTYxMjkzOTc3MzQ4NTE5MA.GZK5eK.**************************************
[DEBUG] 02:02:06 | Preparing to connect to the gateway...
[DEBUG] 02:02:07 | [WS => Manager] Fetched Gateway Information
    URL: wss://gateway.discord.gg
    Recommended Shards: 1
[DEBUG] 02:02:07 | [WS => Manager] Session Limit Information
    Total: 1000
    Remaining: 993
[DEBUG] 02:02:07 | [WS => Shard 0] Connecting to wss://gateway.discord.gg?v=10&encoding=json
[DEBUG] 02:02:07 | [WS => Shard 0] Waiting for event hello for 60000ms
[DEBUG] 02:02:08 | [WS => Shard 0] Preparing first heartbeat of the connection with a jitter of 0.27544674276478553; waiting 11362ms
[DEBUG] 02:02:08 | [WS => Shard 0] Waiting for identify throttle
[DEBUG] 02:02:08 | [WS => Shard 0] Identifying
	shard id: 0
	shard count: 1
	intents: 513
	compression: none
[DEBUG] 02:02:08 | [WS => Shard 0] Waiting for event ready for 15000ms
[DEBUG] 02:02:08 | [WS => Shard 0] Shard received all its guilds. Marking as fully ready.
[DEBUG] 02:02:19 | [WS => Shard 0] First heartbeat sent, starting to beat every 41250ms
[DEBUG] 02:02:19 | [WS => Shard 0] Heartbeat acknowledged, latency of 122ms.
[DEBUG] 02:03:00 | [WS => Shard 0] Heartbeat acknowledged, latency of 121ms.
[WARNING] 02:03:26 | The command at C:\Users\richa\OneDrive - w6l3y\northern-lights-development-bot\commands\project\currentprojects.js is missing a required "data" or "execute" property.
[INFO] 02:03:26 | Started refreshing 8 application (/) commands.
[INFO] 02:03:27 | Successfully reloaded 8 application (/) commands.
[DEBUG] 02:03:27 | Provided token: MTA4NTYxMjkzOTc3MzQ4NTE5MA.GZK5eK.**************************************
[DEBUG] 02:03:27 | Preparing to connect to the gateway...
[DEBUG] 02:03:27 | [WS => Manager] Fetched Gateway Information
    URL: wss://gateway.discord.gg
    Recommended Shards: 1
[DEBUG] 02:03:27 | [WS => Manager] Session Limit Information
    Total: 1000
    Remaining: 992
[DEBUG] 02:03:27 | [WS => Shard 0] Connecting to wss://gateway.discord.gg?v=10&encoding=json
[DEBUG] 02:03:27 | [WS => Shard 0] Waiting for event hello for 60000ms
[DEBUG] 02:03:28 | [WS => Shard 0] Preparing first heartbeat of the connection with a jitter of 0.22368370131887305; waiting 9226ms
[DEBUG] 02:03:28 | [WS => Shard 0] Waiting for identify throttle
[DEBUG] 02:03:28 | [WS => Shard 0] Identifying
	shard id: 0
	shard count: 1
	intents: 513
	compression: none
[DEBUG] 02:03:28 | [WS => Shard 0] Waiting for event ready for 15000ms
[DEBUG] 02:03:28 | [WS => Shard 0] Shard received all its guilds. Marking as fully ready.
[INFO] 02:03:30 | megurre (324856872987262996) connected to the database.
[INFO] 02:03:30 | megurre (324856872987262996) listed a todo from the database.
[DEBUG] 02:03:31 | Provided token: MTA4NTYxMjkzOTc3MzQ4NTE5MA.GZK5eK.**************************************
[DEBUG] 02:03:31 | Preparing to connect to the gateway...
[DEBUG] 02:03:32 | [WS => Manager] Fetched Gateway Information
    URL: wss://gateway.discord.gg
    Recommended Shards: 1
[DEBUG] 02:03:32 | [WS => Manager] Session Limit Information
    Total: 1000
    Remaining: 991
[DEBUG] 02:03:32 | [WS => Shard 0] Connecting to wss://gateway.discord.gg?v=10&encoding=json
[DEBUG] 02:03:32 | [WS => Shard 0] Waiting for event hello for 60000ms
[DEBUG] 02:03:32 | [WS => Shard 0] Preparing first heartbeat of the connection with a jitter of 0.6344669138105654; waiting 26171ms
[DEBUG] 02:03:32 | [WS => Shard 0] Waiting for identify throttle
[DEBUG] 02:03:32 | [WS => Shard 0] Identifying
	shard id: 0
	shard count: 1
	intents: 513
	compression: none
[DEBUG] 02:03:32 | [WS => Shard 0] Waiting for event ready for 15000ms
[DEBUG] 02:03:32 | [WS => Shard 0] Shard received all its guilds. Marking as fully ready.
[DEBUG] 02:03:58 | [WS => Shard 0] First heartbeat sent, starting to beat every 41250ms
[DEBUG] 02:03:58 | [WS => Shard 0] Heartbeat acknowledged, latency of 120ms.
[DEBUG] 02:04:39 | [WS => Shard 0] Heartbeat acknowledged, latency of 129ms.
[DEBUG] 02:05:21 | [WS => Shard 0] Heartbeat acknowledged, latency of 123ms.
[DEBUG] 02:06:02 | [WS => Shard 0] Heartbeat acknowledged, latency of 123ms.
[DEBUG] 02:06:43 | [WS => Shard 0] Heartbeat acknowledged, latency of 121ms.
[DEBUG] 02:07:24 | [WS => Shard 0] Heartbeat acknowledged, latency of 122ms.
[WARNING] 02:07:58 | The command at C:\Users\richa\OneDrive - w6l3y\northern-lights-development-bot\commands\project\currentprojects.js is missing a required "data" or "execute" property.
[INFO] 02:07:58 | Started refreshing 8 application (/) commands.
[INFO] 02:07:59 | Successfully reloaded 8 application (/) commands.
[DEBUG] 02:07:59 | Provided token: MTA4NTYxMjkzOTc3MzQ4NTE5MA.GZK5eK.**************************************
[DEBUG] 02:07:59 | Preparing to connect to the gateway...
[DEBUG] 02:08:00 | [WS => Manager] Fetched Gateway Information
    URL: wss://gateway.discord.gg
    Recommended Shards: 1
[DEBUG] 02:08:00 | [WS => Manager] Session Limit Information
    Total: 1000
    Remaining: 990
[DEBUG] 02:08:00 | [WS => Shard 0] Connecting to wss://gateway.discord.gg?v=10&encoding=json
[DEBUG] 02:08:00 | [WS => Shard 0] Waiting for event hello for 60000ms
[DEBUG] 02:08:00 | [WS => Shard 0] Preparing first heartbeat of the connection with a jitter of 0.1855188368814975; waiting 7652ms
[DEBUG] 02:08:00 | [WS => Shard 0] Waiting for identify throttle
[DEBUG] 02:08:00 | [WS => Shard 0] Identifying
	shard id: 0
	shard count: 1
	intents: 513
	compression: none
[DEBUG] 02:08:00 | [WS => Shard 0] Waiting for event ready for 15000ms
[DEBUG] 02:08:00 | [WS => Shard 0] Shard received all its guilds. Marking as fully ready.
[INFO] 02:08:03 | megurre (324856872987262996) connected to the database.
[INFO] 02:08:03 | megurre (324856872987262996) listed a todo from the database.
[DEBUG] 02:08:04 | Provided token: MTA4NTYxMjkzOTc3MzQ4NTE5MA.GZK5eK.**************************************
[DEBUG] 02:08:04 | Preparing to connect to the gateway...
[DEBUG] 02:08:04 | [WS => Manager] Fetched Gateway Information
    URL: wss://gateway.discord.gg
    Recommended Shards: 1
[DEBUG] 02:08:04 | [WS => Manager] Session Limit Information
    Total: 1000
    Remaining: 989
[DEBUG] 02:08:04 | [WS => Shard 0] Connecting to wss://gateway.discord.gg?v=10&encoding=json
[DEBUG] 02:08:04 | [WS => Shard 0] Waiting for event hello for 60000ms
[DEBUG] 02:08:05 | [WS => Shard 0] Preparing first heartbeat of the connection with a jitter of 0.9490317502929075; waiting 39147ms
[DEBUG] 02:08:05 | [WS => Shard 0] Waiting for identify throttle
[DEBUG] 02:08:05 | [WS => Shard 0] Identifying
	shard id: 0
	shard count: 1
	intents: 513
	compression: none
[DEBUG] 02:08:05 | [WS => Shard 0] Waiting for event ready for 15000ms
[DEBUG] 02:08:05 | [WS => Shard 0] Shard received all its guilds. Marking as fully ready.
[DEBUG] 02:08:44 | [WS => Shard 0] First heartbeat sent, starting to beat every 41250ms
[DEBUG] 02:08:44 | [WS => Shard 0] Heartbeat acknowledged, latency of 121ms.
[WARNING] 02:09:19 | The command at C:\Users\richa\OneDrive - w6l3y\northern-lights-development-bot\commands\project\currentprojects.js is missing a required "data" or "execute" property.
[INFO] 02:09:19 | Started refreshing 8 application (/) commands.
[INFO] 02:09:20 | Successfully reloaded 8 application (/) commands.
[DEBUG] 02:09:20 | Provided token: MTA4NTYxMjkzOTc3MzQ4NTE5MA.GZK5eK.**************************************
[DEBUG] 02:09:20 | Preparing to connect to the gateway...
[DEBUG] 02:09:21 | [WS => Manager] Fetched Gateway Information
    URL: wss://gateway.discord.gg
    Recommended Shards: 1
[DEBUG] 02:09:21 | [WS => Manager] Session Limit Information
    Total: 1000
    Remaining: 988
[DEBUG] 02:09:21 | [WS => Shard 0] Connecting to wss://gateway.discord.gg?v=10&encoding=json
[DEBUG] 02:09:21 | [WS => Shard 0] Waiting for event hello for 60000ms
[DEBUG] 02:09:21 | [WS => Shard 0] Preparing first heartbeat of the connection with a jitter of 0.31447183334807116; waiting 12971ms
[DEBUG] 02:09:21 | [WS => Shard 0] Waiting for identify throttle
[DEBUG] 02:09:21 | [WS => Shard 0] Identifying
	shard id: 0
	shard count: 1
	intents: 513
	compression: none
[DEBUG] 02:09:21 | [WS => Shard 0] Waiting for event ready for 15000ms
[DEBUG] 02:09:21 | [WS => Shard 0] Shard received all its guilds. Marking as fully ready.
[INFO] 02:09:24 | megurre (324856872987262996) connected to the database.
[INFO] 02:09:24 | megurre (324856872987262996) listed a todo from the database.
[DEBUG] 02:09:25 | Provided token: MTA4NTYxMjkzOTc3MzQ4NTE5MA.GZK5eK.**************************************
[DEBUG] 02:09:25 | Preparing to connect to the gateway...
[DEBUG] 02:09:25 | [WS => Manager] Fetched Gateway Information
    URL: wss://gateway.discord.gg
    Recommended Shards: 1
[DEBUG] 02:09:25 | [WS => Manager] Session Limit Information
    Total: 1000
    Remaining: 987
[DEBUG] 02:09:25 | [WS => Shard 0] Connecting to wss://gateway.discord.gg?v=10&encoding=json
[DEBUG] 02:09:25 | [WS => Shard 0] Waiting for event hello for 60000ms
[DEBUG] 02:09:25 | [WS => Shard 0] Preparing first heartbeat of the connection with a jitter of 0.7943359001718071; waiting 32766ms
[DEBUG] 02:09:25 | [WS => Shard 0] Waiting for identify throttle
[DEBUG] 02:09:25 | [WS => Shard 0] Identifying
	shard id: 0
	shard count: 1
	intents: 513
	compression: none
[DEBUG] 02:09:25 | [WS => Shard 0] Waiting for event ready for 15000ms
[DEBUG] 02:09:26 | [WS => Shard 0] Shard received all its guilds. Marking as fully ready.
[DEBUG] 02:09:58 | [WS => Shard 0] First heartbeat sent, starting to beat every 41250ms
[DEBUG] 02:09:58 | [WS => Shard 0] Heartbeat acknowledged, latency of 121ms.
[DEBUG] 02:10:40 | [WS => Shard 0] Heartbeat acknowledged, latency of 120ms.
[WARNING] 02:10:52 | The command at C:\Users\richa\OneDrive - w6l3y\northern-lights-development-bot\commands\project\currentprojects.js is missing a required "data" or "execute" property.
[INFO] 02:10:53 | Started refreshing 8 application (/) commands.
[INFO] 02:10:53 | Successfully reloaded 8 application (/) commands.
[DEBUG] 02:10:54 | Provided token: MTA4NTYxMjkzOTc3MzQ4NTE5MA.GZK5eK.**************************************
[DEBUG] 02:10:54 | Preparing to connect to the gateway...
[DEBUG] 02:10:54 | [WS => Manager] Fetched Gateway Information
    URL: wss://gateway.discord.gg
    Recommended Shards: 1
[DEBUG] 02:10:54 | [WS => Manager] Session Limit Information
    Total: 1000
    Remaining: 986
[DEBUG] 02:10:54 | [WS => Shard 0] Connecting to wss://gateway.discord.gg?v=10&encoding=json
[DEBUG] 02:10:54 | [WS => Shard 0] Waiting for event hello for 60000ms
[DEBUG] 02:10:54 | [WS => Shard 0] Preparing first heartbeat of the connection with a jitter of 0.8025076663562263; waiting 33103ms
[DEBUG] 02:10:54 | [WS => Shard 0] Waiting for identify throttle
[DEBUG] 02:10:54 | [WS => Shard 0] Identifying
	shard id: 0
	shard count: 1
	intents: 513
	compression: none
[DEBUG] 02:10:54 | [WS => Shard 0] Waiting for event ready for 15000ms
[DEBUG] 02:10:54 | [WS => Shard 0] Shard received all its guilds. Marking as fully ready.
[INFO] 02:10:56 | megurre (324856872987262996) connected to the database.
[INFO] 02:10:56 | megurre (324856872987262996) listed a todo from the database.
[DEBUG] 02:11:27 | [WS => Shard 0] First heartbeat sent, starting to beat every 41250ms
[DEBUG] 02:11:27 | [WS => Shard 0] Heartbeat acknowledged, latency of 122ms.
[DEBUG] 02:12:09 | [WS => Shard 0] Heartbeat acknowledged, latency of 121ms.
[DEBUG] 02:12:50 | [WS => Shard 0] Heartbeat acknowledged, latency of 121ms.
[WARNING] 02:13:30 | The command at C:\Users\richa\OneDrive - w6l3y\northern-lights-development-bot\commands\project\currentprojects.js is missing a required "data" or "execute" property.
[INFO] 02:13:30 | Started refreshing 8 application (/) commands.
[INFO] 02:13:31 | Successfully reloaded 8 application (/) commands.
[DEBUG] 02:13:31 | Provided token: MTA4NTYxMjkzOTc3MzQ4NTE5MA.GZK5eK.**************************************
[DEBUG] 02:13:31 | Preparing to connect to the gateway...
[WARNING] 02:16:44 | The command at C:\Users\richa\OneDrive - w6l3y\northern-lights-development-bot\commands\project\currentprojects.js is missing a required "data" or "execute" property.
[INFO] 02:16:44 | Started refreshing 8 application (/) commands.
[INFO] 02:16:44 | Successfully reloaded 8 application (/) commands.
[DEBUG] 02:16:45 | Provided token: MTA4NTYxMjkzOTc3MzQ4NTE5MA.GZK5eK.**************************************
[DEBUG] 02:16:45 | Preparing to connect to the gateway...
[DEBUG] 02:16:45 | [WS => Manager] Fetched Gateway Information
    URL: wss://gateway.discord.gg
    Recommended Shards: 1
[DEBUG] 02:16:45 | [WS => Manager] Session Limit Information
    Total: 1000
    Remaining: 985
[DEBUG] 02:16:45 | [WS => Shard 0] Connecting to wss://gateway.discord.gg?v=10&encoding=json
[DEBUG] 02:16:45 | [WS => Shard 0] Waiting for event hello for 60000ms
[DEBUG] 02:16:45 | [WS => Shard 0] Preparing first heartbeat of the connection with a jitter of 0.18934846792901872; waiting 7810ms
[DEBUG] 02:16:45 | [WS => Shard 0] Waiting for identify throttle
[DEBUG] 02:16:45 | [WS => Shard 0] Identifying
	shard id: 0
	shard count: 1
	intents: 513
	compression: none
[DEBUG] 02:16:45 | [WS => Shard 0] Waiting for event ready for 15000ms
[DEBUG] 02:16:45 | [WS => Shard 0] Shard received all its guilds. Marking as fully ready.
[DEBUG] 02:16:53 | [WS => Shard 0] First heartbeat sent, starting to beat every 41250ms
[DEBUG] 02:16:53 | [WS => Shard 0] Heartbeat acknowledged, latency of 122ms.
[INFO] 02:17:01 | megurre (324856872987262996) connected to the database.
[INFO] 02:17:01 | megurre (324856872987262996) cleared a todo from the database.
[INFO] 02:17:07 | megurre (324856872987262996) connected to the database.
[INFO] 02:17:07 | megurre (324856872987262996) listed a todo from the database.
[DEBUG] 02:17:34 | [WS => Shard 0] Heartbeat acknowledged, latency of 121ms.
[DEBUG] 02:18:16 | [WS => Shard 0] Heartbeat acknowledged, latency of 123ms.
[DEBUG] 02:18:57 | [WS => Shard 0] Heartbeat acknowledged, latency of 122ms.
[DEBUG] 02:19:38 | [WS => Shard 0] Heartbeat acknowledged, latency of 122ms.
[DEBUG] 02:20:19 | [WS => Shard 0] Heartbeat acknowledged, latency of 122ms.
[DEBUG] 02:21:01 | [WS => Shard 0] Heartbeat acknowledged, latency of 122ms.
[DEBUG] 02:21:42 | [WS => Shard 0] Heartbeat acknowledged, latency of 122ms.
[DEBUG] 02:22:23 | [WS => Shard 0] Heartbeat acknowledged, latency of 122ms.
[DEBUG] 02:23:04 | [WS => Shard 0] Heartbeat acknowledged, latency of 121ms.
[DEBUG] 02:23:46 | [WS => Shard 0] Heartbeat acknowledged, latency of 128ms.
[DEBUG] 02:24:27 | [WS => Shard 0] Heartbeat acknowledged, latency of 123ms.
[DEBUG] 02:25:08 | [WS => Shard 0] Heartbeat acknowledged, latency of 123ms.
[DEBUG] 02:25:49 | [WS => Shard 0] Heartbeat acknowledged, latency of 122ms.
[DEBUG] 02:26:31 | [WS => Shard 0] Heartbeat acknowledged, latency of 123ms.
[MEMORY] 02:26:45 | 18.10 MB out of 20.14 MB
[CPU] 02:26:45 |  0.01 % used
[UPTIME] 02:26:45 | 0d 0h 10m 0s
[DEBUG] 02:27:12 | [WS => Shard 0] Heartbeat acknowledged, latency of 124ms.
[DEBUG] 02:27:53 | [WS => Shard 0] Heartbeat acknowledged, latency of 152ms.
[DEBUG] 02:28:34 | [WS => Shard 0] Heartbeat acknowledged, latency of 123ms.
[DEBUG] 02:29:16 | [WS => Shard 0] Heartbeat acknowledged, latency of 122ms.
[DEBUG] 02:29:57 | [WS => Shard 0] Heartbeat acknowledged, latency of 121ms.
[DEBUG] 02:30:38 | [WS => Shard 0] Heartbeat acknowledged, latency of 123ms.
[DEBUG] 02:31:19 | [WS => Shard 0] Heartbeat acknowledged, latency of 126ms.
[DEBUG] 02:32:01 | [WS => Shard 0] Heartbeat acknowledged, latency of 123ms.
[DEBUG] 02:32:42 | [WS => Shard 0] Heartbeat acknowledged, latency of 121ms.
[DEBUG] 02:33:23 | [WS => Shard 0] Heartbeat acknowledged, latency of 123ms.
[DEBUG] 02:34:04 | [WS => Shard 0] Heartbeat acknowledged, latency of 122ms.
[DEBUG] 02:34:46 | [WS => Shard 0] Heartbeat acknowledged, latency of 122ms.
[DEBUG] 02:35:27 | [WS => Shard 0] Heartbeat acknowledged, latency of 131ms.
[DEBUG] 02:36:08 | [WS => Shard 0] Heartbeat acknowledged, latency of 121ms.
[MEMORY] 02:36:45 | 18.05 MB out of 19.39 MB
[CPU] 02:36:45 |  0.01 % used
[UPTIME] 02:36:45 | 0d 0h 20m 0s
[DEBUG] 02:36:49 | [WS => Shard 0] Heartbeat acknowledged, latency of 121ms.
[DEBUG] 02:37:31 | [WS => Shard 0] Heartbeat acknowledged, latency of 121ms.
[DEBUG] 02:38:12 | [WS => Shard 0] Heartbeat acknowledged, latency of 122ms.
[DEBUG] 02:38:53 | [WS => Shard 0] Heartbeat acknowledged, latency of 121ms.
[DEBUG] 02:39:34 | [WS => Shard 0] Heartbeat acknowledged, latency of 121ms.
[DEBUG] 02:40:16 | [WS => Shard 0] Heartbeat acknowledged, latency of 124ms.
[DEBUG] 02:40:57 | [WS => Shard 0] Heartbeat acknowledged, latency of 126ms.
[DEBUG] 02:41:38 | [WS => Shard 0] Heartbeat acknowledged, latency of 122ms.
[DEBUG] 02:42:19 | [WS => Shard 0] Heartbeat acknowledged, latency of 126ms.
[DEBUG] 02:43:01 | [WS => Shard 0] Heartbeat acknowledged, latency of 123ms.
[DEBUG] 02:43:42 | [WS => Shard 0] Heartbeat acknowledged, latency of 121ms.
[DEBUG] 02:44:23 | [WS => Shard 0] Heartbeat acknowledged, latency of 121ms.
[DEBUG] 02:45:04 | [WS => Shard 0] Heartbeat acknowledged, latency of 121ms.
[DEBUG] 02:45:46 | [WS => Shard 0] Heartbeat acknowledged, latency of 126ms.
[DEBUG] 02:46:27 | [WS => Shard 0] Heartbeat acknowledged, latency of 127ms.
[MEMORY] 02:46:45 | 18.49 MB out of 19.39 MB
[CPU] 02:46:45 |  0.01 % used
[UPTIME] 02:46:45 | 0d 0h 30m 0s
[DEBUG] 02:47:08 | [WS => Shard 0] Heartbeat acknowledged, latency of 121ms.
[DEBUG] 02:47:49 | [WS => Shard 0] Heartbeat acknowledged, latency of 121ms.
[DEBUG] 02:48:31 | [WS => Shard 0] Heartbeat acknowledged, latency of 123ms.
[DEBUG] 02:49:12 | [WS => Shard 0] Heartbeat acknowledged, latency of 121ms.
[DEBUG] 02:49:53 | [WS => Shard 0] Heartbeat acknowledged, latency of 122ms.
[DEBUG] 02:50:34 | [WS => Shard 0] Heartbeat acknowledged, latency of 122ms.
[DEBUG] 02:51:16 | [WS => Shard 0] Heartbeat acknowledged, latency of 122ms.
[DEBUG] 02:51:57 | [WS => Shard 0] Heartbeat acknowledged, latency of 121ms.
[DEBUG] 02:52:38 | [WS => Shard 0] Heartbeat acknowledged, latency of 122ms.
[DEBUG] 02:53:19 | [WS => Shard 0] Heartbeat acknowledged, latency of 124ms.
[DEBUG] 02:54:01 | [WS => Shard 0] Heartbeat acknowledged, latency of 121ms.
[DEBUG] 02:54:42 | [WS => Shard 0] Heartbeat acknowledged, latency of 122ms.
[DEBUG] 02:55:23 | [WS => Shard 0] Heartbeat acknowledged, latency of 122ms.
[DEBUG] 02:56:04 | [WS => Shard 0] Heartbeat acknowledged, latency of 121ms.
[MEMORY] 02:56:45 | 17.94 MB out of 19.39 MB
[CPU] 02:56:45 |  0.01 % used
[UPTIME] 02:56:45 | 0d 0h 40m 0s
[DEBUG] 02:56:46 | [WS => Shard 0] Heartbeat acknowledged, latency of 126ms.
[DEBUG] 02:57:27 | [WS => Shard 0] Heartbeat acknowledged, latency of 121ms.
[DEBUG] 02:58:08 | [WS => Shard 0] Heartbeat acknowledged, latency of 130ms.
[DEBUG] 02:58:49 | [WS => Shard 0] Heartbeat acknowledged, latency of 122ms.
[DEBUG] 02:59:31 | [WS => Shard 0] Heartbeat acknowledged, latency of 121ms.
[DEBUG] 03:00:12 | [WS => Shard 0] Heartbeat acknowledged, latency of 121ms.
[DEBUG] 03:00:53 | [WS => Shard 0] Heartbeat acknowledged, latency of 121ms.
[DEBUG] 03:01:34 | [WS => Shard 0] Heartbeat acknowledged, latency of 130ms.
[DEBUG] 03:02:16 | [WS => Shard 0] Heartbeat acknowledged, latency of 121ms.
[DEBUG] 03:02:57 | [WS => Shard 0] Heartbeat acknowledged, latency of 121ms.
[DEBUG] 03:03:38 | [WS => Shard 0] Heartbeat acknowledged, latency of 121ms.
[DEBUG] 03:04:19 | [WS => Shard 0] Heartbeat acknowledged, latency of 122ms.
[DEBUG] 03:05:01 | [WS => Shard 0] Heartbeat acknowledged, latency of 122ms.
[DEBUG] 03:05:42 | [WS => Shard 0] Heartbeat acknowledged, latency of 125ms.
[DEBUG] 03:06:23 | [WS => Shard 0] Heartbeat acknowledged, latency of 122ms.
[MEMORY] 03:06:45 | 18.34 MB out of 19.39 MB
[CPU] 03:06:45 |  0.01 % used
[UPTIME] 03:06:45 | 0d 0h 50m 0s
[DEBUG] 03:07:04 | [WS => Shard 0] Heartbeat acknowledged, latency of 135ms.
[DEBUG] 03:07:46 | [WS => Shard 0] Heartbeat acknowledged, latency of 122ms.
[DEBUG] 03:08:27 | [WS => Shard 0] Heartbeat acknowledged, latency of 120ms.
[DEBUG] 03:09:08 | [WS => Shard 0] Heartbeat acknowledged, latency of 122ms.
[DEBUG] 03:09:49 | [WS => Shard 0] Heartbeat acknowledged, latency of 122ms.
[DEBUG] 03:10:31 | [WS => Shard 0] Heartbeat acknowledged, latency of 121ms.
[DEBUG] 03:11:12 | [WS => Shard 0] Heartbeat acknowledged, latency of 121ms.
[DEBUG] 03:11:53 | [WS => Shard 0] Heartbeat acknowledged, latency of 121ms.
[DEBUG] 03:12:34 | [WS => Shard 0] Heartbeat acknowledged, latency of 122ms.
[DEBUG] 03:13:16 | [WS => Shard 0] Heartbeat acknowledged, latency of 121ms.
[DEBUG] 03:13:57 | [WS => Shard 0] Heartbeat acknowledged, latency of 121ms.
[DEBUG] 03:14:38 | [WS => Shard 0] Heartbeat acknowledged, latency of 121ms.
[DEBUG] 03:15:19 | [WS => Shard 0] Heartbeat acknowledged, latency of 122ms.
[DEBUG] 03:16:01 | [WS => Shard 0] Heartbeat acknowledged, latency of 122ms.
[DEBUG] 03:16:42 | [WS => Shard 0] Heartbeat acknowledged, latency of 121ms.
[MEMORY] 03:16:45 | 17.94 MB out of 19.39 MB
[CPU] 03:16:45 |  0.01 % used
[UPTIME] 03:16:45 | 0d 1h 0m 0s
[DEBUG] 03:17:23 | [WS => Shard 0] Heartbeat acknowledged, latency of 121ms.
[DEBUG] 03:18:04 | [WS => Shard 0] Heartbeat acknowledged, latency of 121ms.
[DEBUG] 03:18:46 | [WS => Shard 0] Heartbeat acknowledged, latency of 121ms.
[DEBUG] 03:19:27 | [WS => Shard 0] Heartbeat acknowledged, latency of 121ms.
[DEBUG] 03:20:08 | [WS => Shard 0] Heartbeat acknowledged, latency of 121ms.
[DEBUG] 03:20:49 | [WS => Shard 0] Heartbeat acknowledged, latency of 121ms.
[DEBUG] 03:21:31 | [WS => Shard 0] Heartbeat acknowledged, latency of 121ms.
[DEBUG] 03:22:12 | [WS => Shard 0] Heartbeat acknowledged, latency of 172ms.
[DEBUG] 03:22:53 | [WS => Shard 0] Heartbeat acknowledged, latency of 122ms.
[DEBUG] 03:23:34 | [WS => Shard 0] Heartbeat acknowledged, latency of 122ms.
[DEBUG] 03:24:16 | [WS => Shard 0] Heartbeat acknowledged, latency of 122ms.
[DEBUG] 03:24:57 | [WS => Shard 0] Heartbeat acknowledged, latency of 124ms.
[DEBUG] 03:25:38 | [WS => Shard 0] Heartbeat acknowledged, latency of 121ms.
[DEBUG] 03:26:19 | [WS => Shard 0] Heartbeat acknowledged, latency of 123ms.
[MEMORY] 03:26:45 | 18.34 MB out of 19.39 MB
[CPU] 03:26:45 |  0.01 % used
[UPTIME] 03:26:45 | 0d 1h 10m 0s
[DEBUG] 03:27:01 | [WS => Shard 0] Heartbeat acknowledged, latency of 124ms.
[DEBUG] 03:27:42 | [WS => Shard 0] Heartbeat acknowledged, latency of 121ms.
[DEBUG] 03:28:23 | [WS => Shard 0] Heartbeat acknowledged, latency of 122ms.
[DEBUG] 03:29:04 | [WS => Shard 0] Heartbeat acknowledged, latency of 121ms.
[DEBUG] 03:29:46 | [WS => Shard 0] Heartbeat acknowledged, latency of 120ms.
[DEBUG] 03:30:27 | [WS => Shard 0] Heartbeat acknowledged, latency of 130ms.
[DEBUG] 03:31:08 | [WS => Shard 0] Heartbeat acknowledged, latency of 120ms.
[DEBUG] 03:31:49 | [WS => Shard 0] Heartbeat acknowledged, latency of 120ms.
[DEBUG] 03:32:31 | [WS => Shard 0] Heartbeat acknowledged, latency of 122ms.
[DEBUG] 03:33:12 | [WS => Shard 0] Heartbeat acknowledged, latency of 120ms.
[DEBUG] 03:33:53 | [WS => Shard 0] Heartbeat acknowledged, latency of 120ms.
[DEBUG] 03:34:34 | [WS => Shard 0] Heartbeat acknowledged, latency of 123ms.
[DEBUG] 03:35:16 | [WS => Shard 0] Heartbeat acknowledged, latency of 120ms.
[DEBUG] 03:35:57 | [WS => Shard 0] Heartbeat acknowledged, latency of 120ms.
[DEBUG] 03:36:38 | [WS => Shard 0] Heartbeat acknowledged, latency of 120ms.
[MEMORY] 03:36:45 | 18.74 MB out of 19.39 MB
[CPU] 03:36:45 |  0.01 % used
[UPTIME] 03:36:45 | 0d 1h 20m 0s
[DEBUG] 03:37:19 | [WS => Shard 0] Heartbeat acknowledged, latency of 122ms.
[DEBUG] 03:38:01 | [WS => Shard 0] Heartbeat acknowledged, latency of 126ms.
[DEBUG] 03:38:42 | [WS => Shard 0] Heartbeat acknowledged, latency of 120ms.
[DEBUG] 03:39:23 | [WS => Shard 0] Heartbeat acknowledged, latency of 120ms.
[DEBUG] 03:40:04 | [WS => Shard 0] Heartbeat acknowledged, latency of 120ms.
[DEBUG] 03:40:46 | [WS => Shard 0] Heartbeat acknowledged, latency of 120ms.
[DEBUG] 03:41:27 | [WS => Shard 0] Heartbeat acknowledged, latency of 121ms.
[DEBUG] 03:42:08 | [WS => Shard 0] Heartbeat acknowledged, latency of 120ms.
[DEBUG] 03:42:49 | [WS => Shard 0] Heartbeat acknowledged, latency of 120ms.
[DEBUG] 03:43:31 | [WS => Shard 0] Heartbeat acknowledged, latency of 124ms.
[DEBUG] 03:44:12 | [WS => Shard 0] Heartbeat acknowledged, latency of 120ms.
[DEBUG] 03:44:53 | [WS => Shard 0] Heartbeat acknowledged, latency of 120ms.
