[WARNING] 18:12:54 | The command at C:\Users\richa\OneDrive - w6l3y\northern-lights-development-bot\commands\fun\ping2.js is missing a required "data" or "execute" property.
[INFO] 18:12:55 | Started refreshing 7 application (/) commands.
[INFO] 18:12:55 | Successfully reloaded 7 application (/) commands.
[DEBUG] 18:12:55 | Provided token: MTA4NTYxMjkzOTc3MzQ4NTE5MA.GZK5eK.**************************************
[DEBUG] 18:12:55 | Preparing to connect to the gateway...
[DEBUG] 18:12:56 | [WS => Manager] Fetched Gateway Information
    URL: wss://gateway.discord.gg
    Recommended Shards: 1
[DEBUG] 18:12:56 | [WS => Manager] Session Limit Information
    Total: 1000
    Remaining: 958
[DEBUG] 18:12:56 | [WS => Shard 0] Connecting to wss://gateway.discord.gg?v=10&encoding=json
[DEBUG] 18:12:56 | [WS => Shard 0] Waiting for event hello for 60000ms
[DEBUG] 18:12:56 | [WS => Shard 0] Preparing first heartbeat of the connection with a jitter of 0.15584412320640495; waiting 6428ms
[DEBUG] 18:12:56 | [WS => Shard 0] Waiting for identify throttle
[DEBUG] 18:12:56 | [WS => Shard 0] Identifying
	shard id: 0
	shard count: 1
	intents: 1
	compression: none
[DEBUG] 18:12:56 | [WS => Shard 0] Waiting for event ready for 15000ms
[DEBUG] 18:12:56 | [WS => Shard 0] Shard received all its guilds. Marking as fully ready.
[DEBUG] 18:13:02 | [WS => Shard 0] First heartbeat sent, starting to beat every 41250ms
[DEBUG] 18:13:02 | [WS => Shard 0] Heartbeat acknowledged, latency of 122ms.
[DEBUG] 18:13:44 | [WS => Shard 0] Heartbeat acknowledged, latency of 121ms.
[DEBUG] 18:14:25 | [WS => Shard 0] Heartbeat acknowledged, latency of 121ms.
[DEBUG] 18:15:06 | [WS => Shard 0] Heartbeat acknowledged, latency of 123ms.
[INFO] 18:15:15 | Command: 2FA | megurre (324856872987262996) connected to the database.
[DEBUG] 18:15:16 | Provided token: MTA4NTYxMjkzOTc3MzQ4NTE5MA.GZK5eK.**************************************
[DEBUG] 18:15:16 | Preparing to connect to the gateway...
[DEBUG] 18:15:16 | [WS => Manager] Fetched Gateway Information
    URL: wss://gateway.discord.gg
    Recommended Shards: 1
[DEBUG] 18:15:16 | [WS => Manager] Session Limit Information
    Total: 1000
    Remaining: 957
[DEBUG] 18:15:16 | [WS => Shard 0] Connecting to wss://gateway.discord.gg?v=10&encoding=json
[DEBUG] 18:15:16 | [WS => Shard 0] Waiting for event hello for 60000ms
[DEBUG] 18:15:16 | [WS => Shard 0] Preparing first heartbeat of the connection with a jitter of 0.2273408460425561; waiting 9377ms
[DEBUG] 18:15:16 | [WS => Shard 0] Waiting for identify throttle
[DEBUG] 18:15:16 | [WS => Shard 0] Identifying
	shard id: 0
	shard count: 1
	intents: 1
	compression: none
[DEBUG] 18:15:16 | [WS => Shard 0] Waiting for event ready for 15000ms
[DEBUG] 18:15:17 | [WS => Shard 0] Shard received all its guilds. Marking as fully ready.
[DEBUG] 18:15:26 | [WS => Shard 0] First heartbeat sent, starting to beat every 41250ms
[DEBUG] 18:15:26 | [WS => Shard 0] Heartbeat acknowledged, latency of 123ms.
[COMMAND] 18:15:49 | Command: Reload | megurre (324856872987262996) reloaded 2fa.
[INFO] 18:15:58 | Command: 2FA | megurre (324856872987262996) connected to the database.
[COMMAND] 18:15:58 | Command: 2FA | megurre (324856872987262996) ran 2FA setup.
[DEBUG] 18:16:07 | [WS => Shard 0] Heartbeat acknowledged, latency of 128ms.
[INFO] 18:16:39 | megurre (324856872987262996) connected to the database.
[INFO] 18:16:39 | Command: Validate | megurre (324856872987262996) successfully validated their reqyest.
[INFO] 18:16:39 | Command: Validate | megurre (324856872987262996) updated their user data.
[COMMAND] 18:16:39 | Command: 2FA | megurre (324856872987262996) successfully set up 2FA.
[DEBUG] 18:16:48 | [WS => Shard 0] Heartbeat acknowledged, latency of 122ms.
[DEBUG] 18:17:30 | [WS => Shard 0] Heartbeat acknowledged, latency of 123ms.
[INFO] 18:17:50 | Command: 2FA | megurre (324856872987262996) connected to the database.
[DEBUG] 18:18:11 | [WS => Shard 0] Heartbeat acknowledged, latency of 122ms.
[DEBUG] 18:18:52 | [WS => Shard 0] Heartbeat acknowledged, latency of 126ms.
[WARNING] 23:09:50 | The command at C:\Users\richa\OneDrive - w6l3y\northern-lights-development-bot\commands\fun\ping2.js is missing a required "data" or "execute" property.
[INFO] 23:09:50 | Started refreshing 7 application (/) commands.
[INFO] 23:09:50 | Successfully reloaded 7 application (/) commands.
[DEBUG] 23:09:51 | Provided token: MTA4NTYxMjkzOTc3MzQ4NTE5MA.GZK5eK.**************************************
[DEBUG] 23:09:51 | Preparing to connect to the gateway...
[DEBUG] 23:09:51 | [WS => Manager] Fetched Gateway Information
    URL: wss://gateway.discord.gg
    Recommended Shards: 1
[DEBUG] 23:09:51 | [WS => Manager] Session Limit Information
    Total: 1000
    Remaining: 1000
[DEBUG] 23:09:51 | [WS => Shard 0] Connecting to wss://gateway.discord.gg?v=10&encoding=json
[DEBUG] 23:09:51 | [WS => Shard 0] Waiting for event hello for 60000ms
[DEBUG] 23:09:51 | [WS => Shard 0] Preparing first heartbeat of the connection with a jitter of 0.3110547688132408; waiting 12831ms
[DEBUG] 23:09:51 | [WS => Shard 0] Waiting for identify throttle
[DEBUG] 23:09:51 | [WS => Shard 0] Identifying
	shard id: 0
	shard count: 1
	intents: 1
	compression: none
[DEBUG] 23:09:51 | [WS => Shard 0] Waiting for event ready for 15000ms
[DEBUG] 23:09:51 | [WS => Shard 0] Shard received all its guilds. Marking as fully ready.
[DEBUG] 23:10:04 | [WS => Shard 0] First heartbeat sent, starting to beat every 41250ms
[DEBUG] 23:10:04 | [WS => Shard 0] Heartbeat acknowledged, latency of 124ms.
[COMMAND] 23:10:08 | megurre (324856872987262996) set the activity to Playing test. with the status dnd
[COMMAND] 23:10:36 | megurre (324856872987262996) set the activity to Watching Northern Lights Development. with the status invisible
[DEBUG] 23:10:45 | [WS => Shard 0] Heartbeat acknowledged, latency of 123ms.
[COMMAND] 23:10:46 | megurre (324856872987262996) set the activity to Watching Northern Lights Development. with the status online
[DEBUG] 23:11:26 | [WS => Shard 0] Heartbeat acknowledged, latency of 126ms.
[DEBUG] 23:12:08 | [WS => Shard 0] Heartbeat acknowledged, latency of 122ms.
[COMMAND] 23:12:42 | Command: Reload | megurre (324856872987262996) reloaded setactivity.
[COMMAND] 23:12:48 | megurre (324856872987262996) set the activity to Playing tet. with the status online
[ERROR] 23:12:48 | Error [InteractionAlreadyReplied]: The reply to this interaction has already been sent or deferred.
    at ChatInputCommandInteraction.reply (C:\Users\richa\node_modules\discord.js\src\structures\interfaces\InteractionResponses.js:102:46)
    at Object.execute (C:\Users\richa\OneDrive - w6l3y\northern-lights-development-bot\commands\utility\setactivity.js:60:35)
    at process.processTicksAndRejections (node:internal/process/task_queues:95:5)
    at async Object.execute (C:\Users\richa\OneDrive - w6l3y\northern-lights-development-bot\events\interactionCreate.js:52:13)
[DEBUG] 23:12:49 | [WS => Shard 0] Heartbeat acknowledged, latency of 124ms.
[COMMAND] 23:13:27 | Command: Reload | megurre (324856872987262996) reloaded setactivity.
[DEBUG] 23:13:30 | [WS => Shard 0] Heartbeat acknowledged, latency of 120ms.
[COMMAND] 23:13:33 | megurre (324856872987262996) set the activity to Playing test. with the status online
[ERROR] 23:13:33 | Error [InteractionAlreadyReplied]: The reply to this interaction has already been sent or deferred.
    at ChatInputCommandInteraction.reply (C:\Users\richa\node_modules\discord.js\src\structures\interfaces\InteractionResponses.js:102:46)
    at Object.execute (C:\Users\richa\OneDrive - w6l3y\northern-lights-development-bot\commands\utility\setactivity.js:60:35)
    at process.processTicksAndRejections (node:internal/process/task_queues:95:5)
    at async Object.execute (C:\Users\richa\OneDrive - w6l3y\northern-lights-development-bot\events\interactionCreate.js:52:13)
[DEBUG] 23:14:11 | [WS => Shard 0] Heartbeat acknowledged, latency of 121ms.
[COMMAND] 23:14:21 | Command: Reload | megurre (324856872987262996) reloaded setactivity.
[COMMAND] 23:14:25 | megurre (324856872987262996) set the activity to Playing aaa. with the status online
[ERROR] 23:14:25 | Error [InteractionAlreadyReplied]: The reply to this interaction has already been sent or deferred.
    at ChatInputCommandInteraction.reply (C:\Users\richa\node_modules\discord.js\src\structures\interfaces\InteractionResponses.js:102:46)
    at Object.execute (C:\Users\richa\OneDrive - w6l3y\northern-lights-development-bot\commands\utility\setactivity.js:60:35)
    at process.processTicksAndRejections (node:internal/process/task_queues:95:5)
    at async Object.execute (C:\Users\richa\OneDrive - w6l3y\northern-lights-development-bot\events\interactionCreate.js:52:13)
[DEBUG] 23:14:53 | [WS => Shard 0] Heartbeat acknowledged, latency of 122ms.
[COMMAND] 23:15:20 | megurre (324856872987262996) set the activity to Playing aaa. with the status online
[ERROR] 23:15:21 | Error [InteractionAlreadyReplied]: The reply to this interaction has already been sent or deferred.
    at ChatInputCommandInteraction.reply (C:\Users\richa\node_modules\discord.js\src\structures\interfaces\InteractionResponses.js:102:46)
    at Object.execute (C:\Users\richa\OneDrive - w6l3y\northern-lights-development-bot\commands\utility\setactivity.js:60:35)
    at process.processTicksAndRejections (node:internal/process/task_queues:95:5)
    at async Object.execute (C:\Users\richa\OneDrive - w6l3y\northern-lights-development-bot\events\interactionCreate.js:52:13)
[WARNING] 23:15:29 | The command at C:\Users\richa\OneDrive - w6l3y\northern-lights-development-bot\commands\fun\ping2.js is missing a required "data" or "execute" property.
[INFO] 23:15:29 | Started refreshing 7 application (/) commands.
[INFO] 23:15:29 | Successfully reloaded 7 application (/) commands.
[DEBUG] 23:15:30 | Provided token: MTA4NTYxMjkzOTc3MzQ4NTE5MA.GZK5eK.**************************************
[DEBUG] 23:15:30 | Preparing to connect to the gateway...
[DEBUG] 23:15:30 | [WS => Manager] Fetched Gateway Information
    URL: wss://gateway.discord.gg
    Recommended Shards: 1
[DEBUG] 23:15:30 | [WS => Manager] Session Limit Information
    Total: 1000
    Remaining: 999
[DEBUG] 23:15:30 | [WS => Shard 0] Connecting to wss://gateway.discord.gg?v=10&encoding=json
[DEBUG] 23:15:30 | [WS => Shard 0] Waiting for event hello for 60000ms
[DEBUG] 23:15:30 | [WS => Shard 0] Preparing first heartbeat of the connection with a jitter of 0.29408300004367294; waiting 12130ms
[DEBUG] 23:15:30 | [WS => Shard 0] Waiting for identify throttle
[DEBUG] 23:15:30 | [WS => Shard 0] Identifying
	shard id: 0
	shard count: 1
	intents: 1
	compression: none
[DEBUG] 23:15:30 | [WS => Shard 0] Waiting for event ready for 15000ms
[DEBUG] 23:15:30 | [WS => Shard 0] Shard received all its guilds. Marking as fully ready.
[COMMAND] 23:15:32 | megurre (324856872987262996) set the activity to Playing aaa. with the status online
[ERROR] 23:15:33 | Error [InteractionAlreadyReplied]: The reply to this interaction has already been sent or deferred.
    at ChatInputCommandInteraction.reply (C:\Users\richa\node_modules\discord.js\src\structures\interfaces\InteractionResponses.js:102:46)
    at Object.execute (C:\Users\richa\OneDrive - w6l3y\northern-lights-development-bot\commands\utility\setactivity.js:60:35)
    at process.processTicksAndRejections (node:internal/process/task_queues:95:5)
    at async Object.execute (C:\Users\richa\OneDrive - w6l3y\northern-lights-development-bot\events\interactionCreate.js:52:13)
[DEBUG] 23:15:42 | [WS => Shard 0] First heartbeat sent, starting to beat every 41250ms
[DEBUG] 23:15:42 | [WS => Shard 0] Heartbeat acknowledged, latency of 123ms.
[COMMAND] 23:16:03 | Command: Reload | megurre (324856872987262996) reloaded setactivity.
[COMMAND] 23:16:07 | megurre (324856872987262996) set the activity to Playing test. with the status online
[WARNING] 23:16:07 | Command: SetActivity | megurre(324856872987262996) recieved an error while setting the activity to Playing test | TypeError: Cannot read properties of undefined (reading 'channels')
    at Object.execute (C:\Users\richa\OneDrive - w6l3y\northern-lights-development-bot\commands\utility\setactivity.js:54:47)
    at process.processTicksAndRejections (node:internal/process/task_queues:95:5)
    at async Object.execute (C:\Users\richa\OneDrive - w6l3y\northern-lights-development-bot\events\interactionCreate.js:52:13)
[DEBUG] 23:16:23 | [WS => Shard 0] Heartbeat acknowledged, latency of 122ms.
[DEBUG] 23:17:05 | [WS => Shard 0] Heartbeat acknowledged, latency of 122ms.
[DEBUG] 23:17:46 | [WS => Shard 0] Heartbeat acknowledged, latency of 123ms.
[DEBUG] 23:18:27 | [WS => Shard 0] Heartbeat acknowledged, latency of 130ms.
[DEBUG] 23:19:09 | [WS => Shard 0] Heartbeat acknowledged, latency of 136ms.
[WARNING] 23:19:34 | The command at C:\Users\richa\OneDrive - w6l3y\northern-lights-development-bot\commands\fun\ping2.js is missing a required "data" or "execute" property.
[WARNING] 23:19:47 | The command at C:\Users\richa\OneDrive - w6l3y\northern-lights-development-bot\commands\fun\ping2.js is missing a required "data" or "execute" property.
[INFO] 23:19:47 | Started refreshing 7 application (/) commands.
[INFO] 23:19:47 | Successfully reloaded 7 application (/) commands.
[DEBUG] 23:19:48 | Provided token: MTA4NTYxMjkzOTc3MzQ4NTE5MA.GZK5eK.**************************************
[DEBUG] 23:19:48 | Preparing to connect to the gateway...
[DEBUG] 23:19:48 | [WS => Manager] Fetched Gateway Information
    URL: wss://gateway.discord.gg
    Recommended Shards: 1
[DEBUG] 23:19:48 | [WS => Manager] Session Limit Information
    Total: 1000
    Remaining: 998
[DEBUG] 23:19:48 | [WS => Shard 0] Connecting to wss://gateway.discord.gg?v=10&encoding=json
[DEBUG] 23:19:48 | [WS => Shard 0] Waiting for event hello for 60000ms
[DEBUG] 23:19:48 | [WS => Shard 0] Preparing first heartbeat of the connection with a jitter of 0.16016421776225154; waiting 6606ms
[DEBUG] 23:19:48 | [WS => Shard 0] Waiting for identify throttle
[DEBUG] 23:19:48 | [WS => Shard 0] Identifying
	shard id: 0
	shard count: 1
	intents: 1
	compression: none
[DEBUG] 23:19:48 | [WS => Shard 0] Waiting for event ready for 15000ms
[DEBUG] 23:19:49 | [WS => Shard 0] Shard received all its guilds. Marking as fully ready.
[COMMAND] 23:19:53 | megurre (324856872987262996) set the activity to Playing test. with the status online
[WARNING] 23:19:53 | Command: SetActivity | megurre(324856872987262996) recieved an error while setting the activity to Playing test | TypeError: Cannot read properties of undefined (reading 'cache')
    at Object.execute (C:\Users\richa\OneDrive - w6l3y\northern-lights-development-bot\commands\utility\setactivity.js:54:53)
    at process.processTicksAndRejections (node:internal/process/task_queues:95:5)
    at async Object.execute (C:\Users\richa\OneDrive - w6l3y\northern-lights-development-bot\events\interactionCreate.js:52:13)
[DEBUG] 23:19:55 | [WS => Shard 0] First heartbeat sent, starting to beat every 41250ms
[DEBUG] 23:19:55 | [WS => Shard 0] Heartbeat acknowledged, latency of 126ms.
[COMMAND] 23:20:10 | Command: Reload | megurre (324856872987262996) reloaded setactivity.
[COMMAND] 23:20:14 | megurre (324856872987262996) set the activity to Playing test. with the status online
[WARNING] 23:20:14 | Command: SetActivity | megurre(324856872987262996) recieved an error while setting the activity to Playing test | TypeError: Cannot read properties of undefined (reading 'get')
    at Object.execute (C:\Users\richa\OneDrive - w6l3y\northern-lights-development-bot\commands\utility\setactivity.js:54:53)
    at process.processTicksAndRejections (node:internal/process/task_queues:95:5)
    at async Object.execute (C:\Users\richa\OneDrive - w6l3y\northern-lights-development-bot\events\interactionCreate.js:52:13)
[DEBUG] 23:20:36 | [WS => Shard 0] Heartbeat acknowledged, latency of 121ms.
[WARNING] 23:21:18 | The command at C:\Users\richa\OneDrive - w6l3y\northern-lights-development-bot\commands\fun\ping2.js is missing a required "data" or "execute" property.
[INFO] 23:21:19 | Started refreshing 7 application (/) commands.
[INFO] 23:21:19 | Successfully reloaded 7 application (/) commands.
[DEBUG] 23:21:19 | Provided token: MTA4NTYxMjkzOTc3MzQ4NTE5MA.GZK5eK.**************************************
[DEBUG] 23:21:19 | Preparing to connect to the gateway...
[DEBUG] 23:21:20 | [WS => Manager] Fetched Gateway Information
    URL: wss://gateway.discord.gg
    Recommended Shards: 1
[DEBUG] 23:21:20 | [WS => Manager] Session Limit Information
    Total: 1000
    Remaining: 997
[DEBUG] 23:21:20 | [WS => Shard 0] Connecting to wss://gateway.discord.gg?v=10&encoding=json
[DEBUG] 23:21:20 | [WS => Shard 0] Waiting for event hello for 60000ms
[DEBUG] 23:21:20 | [WS => Shard 0] Preparing first heartbeat of the connection with a jitter of 0.46071620424179427; waiting 19004ms
[DEBUG] 23:21:20 | [WS => Shard 0] Waiting for identify throttle
[DEBUG] 23:21:20 | [WS => Shard 0] Identifying
	shard id: 0
	shard count: 1
	intents: 1
	compression: none
[DEBUG] 23:21:20 | [WS => Shard 0] Waiting for event ready for 15000ms
[DEBUG] 23:21:20 | [WS => Shard 0] Shard received all its guilds. Marking as fully ready.
[COMMAND] 23:21:24 | megurre (324856872987262996) set the activity to Playing test. with the status online
[WARNING] 23:21:24 | Command: SetActivity | megurre(324856872987262996) recieved an error while setting the activity to Playing test | ReferenceError: print is not defined
    at Object.execute (C:\Users\richa\OneDrive - w6l3y\northern-lights-development-bot\commands\utility\setactivity.js:53:17)
    at process.processTicksAndRejections (node:internal/process/task_queues:95:5)
    at async Object.execute (C:\Users\richa\OneDrive - w6l3y\northern-lights-development-bot\events\interactionCreate.js:52:13)
[COMMAND] 23:21:38 | Command: Reload | megurre (324856872987262996) reloaded setactivity.
[DEBUG] 23:21:39 | [WS => Shard 0] First heartbeat sent, starting to beat every 41250ms
[DEBUG] 23:21:39 | [WS => Shard 0] Heartbeat acknowledged, latency of 144ms.
[COMMAND] 23:21:40 | megurre (324856872987262996) set the activity to Playing test. with the status online
[WARNING] 23:21:41 | Command: SetActivity | megurre(324856872987262996) recieved an error while setting the activity to Playing test | ReferenceError: client is not defined
    at Object.execute (C:\Users\richa\OneDrive - w6l3y\northern-lights-development-bot\commands\utility\setactivity.js:55:37)
    at process.processTicksAndRejections (node:internal/process/task_queues:95:5)
    at async Object.execute (C:\Users\richa\OneDrive - w6l3y\northern-lights-development-bot\events\interactionCreate.js:52:13)
[COMMAND] 23:21:55 | Command: Reload | megurre (324856872987262996) reloaded setactivity.
[COMMAND] 23:21:58 | megurre (324856872987262996) set the activity to Playing test. with the status online
[WARNING] 23:21:58 | Command: SetActivity | megurre(324856872987262996) recieved an error while setting the activity to Playing test | TypeError: Cannot read properties of undefined (reading 'channels')
    at Object.execute (C:\Users\richa\OneDrive - w6l3y\northern-lights-development-bot\commands\utility\setactivity.js:55:44)
    at process.processTicksAndRejections (node:internal/process/task_queues:95:5)
    at async Object.execute (C:\Users\richa\OneDrive - w6l3y\northern-lights-development-bot\events\interactionCreate.js:52:13)
[DEBUG] 23:22:20 | [WS => Shard 0] Heartbeat acknowledged, latency of 122ms.
[DEBUG] 23:23:02 | [WS => Shard 0] Heartbeat acknowledged, latency of 121ms.
[DEBUG] 23:23:43 | [WS => Shard 0] Heartbeat acknowledged, latency of 122ms.
[DEBUG] 23:24:24 | [WS => Shard 0] Heartbeat acknowledged, latency of 123ms.
[DEBUG] 23:25:05 | [WS => Shard 0] Heartbeat acknowledged, latency of 121ms.
[DEBUG] 23:25:47 | [WS => Shard 0] Heartbeat acknowledged, latency of 120ms.
[DEBUG] 23:26:28 | [WS => Shard 0] Heartbeat acknowledged, latency of 121ms.
[DEBUG] 23:27:09 | [WS => Shard 0] Heartbeat acknowledged, latency of 132ms.
[COMMAND] 23:27:12 | Command: Reload | megurre (324856872987262996) reloaded setactivity.
[COMMAND] 23:27:17 | megurre (324856872987262996) set the activity to Streaming test. with the status online
[WARNING] 23:27:17 | Command: SetActivity | megurre(324856872987262996) recieved an error while setting the activity to Streaming test | TypeError: Cannot read properties of undefined (reading 'cache')
    at Object.execute (C:\Users\richa\OneDrive - w6l3y\northern-lights-development-bot\commands\utility\setactivity.js:55:53)
    at process.processTicksAndRejections (node:internal/process/task_queues:95:5)
    at async Object.execute (C:\Users\richa\OneDrive - w6l3y\northern-lights-development-bot\events\interactionCreate.js:52:13)
[WARNING] 23:28:04 | The command at C:\Users\richa\OneDrive - w6l3y\northern-lights-development-bot\commands\fun\ping2.js is missing a required "data" or "execute" property.
[DEBUG] 23:28:04 | Provided token: MTA4NTYxMjkzOTc3MzQ4NTE5MA.GZK5eK.**************************************
[DEBUG] 23:28:04 | Preparing to connect to the gateway...
[INFO] 23:28:04 | Started refreshing 7 application (/) commands.
[DEBUG] 23:28:04 | [WS => Manager] Fetched Gateway Information
    URL: wss://gateway.discord.gg
    Recommended Shards: 1
[DEBUG] 23:28:04 | [WS => Manager] Session Limit Information
    Total: 1000
    Remaining: 996
[DEBUG] 23:28:04 | [WS => Shard 0] Connecting to wss://gateway.discord.gg?v=10&encoding=json
[DEBUG] 23:28:05 | [WS => Shard 0] Waiting for event hello for 60000ms
[INFO] 23:28:05 | Successfully reloaded 7 application (/) commands.
[DEBUG] 23:28:05 | [WS => Shard 0] Preparing first heartbeat of the connection with a jitter of 0.9946645127166018; waiting 41029ms
[DEBUG] 23:28:05 | [WS => Shard 0] Waiting for identify throttle
[DEBUG] 23:28:05 | [WS => Shard 0] Identifying
	shard id: 0
	shard count: 1
	intents: 1
	compression: none
[DEBUG] 23:28:05 | [WS => Shard 0] Waiting for event ready for 15000ms
[DEBUG] 23:28:05 | [WS => Shard 0] Shard received all its guilds. Marking as fully ready.
[DEBUG] 23:28:05 | Provided token: MTA4NTYxMjkzOTc3MzQ4NTE5MA.GZK5eK.**************************************
[DEBUG] 23:28:05 | Preparing to connect to the gateway...
[WARNING] 23:28:08 | No command matching setactivity was found.
[DEBUG] 23:28:10 | [WS => Manager] Fetched Gateway Information
    URL: wss://gateway.discord.gg
    Recommended Shards: 1
[DEBUG] 23:28:10 | [WS => Manager] Session Limit Information
    Total: 1000
    Remaining: 995
[DEBUG] 23:28:10 | [WS => Shard 0] Connecting to wss://gateway.discord.gg?v=10&encoding=json
[DEBUG] 23:28:10 | [WS => Shard 0] Waiting for event hello for 60000ms
[DEBUG] 23:28:10 | [WS => Shard 0] Preparing first heartbeat of the connection with a jitter of 0.8600542687164969; waiting 35477ms
[DEBUG] 23:28:10 | [WS => Shard 0] Waiting for identify throttle
[DEBUG] 23:28:10 | [WS => Shard 0] Identifying
	shard id: 0
	shard count: 1
	intents: 1
	compression: none
[DEBUG] 23:28:10 | [WS => Shard 0] Waiting for event ready for 15000ms
[DEBUG] 23:28:10 | [WS => Shard 0] Shard received all its guilds. Marking as fully ready.
[WARNING] 23:28:25 | No command matching setactivity was found.
[COMMAND] 23:28:25 | megurre (324856872987262996) set the activity to Streaming test. with the status online
[WARNING] 23:28:26 | Command: SetActivity | megurre(324856872987262996) recieved an error while setting the activity to Streaming test | TypeError: Cannot read properties of undefined (reading 'cache')
    at Object.execute (C:\Users\richa\OneDrive - w6l3y\northern-lights-development-bot\commands\utility\setactivity.js:55:53)
    at process.processTicksAndRejections (node:internal/process/task_queues:95:5)
    at async Object.execute (C:\Users\richa\OneDrive - w6l3y\northern-lights-development-bot\events\interactionCreate.js:52:13)
[DEBUG] 23:28:45 | [WS => Shard 0] First heartbeat sent, starting to beat every 41250ms
[DEBUG] 23:28:46 | [WS => Shard 0] Heartbeat acknowledged, latency of 123ms.
[DEBUG] 23:28:46 | [WS => Shard 0] First heartbeat sent, starting to beat every 41250ms
[DEBUG] 23:28:46 | [WS => Shard 0] Heartbeat acknowledged, latency of 124ms.
[WARNING] 23:29:20 | Command: Reload | megurre (324856872987262996) tried to reload setactivity but it does not exist.
[ERROR] 23:29:21 | DiscordAPIError[40060]: Interaction has already been acknowledged.
[DEBUG] 23:29:27 | [WS => Shard 0] Heartbeat acknowledged, latency of 123ms.
[WARNING] 23:29:29 | The command at C:\Users\richa\OneDrive - w6l3y\northern-lights-development-bot\commands\fun\ping2.js is missing a required "data" or "execute" property.
[DEBUG] 23:29:29 | Provided token: MTA4NTYxMjkzOTc3MzQ4NTE5MA.GZK5eK.**************************************
[DEBUG] 23:29:29 | Preparing to connect to the gateway...
[INFO] 23:29:29 | Started refreshing 7 application (/) commands.
[DEBUG] 23:29:29 | [WS => Manager] Fetched Gateway Information
    URL: wss://gateway.discord.gg
    Recommended Shards: 1
[DEBUG] 23:29:29 | [WS => Manager] Session Limit Information
    Total: 1000
    Remaining: 994
[DEBUG] 23:29:29 | [WS => Shard 0] Connecting to wss://gateway.discord.gg?v=10&encoding=json
[DEBUG] 23:29:29 | [WS => Shard 0] Waiting for event hello for 60000ms
[DEBUG] 23:29:29 | [WS => Shard 0] Preparing first heartbeat of the connection with a jitter of 0.8505106679174275; waiting 35083ms
[DEBUG] 23:29:29 | [WS => Shard 0] Waiting for identify throttle
[DEBUG] 23:29:29 | [WS => Shard 0] Identifying
	shard id: 0
	shard count: 1
	intents: 1
	compression: none
[DEBUG] 23:29:29 | [WS => Shard 0] Waiting for event ready for 15000ms
[INFO] 23:29:29 | Successfully reloaded 7 application (/) commands.
[DEBUG] 23:29:30 | [WS => Shard 0] Shard received all its guilds. Marking as fully ready.
[DEBUG] 23:29:30 | Provided token: MTA4NTYxMjkzOTc3MzQ4NTE5MA.GZK5eK.**************************************
[DEBUG] 23:29:30 | Preparing to connect to the gateway...
[DEBUG] 23:29:34 | [WS => Manager] Fetched Gateway Information
    URL: wss://gateway.discord.gg
    Recommended Shards: 1
[DEBUG] 23:29:34 | [WS => Manager] Session Limit Information
    Total: 1000
    Remaining: 993
[DEBUG] 23:29:34 | [WS => Shard 0] Connecting to wss://gateway.discord.gg?v=10&encoding=json
[DEBUG] 23:29:34 | [WS => Shard 0] Waiting for event hello for 60000ms
[DEBUG] 23:29:35 | [WS => Shard 0] Preparing first heartbeat of the connection with a jitter of 0.667443775602131; waiting 27532ms
[DEBUG] 23:29:35 | [WS => Shard 0] Waiting for identify throttle
[DEBUG] 23:29:35 | [WS => Shard 0] Identifying
	shard id: 0
	shard count: 1
	intents: 1
	compression: none
[DEBUG] 23:29:35 | [WS => Shard 0] Waiting for event ready for 15000ms
[DEBUG] 23:29:35 | [WS => Shard 0] Shard received all its guilds. Marking as fully ready.
[WARNING] 23:29:36 | No command matching setactivity was found.
[COMMAND] 23:29:37 | megurre (324856872987262996) set the activity to Playing test. with the status online
[WARNING] 23:29:37 | Command: SetActivity | megurre(324856872987262996) recieved an error while setting the activity to Playing test | TypeError: Cannot read properties of undefined (reading 'cache')
    at Object.execute (C:\Users\richa\OneDrive - w6l3y\northern-lights-development-bot\commands\utility\setactivity.js:55:53)
    at process.processTicksAndRejections (node:internal/process/task_queues:95:5)
    at async Object.execute (C:\Users\richa\OneDrive - w6l3y\northern-lights-development-bot\events\interactionCreate.js:52:13)
[DEBUG] 23:30:02 | [WS => Shard 0] First heartbeat sent, starting to beat every 41250ms
[DEBUG] 23:30:02 | [WS => Shard 0] Heartbeat acknowledged, latency of 123ms.
[DEBUG] 23:30:04 | [WS => Shard 0] First heartbeat sent, starting to beat every 41250ms
[DEBUG] 23:30:05 | [WS => Shard 0] Heartbeat acknowledged, latency of 120ms.
[DEBUG] 23:30:43 | [WS => Shard 0] Heartbeat acknowledged, latency of 120ms.
[DEBUG] 23:30:46 | [WS => Shard 0] Heartbeat acknowledged, latency of 120ms.
[DEBUG] 23:31:25 | [WS => Shard 0] Heartbeat acknowledged, latency of 125ms.
[DEBUG] 23:31:27 | [WS => Shard 0] Heartbeat acknowledged, latency of 119ms.
[DEBUG] 23:32:06 | [WS => Shard 0] Heartbeat acknowledged, latency of 122ms.
[DEBUG] 23:32:08 | [WS => Shard 0] Heartbeat acknowledged, latency of 120ms.
[DEBUG] 23:32:47 | [WS => Shard 0] Heartbeat acknowledged, latency of 120ms.
[DEBUG] 23:32:50 | [WS => Shard 0] Heartbeat acknowledged, latency of 122ms.
[DEBUG] 23:33:28 | [WS => Shard 0] Heartbeat acknowledged, latency of 130ms.
[DEBUG] 23:33:31 | [WS => Shard 0] Heartbeat acknowledged, latency of 120ms.
[DEBUG] 23:34:10 | [WS => Shard 0] Heartbeat acknowledged, latency of 125ms.
[DEBUG] 23:34:12 | [WS => Shard 0] Heartbeat acknowledged, latency of 119ms.
[DEBUG] 23:34:51 | [WS => Shard 0] Heartbeat acknowledged, latency of 121ms.
[DEBUG] 23:34:53 | [WS => Shard 0] Heartbeat acknowledged, latency of 121ms.
[DEBUG] 23:35:31 | [WS => Shard 0] Heartbeat acknowledged, latency of 121ms.
[DEBUG] 23:35:33 | [WS => Shard 0] Heartbeat acknowledged, latency of 123ms.
[DEBUG] 23:36:12 | [WS => Shard 0] Heartbeat acknowledged, latency of 123ms.
[DEBUG] 23:36:14 | [WS => Shard 0] Heartbeat acknowledged, latency of 120ms.
[DEBUG] 23:36:53 | [WS => Shard 0] Heartbeat acknowledged, latency of 120ms.
[DEBUG] 23:36:55 | [WS => Shard 0] Heartbeat acknowledged, latency of 123ms.
[DEBUG] 23:37:34 | [WS => Shard 0] Heartbeat acknowledged, latency of 122ms.
[DEBUG] 23:37:37 | [WS => Shard 0] Heartbeat acknowledged, latency of 120ms.
[DEBUG] 23:38:16 | [WS => Shard 0] Heartbeat acknowledged, latency of 128ms.
[DEBUG] 23:38:18 | [WS => Shard 0] Heartbeat acknowledged, latency of 120ms.
[WARNING] 23:38:54 | No command matching setactivity was found.
[COMMAND] 23:38:55 | megurre (324856872987262996) set the activity to Playing test. with the status online
[WARNING] 23:38:55 | Command: SetActivity | megurre(324856872987262996) recieved an error while setting the activity to Playing test | TypeError: Cannot read properties of undefined (reading 'cache')
    at Object.execute (C:\Users\richa\OneDrive - w6l3y\northern-lights-development-bot\commands\utility\setactivity.js:55:53)
    at process.processTicksAndRejections (node:internal/process/task_queues:95:5)
    at async Object.execute (C:\Users\richa\OneDrive - w6l3y\northern-lights-development-bot\events\interactionCreate.js:52:13)
[DEBUG] 23:38:57 | [WS => Shard 0] Heartbeat acknowledged, latency of 124ms.
[DEBUG] 23:38:59 | [WS => Shard 0] Heartbeat acknowledged, latency of 122ms.
[WARNING] 23:39:13 | The command at C:\Users\richa\OneDrive - w6l3y\northern-lights-development-bot\commands\fun\ping2.js is missing a required "data" or "execute" property.
[INFO] 23:39:13 | Started refreshing 7 application (/) commands.
[INFO] 23:39:14 | Successfully reloaded 7 application (/) commands.
[DEBUG] 23:39:14 | Provided token: MTA4NTYxMjkzOTc3MzQ4NTE5MA.GZK5eK.**************************************
[DEBUG] 23:39:14 | Preparing to connect to the gateway...
[DEBUG] 23:39:15 | [WS => Manager] Fetched Gateway Information
    URL: wss://gateway.discord.gg
    Recommended Shards: 1
[DEBUG] 23:39:15 | [WS => Manager] Session Limit Information
    Total: 1000
    Remaining: 992
[DEBUG] 23:39:15 | [WS => Shard 0] Connecting to wss://gateway.discord.gg?v=10&encoding=json
[DEBUG] 23:39:15 | [WS => Shard 0] Waiting for event hello for 60000ms
[DEBUG] 23:39:15 | [WS => Shard 0] Preparing first heartbeat of the connection with a jitter of 0.6770610260869974; waiting 27928ms
[DEBUG] 23:39:15 | [WS => Shard 0] Waiting for identify throttle
[DEBUG] 23:39:15 | [WS => Shard 0] Identifying
	shard id: 0
	shard count: 1
	intents: 1
	compression: none
[DEBUG] 23:39:15 | [WS => Shard 0] Waiting for event ready for 15000ms
[DEBUG] 23:39:15 | [WS => Shard 0] Shard received all its guilds. Marking as fully ready.
[COMMAND] 23:39:19 | megurre (324856872987262996) set the activity to Playing test. with the status online
[WARNING] 23:39:20 | Command: SetActivity | megurre(324856872987262996) recieved an error while setting the activity to Playing test | TypeError: Cannot read properties of undefined (reading 'channels')
    at Object.execute (C:\Users\richa\OneDrive - w6l3y\northern-lights-development-bot\commands\utility\setactivity.js:54:44)
    at process.processTicksAndRejections (node:internal/process/task_queues:95:5)
    at async Object.execute (C:\Users\richa\OneDrive - w6l3y\northern-lights-development-bot\events\interactionCreate.js:52:13)
[WARNING] 23:39:32 | The command at C:\Users\richa\OneDrive - w6l3y\northern-lights-development-bot\commands\fun\ping2.js is missing a required "data" or "execute" property.
[DEBUG] 23:39:32 | Provided token: MTA4NTYxMjkzOTc3MzQ4NTE5MA.GZK5eK.**************************************
[DEBUG] 23:39:32 | Preparing to connect to the gateway...
[INFO] 23:39:32 | Started refreshing 7 application (/) commands.
[DEBUG] 23:39:32 | [WS => Manager] Fetched Gateway Information
    URL: wss://gateway.discord.gg
    Recommended Shards: 1
[DEBUG] 23:39:32 | [WS => Manager] Session Limit Information
    Total: 1000
    Remaining: 991
[DEBUG] 23:39:32 | [WS => Shard 0] Connecting to wss://gateway.discord.gg?v=10&encoding=json
[DEBUG] 23:39:32 | [WS => Shard 0] Waiting for event hello for 60000ms
[DEBUG] 23:39:33 | [WS => Shard 0] Preparing first heartbeat of the connection with a jitter of 0.04615646796700501; waiting 1903ms
[DEBUG] 23:39:33 | [WS => Shard 0] Waiting for identify throttle
[DEBUG] 23:39:33 | [WS => Shard 0] Identifying
	shard id: 0
	shard count: 1
	intents: 1
	compression: none
[DEBUG] 23:39:33 | [WS => Shard 0] Waiting for event ready for 15000ms
[INFO] 23:39:33 | Successfully reloaded 7 application (/) commands.
[DEBUG] 23:39:33 | [WS => Shard 0] Shard received all its guilds. Marking as fully ready.
[DEBUG] 23:39:33 | Provided token: MTA4NTYxMjkzOTc3MzQ4NTE5MA.GZK5eK.**************************************
[DEBUG] 23:39:33 | Preparing to connect to the gateway...
[DEBUG] 23:39:34 | [WS => Shard 0] First heartbeat sent, starting to beat every 41250ms
[DEBUG] 23:39:35 | [WS => Shard 0] Heartbeat acknowledged, latency of 123ms.
[WARNING] 23:39:52 | The command at C:\Users\richa\OneDrive - w6l3y\northern-lights-development-bot\commands\fun\ping2.js is missing a required "data" or "execute" property.
[INFO] 23:39:52 | Started refreshing 7 application (/) commands.
[INFO] 23:39:53 | Successfully reloaded 7 application (/) commands.
[WARNING] 23:39:53 | The command at C:\Users\richa\OneDrive - w6l3y\northern-lights-development-bot\commands\fun\ping2.js is missing a required "data" or "execute" property.
[WARNING] 23:39:53 | The command at C:\Users\richa\OneDrive - w6l3y\northern-lights-development-bot\commands\utility\setactivity.js is missing a required "data" or "execute" property.
[INFO] 23:39:53 | Started refreshing 6 application (/) commands.
[DEBUG] 23:39:53 | Provided token: MTA4NTYxMjkzOTc3MzQ4NTE5MA.GZK5eK.**************************************
[DEBUG] 23:39:53 | Preparing to connect to the gateway...
[WARNING] 23:39:54 | The command at C:\Users\richa\OneDrive - w6l3y\northern-lights-development-bot\commands\fun\ping2.js is missing a required "data" or "execute" property.
[WARNING] 23:39:54 | The command at C:\Users\richa\OneDrive - w6l3y\northern-lights-development-bot\commands\utility\setactivity.js is missing a required "data" or "execute" property.
[INFO] 23:39:54 | Started refreshing 6 application (/) commands.
[DEBUG] 23:39:54 | Provided token: MTA4NTYxMjkzOTc3MzQ4NTE5MA.GZK5eK.**************************************
[DEBUG] 23:39:54 | Preparing to connect to the gateway...
[WARNING] 23:40:08 | The command at C:\Users\richa\OneDrive - w6l3y\northern-lights-development-bot\commands\fun\ping2.js is missing a required "data" or "execute" property.
[INFO] 23:40:08 | Started refreshing 7 application (/) commands.
[DEBUG] 23:40:09 | Provided token: MTA4NTYxMjkzOTc3MzQ4NTE5MA.GZK5eK.**************************************
[DEBUG] 23:40:09 | Preparing to connect to the gateway...
[DEBUG] 23:40:09 | [WS => Manager] Fetched Gateway Information
    URL: wss://gateway.discord.gg
    Recommended Shards: 1
[DEBUG] 23:40:09 | [WS => Manager] Session Limit Information
    Total: 1000
    Remaining: 990
[DEBUG] 23:40:09 | [WS => Shard 0] Connecting to wss://gateway.discord.gg?v=10&encoding=json
[DEBUG] 23:40:09 | [WS => Shard 0] Waiting for event hello for 60000ms
[DEBUG] 23:40:10 | [WS => Shard 0] Preparing first heartbeat of the connection with a jitter of 0.32033798947002334; waiting 13213ms
[DEBUG] 23:40:10 | [WS => Shard 0] Waiting for identify throttle
[DEBUG] 23:40:10 | [WS => Shard 0] Identifying
	shard id: 0
	shard count: 1
	intents: 1
	compression: none
[DEBUG] 23:40:10 | [WS => Shard 0] Waiting for event ready for 15000ms
[DEBUG] 23:40:10 | [WS => Shard 0] Shard received all its guilds. Marking as fully ready.
[COMMAND] 23:40:13 | megurre (324856872987262996) set the activity to Playing test. with the status online
[WARNING] 23:40:14 | Command: SetActivity | megurre(324856872987262996) recieved an error while setting the activity to Playing test | TypeError: Cannot read properties of undefined (reading 'channels')
    at Object.execute (C:\Users\richa\OneDrive - w6l3y\northern-lights-development-bot\commands\utility\setactivity.js:54:44)
    at process.processTicksAndRejections (node:internal/process/task_queues:95:5)
    at async Object.execute (C:\Users\richa\OneDrive - w6l3y\northern-lights-development-bot\events\interactionCreate.js:52:13)
[DEBUG] 23:40:23 | [WS => Shard 0] First heartbeat sent, starting to beat every 41250ms
[DEBUG] 23:40:23 | [WS => Shard 0] Heartbeat acknowledged, latency of 120ms.
[DEBUG] 23:41:04 | [WS => Shard 0] Heartbeat acknowledged, latency of 123ms.
[INFO] 23:41:14 | Successfully reloaded 7 application (/) commands.
[WARNING] 23:41:37 | The command at C:\Users\richa\OneDrive - w6l3y\northern-lights-development-bot\commands\fun\ping2.js is missing a required "data" or "execute" property.
[DEBUG] 23:41:37 | Provided token: MTA4NTYxMjkzOTc3MzQ4NTE5MA.GZK5eK.**************************************
[DEBUG] 23:41:37 | Preparing to connect to the gateway...
[INFO] 23:41:37 | Started refreshing 7 application (/) commands.
[DEBUG] 23:41:37 | [WS => Manager] Fetched Gateway Information
    URL: wss://gateway.discord.gg
    Recommended Shards: 1
[DEBUG] 23:41:37 | [WS => Manager] Session Limit Information
    Total: 1000
    Remaining: 989
[DEBUG] 23:41:37 | [WS => Shard 0] Connecting to wss://gateway.discord.gg?v=10&encoding=json
[DEBUG] 23:41:37 | [WS => Shard 0] Waiting for event hello for 60000ms
[DEBUG] 23:41:37 | [WS => Shard 0] Preparing first heartbeat of the connection with a jitter of 0.5831630088314235; waiting 24055ms
[DEBUG] 23:41:37 | [WS => Shard 0] Waiting for identify throttle
[DEBUG] 23:41:37 | [WS => Shard 0] Identifying
	shard id: 0
	shard count: 1
	intents: 513
	compression: none
[DEBUG] 23:41:37 | [WS => Shard 0] Waiting for event ready for 15000ms
[INFO] 23:41:37 | Successfully reloaded 7 application (/) commands.
[DEBUG] 23:41:37 | [WS => Shard 0] Shard received all its guilds. Marking as fully ready.
[DEBUG] 23:41:38 | Provided token: MTA4NTYxMjkzOTc3MzQ4NTE5MA.GZK5eK.**************************************
[DEBUG] 23:41:38 | Preparing to connect to the gateway...
[DEBUG] 23:41:42 | [WS => Manager] Fetched Gateway Information
    URL: wss://gateway.discord.gg
    Recommended Shards: 1
[DEBUG] 23:41:42 | [WS => Manager] Session Limit Information
    Total: 1000
    Remaining: 988
[DEBUG] 23:41:42 | [WS => Shard 0] Connecting to wss://gateway.discord.gg?v=10&encoding=json
[DEBUG] 23:41:42 | [WS => Shard 0] Waiting for event hello for 60000ms
[DEBUG] 23:41:42 | [WS => Shard 0] Preparing first heartbeat of the connection with a jitter of 0.736433605806665; waiting 30377ms
[DEBUG] 23:41:42 | [WS => Shard 0] Waiting for identify throttle
[DEBUG] 23:41:42 | [WS => Shard 0] Identifying
	shard id: 0
	shard count: 1
	intents: 513
	compression: none
[DEBUG] 23:41:42 | [WS => Shard 0] Waiting for event ready for 15000ms
[DEBUG] 23:41:43 | [WS => Shard 0] Shard received all its guilds. Marking as fully ready.
[WARNING] 23:41:45 | No command matching setactivity was found.
[COMMAND] 23:41:45 | megurre (324856872987262996) set the activity to Playing test. with the status online
[WARNING] 23:41:46 | Command: SetActivity | megurre(324856872987262996) recieved an error while setting the activity to Playing test | TypeError: Cannot read properties of undefined (reading 'cache')
    at Object.execute (C:\Users\richa\OneDrive - w6l3y\northern-lights-development-bot\commands\utility\setactivity.js:55:53)
    at process.processTicksAndRejections (node:internal/process/task_queues:95:5)
    at async Object.execute (C:\Users\richa\OneDrive - w6l3y\northern-lights-development-bot\events\interactionCreate.js:52:13)
[DEBUG] 23:42:01 | [WS => Shard 0] First heartbeat sent, starting to beat every 41250ms
[DEBUG] 23:42:01 | [WS => Shard 0] Heartbeat acknowledged, latency of 121ms.
[DEBUG] 23:42:13 | [WS => Shard 0] First heartbeat sent, starting to beat every 41250ms
[DEBUG] 23:42:13 | [WS => Shard 0] Heartbeat acknowledged, latency of 121ms.
[WARNING] 23:42:17 | The command at C:\Users\richa\OneDrive - w6l3y\northern-lights-development-bot\commands\fun\ping2.js is missing a required "data" or "execute" property.
[DEBUG] 23:42:17 | Provided token: MTA4NTYxMjkzOTc3MzQ4NTE5MA.GZK5eK.**************************************
[DEBUG] 23:42:17 | Preparing to connect to the gateway...
[INFO] 23:42:17 | Started refreshing 7 application (/) commands.
[DEBUG] 23:42:18 | [WS => Manager] Fetched Gateway Information
    URL: wss://gateway.discord.gg
    Recommended Shards: 1
[DEBUG] 23:42:18 | [WS => Manager] Session Limit Information
    Total: 1000
    Remaining: 987
[DEBUG] 23:42:18 | [WS => Shard 0] Connecting to wss://gateway.discord.gg?v=10&encoding=json
[DEBUG] 23:42:18 | [WS => Shard 0] Waiting for event hello for 60000ms
[DEBUG] 23:42:18 | [WS => Shard 0] Preparing first heartbeat of the connection with a jitter of 0.4489529505933503; waiting 18519ms
[DEBUG] 23:42:18 | [WS => Shard 0] Waiting for identify throttle
[DEBUG] 23:42:18 | [WS => Shard 0] Identifying
	shard id: 0
	shard count: 1
	intents: 513
	compression: none
[DEBUG] 23:42:18 | [WS => Shard 0] Waiting for event ready for 15000ms
[INFO] 23:42:18 | Successfully reloaded 7 application (/) commands.
[DEBUG] 23:42:18 | [WS => Shard 0] Shard received all its guilds. Marking as fully ready.
[DEBUG] 23:42:18 | Provided token: MTA4NTYxMjkzOTc3MzQ4NTE5MA.GZK5eK.**************************************
[DEBUG] 23:42:18 | Preparing to connect to the gateway...
[WARNING] 23:42:32 | The command at C:\Users\richa\OneDrive - w6l3y\northern-lights-development-bot\commands\fun\ping2.js is missing a required "data" or "execute" property.
[INFO] 23:42:32 | Started refreshing 7 application (/) commands.
[INFO] 23:42:33 | Successfully reloaded 7 application (/) commands.
[WARNING] 23:42:33 | The command at C:\Users\richa\OneDrive - w6l3y\northern-lights-development-bot\commands\fun\ping2.js is missing a required "data" or "execute" property.
[WARNING] 23:42:33 | The command at C:\Users\richa\OneDrive - w6l3y\northern-lights-development-bot\commands\utility\setactivity.js is missing a required "data" or "execute" property.
[INFO] 23:42:33 | Started refreshing 6 application (/) commands.
[DEBUG] 23:42:33 | Provided token: MTA4NTYxMjkzOTc3MzQ4NTE5MA.GZK5eK.**************************************
[DEBUG] 23:42:33 | Preparing to connect to the gateway...
[WARNING] 23:42:34 | The command at C:\Users\richa\OneDrive - w6l3y\northern-lights-development-bot\commands\fun\ping2.js is missing a required "data" or "execute" property.
[WARNING] 23:42:34 | The command at C:\Users\richa\OneDrive - w6l3y\northern-lights-development-bot\commands\utility\setactivity.js is missing a required "data" or "execute" property.
[INFO] 23:42:34 | Started refreshing 6 application (/) commands.
[DEBUG] 23:42:34 | Provided token: MTA4NTYxMjkzOTc3MzQ4NTE5MA.GZK5eK.**************************************
[DEBUG] 23:42:34 | Preparing to connect to the gateway...
[WARNING] 23:42:46 | The command at C:\Users\richa\OneDrive - w6l3y\northern-lights-development-bot\commands\fun\ping2.js is missing a required "data" or "execute" property.
[INFO] 23:42:46 | Started refreshing 7 application (/) commands.
[DEBUG] 23:42:47 | Provided token: MTA4NTYxMjkzOTc3MzQ4NTE5MA.GZK5eK.**************************************
[DEBUG] 23:42:47 | Preparing to connect to the gateway...
[DEBUG] 23:42:47 | [WS => Manager] Fetched Gateway Information
    URL: wss://gateway.discord.gg
    Recommended Shards: 1
[DEBUG] 23:42:47 | [WS => Manager] Session Limit Information
    Total: 1000
    Remaining: 986
[DEBUG] 23:42:47 | [WS => Shard 0] Connecting to wss://gateway.discord.gg?v=10&encoding=json
[DEBUG] 23:42:47 | [WS => Shard 0] Waiting for event hello for 60000ms
[DEBUG] 23:42:47 | [WS => Shard 0] Preparing first heartbeat of the connection with a jitter of 0.7586176353734417; waiting 31292ms
[DEBUG] 23:42:47 | [WS => Shard 0] Waiting for identify throttle
[DEBUG] 23:42:47 | [WS => Shard 0] Identifying
	shard id: 0
	shard count: 1
	intents: 513
	compression: none
[DEBUG] 23:42:47 | [WS => Shard 0] Waiting for event ready for 15000ms
[DEBUG] 23:42:47 | [WS => Shard 0] Shard received all its guilds. Marking as fully ready.
[COMMAND] 23:42:52 | megurre (324856872987262996) set the activity to Playing test. with the status online
[WARNING] 23:42:52 | Command: SetActivity | megurre(324856872987262996) recieved an error while setting the activity to Playing test | TypeError: Cannot read properties of undefined (reading 'channels')
    at Object.execute (C:\Users\richa\OneDrive - w6l3y\northern-lights-development-bot\commands\utility\setactivity.js:54:44)
    at process.processTicksAndRejections (node:internal/process/task_queues:95:5)
    at async Object.execute (C:\Users\richa\OneDrive - w6l3y\northern-lights-development-bot\events\interactionCreate.js:52:13)
[DEBUG] 23:43:18 | [WS => Shard 0] First heartbeat sent, starting to beat every 41250ms
[DEBUG] 23:43:18 | [WS => Shard 0] Heartbeat acknowledged, latency of 123ms.
[INFO] 23:43:48 | Successfully reloaded 7 application (/) commands.
[DEBUG] 23:44:00 | [WS => Shard 0] Heartbeat acknowledged, latency of 123ms.
[DEBUG] 23:44:41 | [WS => Shard 0] Heartbeat acknowledged, latency of 123ms.
[WARNING] 23:44:43 | The command at C:\Users\richa\OneDrive - w6l3y\northern-lights-development-bot\commands\fun\ping2.js is missing a required "data" or "execute" property.
[WARNING] 23:44:54 | The command at C:\Users\richa\OneDrive - w6l3y\northern-lights-development-bot\commands\fun\ping2.js is missing a required "data" or "execute" property.
[WARNING] 23:45:25 | The command at C:\Users\richa\OneDrive - w6l3y\northern-lights-development-bot\commands\fun\ping2.js is missing a required "data" or "execute" property.
[DEBUG] 23:45:25 | Provided token: MTA4NTYxMjkzOTc3MzQ4NTE5MA.GZK5eK.**************************************
[DEBUG] 23:45:25 | Preparing to connect to the gateway...
[INFO] 23:45:25 | Started refreshing 7 application (/) commands.
[DEBUG] 23:45:25 | [WS => Manager] Fetched Gateway Information
    URL: wss://gateway.discord.gg
    Recommended Shards: 1
[DEBUG] 23:45:25 | [WS => Manager] Session Limit Information
    Total: 1000
    Remaining: 985
[DEBUG] 23:45:25 | [WS => Shard 0] Connecting to wss://gateway.discord.gg?v=10&encoding=json
[DEBUG] 23:45:25 | [WS => Shard 0] Waiting for event hello for 60000ms
[DEBUG] 23:45:25 | [WS => Shard 0] Preparing first heartbeat of the connection with a jitter of 0.7925471861408746; waiting 32692ms
[DEBUG] 23:45:25 | [WS => Shard 0] Waiting for identify throttle
[DEBUG] 23:45:25 | [WS => Shard 0] Identifying
	shard id: 0
	shard count: 1
	intents: 513
	compression: none
[DEBUG] 23:45:25 | [WS => Shard 0] Waiting for event ready for 15000ms
[INFO] 23:45:25 | Successfully reloaded 7 application (/) commands.
[DEBUG] 23:45:25 | [WS => Shard 0] Shard received all its guilds. Marking as fully ready.
[DEBUG] 23:45:26 | Provided token: MTA4NTYxMjkzOTc3MzQ4NTE5MA.GZK5eK.**************************************
[DEBUG] 23:45:26 | Preparing to connect to the gateway...
[DEBUG] 23:45:30 | [WS => Manager] Fetched Gateway Information
    URL: wss://gateway.discord.gg
    Recommended Shards: 1
[DEBUG] 23:45:30 | [WS => Manager] Session Limit Information
    Total: 1000
    Remaining: 984
[DEBUG] 23:45:30 | [WS => Shard 0] Connecting to wss://gateway.discord.gg?v=10&encoding=json
[DEBUG] 23:45:30 | [WS => Shard 0] Waiting for event hello for 60000ms
[DEBUG] 23:45:30 | [WS => Shard 0] Preparing first heartbeat of the connection with a jitter of 0.08574016154881425; waiting 3536ms
[DEBUG] 23:45:30 | [WS => Shard 0] Waiting for identify throttle
[DEBUG] 23:45:30 | [WS => Shard 0] Identifying
	shard id: 0
	shard count: 1
	intents: 513
	compression: none
[DEBUG] 23:45:30 | [WS => Shard 0] Waiting for event ready for 15000ms
[DEBUG] 23:45:31 | [WS => Shard 0] Shard received all its guilds. Marking as fully ready.
[DEBUG] 23:45:34 | [WS => Shard 0] First heartbeat sent, starting to beat every 41250ms
[DEBUG] 23:45:34 | [WS => Shard 0] Heartbeat acknowledged, latency of 121ms.
[WARNING] 23:45:35 | No command matching setactivity was found.
[COMMAND] 23:45:37 | megurre (324856872987262996) set the activity to Playing test. with the status online
[WARNING] 23:45:37 | Command: SetActivity | megurre(324856872987262996) recieved an error while setting the activity to Playing test | TypeError: Cannot read properties of undefined (reading 'cache')
    at Object.execute (C:\Users\richa\OneDrive - w6l3y\northern-lights-development-bot\commands\utility\setactivity.js:55:53)
    at process.processTicksAndRejections (node:internal/process/task_queues:95:5)
    at async Object.execute (C:\Users\richa\OneDrive - w6l3y\northern-lights-development-bot\events\interactionCreate.js:52:13)
[DEBUG] 23:45:58 | [WS => Shard 0] First heartbeat sent, starting to beat every 41250ms
[DEBUG] 23:45:58 | [WS => Shard 0] Heartbeat acknowledged, latency of 121ms.
[DEBUG] 23:46:15 | [WS => Shard 0] Heartbeat acknowledged, latency of 120ms.
[DEBUG] 23:46:39 | [WS => Shard 0] Heartbeat acknowledged, latency of 132ms.
[DEBUG] 23:46:57 | [WS => Shard 0] Heartbeat acknowledged, latency of 122ms.
[DEBUG] 23:47:20 | [WS => Shard 0] Heartbeat acknowledged, latency of 121ms.
[DEBUG] 23:47:38 | [WS => Shard 0] Heartbeat acknowledged, latency of 185ms.
[DEBUG] 23:48:02 | [WS => Shard 0] Heartbeat acknowledged, latency of 120ms.
[DEBUG] 23:48:19 | [WS => Shard 0] Heartbeat acknowledged, latency of 119ms.
[DEBUG] 23:48:43 | [WS => Shard 0] Heartbeat acknowledged, latency of 127ms.
[WARNING] 23:49:00 | The command at C:\Users\richa\OneDrive - w6l3y\northern-lights-development-bot\commands\fun\ping2.js is missing a required "data" or "execute" property.
[INFO] 23:49:00 | Started refreshing 7 application (/) commands.
[INFO] 23:49:00 | Successfully reloaded 7 application (/) commands.
[DEBUG] 23:49:01 | Provided token: MTA4NTYxMjkzOTc3MzQ4NTE5MA.GZK5eK.**************************************
[DEBUG] 23:49:01 | Preparing to connect to the gateway...
[DEBUG] 23:49:01 | [WS => Manager] Fetched Gateway Information
    URL: wss://gateway.discord.gg
    Recommended Shards: 1
[DEBUG] 23:49:01 | [WS => Manager] Session Limit Information
    Total: 1000
    Remaining: 983
[DEBUG] 23:49:01 | [WS => Shard 0] Connecting to wss://gateway.discord.gg?v=10&encoding=json
[DEBUG] 23:49:01 | [WS => Shard 0] Waiting for event hello for 60000ms
[DEBUG] 23:49:01 | [WS => Shard 0] Preparing first heartbeat of the connection with a jitter of 0.09413146851288934; waiting 3882ms
[DEBUG] 23:49:01 | [WS => Shard 0] Waiting for identify throttle
[DEBUG] 23:49:01 | [WS => Shard 0] Identifying
	shard id: 0
	shard count: 1
	intents: 513
	compression: none
[DEBUG] 23:49:01 | [WS => Shard 0] Waiting for event ready for 15000ms
[DEBUG] 23:49:01 | [WS => Shard 0] Shard received all its guilds. Marking as fully ready.
[DEBUG] 23:49:05 | [WS => Shard 0] First heartbeat sent, starting to beat every 41250ms
[DEBUG] 23:49:05 | [WS => Shard 0] Heartbeat acknowledged, latency of 119ms.
[COMMAND] 23:49:06 | megurre (324856872987262996) set the activity to Playing test. with the status online
[DEBUG] 23:49:46 | [WS => Shard 0] Heartbeat acknowledged, latency of 119ms.
[WARNING] 23:49:48 | The command at C:\Users\richa\OneDrive - w6l3y\northern-lights-development-bot\commands\fun\ping2.js is missing a required "data" or "execute" property.
[INFO] 23:49:48 | Started refreshing 7 application (/) commands.
[INFO] 23:49:48 | Successfully reloaded 7 application (/) commands.
[DEBUG] 23:49:49 | Provided token: MTA4NTYxMjkzOTc3MzQ4NTE5MA.GZK5eK.**************************************
[DEBUG] 23:49:49 | Preparing to connect to the gateway...
[DEBUG] 23:49:49 | [WS => Manager] Fetched Gateway Information
    URL: wss://gateway.discord.gg
    Recommended Shards: 1
[DEBUG] 23:49:49 | [WS => Manager] Session Limit Information
    Total: 1000
    Remaining: 982
[DEBUG] 23:49:49 | [WS => Shard 0] Connecting to wss://gateway.discord.gg?v=10&encoding=json
[DEBUG] 23:49:49 | [WS => Shard 0] Waiting for event hello for 60000ms
[DEBUG] 23:49:49 | [WS => Shard 0] Preparing first heartbeat of the connection with a jitter of 0.07301285086158282; waiting 3011ms
[DEBUG] 23:49:49 | [WS => Shard 0] Waiting for identify throttle
[DEBUG] 23:49:49 | [WS => Shard 0] Identifying
	shard id: 0
	shard count: 1
	intents: 513
	compression: none
[DEBUG] 23:49:49 | [WS => Shard 0] Waiting for event ready for 15000ms
[DEBUG] 23:49:49 | [WS => Shard 0] Shard received all its guilds. Marking as fully ready.
[DEBUG] 23:49:52 | [WS => Shard 0] First heartbeat sent, starting to beat every 41250ms
[DEBUG] 23:49:52 | [WS => Shard 0] Heartbeat acknowledged, latency of 126ms.
[DEBUG] 23:49:54 | Provided token: MTA4NTYxMjkzOTc3MzQ4NTE5MA.GZK5eK.**************************************
[DEBUG] 23:49:54 | Preparing to connect to the gateway...
[DEBUG] 23:49:54 | [WS => Manager] Fetched Gateway Information
    URL: wss://gateway.discord.gg
    Recommended Shards: 1
[DEBUG] 23:49:54 | [WS => Manager] Session Limit Information
    Total: 1000
    Remaining: 981
[DEBUG] 23:49:54 | [WS => Shard 0] Connecting to wss://gateway.discord.gg?v=10&encoding=json
[DEBUG] 23:49:54 | [WS => Shard 0] Waiting for event hello for 60000ms
[DEBUG] 23:49:55 | [WS => Shard 0] Preparing first heartbeat of the connection with a jitter of 0.13053935907486114; waiting 5384ms
[DEBUG] 23:49:55 | [WS => Shard 0] Waiting for identify throttle
[DEBUG] 23:49:55 | [WS => Shard 0] Identifying
	shard id: 0
	shard count: 1
	intents: 513
	compression: none
[DEBUG] 23:49:55 | [WS => Shard 0] Waiting for event ready for 15000ms
[DEBUG] 23:49:55 | [WS => Shard 0] Shard received all its guilds. Marking as fully ready.
[DEBUG] 23:50:00 | Provided token: MTA4NTYxMjkzOTc3MzQ4NTE5MA.GZK5eK.**************************************
[DEBUG] 23:50:00 | Preparing to connect to the gateway...
[DEBUG] 23:50:00 | [WS => Manager] Fetched Gateway Information
    URL: wss://gateway.discord.gg
    Recommended Shards: 1
[DEBUG] 23:50:00 | [WS => Manager] Session Limit Information
    Total: 1000
    Remaining: 980
[DEBUG] 23:50:00 | [WS => Shard 0] Connecting to wss://gateway.discord.gg?v=10&encoding=json
[DEBUG] 23:50:00 | [WS => Shard 0] Waiting for event hello for 60000ms
[DEBUG] 23:50:00 | [WS => Shard 0] Preparing first heartbeat of the connection with a jitter of 0.905205242893625; waiting 37339ms
[DEBUG] 23:50:00 | [WS => Shard 0] Waiting for identify throttle
[DEBUG] 23:50:00 | [WS => Shard 0] Identifying
	shard id: 0
	shard count: 1
	intents: 513
	compression: none
[DEBUG] 23:50:00 | [WS => Shard 0] Waiting for event ready for 15000ms
[DEBUG] 23:50:01 | [WS => Shard 0] Shard received all its guilds. Marking as fully ready.
[WARNING] 23:51:00 | The command at C:\Users\richa\OneDrive - w6l3y\northern-lights-development-bot\commands\fun\ping2.js is missing a required "data" or "execute" property.
[INFO] 23:51:00 | Started refreshing 7 application (/) commands.
[INFO] 23:51:00 | Successfully reloaded 7 application (/) commands.
[DEBUG] 23:51:01 | Provided token: MTA4NTYxMjkzOTc3MzQ4NTE5MA.GZK5eK.**************************************
[DEBUG] 23:51:01 | Preparing to connect to the gateway...
[DEBUG] 23:51:01 | [WS => Manager] Fetched Gateway Information
    URL: wss://gateway.discord.gg
    Recommended Shards: 1
[DEBUG] 23:51:01 | [WS => Manager] Session Limit Information
    Total: 1000
    Remaining: 979
[DEBUG] 23:51:01 | [WS => Shard 0] Connecting to wss://gateway.discord.gg?v=10&encoding=json
[DEBUG] 23:51:01 | [WS => Shard 0] Waiting for event hello for 60000ms
[DEBUG] 23:51:01 | [WS => Shard 0] Preparing first heartbeat of the connection with a jitter of 0.0016426062048939816; waiting 67ms
[DEBUG] 23:51:01 | [WS => Shard 0] Waiting for identify throttle
[DEBUG] 23:51:01 | [WS => Shard 0] Identifying
	shard id: 0
	shard count: 1
	intents: 513
	compression: none
[DEBUG] 23:51:01 | [WS => Shard 0] Waiting for event ready for 15000ms
[DEBUG] 23:51:01 | [WS => Shard 0] First heartbeat sent, starting to beat every 41250ms
[DEBUG] 23:51:01 | [WS => Shard 0] Heartbeat acknowledged, latency of 121ms.
[DEBUG] 23:51:01 | [WS => Shard 0] Shard received all its guilds. Marking as fully ready.
[DEBUG] 23:51:06 | Provided token: MTA4NTYxMjkzOTc3MzQ4NTE5MA.GZK5eK.**************************************
[DEBUG] 23:51:06 | Preparing to connect to the gateway...
[DEBUG] 23:51:07 | [WS => Manager] Fetched Gateway Information
    URL: wss://gateway.discord.gg
    Recommended Shards: 1
[DEBUG] 23:51:07 | [WS => Manager] Session Limit Information
    Total: 1000
    Remaining: 978
[DEBUG] 23:51:07 | [WS => Shard 0] Connecting to wss://gateway.discord.gg?v=10&encoding=json
[DEBUG] 23:51:07 | [WS => Shard 0] Waiting for event hello for 60000ms
[DEBUG] 23:51:07 | [WS => Shard 0] Preparing first heartbeat of the connection with a jitter of 0.1533888375543777; waiting 6327ms
[DEBUG] 23:51:07 | [WS => Shard 0] Waiting for identify throttle
[DEBUG] 23:51:07 | [WS => Shard 0] Identifying
	shard id: 0
	shard count: 1
	intents: 513
	compression: none
[DEBUG] 23:51:07 | [WS => Shard 0] Waiting for event ready for 15000ms
[DEBUG] 23:51:07 | [WS => Shard 0] Shard received all its guilds. Marking as fully ready.
[WARNING] 23:52:31 | The command at C:\Users\richa\OneDrive - w6l3y\northern-lights-development-bot\commands\fun\ping2.js is missing a required "data" or "execute" property.
[INFO] 23:52:31 | Started refreshing 7 application (/) commands.
[INFO] 23:52:31 | Successfully reloaded 7 application (/) commands.
[DEBUG] 23:52:32 | Provided token: MTA4NTYxMjkzOTc3MzQ4NTE5MA.GZK5eK.**************************************
[DEBUG] 23:52:32 | Preparing to connect to the gateway...
[DEBUG] 23:52:32 | [WS => Manager] Fetched Gateway Information
    URL: wss://gateway.discord.gg
    Recommended Shards: 1
[DEBUG] 23:52:32 | [WS => Manager] Session Limit Information
    Total: 1000
    Remaining: 977
[DEBUG] 23:52:32 | [WS => Shard 0] Connecting to wss://gateway.discord.gg?v=10&encoding=json
[DEBUG] 23:52:32 | [WS => Shard 0] Waiting for event hello for 60000ms
[DEBUG] 23:52:32 | [WS => Shard 0] Preparing first heartbeat of the connection with a jitter of 0.01505179492064257; waiting 620ms
[DEBUG] 23:52:32 | [WS => Shard 0] Waiting for identify throttle
[DEBUG] 23:52:32 | [WS => Shard 0] Identifying
	shard id: 0
	shard count: 1
	intents: 513
	compression: none
[DEBUG] 23:52:32 | [WS => Shard 0] Waiting for event ready for 15000ms
[DEBUG] 23:52:32 | [WS => Shard 0] Shard received all its guilds. Marking as fully ready.
[DEBUG] 23:52:33 | [WS => Shard 0] First heartbeat sent, starting to beat every 41250ms
[DEBUG] 23:52:33 | [WS => Shard 0] Heartbeat acknowledged, latency of 126ms.
[DEBUG] 23:52:37 | Provided token: MTA4NTYxMjkzOTc3MzQ4NTE5MA.GZK5eK.**************************************
[DEBUG] 23:52:37 | Preparing to connect to the gateway...
[WARNING] 23:52:46 | The command at C:\Users\richa\OneDrive - w6l3y\northern-lights-development-bot\commands\fun\ping2.js is missing a required "data" or "execute" property.
[INFO] 23:52:46 | Started refreshing 7 application (/) commands.
[INFO] 23:52:46 | Successfully reloaded 7 application (/) commands.
[DEBUG] 23:52:47 | Provided token: MTA4NTYxMjkzOTc3MzQ4NTE5MA.GZK5eK.**************************************
[DEBUG] 23:52:47 | Preparing to connect to the gateway...
[DEBUG] 23:52:47 | [WS => Manager] Fetched Gateway Information
    URL: wss://gateway.discord.gg
    Recommended Shards: 1
[DEBUG] 23:52:47 | [WS => Manager] Session Limit Information
    Total: 1000
    Remaining: 976
[DEBUG] 23:52:47 | [WS => Shard 0] Connecting to wss://gateway.discord.gg?v=10&encoding=json
[DEBUG] 23:52:47 | [WS => Shard 0] Waiting for event hello for 60000ms
[DEBUG] 23:52:47 | [WS => Shard 0] Preparing first heartbeat of the connection with a jitter of 0.8289136215940065; waiting 34192ms
[DEBUG] 23:52:47 | [WS => Shard 0] Waiting for identify throttle
[DEBUG] 23:52:47 | [WS => Shard 0] Identifying
	shard id: 0
	shard count: 1
	intents: 513
	compression: none
[DEBUG] 23:52:47 | [WS => Shard 0] Waiting for event ready for 15000ms
[DEBUG] 23:52:47 | [WS => Shard 0] Shard received all its guilds. Marking as fully ready.
[DEBUG] 23:52:52 | Provided token: MTA4NTYxMjkzOTc3MzQ4NTE5MA.GZK5eK.**************************************
[DEBUG] 23:52:52 | Preparing to connect to the gateway...
[DEBUG] 23:52:53 | [WS => Manager] Fetched Gateway Information
    URL: wss://gateway.discord.gg
    Recommended Shards: 1
[DEBUG] 23:52:53 | [WS => Manager] Session Limit Information
    Total: 1000
    Remaining: 975
[DEBUG] 23:52:53 | [WS => Shard 0] Connecting to wss://gateway.discord.gg?v=10&encoding=json
[DEBUG] 23:52:53 | [WS => Shard 0] Waiting for event hello for 60000ms
[WARNING] 23:54:42 | The command at C:\Users\richa\OneDrive - w6l3y\northern-lights-development-bot\commands\fun\ping2.js is missing a required "data" or "execute" property.
[INFO] 23:54:42 | Started refreshing 7 application (/) commands.
[INFO] 23:54:42 | Successfully reloaded 7 application (/) commands.
[WARNING] 23:54:49 | The command at C:\Users\richa\OneDrive - w6l3y\northern-lights-development-bot\commands\fun\ping2.js is missing a required "data" or "execute" property.
[INFO] 23:54:50 | Started refreshing 7 application (/) commands.
[INFO] 23:54:50 | Successfully reloaded 7 application (/) commands.
[WARNING] 23:55:44 | The command at C:\Users\richa\OneDrive - w6l3y\northern-lights-development-bot\commands\fun\ping2.js is missing a required "data" or "execute" property.
[INFO] 23:55:44 | Started refreshing 7 application (/) commands.
[INFO] 23:55:44 | Successfully reloaded 7 application (/) commands.
[WARNING] 23:57:50 | The command at C:\Users\richa\OneDrive - w6l3y\northern-lights-development-bot\commands\fun\ping2.js is missing a required "data" or "execute" property.
[INFO] 23:57:50 | Started refreshing 7 application (/) commands.
[INFO] 23:57:51 | Successfully reloaded 7 application (/) commands.
[DEBUG] 23:57:51 | Provided token: MTA4NTYxMjkzOTc3MzQ4NTE5MA.GZK5eK.**************************************
[DEBUG] 23:57:51 | Preparing to connect to the gateway...
[DEBUG] 23:57:51 | [WS => Manager] Fetched Gateway Information
    URL: wss://gateway.discord.gg
    Recommended Shards: 1
[DEBUG] 23:57:51 | [WS => Manager] Session Limit Information
    Total: 1000
    Remaining: 975
[DEBUG] 23:57:51 | [WS => Shard 0] Connecting to wss://gateway.discord.gg?v=10&encoding=json
[DEBUG] 23:57:51 | [WS => Shard 0] Waiting for event hello for 60000ms
[DEBUG] 23:57:52 | [WS => Shard 0] Preparing first heartbeat of the connection with a jitter of 0.07044278054096909; waiting 2905ms
[DEBUG] 23:57:52 | [WS => Shard 0] Waiting for identify throttle
[DEBUG] 23:57:52 | [WS => Shard 0] Identifying
	shard id: 0
	shard count: 1
	intents: 513
	compression: none
[DEBUG] 23:57:52 | [WS => Shard 0] Waiting for event ready for 15000ms
[DEBUG] 23:57:52 | [WS => Shard 0] Shard received all its guilds. Marking as fully ready.
[DEBUG] 23:57:54 | [WS => Shard 0] First heartbeat sent, starting to beat every 41250ms
[DEBUG] 23:57:55 | [WS => Shard 0] Heartbeat acknowledged, latency of 119ms.
[DEBUG] 23:57:57 | Provided token: MTA4NTYxMjkzOTc3MzQ4NTE5MA.GZK5eK.**************************************
[DEBUG] 23:57:57 | Preparing to connect to the gateway...
[INFO] 23:59:15 | Started refreshing 7 application (/) commands.
[INFO] 23:59:16 | Successfully reloaded 7 application (/) commands.
[DEBUG] 23:59:16 | Provided token: MTA4NTYxMjkzOTc3MzQ4NTE5MA.GZK5eK.**************************************
[DEBUG] 23:59:16 | Preparing to connect to the gateway...
[DEBUG] 23:59:16 | [WS => Manager] Fetched Gateway Information
    URL: wss://gateway.discord.gg
    Recommended Shards: 1
[DEBUG] 23:59:16 | [WS => Manager] Session Limit Information
    Total: 1000
    Remaining: 974
[DEBUG] 23:59:16 | [WS => Shard 0] Connecting to wss://gateway.discord.gg?v=10&encoding=json
[DEBUG] 23:59:16 | [WS => Shard 0] Waiting for event hello for 60000ms
[DEBUG] 23:59:17 | [WS => Shard 0] Preparing first heartbeat of the connection with a jitter of 0.036215115645613194; waiting 1493ms
[DEBUG] 23:59:17 | [WS => Shard 0] Waiting for identify throttle
[DEBUG] 23:59:17 | [WS => Shard 0] Identifying
	shard id: 0
	shard count: 1
	intents: 513
	compression: none
[DEBUG] 23:59:17 | [WS => Shard 0] Waiting for event ready for 15000ms
[DEBUG] 23:59:17 | [WS => Shard 0] Shard received all its guilds. Marking as fully ready.
[DEBUG] 23:59:18 | [WS => Shard 0] First heartbeat sent, starting to beat every 41250ms
[DEBUG] 23:59:18 | [WS => Shard 0] Heartbeat acknowledged, latency of 123ms.
[DEBUG] 23:59:22 | Provided token: MTA4NTYxMjkzOTc3MzQ4NTE5MA.GZK5eK.**************************************
[DEBUG] 23:59:22 | Preparing to connect to the gateway...
