[WARNING] 19:13:10 | The command at C:\Users\richa\Documents\GitHub\northern-lights-development-bot\commands\guild\tickets.js is missing a required "data" or "execute" property.
[WARNING] 19:13:10 | The command at C:\Users\richa\Documents\GitHub\northern-lights-development-bot\commands\moderation\blacklist.js is missing a required "data" or "execute" property.
[INFO] 19:13:10 | Started refreshing 24 application (/) commands.
[INFO] 19:13:11 | Successfully reloaded 24 application (/) commands.
[DEBUG] 19:13:11 | Provided token: MTA4NTYxMjkzOTc3MzQ4NTE5MA.GZK5eK.**************************************
[DEBUG] 19:13:11 | Preparing to connect to the gateway...
[DEBUG] 19:13:11 | [WS => Manager] Fetched Gateway Information
    URL: wss://gateway.discord.gg
    Recommended Shards: 1
[DEBUG] 19:13:11 | [WS => Manager] Session Limit Information
    Total: 1000
    Remaining: 1000
[DEBUG] 19:13:11 | [WS => Shard 0] Connecting to wss://gateway.discord.gg?v=10&encoding=json
[DEBUG] 19:13:11 | [WS => Shard 0] Waiting for event hello for 60000ms
[DEBUG] 19:13:12 | [WS => Shard 0] Preparing first heartbeat of the connection with a jitter of 0.15524158463625137; waiting 6403ms
[DEBUG] 19:13:12 | [WS => Shard 0] Waiting for identify throttle
[DEBUG] 19:13:12 | [WS => Shard 0] Identifying
	shard id: 0
	shard count: 1
	intents: 513
	compression: none
[DEBUG] 19:13:12 | [WS => Shard 0] Waiting for event ready for 15000ms
[DEBUG] 19:13:12 | [WS => Shard 0] Shard received all its guilds. Marking as fully ready.
[ERROR] 19:13:12 | File: ready.js | Error connecting to database: AggregateError
[DEBUG] 19:13:18 | [WS => Shard 0] First heartbeat sent, starting to beat every 41250ms
[DEBUG] 19:13:18 | [WS => Shard 0] Heartbeat acknowledged, latency of 150ms.
[DEBUG] 19:14:00 | [WS => Shard 0] Heartbeat acknowledged, latency of 160ms.
[DEBUG] 19:14:41 | [WS => Shard 0] Heartbeat acknowledged, latency of 143ms.
