[WARNING] 16:12:00 | The command at C:\Users\richa\OneDrive - w6l3y\northern-lights-development-bot\commands\guild\tickets.js is missing a required "data" or "execute" property.
[INFO] 16:12:00 | Started refreshing 10 application (/) commands.
[INFO] 16:12:00 | Successfully reloaded 10 application (/) commands.
[DEBUG] 16:12:00 | Provided token: MTA4NTYxMjkzOTc3MzQ4NTE5MA.GZK5eK.**************************************
[DEBUG] 16:12:00 | Preparing to connect to the gateway...
[DEBUG] 16:12:01 | [WS => Manager] Fetched Gateway Information
    URL: wss://gateway.discord.gg
    Recommended Shards: 1
[DEBUG] 16:12:01 | [WS => Manager] Session Limit Information
    Total: 1000
    Remaining: 995
[DEBUG] 16:12:01 | [WS => Shard 0] Connecting to wss://gateway.discord.gg?v=10&encoding=json
[DEBUG] 16:12:01 | [WS => Shard 0] Waiting for event hello for 60000ms
[DEBUG] 16:12:01 | [WS => Shard 0] Preparing first heartbeat of the connection with a jitter of 0.49785921160516344; waiting 20536ms
[DEBUG] 16:12:01 | [WS => Shard 0] Waiting for identify throttle
[DEBUG] 16:12:01 | [WS => Shard 0] Identifying
	shard id: 0
	shard count: 1
	intents: 513
	compression: none
[DEBUG] 16:12:01 | [WS => Shard 0] Waiting for event ready for 15000ms
[DEBUG] 16:12:01 | [WS => Shard 0] Shard received all its guilds. Marking as fully ready.
[ERROR] 16:12:04 | Command: 2FA | megurre (324856872987262996) received an error | TypeError: Cannot read properties of undefined (reading 'length')
    at Object.execute (C:\Users\richa\OneDrive - w6l3y\northern-lights-development-bot\commands\utility\2fa.js:36:25)
    at process.processTicksAndRejections (node:internal/process/task_queues:95:5)
    at async Object.execute (C:\Users\richa\OneDrive - w6l3y\northern-lights-development-bot\events\interactionCreate.js:51:13)
[DEBUG] 16:12:21 | [WS => Shard 0] First heartbeat sent, starting to beat every 41250ms
[DEBUG] 16:12:21 | [WS => Shard 0] Heartbeat acknowledged, latency of 120ms.
[DEBUG] 16:13:03 | [WS => Shard 0] Heartbeat acknowledged, latency of 120ms.
[DEBUG] 16:13:44 | [WS => Shard 0] Heartbeat acknowledged, latency of 141ms.
[DEBUG] 16:14:25 | [WS => Shard 0] Heartbeat acknowledged, latency of 125ms.
[DEBUG] 16:15:06 | [WS => Shard 0] Heartbeat acknowledged, latency of 136ms.
[DEBUG] 16:15:48 | [WS => Shard 0] Heartbeat acknowledged, latency of 120ms.
[ERROR] 16:16:14 | DiscordAPIError[10062]: Unknown interaction
[WARNING] 16:16:20 | The command at C:\Users\richa\OneDrive - w6l3y\northern-lights-development-bot\commands\guild\tickets.js is missing a required "data" or "execute" property.
[INFO] 16:16:20 | Started refreshing 10 application (/) commands.
[INFO] 16:16:20 | Successfully reloaded 10 application (/) commands.
[DEBUG] 16:16:20 | Provided token: MTA4NTYxMjkzOTc3MzQ4NTE5MA.GZK5eK.**************************************
[DEBUG] 16:16:20 | Preparing to connect to the gateway...
[DEBUG] 16:16:21 | [WS => Manager] Fetched Gateway Information
    URL: wss://gateway.discord.gg
    Recommended Shards: 1
[DEBUG] 16:16:21 | [WS => Manager] Session Limit Information
    Total: 1000
    Remaining: 994
[DEBUG] 16:16:21 | [WS => Shard 0] Connecting to wss://gateway.discord.gg?v=10&encoding=json
[DEBUG] 16:16:21 | [WS => Shard 0] Waiting for event hello for 60000ms
[DEBUG] 16:16:21 | [WS => Shard 0] Preparing first heartbeat of the connection with a jitter of 0.6779742314784025; waiting 27966ms
[DEBUG] 16:16:21 | [WS => Shard 0] Waiting for identify throttle
[DEBUG] 16:16:21 | [WS => Shard 0] Identifying
	shard id: 0
	shard count: 1
	intents: 513
	compression: none
[DEBUG] 16:16:21 | [WS => Shard 0] Waiting for event ready for 15000ms
[DEBUG] 16:16:21 | [WS => Shard 0] Shard received all its guilds. Marking as fully ready.
[DEBUG] 16:16:49 | [WS => Shard 0] First heartbeat sent, starting to beat every 41250ms
[DEBUG] 16:16:49 | [WS => Shard 0] Heartbeat acknowledged, latency of 128ms.
[INFO] 16:17:06 | megurre (324856872987262996) connected to the database.
[INFO] 16:17:06 | Command: Validate | megurre (324856872987262996) successfully validated their reqyest.
[INFO] 16:17:06 | Command: Validate | megurre (324856872987262996) updated their user data.
[DEBUG] 16:17:30 | [WS => Shard 0] Heartbeat acknowledged, latency of 130ms.
[DEBUG] 16:18:11 | [WS => Shard 0] Heartbeat acknowledged, latency of 121ms.
[DEBUG] 16:18:53 | [WS => Shard 0] Heartbeat acknowledged, latency of 128ms.
[WARNING] 16:19:10 | The command at C:\Users\richa\OneDrive - w6l3y\northern-lights-development-bot\commands\guild\tickets.js is missing a required "data" or "execute" property.
[INFO] 16:19:10 | Started refreshing 10 application (/) commands.
[INFO] 16:19:11 | Successfully reloaded 10 application (/) commands.
[DEBUG] 16:19:11 | Provided token: MTA4NTYxMjkzOTc3MzQ4NTE5MA.GZK5eK.**************************************
[DEBUG] 16:19:11 | Preparing to connect to the gateway...
[DEBUG] 16:19:11 | [WS => Manager] Fetched Gateway Information
    URL: wss://gateway.discord.gg
    Recommended Shards: 1
[DEBUG] 16:19:11 | [WS => Manager] Session Limit Information
    Total: 1000
    Remaining: 993
[DEBUG] 16:19:11 | [WS => Shard 0] Connecting to wss://gateway.discord.gg?v=10&encoding=json
[DEBUG] 16:19:11 | [WS => Shard 0] Waiting for event hello for 60000ms
[DEBUG] 16:19:11 | [WS => Shard 0] Preparing first heartbeat of the connection with a jitter of 0.3487917369515299; waiting 14387ms
[DEBUG] 16:19:11 | [WS => Shard 0] Waiting for identify throttle
[DEBUG] 16:19:11 | [WS => Shard 0] Identifying
	shard id: 0
	shard count: 1
	intents: 513
	compression: none
[DEBUG] 16:19:11 | [WS => Shard 0] Waiting for event ready for 15000ms
[DEBUG] 16:19:11 | [WS => Shard 0] Shard received all its guilds. Marking as fully ready.
[DEBUG] 16:19:25 | [WS => Shard 0] First heartbeat sent, starting to beat every 41250ms
[DEBUG] 16:19:26 | [WS => Shard 0] Heartbeat acknowledged, latency of 123ms.
[INFO] 16:19:41 | megurre (324856872987262996) connected to the database.
[INFO] 16:19:41 | Command: Validate | megurre (324856872987262996) successfully validated their reqyest.
[INFO] 16:19:41 | Command: Validate | megurre (324856872987262996) updated their user data.
[WARNING] 16:20:07 | The command at C:\Users\richa\OneDrive - w6l3y\northern-lights-development-bot\commands\guild\tickets.js is missing a required "data" or "execute" property.
[INFO] 16:20:07 | Started refreshing 10 application (/) commands.
[INFO] 16:20:08 | Successfully reloaded 10 application (/) commands.
[DEBUG] 16:20:08 | Provided token: MTA4NTYxMjkzOTc3MzQ4NTE5MA.GZK5eK.**************************************
[DEBUG] 16:20:08 | Preparing to connect to the gateway...
[DEBUG] 16:20:08 | [WS => Manager] Fetched Gateway Information
    URL: wss://gateway.discord.gg
    Recommended Shards: 1
[DEBUG] 16:20:08 | [WS => Manager] Session Limit Information
    Total: 1000
    Remaining: 992
[DEBUG] 16:20:08 | [WS => Shard 0] Connecting to wss://gateway.discord.gg?v=10&encoding=json
[DEBUG] 16:20:08 | [WS => Shard 0] Waiting for event hello for 60000ms
[DEBUG] 16:20:08 | [WS => Shard 0] Preparing first heartbeat of the connection with a jitter of 0.9126326602596828; waiting 37646ms
[DEBUG] 16:20:08 | [WS => Shard 0] Waiting for identify throttle
[DEBUG] 16:20:08 | [WS => Shard 0] Identifying
	shard id: 0
	shard count: 1
	intents: 513
	compression: none
[DEBUG] 16:20:08 | [WS => Shard 0] Waiting for event ready for 15000ms
[DEBUG] 16:20:09 | [WS => Shard 0] Shard received all its guilds. Marking as fully ready.
[INFO] 16:20:14 | megurre (324856872987262996) connected to the database.
[WARN] 16:20:14 | Command: Validate | megurre (324856872987262996) tried to validate their 2FA code, but they don't have an account.
[INFO] 16:20:39 | megurre (324856872987262996) connected to the database.
[INFO] 16:20:39 | Command: Validate | megurre (324856872987262996) successfully validated their reqyest.
[INFO] 16:20:39 | Command: Validate | megurre (324856872987262996) updated their user data.
[DEBUG] 16:20:46 | [WS => Shard 0] First heartbeat sent, starting to beat every 41250ms
[DEBUG] 16:20:46 | [WS => Shard 0] Heartbeat acknowledged, latency of 131ms.
[DEBUG] 16:21:27 | [WS => Shard 0] Heartbeat acknowledged, latency of 121ms.
[DEBUG] 16:22:09 | [WS => Shard 0] Heartbeat acknowledged, latency of 126ms.
[DEBUG] 16:22:50 | [WS => Shard 0] Heartbeat acknowledged, latency of 138ms.
[DEBUG] 16:23:31 | [WS => Shard 0] Heartbeat acknowledged, latency of 177ms.
[INFO] 16:23:40 | megurre (324856872987262996) connected to the database.
[INFO] 16:23:40 | Command: Validate | megurre (324856872987262996) successfully validated their reqyest.
[INFO] 16:23:40 | Command: Validate | megurre (324856872987262996) updated their user data.
[DEBUG] 16:24:13 | [WS => Shard 0] Heartbeat acknowledged, latency of 157ms.
[DEBUG] 16:24:54 | [WS => Shard 0] Heartbeat acknowledged, latency of 126ms.
[DEBUG] 16:25:35 | [WS => Shard 0] Heartbeat acknowledged, latency of 131ms.
[DEBUG] 16:26:16 | [WS => Shard 0] Heartbeat acknowledged, latency of 129ms.
[INFO] 16:26:55 | megurre (324856872987262996) connected to the database.
[INFO] 16:26:55 | Command: Validate | megurre (324856872987262996) successfully validated their reqyest.
[INFO] 16:26:55 | Command: Validate | megurre (324856872987262996) updated their user data.
[DEBUG] 16:26:57 | [WS => Shard 0] Heartbeat acknowledged, latency of 125ms.
[WARNING] 16:27:22 | The command at C:\Users\richa\OneDrive - w6l3y\northern-lights-development-bot\commands\guild\tickets.js is missing a required "data" or "execute" property.
[INFO] 16:27:22 | Started refreshing 10 application (/) commands.
[INFO] 16:27:23 | Successfully reloaded 10 application (/) commands.
[DEBUG] 16:27:23 | Provided token: MTA4NTYxMjkzOTc3MzQ4NTE5MA.GZK5eK.**************************************
[DEBUG] 16:27:23 | Preparing to connect to the gateway...
[DEBUG] 16:27:23 | [WS => Manager] Fetched Gateway Information
    URL: wss://gateway.discord.gg
    Recommended Shards: 1
[DEBUG] 16:27:23 | [WS => Manager] Session Limit Information
    Total: 1000
    Remaining: 991
[DEBUG] 16:27:23 | [WS => Shard 0] Connecting to wss://gateway.discord.gg?v=10&encoding=json
[DEBUG] 16:27:23 | [WS => Shard 0] Waiting for event hello for 60000ms
[DEBUG] 16:27:24 | [WS => Shard 0] Preparing first heartbeat of the connection with a jitter of 0.18317712210809733; waiting 7556ms
[DEBUG] 16:27:24 | [WS => Shard 0] Waiting for identify throttle
[DEBUG] 16:27:24 | [WS => Shard 0] Identifying
	shard id: 0
	shard count: 1
	intents: 513
	compression: none
[DEBUG] 16:27:24 | [WS => Shard 0] Waiting for event ready for 15000ms
[DEBUG] 16:27:24 | [WS => Shard 0] Shard received all its guilds. Marking as fully ready.
[ERROR] 16:27:26 | Command: 2FA | megurre (324856872987262996) received an error | Error: Duplicate entry '324856872987262996' for key 'PRIMARY'
    at PromisePoolConnection.execute (C:\Users\richa\node_modules\mysql2\promise.js:112:22)
    at performQuery (C:\Users\richa\OneDrive - w6l3y\northern-lights-development-bot\commands\utility\2fa.js:129:44)
    at process.processTicksAndRejections (node:internal/process/task_queues:95:5)
    at async Object.execute (C:\Users\richa\OneDrive - w6l3y\northern-lights-development-bot\commands\utility\2fa.js:54:17)
    at async Object.execute (C:\Users\richa\OneDrive - w6l3y\northern-lights-development-bot\events\interactionCreate.js:51:13)
[DEBUG] 16:27:31 | [WS => Shard 0] First heartbeat sent, starting to beat every 41250ms
[DEBUG] 16:27:31 | [WS => Shard 0] Heartbeat acknowledged, latency of 139ms.
[DEBUG] 16:28:13 | [WS => Shard 0] Heartbeat acknowledged, latency of 124ms.
[DEBUG] 16:28:54 | [WS => Shard 0] Heartbeat acknowledged, latency of 133ms.
[DEBUG] 16:29:35 | [WS => Shard 0] Heartbeat acknowledged, latency of 134ms.
[DEBUG] 16:30:16 | [WS => Shard 0] Heartbeat acknowledged, latency of 122ms.
[ERROR] 16:30:38 | Command: 2FA | megurre (324856872987262996) received an error | Error: Expected the value to be a string or number
    at _NativeEnumValidator.handle (C:\Users\richa\node_modules\@sapphire\shapeshift\dist\cjs\index.cjs:1903:25)
    at _NativeEnumValidator.parse (C:\Users\richa\node_modules\@sapphire\shapeshift\dist\cjs\index.cjs:216:88)
    at ButtonBuilder.setStyle (C:\Users\richa\node_modules\@discordjs\builders\dist\index.js:636:44)
    at Object.execute (C:\Users\richa\OneDrive - w6l3y\northern-lights-development-bot\commands\utility\2fa.js:54:30)
    at process.processTicksAndRejections (node:internal/process/task_queues:95:5)
    at async Object.execute (C:\Users\richa\OneDrive - w6l3y\northern-lights-development-bot\events\interactionCreate.js:51:13)
[DEBUG] 16:30:58 | [WS => Shard 0] Heartbeat acknowledged, latency of 126ms.
[INFO] 16:31:12 | megurre (324856872987262996) connected to the database.
[INFO] 16:31:12 | Command: Validate | megurre (324856872987262996) successfully validated their reqyest.
[INFO] 16:31:12 | Command: Validate | megurre (324856872987262996) updated their user data.
[ERROR] 16:31:16 | Command: 2FA | megurre (324856872987262996) received an error | Error: Expected the value to be a string or number
    at _NativeEnumValidator.handle (C:\Users\richa\node_modules\@sapphire\shapeshift\dist\cjs\index.cjs:1903:25)
    at _NativeEnumValidator.parse (C:\Users\richa\node_modules\@sapphire\shapeshift\dist\cjs\index.cjs:216:88)
    at ButtonBuilder.setStyle (C:\Users\richa\node_modules\@discordjs\builders\dist\index.js:636:44)
    at Object.execute (C:\Users\richa\OneDrive - w6l3y\northern-lights-development-bot\commands\utility\2fa.js:54:30)
    at process.processTicksAndRejections (node:internal/process/task_queues:95:5)
    at async Object.execute (C:\Users\richa\OneDrive - w6l3y\northern-lights-development-bot\events\interactionCreate.js:51:13)
[DEBUG] 16:31:39 | [WS => Shard 0] Heartbeat acknowledged, latency of 123ms.
[DEBUG] 16:32:20 | [WS => Shard 0] Heartbeat acknowledged, latency of 127ms.
[DEBUG] 16:33:01 | [WS => Shard 0] Heartbeat acknowledged, latency of 129ms.
[DEBUG] 16:33:43 | [WS => Shard 0] Heartbeat acknowledged, latency of 120ms.
[DEBUG] 16:34:24 | [WS => Shard 0] Heartbeat acknowledged, latency of 139ms.
[DEBUG] 16:35:05 | [WS => Shard 0] Heartbeat acknowledged, latency of 125ms.
[DEBUG] 16:35:46 | [WS => Shard 0] Heartbeat acknowledged, latency of 124ms.
[DEBUG] 16:36:28 | [WS => Shard 0] Heartbeat acknowledged, latency of 120ms.
[DEBUG] 16:37:09 | [WS => Shard 0] Heartbeat acknowledged, latency of 150ms.
[MEMORY] 16:37:23 | 21.00 MB out of 23.64 MB
[CPU] 16:37:23 |  0.02 % used
[UPTIME] 16:37:23 | 0d 0h 10m 0s
[DEBUG] 16:37:50 | [WS => Shard 0] Heartbeat acknowledged, latency of 126ms.
[DEBUG] 16:38:31 | [WS => Shard 0] Heartbeat acknowledged, latency of 124ms.
[DEBUG] 16:39:13 | [WS => Shard 0] Heartbeat acknowledged, latency of 128ms.
[DEBUG] 16:39:54 | [WS => Shard 0] Heartbeat acknowledged, latency of 128ms.
[DEBUG] 16:40:35 | [WS => Shard 0] Heartbeat acknowledged, latency of 144ms.
[DEBUG] 16:41:16 | [WS => Shard 0] Heartbeat acknowledged, latency of 129ms.
[DEBUG] 16:41:58 | [WS => Shard 0] Heartbeat acknowledged, latency of 124ms.
[DEBUG] 16:42:39 | [WS => Shard 0] Heartbeat acknowledged, latency of 124ms.
[DEBUG] 16:43:20 | [WS => Shard 0] Heartbeat acknowledged, latency of 144ms.
[DEBUG] 16:44:01 | [WS => Shard 0] Heartbeat acknowledged, latency of 126ms.
[DEBUG] 16:44:43 | [WS => Shard 0] Heartbeat acknowledged, latency of 121ms.
[DEBUG] 16:45:24 | [WS => Shard 0] Heartbeat acknowledged, latency of 125ms.
[DEBUG] 16:46:05 | [WS => Shard 0] Heartbeat acknowledged, latency of 137ms.
[DEBUG] 16:46:46 | [WS => Shard 0] Heartbeat acknowledged, latency of 127ms.
[MEMORY] 16:47:23 | 20.98 MB out of 22.89 MB
[CPU] 16:47:23 |  0.02 % used
[UPTIME] 16:47:23 | 0d 0h 20m 0s
[DEBUG] 16:47:28 | [WS => Shard 0] Heartbeat acknowledged, latency of 121ms.
[DEBUG] 16:48:09 | [WS => Shard 0] Heartbeat acknowledged, latency of 121ms.
[DEBUG] 16:48:50 | [WS => Shard 0] Heartbeat acknowledged, latency of 135ms.
[DEBUG] 16:49:31 | [WS => Shard 0] Heartbeat acknowledged, latency of 125ms.
[DEBUG] 16:50:13 | [WS => Shard 0] Heartbeat acknowledged, latency of 123ms.
[DEBUG] 16:50:54 | [WS => Shard 0] Heartbeat acknowledged, latency of 129ms.
[DEBUG] 16:51:35 | [WS => Shard 0] Heartbeat acknowledged, latency of 127ms.
[DEBUG] 16:52:16 | [WS => Shard 0] Heartbeat acknowledged, latency of 126ms.
[DEBUG] 16:52:58 | [WS => Shard 0] Heartbeat acknowledged, latency of 128ms.
[DEBUG] 16:53:39 | [WS => Shard 0] Heartbeat acknowledged, latency of 139ms.
[DEBUG] 16:54:20 | [WS => Shard 0] Heartbeat acknowledged, latency of 135ms.
[DEBUG] 16:55:01 | [WS => Shard 0] Heartbeat acknowledged, latency of 128ms.
[DEBUG] 16:55:43 | [WS => Shard 0] Heartbeat acknowledged, latency of 131ms.
[DEBUG] 16:56:24 | [WS => Shard 0] Heartbeat acknowledged, latency of 133ms.
[DEBUG] 16:57:05 | [WS => Shard 0] Heartbeat acknowledged, latency of 127ms.
[MEMORY] 16:57:23 | 21.38 MB out of 22.89 MB
[CPU] 16:57:23 |  0.02 % used
[UPTIME] 16:57:23 | 0d 0h 30m 0s
[DEBUG] 16:57:46 | [WS => Shard 0] Heartbeat acknowledged, latency of 138ms.
[DEBUG] 16:58:28 | [WS => Shard 0] Heartbeat acknowledged, latency of 124ms.
[DEBUG] 16:59:09 | [WS => Shard 0] Heartbeat acknowledged, latency of 130ms.
[DEBUG] 16:59:50 | [WS => Shard 0] Heartbeat acknowledged, latency of 123ms.
[DEBUG] 17:00:31 | [WS => Shard 0] Heartbeat acknowledged, latency of 140ms.
[DEBUG] 17:01:13 | [WS => Shard 0] Heartbeat acknowledged, latency of 126ms.
[DEBUG] 17:01:36 | [WS => Shard 0] The gateway closed with an unexpected code 1006, attempting to resume.
[DEBUG] 17:01:36 | [WS => Shard 0] Destroying shard
	Reason: none
	Code: 1006
	Recover: Resume
[DEBUG] 17:01:36 | [WS => Shard 0] Connection status during destroy
	Needs closing: false
	Ready state: 3
[DEBUG] 17:01:36 | [WS => Shard 0] Connecting to wss://gateway-us-east1-c.discord.gg?v=10&encoding=json
[DEBUG] 17:01:36 | [WS => Shard 0] Waiting for event hello for 60000ms
[DEBUG] 17:01:36 | [WS => Shard 0] Preparing first heartbeat of the connection with a jitter of 0.9811548220670283; waiting 40472ms
[DEBUG] 17:01:36 | [WS => Shard 0] Resuming session
	resume url: wss://gateway-us-east1-c.discord.gg
	sequence: 12
	shard id: 0
[DEBUG] 17:01:37 | [WS => Shard 0] Resumed and replayed 1 events
[DEBUG] 17:02:17 | [WS => Shard 0] First heartbeat sent, starting to beat every 41250ms
[DEBUG] 17:02:17 | [WS => Shard 0] Heartbeat acknowledged, latency of 127ms.
[DEBUG] 17:02:58 | [WS => Shard 0] Heartbeat acknowledged, latency of 180ms.
[DEBUG] 17:03:40 | [WS => Shard 0] Heartbeat acknowledged, latency of 127ms.
[DEBUG] 17:04:21 | [WS => Shard 0] Heartbeat acknowledged, latency of 126ms.
[DEBUG] 17:05:02 | [WS => Shard 0] Heartbeat acknowledged, latency of 123ms.
[DEBUG] 17:05:43 | [WS => Shard 0] Heartbeat acknowledged, latency of 130ms.
[DEBUG] 17:06:25 | [WS => Shard 0] Heartbeat acknowledged, latency of 150ms.
[DEBUG] 17:07:06 | [WS => Shard 0] Heartbeat acknowledged, latency of 132ms.
[MEMORY] 17:07:23 | 21.00 MB out of 22.89 MB
[CPU] 17:07:23 |  0.02 % used
[UPTIME] 17:07:23 | 0d 0h 40m 0s
[DEBUG] 17:07:47 | [WS => Shard 0] Heartbeat acknowledged, latency of 132ms.
[DEBUG] 17:08:28 | [WS => Shard 0] Heartbeat acknowledged, latency of 126ms.
[DEBUG] 17:09:10 | [WS => Shard 0] Heartbeat acknowledged, latency of 131ms.
[DEBUG] 17:09:51 | [WS => Shard 0] Heartbeat acknowledged, latency of 130ms.
[DEBUG] 17:10:32 | [WS => Shard 0] Heartbeat acknowledged, latency of 128ms.
[DEBUG] 17:11:13 | [WS => Shard 0] Heartbeat acknowledged, latency of 132ms.
[DEBUG] 17:11:55 | [WS => Shard 0] Heartbeat acknowledged, latency of 128ms.
[DEBUG] 17:12:36 | [WS => Shard 0] Heartbeat acknowledged, latency of 127ms.
[DEBUG] 17:13:17 | [WS => Shard 0] Heartbeat acknowledged, latency of 130ms.
[DEBUG] 17:13:58 | [WS => Shard 0] Heartbeat acknowledged, latency of 124ms.
[DEBUG] 17:14:40 | [WS => Shard 0] Heartbeat acknowledged, latency of 152ms.
[DEBUG] 17:15:21 | [WS => Shard 0] Heartbeat acknowledged, latency of 128ms.
[DEBUG] 17:16:02 | [WS => Shard 0] Heartbeat acknowledged, latency of 124ms.
[DEBUG] 17:16:43 | [WS => Shard 0] Heartbeat acknowledged, latency of 123ms.
[MEMORY] 17:17:23 | 21.39 MB out of 22.89 MB
[CPU] 17:17:23 |  0.02 % used
[UPTIME] 17:17:23 | 0d 0h 50m 0s
[DEBUG] 17:17:25 | [WS => Shard 0] Heartbeat acknowledged, latency of 131ms.
[DEBUG] 17:18:06 | [WS => Shard 0] Heartbeat acknowledged, latency of 133ms.
[DEBUG] 17:18:42 | [WS => Shard 0] The gateway closed with an unexpected code 1006, attempting to resume.
[DEBUG] 17:18:42 | [WS => Shard 0] Destroying shard
	Reason: none
	Code: 1006
	Recover: Resume
[DEBUG] 17:18:42 | [WS => Shard 0] Connection status during destroy
	Needs closing: false
	Ready state: 3
[DEBUG] 17:18:43 | [WS => Shard 0] Connecting to wss://gateway-us-east1-c.discord.gg?v=10&encoding=json
[DEBUG] 17:18:43 | [WS => Shard 0] Waiting for event hello for 60000ms
[DEBUG] 17:18:43 | [WS => Shard 0] Preparing first heartbeat of the connection with a jitter of 0.0406981799832431; waiting 1678ms
[DEBUG] 17:18:43 | [WS => Shard 0] Resuming session
	resume url: wss://gateway-us-east1-c.discord.gg
	sequence: 13
	shard id: 0
[DEBUG] 17:18:43 | [WS => Shard 0] Resumed and replayed 1 events
[DEBUG] 17:18:45 | [WS => Shard 0] First heartbeat sent, starting to beat every 41250ms
[DEBUG] 17:18:45 | [WS => Shard 0] Heartbeat acknowledged, latency of 125ms.
[DEBUG] 17:19:26 | [WS => Shard 0] Heartbeat acknowledged, latency of 130ms.
[DEBUG] 17:20:07 | [WS => Shard 0] Heartbeat acknowledged, latency of 121ms.
[DEBUG] 17:20:49 | [WS => Shard 0] Heartbeat acknowledged, latency of 125ms.
[DEBUG] 17:21:30 | [WS => Shard 0] Heartbeat acknowledged, latency of 125ms.
[DEBUG] 17:22:11 | [WS => Shard 0] Heartbeat acknowledged, latency of 139ms.
[DEBUG] 17:22:52 | [WS => Shard 0] Heartbeat acknowledged, latency of 128ms.
[DEBUG] 17:23:34 | [WS => Shard 0] Heartbeat acknowledged, latency of 137ms.
[DEBUG] 17:24:15 | [WS => Shard 0] Heartbeat acknowledged, latency of 125ms.
[DEBUG] 17:24:56 | [WS => Shard 0] Heartbeat acknowledged, latency of 129ms.
[DEBUG] 17:25:37 | [WS => Shard 0] Heartbeat acknowledged, latency of 131ms.
[DEBUG] 17:26:19 | [WS => Shard 0] Heartbeat acknowledged, latency of 121ms.
[DEBUG] 17:27:00 | [WS => Shard 0] Heartbeat acknowledged, latency of 123ms.
[MEMORY] 17:27:23 | 21.09 MB out of 22.89 MB
[CPU] 17:27:23 |  0.02 % used
[UPTIME] 17:27:23 | 0d 1h 0m 0s
[DEBUG] 17:27:41 | [WS => Shard 0] Heartbeat acknowledged, latency of 133ms.
[DEBUG] 17:28:22 | [WS => Shard 0] Heartbeat acknowledged, latency of 130ms.
[DEBUG] 17:29:04 | [WS => Shard 0] Heartbeat acknowledged, latency of 133ms.
[DEBUG] 17:29:45 | [WS => Shard 0] Heartbeat acknowledged, latency of 128ms.
[DEBUG] 17:30:26 | [WS => Shard 0] Heartbeat acknowledged, latency of 137ms.
[DEBUG] 17:31:07 | [WS => Shard 0] Heartbeat acknowledged, latency of 145ms.
[DEBUG] 17:31:49 | [WS => Shard 0] Heartbeat acknowledged, latency of 124ms.
[DEBUG] 17:32:30 | [WS => Shard 0] Heartbeat acknowledged, latency of 179ms.
[DEBUG] 17:33:11 | [WS => Shard 0] Heartbeat acknowledged, latency of 126ms.
[DEBUG] 17:33:52 | [WS => Shard 0] Heartbeat acknowledged, latency of 129ms.
[DEBUG] 17:34:34 | [WS => Shard 0] Heartbeat acknowledged, latency of 125ms.
[DEBUG] 17:35:15 | [WS => Shard 0] Heartbeat acknowledged, latency of 134ms.
[DEBUG] 17:35:56 | [WS => Shard 0] Heartbeat acknowledged, latency of 125ms.
[DEBUG] 17:36:37 | [WS => Shard 0] Heartbeat acknowledged, latency of 122ms.
[DEBUG] 17:37:19 | [WS => Shard 0] Heartbeat acknowledged, latency of 125ms.
[MEMORY] 17:37:23 | 21.49 MB out of 22.89 MB
[CPU] 17:37:23 |  0.02 % used
[UPTIME] 17:37:23 | 0d 1h 10m 0s
[DEBUG] 17:38:00 | [WS => Shard 0] Heartbeat acknowledged, latency of 140ms.
[DEBUG] 17:38:41 | [WS => Shard 0] Heartbeat acknowledged, latency of 124ms.
[DEBUG] 17:39:22 | [WS => Shard 0] Heartbeat acknowledged, latency of 132ms.
[DEBUG] 17:40:04 | [WS => Shard 0] Heartbeat acknowledged, latency of 135ms.
[DEBUG] 17:40:45 | [WS => Shard 0] Heartbeat acknowledged, latency of 124ms.
[DEBUG] 17:41:26 | [WS => Shard 0] Heartbeat acknowledged, latency of 131ms.
[DEBUG] 17:42:07 | [WS => Shard 0] Heartbeat acknowledged, latency of 127ms.
[DEBUG] 17:42:49 | [WS => Shard 0] Heartbeat acknowledged, latency of 132ms.
[DEBUG] 17:43:30 | [WS => Shard 0] Heartbeat acknowledged, latency of 122ms.
[DEBUG] 17:44:11 | [WS => Shard 0] Heartbeat acknowledged, latency of 123ms.
[DEBUG] 17:44:52 | [WS => Shard 0] Heartbeat acknowledged, latency of 128ms.
[DEBUG] 17:45:34 | [WS => Shard 0] Heartbeat acknowledged, latency of 123ms.
[DEBUG] 17:46:15 | [WS => Shard 0] Heartbeat acknowledged, latency of 126ms.
[DEBUG] 17:46:56 | [WS => Shard 0] Heartbeat acknowledged, latency of 135ms.
[MEMORY] 17:47:23 | 20.92 MB out of 22.89 MB
[CPU] 17:47:23 |  0.02 % used
[UPTIME] 17:47:23 | 0d 1h 20m 0s
[DEBUG] 17:47:37 | [WS => Shard 0] Heartbeat acknowledged, latency of 122ms.
[DEBUG] 17:48:19 | [WS => Shard 0] Heartbeat acknowledged, latency of 137ms.
[DEBUG] 17:49:00 | [WS => Shard 0] Heartbeat acknowledged, latency of 126ms.
[DEBUG] 17:49:41 | [WS => Shard 0] Heartbeat acknowledged, latency of 129ms.
[DEBUG] 17:50:22 | [WS => Shard 0] Heartbeat acknowledged, latency of 126ms.
[DEBUG] 17:51:04 | [WS => Shard 0] Heartbeat acknowledged, latency of 123ms.
[DEBUG] 17:51:45 | [WS => Shard 0] Heartbeat acknowledged, latency of 125ms.
[DEBUG] 17:52:26 | [WS => Shard 0] Heartbeat acknowledged, latency of 124ms.
[DEBUG] 17:53:07 | [WS => Shard 0] Heartbeat acknowledged, latency of 130ms.
[DEBUG] 17:53:49 | [WS => Shard 0] Heartbeat acknowledged, latency of 125ms.
[DEBUG] 17:54:30 | [WS => Shard 0] Heartbeat acknowledged, latency of 127ms.
[DEBUG] 17:55:11 | [WS => Shard 0] Heartbeat acknowledged, latency of 126ms.
[DEBUG] 17:55:53 | [WS => Shard 0] Heartbeat acknowledged, latency of 129ms.
[DEBUG] 17:56:34 | [WS => Shard 0] Heartbeat acknowledged, latency of 121ms.
[DEBUG] 17:57:15 | [WS => Shard 0] Heartbeat acknowledged, latency of 125ms.
[MEMORY] 17:57:23 | 21.32 MB out of 22.89 MB
[CPU] 17:57:23 |  0.02 % used
[UPTIME] 17:57:23 | 0d 1h 30m 0s
[DEBUG] 17:57:56 | [WS => Shard 0] Heartbeat acknowledged, latency of 126ms.
[DEBUG] 17:58:38 | [WS => Shard 0] Heartbeat acknowledged, latency of 122ms.
[DEBUG] 17:59:19 | [WS => Shard 0] Heartbeat acknowledged, latency of 126ms.
[DEBUG] 18:00:00 | [WS => Shard 0] Heartbeat acknowledged, latency of 128ms.
[DEBUG] 18:00:41 | [WS => Shard 0] Heartbeat acknowledged, latency of 126ms.
[DEBUG] 18:01:23 | [WS => Shard 0] Heartbeat acknowledged, latency of 148ms.
[DEBUG] 18:02:04 | [WS => Shard 0] Heartbeat acknowledged, latency of 126ms.
[DEBUG] 18:02:45 | [WS => Shard 0] Heartbeat acknowledged, latency of 125ms.
[DEBUG] 18:03:26 | [WS => Shard 0] Heartbeat acknowledged, latency of 126ms.
[DEBUG] 18:04:08 | [WS => Shard 0] Heartbeat acknowledged, latency of 122ms.
[DEBUG] 18:04:49 | [WS => Shard 0] Heartbeat acknowledged, latency of 127ms.
[DEBUG] 18:05:30 | [WS => Shard 0] Heartbeat acknowledged, latency of 151ms.
[DEBUG] 18:06:11 | [WS => Shard 0] Heartbeat acknowledged, latency of 140ms.
[DEBUG] 18:06:53 | [WS => Shard 0] Heartbeat acknowledged, latency of 137ms.
[MEMORY] 18:07:23 | 20.93 MB out of 22.89 MB
[CPU] 18:07:23 |  0.02 % used
[UPTIME] 18:07:23 | 0d 1h 40m 0s
[DEBUG] 18:07:34 | [WS => Shard 0] Heartbeat acknowledged, latency of 135ms.
[DEBUG] 18:08:15 | [WS => Shard 0] Heartbeat acknowledged, latency of 132ms.
[DEBUG] 18:08:56 | [WS => Shard 0] Heartbeat acknowledged, latency of 126ms.
[DEBUG] 18:09:38 | [WS => Shard 0] Heartbeat acknowledged, latency of 123ms.
[DEBUG] 18:10:19 | [WS => Shard 0] Heartbeat acknowledged, latency of 123ms.
[DEBUG] 18:11:00 | [WS => Shard 0] Heartbeat acknowledged, latency of 131ms.
[DEBUG] 18:11:41 | [WS => Shard 0] Heartbeat acknowledged, latency of 129ms.
[DEBUG] 18:12:23 | [WS => Shard 0] Heartbeat acknowledged, latency of 128ms.
[DEBUG] 18:13:04 | [WS => Shard 0] Heartbeat acknowledged, latency of 129ms.
[DEBUG] 18:13:45 | [WS => Shard 0] Heartbeat acknowledged, latency of 127ms.
[DEBUG] 18:14:26 | [WS => Shard 0] Heartbeat acknowledged, latency of 123ms.
[DEBUG] 18:15:08 | [WS => Shard 0] Heartbeat acknowledged, latency of 125ms.
[DEBUG] 18:15:49 | [WS => Shard 0] Heartbeat acknowledged, latency of 128ms.
[DEBUG] 18:16:30 | [WS => Shard 0] Heartbeat acknowledged, latency of 131ms.
[DEBUG] 18:17:11 | [WS => Shard 0] Heartbeat acknowledged, latency of 127ms.
[MEMORY] 18:17:23 | 21.33 MB out of 22.89 MB
[CPU] 18:17:23 |  0.02 % used
[UPTIME] 18:17:23 | 0d 1h 50m 0s
[DEBUG] 18:17:53 | [WS => Shard 0] Heartbeat acknowledged, latency of 122ms.
[DEBUG] 18:18:34 | [WS => Shard 0] Heartbeat acknowledged, latency of 127ms.
[DEBUG] 18:19:15 | [WS => Shard 0] Heartbeat acknowledged, latency of 122ms.
[DEBUG] 18:19:56 | [WS => Shard 0] Heartbeat acknowledged, latency of 126ms.
[DEBUG] 18:20:38 | [WS => Shard 0] Heartbeat acknowledged, latency of 130ms.
[DEBUG] 18:21:19 | [WS => Shard 0] Heartbeat acknowledged, latency of 122ms.
[DEBUG] 18:22:00 | [WS => Shard 0] Heartbeat acknowledged, latency of 121ms.
[DEBUG] 18:22:41 | [WS => Shard 0] Heartbeat acknowledged, latency of 125ms.
[DEBUG] 18:23:23 | [WS => Shard 0] Heartbeat acknowledged, latency of 127ms.
[DEBUG] 18:24:04 | [WS => Shard 0] Heartbeat acknowledged, latency of 125ms.
[DEBUG] 18:24:45 | [WS => Shard 0] Heartbeat acknowledged, latency of 127ms.
[DEBUG] 18:25:26 | [WS => Shard 0] Heartbeat acknowledged, latency of 122ms.
[DEBUG] 18:26:08 | [WS => Shard 0] Heartbeat acknowledged, latency of 125ms.
[DEBUG] 18:26:49 | [WS => Shard 0] Heartbeat acknowledged, latency of 127ms.
[MEMORY] 18:27:23 | 20.93 MB out of 22.89 MB
[CPU] 18:27:23 |  0.02 % used
[UPTIME] 18:27:23 | 0d 2h 0m 0s
[DEBUG] 18:27:30 | [WS => Shard 0] Heartbeat acknowledged, latency of 122ms.
[DEBUG] 18:28:11 | [WS => Shard 0] Heartbeat acknowledged, latency of 138ms.
[DEBUG] 18:28:53 | [WS => Shard 0] Heartbeat acknowledged, latency of 125ms.
[DEBUG] 18:29:34 | [WS => Shard 0] Heartbeat acknowledged, latency of 128ms.
[DEBUG] 18:30:15 | [WS => Shard 0] Heartbeat acknowledged, latency of 124ms.
[DEBUG] 18:30:56 | [WS => Shard 0] Heartbeat acknowledged, latency of 131ms.
[DEBUG] 18:31:38 | [WS => Shard 0] Heartbeat acknowledged, latency of 148ms.
[DEBUG] 18:32:19 | [WS => Shard 0] Heartbeat acknowledged, latency of 126ms.
[DEBUG] 18:33:00 | [WS => Shard 0] Heartbeat acknowledged, latency of 122ms.
[DEBUG] 18:33:41 | [WS => Shard 0] Heartbeat acknowledged, latency of 130ms.
[DEBUG] 18:34:23 | [WS => Shard 0] Heartbeat acknowledged, latency of 138ms.
[DEBUG] 18:35:04 | [WS => Shard 0] Heartbeat acknowledged, latency of 135ms.
[DEBUG] 18:35:45 | [WS => Shard 0] Heartbeat acknowledged, latency of 124ms.
[DEBUG] 18:36:26 | [WS => Shard 0] Heartbeat acknowledged, latency of 121ms.
[DEBUG] 18:37:08 | [WS => Shard 0] Heartbeat acknowledged, latency of 142ms.
[MEMORY] 18:37:23 | 21.33 MB out of 22.89 MB
[CPU] 18:37:23 |  0.02 % used
[UPTIME] 18:37:23 | 0d 2h 10m 0s
[DEBUG] 18:37:49 | [WS => Shard 0] Heartbeat acknowledged, latency of 127ms.
[DEBUG] 18:38:30 | [WS => Shard 0] Heartbeat acknowledged, latency of 125ms.
[DEBUG] 18:39:11 | [WS => Shard 0] Heartbeat acknowledged, latency of 124ms.
[DEBUG] 18:39:53 | [WS => Shard 0] Heartbeat acknowledged, latency of 132ms.
[DEBUG] 18:40:34 | [WS => Shard 0] Heartbeat acknowledged, latency of 132ms.
[DEBUG] 18:41:15 | [WS => Shard 0] Heartbeat acknowledged, latency of 124ms.
[DEBUG] 18:41:56 | [WS => Shard 0] Heartbeat acknowledged, latency of 124ms.
[DEBUG] 18:42:38 | [WS => Shard 0] Heartbeat acknowledged, latency of 127ms.
[DEBUG] 18:43:19 | [WS => Shard 0] Heartbeat acknowledged, latency of 125ms.
[DEBUG] 18:44:00 | [WS => Shard 0] Heartbeat acknowledged, latency of 126ms.
[DEBUG] 18:44:41 | [WS => Shard 0] Heartbeat acknowledged, latency of 125ms.
[DEBUG] 18:45:23 | [WS => Shard 0] Heartbeat acknowledged, latency of 132ms.
[DEBUG] 18:46:04 | [WS => Shard 0] Heartbeat acknowledged, latency of 141ms.
[DEBUG] 18:46:45 | [WS => Shard 0] Heartbeat acknowledged, latency of 125ms.
[MEMORY] 18:47:23 | 20.91 MB out of 22.89 MB
[CPU] 18:47:23 |  0.02 % used
[UPTIME] 18:47:23 | 0d 2h 20m 0s
[DEBUG] 18:47:26 | [WS => Shard 0] Heartbeat acknowledged, latency of 125ms.
[DEBUG] 18:48:08 | [WS => Shard 0] Heartbeat acknowledged, latency of 122ms.
[DEBUG] 18:48:49 | [WS => Shard 0] Heartbeat acknowledged, latency of 138ms.
[DEBUG] 18:49:30 | [WS => Shard 0] Heartbeat acknowledged, latency of 124ms.
[ERROR] 18:50:06 | Command: 2FA | megurre (324856872987262996) received an error | Error: Expected the value to be a string or number
    at _NativeEnumValidator.handle (C:\Users\richa\node_modules\@sapphire\shapeshift\dist\cjs\index.cjs:1903:25)
    at _NativeEnumValidator.parse (C:\Users\richa\node_modules\@sapphire\shapeshift\dist\cjs\index.cjs:216:88)
    at ButtonBuilder.setStyle (C:\Users\richa\node_modules\@discordjs\builders\dist\index.js:636:44)
    at Object.execute (C:\Users\richa\OneDrive - w6l3y\northern-lights-development-bot\commands\utility\2fa.js:65:30)
    at process.processTicksAndRejections (node:internal/process/task_queues:95:5)
    at async Object.execute (C:\Users\richa\OneDrive - w6l3y\northern-lights-development-bot\events\interactionCreate.js:51:13)
[DEBUG] 18:50:11 | [WS => Shard 0] Heartbeat acknowledged, latency of 128ms.
[DEBUG] 18:50:53 | [WS => Shard 0] Heartbeat acknowledged, latency of 124ms.
[WARNING] 18:50:53 | The command at C:\Users\richa\OneDrive - w6l3y\northern-lights-development-bot\commands\guild\tickets.js is missing a required "data" or "execute" property.
[INFO] 18:50:53 | Started refreshing 10 application (/) commands.
[INFO] 18:50:54 | Successfully reloaded 10 application (/) commands.
[DEBUG] 18:50:54 | Provided token: MTA4NTYxMjkzOTc3MzQ4NTE5MA.GZK5eK.**************************************
[DEBUG] 18:50:54 | Preparing to connect to the gateway...
[DEBUG] 18:50:55 | [WS => Manager] Fetched Gateway Information
    URL: wss://gateway.discord.gg
    Recommended Shards: 1
[DEBUG] 18:50:55 | [WS => Manager] Session Limit Information
    Total: 1000
    Remaining: 990
[DEBUG] 18:50:55 | [WS => Shard 0] Connecting to wss://gateway.discord.gg?v=10&encoding=json
[DEBUG] 18:50:55 | [WS => Shard 0] Waiting for event hello for 60000ms
[DEBUG] 18:50:55 | [WS => Shard 0] Preparing first heartbeat of the connection with a jitter of 0.2484504217592065; waiting 10248ms
[DEBUG] 18:50:55 | [WS => Shard 0] Waiting for identify throttle
[DEBUG] 18:50:55 | [WS => Shard 0] Identifying
	shard id: 0
	shard count: 1
	intents: 513
	compression: none
[DEBUG] 18:50:55 | [WS => Shard 0] Waiting for event ready for 15000ms
[DEBUG] 18:50:55 | [WS => Shard 0] Shard received all its guilds. Marking as fully ready.
[ERROR] 18:50:56 | Command: 2FA | megurre (324856872987262996) received an error | Error: Expected the value to be a string or number
    at _NativeEnumValidator.handle (C:\Users\richa\node_modules\@sapphire\shapeshift\dist\cjs\index.cjs:1903:25)
    at _NativeEnumValidator.parse (C:\Users\richa\node_modules\@sapphire\shapeshift\dist\cjs\index.cjs:216:88)
    at ButtonBuilder.setStyle (C:\Users\richa\node_modules\@discordjs\builders\dist\index.js:636:44)
    at Object.execute (C:\Users\richa\OneDrive - w6l3y\northern-lights-development-bot\commands\utility\2fa.js:65:30)
    at process.processTicksAndRejections (node:internal/process/task_queues:95:5)
    at async Object.execute (C:\Users\richa\OneDrive - w6l3y\northern-lights-development-bot\events\interactionCreate.js:51:13)
[DEBUG] 18:51:05 | [WS => Shard 0] First heartbeat sent, starting to beat every 41250ms
[DEBUG] 18:51:05 | [WS => Shard 0] Heartbeat acknowledged, latency of 124ms.
[ERROR] 18:51:19 | Command: 2FA | megurre (324856872987262996) received an error | Error: Expected the value to be a string or number
    at _NativeEnumValidator.handle (C:\Users\richa\node_modules\@sapphire\shapeshift\dist\cjs\index.cjs:1903:25)
    at _NativeEnumValidator.parse (C:\Users\richa\node_modules\@sapphire\shapeshift\dist\cjs\index.cjs:216:88)
    at ButtonBuilder.setStyle (C:\Users\richa\node_modules\@discordjs\builders\dist\index.js:636:44)
    at Object.execute (C:\Users\richa\OneDrive - w6l3y\northern-lights-development-bot\commands\utility\2fa.js:65:30)
    at process.processTicksAndRejections (node:internal/process/task_queues:95:5)
    at async Object.execute (C:\Users\richa\OneDrive - w6l3y\northern-lights-development-bot\events\interactionCreate.js:51:13)
[DEBUG] 18:51:46 | [WS => Shard 0] Heartbeat acknowledged, latency of 120ms.
[ERROR] 18:51:51 | Command: 2FA | megurre (324856872987262996) received an error | ReferenceError: generateQRCodeImage is not defined
    at Object.execute (C:\Users\richa\OneDrive - w6l3y\northern-lights-development-bot\commands\utility\2fa.js:75:40)
    at process.processTicksAndRejections (node:internal/process/task_queues:95:5)
    at async Object.execute (C:\Users\richa\OneDrive - w6l3y\northern-lights-development-bot\events\interactionCreate.js:51:13)
[DEBUG] 18:52:28 | [WS => Shard 0] Heartbeat acknowledged, latency of 121ms.
[WARNING] 18:52:38 | The command at C:\Users\richa\OneDrive - w6l3y\northern-lights-development-bot\commands\guild\tickets.js is missing a required "data" or "execute" property.
[INFO] 18:52:38 | Started refreshing 10 application (/) commands.
[INFO] 18:52:39 | Successfully reloaded 10 application (/) commands.
[DEBUG] 18:52:39 | Provided token: MTA4NTYxMjkzOTc3MzQ4NTE5MA.GZK5eK.**************************************
[DEBUG] 18:52:39 | Preparing to connect to the gateway...
[DEBUG] 18:52:39 | [WS => Manager] Fetched Gateway Information
    URL: wss://gateway.discord.gg
    Recommended Shards: 1
[DEBUG] 18:52:39 | [WS => Manager] Session Limit Information
    Total: 1000
    Remaining: 989
[DEBUG] 18:52:39 | [WS => Shard 0] Connecting to wss://gateway.discord.gg?v=10&encoding=json
[DEBUG] 18:52:39 | [WS => Shard 0] Waiting for event hello for 60000ms
[DEBUG] 18:52:40 | [WS => Shard 0] Preparing first heartbeat of the connection with a jitter of 0.3386062340734406; waiting 13967ms
[DEBUG] 18:52:40 | [WS => Shard 0] Waiting for identify throttle
[DEBUG] 18:52:40 | [WS => Shard 0] Identifying
	shard id: 0
	shard count: 1
	intents: 513
	compression: none
[DEBUG] 18:52:40 | [WS => Shard 0] Waiting for event ready for 15000ms
[DEBUG] 18:52:40 | [WS => Shard 0] Shard received all its guilds. Marking as fully ready.
[ERROR] 18:52:41 | Command: 2FA | megurre (324856872987262996) received an error | Error: Expected the value to be a string or number
    at _NativeEnumValidator.handle (C:\Users\richa\node_modules\@sapphire\shapeshift\dist\cjs\index.cjs:1903:25)
    at _NativeEnumValidator.parse (C:\Users\richa\node_modules\@sapphire\shapeshift\dist\cjs\index.cjs:216:88)
    at ButtonBuilder.setStyle (C:\Users\richa\node_modules\@discordjs\builders\dist\index.js:636:44)
    at Object.execute (C:\Users\richa\OneDrive - w6l3y\northern-lights-development-bot\commands\utility\2fa.js:65:30)
    at process.processTicksAndRejections (node:internal/process/task_queues:95:5)
    at async Object.execute (C:\Users\richa\OneDrive - w6l3y\northern-lights-development-bot\events\interactionCreate.js:51:13)
[DEBUG] 18:52:53 | [WS => Shard 0] First heartbeat sent, starting to beat every 41250ms
[DEBUG] 18:52:54 | [WS => Shard 0] Heartbeat acknowledged, latency of 122ms.
[WARNING] 18:53:26 | The command at C:\Users\richa\OneDrive - w6l3y\northern-lights-development-bot\commands\guild\tickets.js is missing a required "data" or "execute" property.
[INFO] 18:53:26 | Started refreshing 10 application (/) commands.
[INFO] 18:53:26 | Successfully reloaded 10 application (/) commands.
[DEBUG] 18:53:27 | Provided token: MTA4NTYxMjkzOTc3MzQ4NTE5MA.GZK5eK.**************************************
[DEBUG] 18:53:27 | Preparing to connect to the gateway...
[DEBUG] 18:53:27 | [WS => Manager] Fetched Gateway Information
    URL: wss://gateway.discord.gg
    Recommended Shards: 1
[DEBUG] 18:53:27 | [WS => Manager] Session Limit Information
    Total: 1000
    Remaining: 988
[DEBUG] 18:53:27 | [WS => Shard 0] Connecting to wss://gateway.discord.gg?v=10&encoding=json
[DEBUG] 18:53:27 | [WS => Shard 0] Waiting for event hello for 60000ms
[DEBUG] 18:53:27 | [WS => Shard 0] Preparing first heartbeat of the connection with a jitter of 0.4810832031414316; waiting 19844ms
[DEBUG] 18:53:27 | [WS => Shard 0] Waiting for identify throttle
[DEBUG] 18:53:27 | [WS => Shard 0] Identifying
	shard id: 0
	shard count: 1
	intents: 513
	compression: none
[DEBUG] 18:53:27 | [WS => Shard 0] Waiting for event ready for 15000ms
[DEBUG] 18:53:27 | [WS => Shard 0] Shard received all its guilds. Marking as fully ready.
[ERROR] 18:53:28 | Command: 2FA | megurre (324856872987262996) received an error | Error: Expected the value to be a string or number
    at _NativeEnumValidator.handle (C:\Users\richa\node_modules\@sapphire\shapeshift\dist\cjs\index.cjs:1903:25)
    at _NativeEnumValidator.parse (C:\Users\richa\node_modules\@sapphire\shapeshift\dist\cjs\index.cjs:216:88)
    at ButtonBuilder.setStyle (C:\Users\richa\node_modules\@discordjs\builders\dist\index.js:636:44)
    at Object.execute (C:\Users\richa\OneDrive - w6l3y\northern-lights-development-bot\commands\utility\2fa.js:65:30)
    at process.processTicksAndRejections (node:internal/process/task_queues:95:5)
    at async Object.execute (C:\Users\richa\OneDrive - w6l3y\northern-lights-development-bot\events\interactionCreate.js:51:13)
[DEBUG] 18:53:47 | [WS => Shard 0] First heartbeat sent, starting to beat every 41250ms
[DEBUG] 18:53:47 | [WS => Shard 0] Heartbeat acknowledged, latency of 124ms.
[WARNING] 18:54:00 | The command at C:\Users\richa\OneDrive - w6l3y\northern-lights-development-bot\commands\guild\tickets.js is missing a required "data" or "execute" property.
[INFO] 18:54:00 | Started refreshing 10 application (/) commands.
[INFO] 18:54:00 | Successfully reloaded 10 application (/) commands.
[DEBUG] 18:54:01 | Provided token: MTA4NTYxMjkzOTc3MzQ4NTE5MA.GZK5eK.**************************************
[DEBUG] 18:54:01 | Preparing to connect to the gateway...
[DEBUG] 18:54:01 | [WS => Manager] Fetched Gateway Information
    URL: wss://gateway.discord.gg
    Recommended Shards: 1
[DEBUG] 18:54:01 | [WS => Manager] Session Limit Information
    Total: 1000
    Remaining: 987
[DEBUG] 18:54:01 | [WS => Shard 0] Connecting to wss://gateway.discord.gg?v=10&encoding=json
[DEBUG] 18:54:01 | [WS => Shard 0] Waiting for event hello for 60000ms
[DEBUG] 18:54:01 | [WS => Shard 0] Preparing first heartbeat of the connection with a jitter of 0.03237896531309259; waiting 1335ms
[DEBUG] 18:54:01 | [WS => Shard 0] Waiting for identify throttle
[DEBUG] 18:54:01 | [WS => Shard 0] Identifying
	shard id: 0
	shard count: 1
	intents: 513
	compression: none
[DEBUG] 18:54:01 | [WS => Shard 0] Waiting for event ready for 15000ms
[DEBUG] 18:54:01 | [WS => Shard 0] Shard received all its guilds. Marking as fully ready.
[DEBUG] 18:54:03 | [WS => Shard 0] First heartbeat sent, starting to beat every 41250ms
[DEBUG] 18:54:03 | [WS => Shard 0] Heartbeat acknowledged, latency of 154ms.
[ERROR] 18:54:03 | Command: 2FA | megurre (324856872987262996) received an error | Error: Expected the value to be a string or number
    at _NativeEnumValidator.handle (C:\Users\richa\node_modules\@sapphire\shapeshift\dist\cjs\index.cjs:1903:25)
    at _NativeEnumValidator.parse (C:\Users\richa\node_modules\@sapphire\shapeshift\dist\cjs\index.cjs:216:88)
    at ButtonBuilder.setStyle (C:\Users\richa\node_modules\@discordjs\builders\dist\index.js:636:44)
    at Object.execute (C:\Users\richa\OneDrive - w6l3y\northern-lights-development-bot\commands\utility\2fa.js:65:30)
    at process.processTicksAndRejections (node:internal/process/task_queues:95:5)
    at async Object.execute (C:\Users\richa\OneDrive - w6l3y\northern-lights-development-bot\events\interactionCreate.js:51:13)
[WARNING] 18:54:30 | The command at C:\Users\richa\OneDrive - w6l3y\northern-lights-development-bot\commands\guild\tickets.js is missing a required "data" or "execute" property.
[INFO] 18:54:30 | Started refreshing 10 application (/) commands.
[INFO] 18:54:31 | Successfully reloaded 10 application (/) commands.
[DEBUG] 18:54:31 | Provided token: MTA4NTYxMjkzOTc3MzQ4NTE5MA.GZK5eK.**************************************
[DEBUG] 18:54:31 | Preparing to connect to the gateway...
[DEBUG] 18:54:31 | [WS => Manager] Fetched Gateway Information
    URL: wss://gateway.discord.gg
    Recommended Shards: 1
[DEBUG] 18:54:31 | [WS => Manager] Session Limit Information
    Total: 1000
    Remaining: 986
[DEBUG] 18:54:31 | [WS => Shard 0] Connecting to wss://gateway.discord.gg?v=10&encoding=json
[DEBUG] 18:54:31 | [WS => Shard 0] Waiting for event hello for 60000ms
[DEBUG] 18:54:31 | [WS => Shard 0] Preparing first heartbeat of the connection with a jitter of 0.380543725610083; waiting 15697ms
[DEBUG] 18:54:31 | [WS => Shard 0] Waiting for identify throttle
[DEBUG] 18:54:31 | [WS => Shard 0] Identifying
	shard id: 0
	shard count: 1
	intents: 513
	compression: none
[DEBUG] 18:54:31 | [WS => Shard 0] Waiting for event ready for 15000ms
[DEBUG] 18:54:32 | [WS => Shard 0] Shard received all its guilds. Marking as fully ready.
[DEBUG] 18:54:47 | [WS => Shard 0] First heartbeat sent, starting to beat every 41250ms
[DEBUG] 18:54:47 | [WS => Shard 0] Heartbeat acknowledged, latency of 127ms.
[WARNING] 18:57:17 | The command at C:\Users\richa\OneDrive - w6l3y\northern-lights-development-bot\commands\guild\tickets.js is missing a required "data" or "execute" property.
[INFO] 18:57:17 | Started refreshing 10 application (/) commands.
[INFO] 18:57:17 | Successfully reloaded 10 application (/) commands.
[DEBUG] 18:57:18 | Provided token: MTA4NTYxMjkzOTc3MzQ4NTE5MA.GZK5eK.**************************************
[DEBUG] 18:57:18 | Preparing to connect to the gateway...
[DEBUG] 18:57:18 | [WS => Manager] Fetched Gateway Information
    URL: wss://gateway.discord.gg
    Recommended Shards: 1
[DEBUG] 18:57:18 | [WS => Manager] Session Limit Information
    Total: 1000
    Remaining: 985
[DEBUG] 18:57:18 | [WS => Shard 0] Connecting to wss://gateway.discord.gg?v=10&encoding=json
[DEBUG] 18:57:18 | [WS => Shard 0] Waiting for event hello for 60000ms
[DEBUG] 18:57:18 | [WS => Shard 0] Preparing first heartbeat of the connection with a jitter of 0.4121930583240072; waiting 17002ms
[DEBUG] 18:57:18 | [WS => Shard 0] Waiting for identify throttle
[DEBUG] 18:57:18 | [WS => Shard 0] Identifying
	shard id: 0
	shard count: 1
	intents: 513
	compression: none
[DEBUG] 18:57:18 | [WS => Shard 0] Waiting for event ready for 15000ms
[DEBUG] 18:57:18 | [WS => Shard 0] Shard received all its guilds. Marking as fully ready.
[DEBUG] 18:57:35 | [WS => Shard 0] First heartbeat sent, starting to beat every 41250ms
[DEBUG] 18:57:35 | [WS => Shard 0] Heartbeat acknowledged, latency of 142ms.
[WARNING] 18:58:03 | The command at C:\Users\richa\OneDrive - w6l3y\northern-lights-development-bot\commands\guild\tickets.js is missing a required "data" or "execute" property.
[INFO] 18:58:03 | Started refreshing 10 application (/) commands.
[INFO] 18:58:03 | Successfully reloaded 10 application (/) commands.
[DEBUG] 18:58:04 | Provided token: MTA4NTYxMjkzOTc3MzQ4NTE5MA.GZK5eK.**************************************
[DEBUG] 18:58:04 | Preparing to connect to the gateway...
[DEBUG] 18:58:04 | [WS => Manager] Fetched Gateway Information
    URL: wss://gateway.discord.gg
    Recommended Shards: 1
[DEBUG] 18:58:04 | [WS => Manager] Session Limit Information
    Total: 1000
    Remaining: 984
[DEBUG] 18:58:04 | [WS => Shard 0] Connecting to wss://gateway.discord.gg?v=10&encoding=json
[DEBUG] 18:58:04 | [WS => Shard 0] Waiting for event hello for 60000ms
[DEBUG] 18:58:04 | [WS => Shard 0] Preparing first heartbeat of the connection with a jitter of 0.15904408545671322; waiting 6560ms
[DEBUG] 18:58:04 | [WS => Shard 0] Waiting for identify throttle
[DEBUG] 18:58:04 | [WS => Shard 0] Identifying
	shard id: 0
	shard count: 1
	intents: 513
	compression: none
[DEBUG] 18:58:04 | [WS => Shard 0] Waiting for event ready for 15000ms
[DEBUG] 18:58:04 | [WS => Shard 0] Shard received all its guilds. Marking as fully ready.
[DEBUG] 18:58:11 | [WS => Shard 0] First heartbeat sent, starting to beat every 41250ms
[DEBUG] 18:58:11 | [WS => Shard 0] Heartbeat acknowledged, latency of 124ms.
[INFO] 18:58:44 | Command: Validate | megurre (324856872987262996) successfully validated their request.
[INFO] 18:58:44 | Command: Validate | megurre (324856872987262996) updated their user data.
[DEBUG] 18:58:52 | [WS => Shard 0] Heartbeat acknowledged, latency of 126ms.
[DEBUG] 18:59:33 | [WS => Shard 0] Heartbeat acknowledged, latency of 130ms.
[DEBUG] 19:00:15 | [WS => Shard 0] Heartbeat acknowledged, latency of 134ms.
[DEBUG] 19:00:56 | [WS => Shard 0] Heartbeat acknowledged, latency of 126ms.
[DEBUG] 19:01:37 | [WS => Shard 0] Heartbeat acknowledged, latency of 133ms.
[WARNING] 19:02:23 | The command at C:\Users\richa\OneDrive - w6l3y\northern-lights-development-bot\commands\guild\tickets.js is missing a required "data" or "execute" property.
[INFO] 19:02:23 | Started refreshing 10 application (/) commands.
[INFO] 19:02:24 | Successfully reloaded 10 application (/) commands.
[DEBUG] 19:02:24 | Provided token: MTA4NTYxMjkzOTc3MzQ4NTE5MA.GZK5eK.**************************************
[DEBUG] 19:02:24 | Preparing to connect to the gateway...
[DEBUG] 19:02:24 | [WS => Manager] Fetched Gateway Information
    URL: wss://gateway.discord.gg
    Recommended Shards: 1
[DEBUG] 19:02:24 | [WS => Manager] Session Limit Information
    Total: 1000
    Remaining: 983
[DEBUG] 19:02:24 | [WS => Shard 0] Connecting to wss://gateway.discord.gg?v=10&encoding=json
[DEBUG] 19:02:24 | [WS => Shard 0] Waiting for event hello for 60000ms
[DEBUG] 19:02:25 | [WS => Shard 0] Preparing first heartbeat of the connection with a jitter of 0.5414529313042316; waiting 22334ms
[DEBUG] 19:02:25 | [WS => Shard 0] Waiting for identify throttle
[DEBUG] 19:02:25 | [WS => Shard 0] Identifying
	shard id: 0
	shard count: 1
	intents: 513
	compression: none
[DEBUG] 19:02:25 | [WS => Shard 0] Waiting for event ready for 15000ms
[DEBUG] 19:02:25 | [WS => Shard 0] Shard received all its guilds. Marking as fully ready.
[DEBUG] 19:02:47 | [WS => Shard 0] First heartbeat sent, starting to beat every 41250ms
[DEBUG] 19:02:47 | [WS => Shard 0] Heartbeat acknowledged, latency of 137ms.
[INFO] 19:03:13 | Command: Validate | megurre (324856872987262996) successfully validated their request.
[INFO] 19:03:13 | Command: Validate | megurre (324856872987262996) updated their user data.
[DEBUG] 19:03:28 | [WS => Shard 0] Heartbeat acknowledged, latency of 127ms.
[DEBUG] 19:04:10 | [WS => Shard 0] Heartbeat acknowledged, latency of 123ms.
