[WARNING] 23:50:02 | The command at C:\Users\richa\OneDrive - w6l3y\northernlightsdev\northern-lights-development-bot\commands\guild\tickets.js is missing a required "data" or "execute" property.
[INFO] 23:50:02 | Started refreshing 10 application (/) commands.
[INFO] 23:50:03 | Successfully reloaded 10 application (/) commands.
[DEBUG] 23:50:03 | Provided token: MTA4NTYxMjkzOTc3MzQ4NTE5MA.GZK5eK.**************************************
[DEBUG] 23:50:03 | Preparing to connect to the gateway...
[DEBUG] 23:50:04 | [WS => Manager] Fetched Gateway Information
    URL: wss://gateway.discord.gg
    Recommended Shards: 1
[DEBUG] 23:50:04 | [WS => Manager] Session Limit Information
    Total: 1000
    Remaining: 1000
[DEBUG] 23:50:04 | [WS => Shard 0] Connecting to wss://gateway.discord.gg?v=10&encoding=json
[DEBUG] 23:50:04 | [WS => Shard 0] Waiting for event hello for 60000ms
[DEBUG] 23:50:04 | [WS => Shard 0] Preparing first heartbeat of the connection with a jitter of 0.6447140236750089; waiting 26594ms
[DEBUG] 23:50:04 | [WS => Shard 0] Waiting for identify throttle
[DEBUG] 23:50:04 | [WS => Shard 0] Identifying
	shard id: 0
	shard count: 1
	intents: 513
	compression: none
[DEBUG] 23:50:04 | [WS => Shard 0] Waiting for event ready for 15000ms
[DEBUG] 23:50:04 | [WS => Shard 0] Shard received all its guilds. Marking as fully ready.
[DEBUG] 23:50:31 | [WS => Shard 0] First heartbeat sent, starting to beat every 41250ms
[DEBUG] 23:50:31 | [WS => Shard 0] Heartbeat acknowledged, latency of 159ms.
