[INFO] 02:04:19 | Started refreshing 7 application (/) commands.
[INFO] 02:04:19 | Successfully reloaded 7 application (/) commands.
[DEBUG] 02:04:20 | Provided token: MTA4NTYxMjkzOTc3MzQ4NTE5MA.GZK5eK.**************************************
[DEBUG] 02:04:20 | Preparing to connect to the gateway...
[DEBUG] 02:04:20 | [WS => Manager] Fetched Gateway Information
    URL: wss://gateway.discord.gg
    Recommended Shards: 1
[DEBUG] 02:04:20 | [WS => Manager] Session Limit Information
    Total: 1000
    Remaining: 1000
[DEBUG] 02:04:20 | [WS => Shard 0] Connecting to wss://gateway.discord.gg?v=10&encoding=json
[DEBUG] 02:04:20 | [WS => Shard 0] Waiting for event hello for 60000ms
[DEBUG] 02:04:20 | [WS => Shard 0] Preparing first heartbeat of the connection with a jitter of 0.7932524014994613; waiting 32721ms
[DEBUG] 02:04:20 | [WS => Shard 0] Waiting for identify throttle
[DEBUG] 02:04:20 | [WS => Shard 0] Identifying
	shard id: 0
	shard count: 1
	intents: 513
	compression: none
[DEBUG] 02:04:20 | [WS => Shard 0] Waiting for event ready for 15000ms
[DEBUG] 02:04:20 | [WS => Shard 0] Shard received all its guilds. Marking as fully ready.
[DEBUG] 02:04:53 | [WS => Shard 0] First heartbeat sent, starting to beat every 41250ms
[DEBUG] 02:04:53 | [WS => Shard 0] Heartbeat acknowledged, latency of 121ms.
[DEBUG] 02:04:56 | Provided token: MTA4NTYxMjkzOTc3MzQ4NTE5MA.GZK5eK.**************************************
[DEBUG] 02:04:56 | Preparing to connect to the gateway...
[DEBUG] 02:04:56 | [WS => Manager] Fetched Gateway Information
    URL: wss://gateway.discord.gg
    Recommended Shards: 1
[DEBUG] 02:04:56 | [WS => Manager] Session Limit Information
    Total: 1000
    Remaining: 999
[DEBUG] 02:04:56 | [WS => Shard 0] Connecting to wss://gateway.discord.gg?v=10&encoding=json
[DEBUG] 02:04:56 | [WS => Shard 0] Waiting for event hello for 60000ms
[DEBUG] 02:04:57 | [WS => Shard 0] Preparing first heartbeat of the connection with a jitter of 0.8482543464428707; waiting 34990ms
[DEBUG] 02:04:57 | [WS => Shard 0] Waiting for identify throttle
[DEBUG] 02:04:57 | [WS => Shard 0] Identifying
	shard id: 0
	shard count: 1
	intents: 513
	compression: none
[DEBUG] 02:04:57 | [WS => Shard 0] Waiting for event ready for 15000ms
[DEBUG] 02:04:57 | [WS => Shard 0] Shard received all its guilds. Marking as fully ready.
[INFO] 02:05:16 | Started refreshing 7 application (/) commands.
[INFO] 02:05:17 | Successfully reloaded 7 application (/) commands.
[DEBUG] 02:05:17 | Provided token: MTA4NTYxMjkzOTc3MzQ4NTE5MA.GZK5eK.**************************************
[DEBUG] 02:05:17 | Preparing to connect to the gateway...
[DEBUG] 02:05:17 | [WS => Manager] Fetched Gateway Information
    URL: wss://gateway.discord.gg
    Recommended Shards: 1
[DEBUG] 02:05:17 | [WS => Manager] Session Limit Information
    Total: 1000
    Remaining: 998
[DEBUG] 02:05:17 | [WS => Shard 0] Connecting to wss://gateway.discord.gg?v=10&encoding=json
[DEBUG] 02:05:17 | [WS => Shard 0] Waiting for event hello for 60000ms
[DEBUG] 02:05:17 | [WS => Shard 0] Preparing first heartbeat of the connection with a jitter of 0.3077994868267169; waiting 12696ms
[DEBUG] 02:05:17 | [WS => Shard 0] Waiting for identify throttle
[DEBUG] 02:05:17 | [WS => Shard 0] Identifying
	shard id: 0
	shard count: 1
	intents: 513
	compression: none
[DEBUG] 02:05:17 | [WS => Shard 0] Waiting for event ready for 15000ms
[DEBUG] 02:05:18 | [WS => Shard 0] Shard received all its guilds. Marking as fully ready.
[DEBUG] 02:05:30 | [WS => Shard 0] First heartbeat sent, starting to beat every 41250ms
[DEBUG] 02:05:30 | [WS => Shard 0] Heartbeat acknowledged, latency of 120ms.
[DEBUG] 02:06:12 | [WS => Shard 0] Heartbeat acknowledged, latency of 120ms.
[INFO] 02:06:44 | Started refreshing 7 application (/) commands.
[INFO] 02:06:45 | Successfully reloaded 7 application (/) commands.
[DEBUG] 02:06:45 | Provided token: MTA4NTYxMjkzOTc3MzQ4NTE5MA.GZK5eK.**************************************
[DEBUG] 02:06:45 | Preparing to connect to the gateway...
[DEBUG] 02:06:45 | [WS => Manager] Fetched Gateway Information
    URL: wss://gateway.discord.gg
    Recommended Shards: 1
[DEBUG] 02:06:45 | [WS => Manager] Session Limit Information
    Total: 1000
    Remaining: 997
[DEBUG] 02:06:45 | [WS => Shard 0] Connecting to wss://gateway.discord.gg?v=10&encoding=json
[DEBUG] 02:06:45 | [WS => Shard 0] Waiting for event hello for 60000ms
[DEBUG] 02:06:45 | [WS => Shard 0] Preparing first heartbeat of the connection with a jitter of 0.3115044542088923; waiting 12849ms
[DEBUG] 02:06:45 | [WS => Shard 0] Waiting for identify throttle
[DEBUG] 02:06:45 | [WS => Shard 0] Identifying
	shard id: 0
	shard count: 1
	intents: 513
	compression: none
[DEBUG] 02:06:45 | [WS => Shard 0] Waiting for event ready for 15000ms
[DEBUG] 02:06:46 | [WS => Shard 0] Shard received all its guilds. Marking as fully ready.
[DEBUG] 02:06:58 | [WS => Shard 0] First heartbeat sent, starting to beat every 41250ms
[DEBUG] 02:06:58 | [WS => Shard 0] Heartbeat acknowledged, latency of 120ms.
[DEBUG] 02:07:40 | [WS => Shard 0] Heartbeat acknowledged, latency of 121ms.
[DEBUG] 02:08:21 | [WS => Shard 0] Heartbeat acknowledged, latency of 120ms.
[DEBUG] 02:09:02 | [WS => Shard 0] Heartbeat acknowledged, latency of 120ms.
[DEBUG] 02:09:43 | [WS => Shard 0] Heartbeat acknowledged, latency of 120ms.
[DEBUG] 02:10:25 | [WS => Shard 0] Heartbeat acknowledged, latency of 124ms.
[DEBUG] 02:11:06 | [WS => Shard 0] Heartbeat acknowledged, latency of 120ms.
[DEBUG] 02:11:47 | [WS => Shard 0] Heartbeat acknowledged, latency of 119ms.
[DEBUG] 02:12:28 | [WS => Shard 0] Heartbeat acknowledged, latency of 120ms.
[DEBUG] 02:13:10 | [WS => Shard 0] Heartbeat acknowledged, latency of 119ms.
[DEBUG] 02:13:51 | [WS => Shard 0] Heartbeat acknowledged, latency of 120ms.
[DEBUG] 02:14:32 | [WS => Shard 0] Heartbeat acknowledged, latency of 120ms.
[DEBUG] 02:15:13 | [WS => Shard 0] Heartbeat acknowledged, latency of 120ms.
[DEBUG] 02:15:55 | [WS => Shard 0] Heartbeat acknowledged, latency of 120ms.
[DEBUG] 02:16:36 | [WS => Shard 0] Heartbeat acknowledged, latency of 120ms.
[MEMORY] 02:16:45 | 16.68 MB out of 18.14 MB
[CPU] 02:16:45 |  0.02 % used
[UPTIME] 02:16:45 | 0d 0h 10m 0s
[DEBUG] 02:17:17 | [WS => Shard 0] Heartbeat acknowledged, latency of 120ms.
[DEBUG] 02:17:58 | [WS => Shard 0] Heartbeat acknowledged, latency of 120ms.
[DEBUG] 02:18:40 | [WS => Shard 0] Heartbeat acknowledged, latency of 122ms.
[DEBUG] 02:19:21 | [WS => Shard 0] Heartbeat acknowledged, latency of 119ms.
[DEBUG] 02:20:02 | [WS => Shard 0] Heartbeat acknowledged, latency of 120ms.
[DEBUG] 02:20:43 | [WS => Shard 0] Heartbeat acknowledged, latency of 122ms.
[DEBUG] 02:21:25 | [WS => Shard 0] Heartbeat acknowledged, latency of 120ms.
[DEBUG] 02:22:06 | [WS => Shard 0] Heartbeat acknowledged, latency of 120ms.
[DEBUG] 02:22:47 | [WS => Shard 0] Heartbeat acknowledged, latency of 120ms.
[INFO] 03:32:15 | Started refreshing 7 application (/) commands.
[INFO] 03:32:15 | Successfully reloaded 7 application (/) commands.
[INFO] 03:32:47 | Started refreshing 7 application (/) commands.
[INFO] 03:32:48 | Successfully reloaded 7 application (/) commands.
[DEBUG] 03:32:48 | Provided token: MTA4NTYxMjkzOTc3MzQ4NTE5MA.GZK5eK.**************************************
[DEBUG] 03:32:48 | Preparing to connect to the gateway...
[DEBUG] 03:32:48 | [WS => Manager] Fetched Gateway Information
    URL: wss://gateway.discord.gg
    Recommended Shards: 1
[DEBUG] 03:32:48 | [WS => Manager] Session Limit Information
    Total: 1000
    Remaining: 996
[DEBUG] 03:32:48 | [WS => Shard 0] Connecting to wss://gateway.discord.gg?v=10&encoding=json
[DEBUG] 03:32:48 | [WS => Shard 0] Waiting for event hello for 60000ms
[DEBUG] 03:32:49 | [WS => Shard 0] Preparing first heartbeat of the connection with a jitter of 0.188468136773694; waiting 7774ms
[DEBUG] 03:32:49 | [WS => Shard 0] Waiting for identify throttle
[DEBUG] 03:32:49 | [WS => Shard 0] Identifying
	shard id: 0
	shard count: 1
	intents: 513
	compression: none
[DEBUG] 03:32:49 | [WS => Shard 0] Waiting for event ready for 15000ms
[DEBUG] 03:32:49 | [WS => Shard 0] Shard received all its guilds. Marking as fully ready.
[DEBUG] 03:32:56 | [WS => Shard 0] First heartbeat sent, starting to beat every 41250ms
[DEBUG] 03:32:56 | [WS => Shard 0] Heartbeat acknowledged, latency of 121ms.
[INFO] 03:33:36 | Command: 2FA | sonny_badger (1136363841081581638) connected to the database.
[COMMAND] 03:33:36 | Command: 2FA | sonny_badger (1136363841081581638) ran 2FA setup.
[DEBUG] 03:33:38 | [WS => Shard 0] Heartbeat acknowledged, latency of 122ms.
[INFO] 03:34:06 | sonny_badger (1136363841081581638) connected to the database.
[INFO] 03:34:06 | Command: Validate | sonny_badger (1136363841081581638) successfully validated their reqyest.
[INFO] 03:34:06 | Command: Validate | sonny_badger (1136363841081581638) updated their user data.
[COMMAND] 03:34:06 | Command: 2FA | sonny_badger (1136363841081581638) successfully set up 2FA.
[DEBUG] 03:34:19 | [WS => Shard 0] Heartbeat acknowledged, latency of 122ms.
[INFO] 03:34:30 | Command: 2FA | megurre (324856872987262996) connected to the database.
[COMMAND] 03:34:30 | Command: 2FA | megurre (324856872987262996) ran 2FA setup.
[INFO] 03:34:53 | megurre (324856872987262996) connected to the database.
[INFO] 03:34:53 | Command: Validate | megurre (324856872987262996) successfully validated their reqyest.
[INFO] 03:34:53 | Command: Validate | megurre (324856872987262996) updated their user data.
[COMMAND] 03:34:53 | Command: 2FA | megurre (324856872987262996) successfully set up 2FA.
[DEBUG] 03:35:00 | [WS => Shard 0] Heartbeat acknowledged, latency of 121ms.
