[INFO] 19:23:37 | Started refreshing 10 application (/) commands.
[INFO] 19:23:38 | Successfully reloaded 10 application (/) commands.
[DEBUG] 19:23:38 | Provided token: MTA4NTYxMjkzOTc3MzQ4NTE5MA.GZK5eK.**************************************
[DEBUG] 19:23:38 | Preparing to connect to the gateway...
[DEBUG] 19:23:38 | [WS => Manager] Fetched Gateway Information
    URL: wss://gateway.discord.gg
    Recommended Shards: 1
[DEBUG] 19:23:38 | [WS => Manager] Session Limit Information
    Total: 1000
    Remaining: 1000
[DEBUG] 19:23:38 | [WS => Shard 0] Connecting to wss://gateway.discord.gg?v=10&encoding=json
[DEBUG] 19:23:38 | [WS => Shard 0] Waiting for event hello for 60000ms
[DEBUG] 19:23:38 | [WS => Shard 0] Preparing first heartbeat of the connection with a jitter of 0.3147111796698321; waiting 12981ms
[DEBUG] 19:23:38 | [WS => Shard 0] Waiting for identify throttle
[DEBUG] 19:23:38 | [WS => Shard 0] Identifying
	shard id: 0
	shard count: 1
	intents: 513
	compression: none
[DEBUG] 19:23:38 | [WS => Shard 0] Waiting for event ready for 15000ms
[DEBUG] 19:23:39 | [WS => Shard 0] Shard received all its guilds. Marking as fully ready.
[ERROR] 19:23:39 | File: ready.js | Error inserting guild data: Error: Unknown column '2fa_req' in 'field list'
[ERROR] 19:23:39 | File: ready.js | Error inserting guild data: Error: Unknown column '2fa_req' in 'field list'
[DEBUG] 19:23:51 | [WS => Shard 0] First heartbeat sent, starting to beat every 41250ms
[DEBUG] 19:23:52 | [WS => Shard 0] Heartbeat acknowledged, latency of 124ms.
[ERROR] 19:24:11 | Command: Setup | megurre (324856872987262996) received an error while checking guild existence | Error: Unknown column 'id' in 'where clause'
    at Packet.asError (C:\Users\richa\node_modules\mysql2\lib\packets\packet.js:728:17)
    at Query.execute (C:\Users\richa\node_modules\mysql2\lib\commands\command.js:29:26)
    at Connection.handlePacket (C:\Users\richa\node_modules\mysql2\lib\connection.js:478:34)
    at PacketParser.onPacket (C:\Users\richa\node_modules\mysql2\lib\connection.js:97:12)
    at PacketParser.executeStart (C:\Users\richa\node_modules\mysql2\lib\packet_parser.js:75:16)
    at Socket.<anonymous> (C:\Users\richa\node_modules\mysql2\lib\connection.js:104:25)
    at Socket.emit (node:events:514:28)
    at addChunk (node:internal/streams/readable:343:12)
    at readableAddChunk (node:internal/streams/readable:316:9)
    at Readable.push (node:internal/streams/readable:253:10)
[DEBUG] 19:24:33 | [WS => Shard 0] Heartbeat acknowledged, latency of 122ms.
[INFO] 19:24:46 | Started refreshing 10 application (/) commands.
[INFO] 19:24:46 | Successfully reloaded 10 application (/) commands.
[DEBUG] 19:24:47 | Provided token: MTA4NTYxMjkzOTc3MzQ4NTE5MA.GZK5eK.**************************************
[DEBUG] 19:24:47 | Preparing to connect to the gateway...
[DEBUG] 19:24:47 | [WS => Manager] Fetched Gateway Information
    URL: wss://gateway.discord.gg
    Recommended Shards: 1
[DEBUG] 19:24:47 | [WS => Manager] Session Limit Information
    Total: 1000
    Remaining: 999
[DEBUG] 19:24:47 | [WS => Shard 0] Connecting to wss://gateway.discord.gg?v=10&encoding=json
[DEBUG] 19:24:47 | [WS => Shard 0] Waiting for event hello for 60000ms
[DEBUG] 19:24:47 | [WS => Shard 0] Preparing first heartbeat of the connection with a jitter of 0.09133651329516845; waiting 3767ms
[DEBUG] 19:24:47 | [WS => Shard 0] Waiting for identify throttle
[DEBUG] 19:24:47 | [WS => Shard 0] Identifying
	shard id: 0
	shard count: 1
	intents: 513
	compression: none
[DEBUG] 19:24:47 | [WS => Shard 0] Waiting for event ready for 15000ms
[DEBUG] 19:24:48 | [WS => Shard 0] Shard received all its guilds. Marking as fully ready.
[DEBUG] 19:24:51 | [WS => Shard 0] First heartbeat sent, starting to beat every 41250ms
[DEBUG] 19:24:51 | [WS => Shard 0] Heartbeat acknowledged, latency of 124ms.
[ERROR] 19:25:02 | Command: Setup | megurre (324856872987262996) received an error while checking guild existence | Error: Unknown column 'id' in 'where clause'
    at Packet.asError (C:\Users\richa\node_modules\mysql2\lib\packets\packet.js:728:17)
    at Query.execute (C:\Users\richa\node_modules\mysql2\lib\commands\command.js:29:26)
    at Connection.handlePacket (C:\Users\richa\node_modules\mysql2\lib\connection.js:478:34)
    at PacketParser.onPacket (C:\Users\richa\node_modules\mysql2\lib\connection.js:97:12)
    at PacketParser.executeStart (C:\Users\richa\node_modules\mysql2\lib\packet_parser.js:75:16)
    at Socket.<anonymous> (C:\Users\richa\node_modules\mysql2\lib\connection.js:104:25)
    at Socket.emit (node:events:514:28)
    at addChunk (node:internal/streams/readable:343:12)
    at readableAddChunk (node:internal/streams/readable:316:9)
    at Readable.push (node:internal/streams/readable:253:10)
[ERROR] 19:25:29 | Command: Setup | megurre (324856872987262996) received an error while checking guild existence | Error: Unknown column 'id' in 'where clause'
    at Packet.asError (C:\Users\richa\node_modules\mysql2\lib\packets\packet.js:728:17)
    at Query.execute (C:\Users\richa\node_modules\mysql2\lib\commands\command.js:29:26)
    at Connection.handlePacket (C:\Users\richa\node_modules\mysql2\lib\connection.js:478:34)
    at PacketParser.onPacket (C:\Users\richa\node_modules\mysql2\lib\connection.js:97:12)
    at PacketParser.executeStart (C:\Users\richa\node_modules\mysql2\lib\packet_parser.js:75:16)
    at Socket.<anonymous> (C:\Users\richa\node_modules\mysql2\lib\connection.js:104:25)
    at Socket.emit (node:events:514:28)
    at addChunk (node:internal/streams/readable:343:12)
    at readableAddChunk (node:internal/streams/readable:316:9)
    at Readable.push (node:internal/streams/readable:253:10)
[DEBUG] 19:25:33 | [WS => Shard 0] Heartbeat acknowledged, latency of 123ms.
[DEBUG] 19:26:14 | [WS => Shard 0] Heartbeat acknowledged, latency of 143ms.
[DEBUG] 19:26:55 | [WS => Shard 0] Heartbeat acknowledged, latency of 128ms.
[DEBUG] 19:27:36 | [WS => Shard 0] Heartbeat acknowledged, latency of 134ms.
[DEBUG] 19:28:18 | [WS => Shard 0] Heartbeat acknowledged, latency of 124ms.
[INFO] 19:28:36 | Started refreshing 10 application (/) commands.
[INFO] 19:28:37 | Successfully reloaded 10 application (/) commands.
[DEBUG] 19:28:38 | Provided token: MTA4NTYxMjkzOTc3MzQ4NTE5MA.GZK5eK.**************************************
[DEBUG] 19:28:38 | Preparing to connect to the gateway...
[DEBUG] 19:28:38 | [WS => Manager] Fetched Gateway Information
    URL: wss://gateway.discord.gg
    Recommended Shards: 1
[DEBUG] 19:28:38 | [WS => Manager] Session Limit Information
    Total: 1000
    Remaining: 998
[DEBUG] 19:28:38 | [WS => Shard 0] Connecting to wss://gateway.discord.gg?v=10&encoding=json
[DEBUG] 19:28:38 | [WS => Shard 0] Waiting for event hello for 60000ms
[DEBUG] 19:28:38 | [WS => Shard 0] Preparing first heartbeat of the connection with a jitter of 0.5456164357840099; waiting 22506ms
[DEBUG] 19:28:38 | [WS => Shard 0] Waiting for identify throttle
[DEBUG] 19:28:38 | [WS => Shard 0] Identifying
	shard id: 0
	shard count: 1
	intents: 513
	compression: none
[DEBUG] 19:28:38 | [WS => Shard 0] Waiting for event ready for 15000ms
[DEBUG] 19:28:38 | [WS => Shard 0] Shard received all its guilds. Marking as fully ready.
[DEBUG] 19:28:41 | Provided token: MTA4NTYxMjkzOTc3MzQ4NTE5MA.GZK5eK.**************************************
[DEBUG] 19:28:41 | Preparing to connect to the gateway...
[DEBUG] 19:28:42 | [WS => Manager] Fetched Gateway Information
    URL: wss://gateway.discord.gg
    Recommended Shards: 1
[DEBUG] 19:28:42 | [WS => Manager] Session Limit Information
    Total: 1000
    Remaining: 997
[DEBUG] 19:28:42 | [WS => Shard 0] Connecting to wss://gateway.discord.gg?v=10&encoding=json
[DEBUG] 19:28:42 | [WS => Shard 0] Waiting for event hello for 60000ms
[DEBUG] 19:28:42 | [WS => Shard 0] Preparing first heartbeat of the connection with a jitter of 0.6310301810163172; waiting 26029ms
[DEBUG] 19:28:42 | [WS => Shard 0] Waiting for identify throttle
[DEBUG] 19:28:42 | [WS => Shard 0] Identifying
	shard id: 0
	shard count: 1
	intents: 513
	compression: none
[DEBUG] 19:28:42 | [WS => Shard 0] Waiting for event ready for 15000ms
[DEBUG] 19:28:43 | [WS => Shard 0] Shard received all its guilds. Marking as fully ready.
[INFO] 19:28:53 | Started refreshing 10 application (/) commands.
[INFO] 19:28:54 | Successfully reloaded 10 application (/) commands.
[DEBUG] 19:28:54 | Provided token: MTA4NTYxMjkzOTc3MzQ4NTE5MA.GZK5eK.**************************************
[DEBUG] 19:28:54 | Preparing to connect to the gateway...
[DEBUG] 19:28:55 | [WS => Manager] Fetched Gateway Information
    URL: wss://gateway.discord.gg
    Recommended Shards: 1
[DEBUG] 19:28:55 | [WS => Manager] Session Limit Information
    Total: 1000
    Remaining: 996
[DEBUG] 19:28:55 | [WS => Shard 0] Connecting to wss://gateway.discord.gg?v=10&encoding=json
[DEBUG] 19:28:55 | [WS => Shard 0] Waiting for event hello for 60000ms
[DEBUG] 19:28:55 | [WS => Shard 0] Preparing first heartbeat of the connection with a jitter of 0.1470113617169455; waiting 6064ms
[DEBUG] 19:28:55 | [WS => Shard 0] Waiting for identify throttle
[DEBUG] 19:28:55 | [WS => Shard 0] Identifying
	shard id: 0
	shard count: 1
	intents: 513
	compression: none
[DEBUG] 19:28:55 | [WS => Shard 0] Waiting for event ready for 15000ms
[DEBUG] 19:28:55 | [WS => Shard 0] Shard received all its guilds. Marking as fully ready.
[DEBUG] 19:29:01 | [WS => Shard 0] First heartbeat sent, starting to beat every 41250ms
[DEBUG] 19:29:01 | [WS => Shard 0] Heartbeat acknowledged, latency of 128ms.
[DEBUG] 19:29:42 | [WS => Shard 0] Heartbeat acknowledged, latency of 134ms.
[DEBUG] 19:30:24 | [WS => Shard 0] Heartbeat acknowledged, latency of 150ms.
[DEBUG] 19:31:05 | [WS => Shard 0] Heartbeat acknowledged, latency of 123ms.
[DEBUG] 19:31:46 | [WS => Shard 0] Heartbeat acknowledged, latency of 134ms.
[DEBUG] 19:32:27 | [WS => Shard 0] Heartbeat acknowledged, latency of 127ms.
[DEBUG] 19:33:09 | [WS => Shard 0] Heartbeat acknowledged, latency of 125ms.
[DEBUG] 19:33:50 | [WS => Shard 0] Heartbeat acknowledged, latency of 131ms.
[DEBUG] 19:34:31 | [WS => Shard 0] Heartbeat acknowledged, latency of 127ms.
[DEBUG] 19:35:12 | [WS => Shard 0] Heartbeat acknowledged, latency of 123ms.
[DEBUG] 19:35:54 | [WS => Shard 0] Heartbeat acknowledged, latency of 121ms.
[DEBUG] 19:36:35 | [WS => Shard 0] Heartbeat acknowledged, latency of 121ms.
[DEBUG] 19:37:16 | [WS => Shard 0] Heartbeat acknowledged, latency of 126ms.
[DEBUG] 19:37:57 | [WS => Shard 0] Heartbeat acknowledged, latency of 128ms.
[DEBUG] 19:38:39 | [WS => Shard 0] Heartbeat acknowledged, latency of 126ms.
[MEMORY] 19:38:54 | 18.16 MB out of 19.89 MB
[CPU] 19:38:54 |  0.01 % used
[UPTIME] 19:38:54 | 0d 0h 10m 0s
[DEBUG] 19:39:20 | [WS => Shard 0] Heartbeat acknowledged, latency of 145ms.
[DEBUG] 19:40:01 | [WS => Shard 0] Heartbeat acknowledged, latency of 185ms.
[DEBUG] 19:40:42 | [WS => Shard 0] Heartbeat acknowledged, latency of 125ms.
[DEBUG] 19:41:24 | [WS => Shard 0] Heartbeat acknowledged, latency of 121ms.
[DEBUG] 19:42:05 | [WS => Shard 0] Heartbeat acknowledged, latency of 128ms.
[DEBUG] 19:42:46 | [WS => Shard 0] Heartbeat acknowledged, latency of 126ms.
[DEBUG] 19:43:27 | [WS => Shard 0] Heartbeat acknowledged, latency of 129ms.
[DEBUG] 19:44:09 | [WS => Shard 0] Heartbeat acknowledged, latency of 122ms.
[DEBUG] 19:44:50 | [WS => Shard 0] Heartbeat acknowledged, latency of 135ms.
[DEBUG] 19:45:31 | [WS => Shard 0] Heartbeat acknowledged, latency of 126ms.
[DEBUG] 19:46:12 | [WS => Shard 0] Heartbeat acknowledged, latency of 124ms.
[DEBUG] 19:46:54 | [WS => Shard 0] Heartbeat acknowledged, latency of 129ms.
[DEBUG] 19:47:35 | [WS => Shard 0] Heartbeat acknowledged, latency of 164ms.
[DEBUG] 19:48:16 | [WS => Shard 0] Heartbeat acknowledged, latency of 125ms.
[MEMORY] 19:48:54 | 17.86 MB out of 20.89 MB
[CPU] 19:48:54 |  0.01 % used
[UPTIME] 19:48:54 | 0d 0h 20m 0s
[DEBUG] 19:48:57 | [WS => Shard 0] Heartbeat acknowledged, latency of 126ms.
[DEBUG] 19:49:39 | [WS => Shard 0] Heartbeat acknowledged, latency of 131ms.
[DEBUG] 19:50:20 | [WS => Shard 0] Heartbeat acknowledged, latency of 128ms.
[DEBUG] 19:51:01 | [WS => Shard 0] Heartbeat acknowledged, latency of 130ms.
[DEBUG] 19:51:42 | [WS => Shard 0] Heartbeat acknowledged, latency of 126ms.
[DEBUG] 19:52:24 | [WS => Shard 0] Heartbeat acknowledged, latency of 124ms.
[DEBUG] 19:53:05 | [WS => Shard 0] Heartbeat acknowledged, latency of 121ms.
[DEBUG] 19:53:46 | [WS => Shard 0] Heartbeat acknowledged, latency of 129ms.
[DEBUG] 19:54:27 | [WS => Shard 0] Heartbeat acknowledged, latency of 135ms.
[DEBUG] 19:55:09 | [WS => Shard 0] Heartbeat acknowledged, latency of 123ms.
[DEBUG] 19:55:50 | [WS => Shard 0] Heartbeat acknowledged, latency of 123ms.
[DEBUG] 19:56:31 | [WS => Shard 0] Heartbeat acknowledged, latency of 123ms.
[DEBUG] 19:57:12 | [WS => Shard 0] Heartbeat acknowledged, latency of 122ms.
[DEBUG] 19:57:54 | [WS => Shard 0] Heartbeat acknowledged, latency of 121ms.
[DEBUG] 19:58:35 | [WS => Shard 0] Heartbeat acknowledged, latency of 126ms.
[MEMORY] 19:58:54 | 18.35 MB out of 20.89 MB
[CPU] 19:58:54 |  0.01 % used
[UPTIME] 19:58:54 | 0d 0h 30m 0s
[DEBUG] 19:59:16 | [WS => Shard 0] Heartbeat acknowledged, latency of 126ms.
[DEBUG] 19:59:57 | [WS => Shard 0] Heartbeat acknowledged, latency of 142ms.
[DEBUG] 20:00:39 | [WS => Shard 0] Heartbeat acknowledged, latency of 127ms.
[DEBUG] 20:01:20 | [WS => Shard 0] Heartbeat acknowledged, latency of 125ms.
[DEBUG] 20:02:01 | [WS => Shard 0] Heartbeat acknowledged, latency of 124ms.
[DEBUG] 20:02:42 | [WS => Shard 0] Heartbeat acknowledged, latency of 132ms.
[DEBUG] 20:03:24 | [WS => Shard 0] Heartbeat acknowledged, latency of 129ms.
[DEBUG] 20:04:05 | [WS => Shard 0] Heartbeat acknowledged, latency of 125ms.
[DEBUG] 20:04:46 | [WS => Shard 0] Heartbeat acknowledged, latency of 126ms.
[DEBUG] 20:05:27 | [WS => Shard 0] Heartbeat acknowledged, latency of 121ms.
[DEBUG] 20:06:09 | [WS => Shard 0] Heartbeat acknowledged, latency of 121ms.
[DEBUG] 20:06:50 | [WS => Shard 0] Heartbeat acknowledged, latency of 128ms.
[DEBUG] 20:07:31 | [WS => Shard 0] Heartbeat acknowledged, latency of 120ms.
[DEBUG] 20:08:12 | [WS => Shard 0] Heartbeat acknowledged, latency of 129ms.
[DEBUG] 20:08:54 | [WS => Shard 0] Heartbeat acknowledged, latency of 122ms.
[MEMORY] 20:08:54 | 17.83 MB out of 19.89 MB
[CPU] 20:08:54 |  0.01 % used
[UPTIME] 20:08:54 | 0d 0h 40m 0s
[DEBUG] 20:09:35 | [WS => Shard 0] Heartbeat acknowledged, latency of 129ms.
[DEBUG] 20:10:16 | [WS => Shard 0] Heartbeat acknowledged, latency of 129ms.
[DEBUG] 20:10:57 | [WS => Shard 0] Heartbeat acknowledged, latency of 128ms.
[DEBUG] 20:11:39 | [WS => Shard 0] Heartbeat acknowledged, latency of 126ms.
[DEBUG] 20:12:20 | [WS => Shard 0] Heartbeat acknowledged, latency of 125ms.
[DEBUG] 20:13:01 | [WS => Shard 0] Heartbeat acknowledged, latency of 122ms.
[DEBUG] 20:13:42 | [WS => Shard 0] Heartbeat acknowledged, latency of 134ms.
[DEBUG] 20:14:24 | [WS => Shard 0] Heartbeat acknowledged, latency of 134ms.
[DEBUG] 20:15:05 | [WS => Shard 0] Heartbeat acknowledged, latency of 129ms.
[DEBUG] 20:15:46 | [WS => Shard 0] Heartbeat acknowledged, latency of 129ms.
[DEBUG] 20:16:27 | [WS => Shard 0] Heartbeat acknowledged, latency of 122ms.
[DEBUG] 20:17:09 | [WS => Shard 0] Heartbeat acknowledged, latency of 121ms.
[DEBUG] 20:17:50 | [WS => Shard 0] Heartbeat acknowledged, latency of 126ms.
[DEBUG] 20:18:31 | [WS => Shard 0] Heartbeat acknowledged, latency of 135ms.
[MEMORY] 20:18:54 | 18.27 MB out of 19.89 MB
[CPU] 20:18:54 |  0.01 % used
[UPTIME] 20:18:54 | 0d 0h 50m 0s
[DEBUG] 20:19:12 | [WS => Shard 0] Heartbeat acknowledged, latency of 121ms.
[DEBUG] 20:19:54 | [WS => Shard 0] Heartbeat acknowledged, latency of 125ms.
[DEBUG] 20:20:35 | [WS => Shard 0] Heartbeat acknowledged, latency of 123ms.
[DEBUG] 20:21:16 | [WS => Shard 0] Heartbeat acknowledged, latency of 124ms.
[DEBUG] 20:21:57 | [WS => Shard 0] Heartbeat acknowledged, latency of 173ms.
[DEBUG] 20:22:39 | [WS => Shard 0] Heartbeat acknowledged, latency of 123ms.
[DEBUG] 20:23:20 | [WS => Shard 0] Heartbeat acknowledged, latency of 127ms.
[DEBUG] 20:24:01 | [WS => Shard 0] Heartbeat acknowledged, latency of 132ms.
[DEBUG] 20:24:42 | [WS => Shard 0] Heartbeat acknowledged, latency of 136ms.
[DEBUG] 20:25:24 | [WS => Shard 0] Heartbeat acknowledged, latency of 124ms.
[DEBUG] 20:26:05 | [WS => Shard 0] Heartbeat acknowledged, latency of 128ms.
[DEBUG] 20:26:46 | [WS => Shard 0] Heartbeat acknowledged, latency of 121ms.
[DEBUG] 20:27:27 | [WS => Shard 0] Heartbeat acknowledged, latency of 121ms.
[DEBUG] 20:28:09 | [WS => Shard 0] Heartbeat acknowledged, latency of 141ms.
[DEBUG] 20:28:50 | [WS => Shard 0] Heartbeat acknowledged, latency of 123ms.
[MEMORY] 20:28:54 | 17.78 MB out of 19.89 MB
[CPU] 20:28:54 |  0.01 % used
[UPTIME] 20:28:54 | 0d 1h 0m 0s
[DEBUG] 20:29:31 | [WS => Shard 0] Heartbeat acknowledged, latency of 123ms.
[DEBUG] 20:30:12 | [WS => Shard 0] Heartbeat acknowledged, latency of 125ms.
[DEBUG] 20:30:54 | [WS => Shard 0] Heartbeat acknowledged, latency of 122ms.
[DEBUG] 20:31:35 | [WS => Shard 0] Heartbeat acknowledged, latency of 121ms.
[DEBUG] 20:32:16 | [WS => Shard 0] Heartbeat acknowledged, latency of 131ms.
[DEBUG] 20:32:57 | [WS => Shard 0] Heartbeat acknowledged, latency of 158ms.
[DEBUG] 20:33:39 | [WS => Shard 0] Heartbeat acknowledged, latency of 124ms.
[DEBUG] 20:34:20 | [WS => Shard 0] Heartbeat acknowledged, latency of 138ms.
[DEBUG] 20:35:01 | [WS => Shard 0] Heartbeat acknowledged, latency of 124ms.
[DEBUG] 20:35:42 | [WS => Shard 0] Heartbeat acknowledged, latency of 121ms.
[DEBUG] 20:36:24 | [WS => Shard 0] Heartbeat acknowledged, latency of 136ms.
[DEBUG] 20:37:05 | [WS => Shard 0] Heartbeat acknowledged, latency of 129ms.
[DEBUG] 20:37:46 | [WS => Shard 0] Heartbeat acknowledged, latency of 124ms.
[DEBUG] 20:38:27 | [WS => Shard 0] Heartbeat acknowledged, latency of 133ms.
[MEMORY] 20:38:54 | 18.20 MB out of 19.89 MB
[CPU] 20:38:54 |  0.01 % used
[UPTIME] 20:38:54 | 0d 1h 10m 0s
[DEBUG] 20:39:09 | [WS => Shard 0] Heartbeat acknowledged, latency of 123ms.
[DEBUG] 20:39:50 | [WS => Shard 0] Heartbeat acknowledged, latency of 135ms.
[DEBUG] 20:40:31 | [WS => Shard 0] Heartbeat acknowledged, latency of 128ms.
[DEBUG] 20:41:12 | [WS => Shard 0] Heartbeat acknowledged, latency of 124ms.
[DEBUG] 20:41:54 | [WS => Shard 0] Heartbeat acknowledged, latency of 124ms.
[DEBUG] 20:42:35 | [WS => Shard 0] Heartbeat acknowledged, latency of 131ms.
[DEBUG] 20:43:16 | [WS => Shard 0] Heartbeat acknowledged, latency of 128ms.
[DEBUG] 20:43:57 | [WS => Shard 0] Heartbeat acknowledged, latency of 137ms.
[DEBUG] 20:44:39 | [WS => Shard 0] Heartbeat acknowledged, latency of 121ms.
[DEBUG] 20:45:20 | [WS => Shard 0] Heartbeat acknowledged, latency of 125ms.
[DEBUG] 20:46:01 | [WS => Shard 0] Heartbeat acknowledged, latency of 150ms.
[DEBUG] 20:46:42 | [WS => Shard 0] Heartbeat acknowledged, latency of 128ms.
[DEBUG] 20:47:24 | [WS => Shard 0] Heartbeat acknowledged, latency of 129ms.
[DEBUG] 20:48:05 | [WS => Shard 0] Heartbeat acknowledged, latency of 123ms.
[DEBUG] 20:48:46 | [WS => Shard 0] Heartbeat acknowledged, latency of 122ms.
[MEMORY] 20:48:54 | 18.60 MB out of 19.89 MB
[CPU] 20:48:54 |  0.01 % used
[UPTIME] 20:48:54 | 0d 1h 20m 0s
[DEBUG] 20:49:27 | [WS => Shard 0] Heartbeat acknowledged, latency of 131ms.
[DEBUG] 20:50:09 | [WS => Shard 0] Heartbeat acknowledged, latency of 125ms.
[DEBUG] 20:50:50 | [WS => Shard 0] Heartbeat acknowledged, latency of 125ms.
[DEBUG] 20:51:31 | [WS => Shard 0] Heartbeat acknowledged, latency of 129ms.
[DEBUG] 20:52:12 | [WS => Shard 0] Heartbeat acknowledged, latency of 123ms.
[DEBUG] 20:52:54 | [WS => Shard 0] Heartbeat acknowledged, latency of 122ms.
[DEBUG] 20:53:35 | [WS => Shard 0] Heartbeat acknowledged, latency of 129ms.
[DEBUG] 20:54:16 | [WS => Shard 0] Heartbeat acknowledged, latency of 126ms.
[DEBUG] 20:54:57 | [WS => Shard 0] Heartbeat acknowledged, latency of 122ms.
[DEBUG] 20:55:39 | [WS => Shard 0] Heartbeat acknowledged, latency of 132ms.
[DEBUG] 20:56:20 | [WS => Shard 0] Heartbeat acknowledged, latency of 123ms.
[DEBUG] 20:57:01 | [WS => Shard 0] Heartbeat acknowledged, latency of 134ms.
[DEBUG] 20:57:42 | [WS => Shard 0] Heartbeat acknowledged, latency of 124ms.
[DEBUG] 20:58:24 | [WS => Shard 0] Heartbeat acknowledged, latency of 122ms.
[MEMORY] 20:58:54 | 18.20 MB out of 19.89 MB
[CPU] 20:58:54 |  0.01 % used
[UPTIME] 20:58:54 | 0d 1h 30m 0s
[DEBUG] 20:59:05 | [WS => Shard 0] Heartbeat acknowledged, latency of 121ms.
[DEBUG] 20:59:46 | [WS => Shard 0] Heartbeat acknowledged, latency of 121ms.
[DEBUG] 21:00:27 | [WS => Shard 0] Heartbeat acknowledged, latency of 133ms.
[DEBUG] 21:01:09 | [WS => Shard 0] Heartbeat acknowledged, latency of 122ms.
[DEBUG] 21:01:50 | [WS => Shard 0] Heartbeat acknowledged, latency of 132ms.
[DEBUG] 21:02:31 | [WS => Shard 0] Heartbeat acknowledged, latency of 131ms.
[DEBUG] 21:03:12 | [WS => Shard 0] Heartbeat acknowledged, latency of 128ms.
[DEBUG] 21:03:54 | [WS => Shard 0] Heartbeat acknowledged, latency of 137ms.
[DEBUG] 21:04:35 | [WS => Shard 0] Heartbeat acknowledged, latency of 127ms.
[DEBUG] 21:05:16 | [WS => Shard 0] Heartbeat acknowledged, latency of 126ms.
[DEBUG] 21:05:57 | [WS => Shard 0] Heartbeat acknowledged, latency of 127ms.
[DEBUG] 21:06:39 | [WS => Shard 0] Heartbeat acknowledged, latency of 147ms.
[DEBUG] 21:07:20 | [WS => Shard 0] Heartbeat acknowledged, latency of 125ms.
[DEBUG] 21:08:01 | [WS => Shard 0] Heartbeat acknowledged, latency of 129ms.
[DEBUG] 21:08:42 | [WS => Shard 0] Heartbeat acknowledged, latency of 124ms.
[MEMORY] 21:08:54 | 17.83 MB out of 19.89 MB
[CPU] 21:08:54 |  0.01 % used
[UPTIME] 21:08:54 | 0d 1h 40m 0s
[DEBUG] 21:09:24 | [WS => Shard 0] Heartbeat acknowledged, latency of 121ms.
[DEBUG] 21:10:05 | [WS => Shard 0] Heartbeat acknowledged, latency of 132ms.
[DEBUG] 21:10:46 | [WS => Shard 0] Heartbeat acknowledged, latency of 126ms.
[DEBUG] 21:11:27 | [WS => Shard 0] Heartbeat acknowledged, latency of 126ms.
[DEBUG] 21:12:09 | [WS => Shard 0] Heartbeat acknowledged, latency of 123ms.
[DEBUG] 21:12:50 | [WS => Shard 0] Heartbeat acknowledged, latency of 132ms.
[DEBUG] 21:13:31 | [WS => Shard 0] Heartbeat acknowledged, latency of 131ms.
[DEBUG] 21:14:12 | [WS => Shard 0] Heartbeat acknowledged, latency of 131ms.
[DEBUG] 21:14:54 | [WS => Shard 0] Heartbeat acknowledged, latency of 133ms.
[DEBUG] 21:15:35 | [WS => Shard 0] Heartbeat acknowledged, latency of 129ms.
[DEBUG] 21:16:16 | [WS => Shard 0] Heartbeat acknowledged, latency of 128ms.
[DEBUG] 21:16:57 | [WS => Shard 0] Heartbeat acknowledged, latency of 127ms.
[DEBUG] 21:17:39 | [WS => Shard 0] Heartbeat acknowledged, latency of 122ms.
[DEBUG] 21:18:20 | [WS => Shard 0] Heartbeat acknowledged, latency of 122ms.
[MEMORY] 21:18:54 | 18.22 MB out of 19.89 MB
[CPU] 21:18:54 |  0.01 % used
[UPTIME] 21:18:54 | 0d 1h 50m 0s
[DEBUG] 21:19:01 | [WS => Shard 0] Heartbeat acknowledged, latency of 122ms.
[DEBUG] 21:19:42 | [WS => Shard 0] Heartbeat acknowledged, latency of 121ms.
[DEBUG] 21:20:24 | [WS => Shard 0] Heartbeat acknowledged, latency of 125ms.
[DEBUG] 21:21:05 | [WS => Shard 0] Heartbeat acknowledged, latency of 156ms.
[DEBUG] 21:21:46 | [WS => Shard 0] Heartbeat acknowledged, latency of 128ms.
[DEBUG] 21:22:27 | [WS => Shard 0] Heartbeat acknowledged, latency of 129ms.
[DEBUG] 21:23:09 | [WS => Shard 0] Heartbeat acknowledged, latency of 121ms.
[DEBUG] 21:23:50 | [WS => Shard 0] Heartbeat acknowledged, latency of 128ms.
[DEBUG] 21:24:31 | [WS => Shard 0] Heartbeat acknowledged, latency of 127ms.
[DEBUG] 21:25:12 | [WS => Shard 0] Heartbeat acknowledged, latency of 127ms.
[DEBUG] 21:25:54 | [WS => Shard 0] Heartbeat acknowledged, latency of 149ms.
[DEBUG] 21:26:35 | [WS => Shard 0] Heartbeat acknowledged, latency of 130ms.
[DEBUG] 21:27:16 | [WS => Shard 0] Heartbeat acknowledged, latency of 135ms.
[DEBUG] 21:27:57 | [WS => Shard 0] Heartbeat acknowledged, latency of 127ms.
[DEBUG] 21:28:39 | [WS => Shard 0] Heartbeat acknowledged, latency of 124ms.
[MEMORY] 21:28:54 | 18.69 MB out of 19.89 MB
[CPU] 21:28:54 |  0.02 % used
[UPTIME] 21:28:54 | 0d 2h 0m 0s
[DEBUG] 21:29:20 | [WS => Shard 0] Heartbeat acknowledged, latency of 123ms.
[DEBUG] 21:30:01 | [WS => Shard 0] Heartbeat acknowledged, latency of 124ms.
[DEBUG] 21:30:42 | [WS => Shard 0] Heartbeat acknowledged, latency of 125ms.
[DEBUG] 21:31:24 | [WS => Shard 0] Heartbeat acknowledged, latency of 134ms.
[DEBUG] 21:32:05 | [WS => Shard 0] Heartbeat acknowledged, latency of 120ms.
[DEBUG] 21:32:46 | [WS => Shard 0] Heartbeat acknowledged, latency of 121ms.
[DEBUG] 21:33:27 | [WS => Shard 0] Heartbeat acknowledged, latency of 126ms.
[DEBUG] 21:34:09 | [WS => Shard 0] Heartbeat acknowledged, latency of 126ms.
[DEBUG] 21:34:50 | [WS => Shard 0] Heartbeat acknowledged, latency of 122ms.
[DEBUG] 21:35:31 | [WS => Shard 0] Heartbeat acknowledged, latency of 135ms.
[DEBUG] 21:36:12 | [WS => Shard 0] Heartbeat acknowledged, latency of 123ms.
[DEBUG] 21:36:54 | [WS => Shard 0] Heartbeat acknowledged, latency of 121ms.
[DEBUG] 21:37:35 | [WS => Shard 0] Heartbeat acknowledged, latency of 121ms.
[DEBUG] 21:38:16 | [WS => Shard 0] Heartbeat acknowledged, latency of 124ms.
[MEMORY] 21:38:54 | 18.16 MB out of 19.89 MB
[CPU] 21:38:54 |  0.02 % used
[UPTIME] 21:38:54 | 0d 2h 10m 0s
[DEBUG] 21:38:57 | [WS => Shard 0] Heartbeat acknowledged, latency of 124ms.
[DEBUG] 21:39:39 | [WS => Shard 0] Heartbeat acknowledged, latency of 122ms.
[DEBUG] 21:40:20 | [WS => Shard 0] Heartbeat acknowledged, latency of 122ms.
[DEBUG] 21:41:01 | [WS => Shard 0] Heartbeat acknowledged, latency of 133ms.
[DEBUG] 21:41:42 | [WS => Shard 0] Heartbeat acknowledged, latency of 128ms.
[DEBUG] 21:42:24 | [WS => Shard 0] Heartbeat acknowledged, latency of 127ms.
[DEBUG] 21:43:05 | [WS => Shard 0] Heartbeat acknowledged, latency of 127ms.
[DEBUG] 21:43:46 | [WS => Shard 0] Heartbeat acknowledged, latency of 124ms.
[DEBUG] 21:44:27 | [WS => Shard 0] Heartbeat acknowledged, latency of 127ms.
[DEBUG] 21:45:09 | [WS => Shard 0] Heartbeat acknowledged, latency of 130ms.
[DEBUG] 21:45:50 | [WS => Shard 0] Heartbeat acknowledged, latency of 128ms.
[DEBUG] 21:46:31 | [WS => Shard 0] Heartbeat acknowledged, latency of 130ms.
[DEBUG] 21:47:12 | [WS => Shard 0] Heartbeat acknowledged, latency of 139ms.
[DEBUG] 21:47:54 | [WS => Shard 0] Heartbeat acknowledged, latency of 207ms.
[DEBUG] 21:48:35 | [WS => Shard 0] Heartbeat acknowledged, latency of 129ms.
[MEMORY] 21:48:54 | 18.56 MB out of 19.89 MB
[CPU] 21:48:54 |  0.02 % used
[UPTIME] 21:48:54 | 0d 2h 20m 0s
[DEBUG] 21:49:16 | [WS => Shard 0] Heartbeat acknowledged, latency of 127ms.
[DEBUG] 21:49:57 | [WS => Shard 0] Heartbeat acknowledged, latency of 129ms.
[DEBUG] 21:50:39 | [WS => Shard 0] Heartbeat acknowledged, latency of 127ms.
[DEBUG] 21:51:20 | [WS => Shard 0] Heartbeat acknowledged, latency of 151ms.
[DEBUG] 21:52:01 | [WS => Shard 0] Heartbeat acknowledged, latency of 124ms.
[WARNING] 21:52:16 | The command at C:\Users\richa\OneDrive - w6l3y\northern-lights-development-bot\commands\utility\2fadisable.js is missing a required "data" or "execute" property.
[INFO] 21:52:16 | Started refreshing 10 application (/) commands.
[INFO] 21:52:17 | Successfully reloaded 10 application (/) commands.
[DEBUG] 21:52:17 | Provided token: MTA4NTYxMjkzOTc3MzQ4NTE5MA.GZK5eK.**************************************
[DEBUG] 21:52:17 | Preparing to connect to the gateway...
[DEBUG] 21:52:18 | [WS => Manager] Fetched Gateway Information
    URL: wss://gateway.discord.gg
    Recommended Shards: 1
[DEBUG] 21:52:18 | [WS => Manager] Session Limit Information
    Total: 1000
    Remaining: 995
[DEBUG] 21:52:18 | [WS => Shard 0] Connecting to wss://gateway.discord.gg?v=10&encoding=json
[DEBUG] 21:52:18 | [WS => Shard 0] Waiting for event hello for 60000ms
[DEBUG] 21:52:18 | [WS => Shard 0] Preparing first heartbeat of the connection with a jitter of 0.8461807215361514; waiting 34904ms
[DEBUG] 21:52:18 | [WS => Shard 0] Waiting for identify throttle
[DEBUG] 21:52:18 | [WS => Shard 0] Identifying
	shard id: 0
	shard count: 1
	intents: 513
	compression: none
[DEBUG] 21:52:18 | [WS => Shard 0] Waiting for event ready for 15000ms
[DEBUG] 21:52:18 | [WS => Shard 0] Shard received all its guilds. Marking as fully ready.
[WARNING] 21:52:45 | The command at C:\Users\richa\OneDrive - w6l3y\northern-lights-development-bot\commands\utility\2fadisable.js is missing a required "data" or "execute" property.
[INFO] 21:52:45 | Started refreshing 10 application (/) commands.
[INFO] 21:52:45 | Successfully reloaded 10 application (/) commands.
[DEBUG] 21:52:46 | Provided token: MTA4NTYxMjkzOTc3MzQ4NTE5MA.GZK5eK.**************************************
[DEBUG] 21:52:46 | Preparing to connect to the gateway...
[DEBUG] 21:52:46 | [WS => Manager] Fetched Gateway Information
    URL: wss://gateway.discord.gg
    Recommended Shards: 1
[DEBUG] 21:52:46 | [WS => Manager] Session Limit Information
    Total: 1000
    Remaining: 994
[DEBUG] 21:52:46 | [WS => Shard 0] Connecting to wss://gateway.discord.gg?v=10&encoding=json
[DEBUG] 21:52:46 | [WS => Shard 0] Waiting for event hello for 60000ms
[DEBUG] 21:52:46 | [WS => Shard 0] Preparing first heartbeat of the connection with a jitter of 0.8242146311204597; waiting 33998ms
[DEBUG] 21:52:46 | [WS => Shard 0] Waiting for identify throttle
[DEBUG] 21:52:46 | [WS => Shard 0] Identifying
	shard id: 0
	shard count: 1
	intents: 513
	compression: none
[DEBUG] 21:52:46 | [WS => Shard 0] Waiting for event ready for 15000ms
[DEBUG] 21:52:46 | [WS => Shard 0] Shard received all its guilds. Marking as fully ready.
[DEBUG] 21:53:20 | [WS => Shard 0] First heartbeat sent, starting to beat every 41250ms
[DEBUG] 21:53:20 | [WS => Shard 0] Heartbeat acknowledged, latency of 129ms.
[INFO] 21:53:50 | megurre (324856872987262996) connected to the database.
[INFO] 21:53:50 | Command: Validate | megurre (324856872987262996) successfully validated their reqyest.
[INFO] 21:53:50 | Command: Validate | megurre (324856872987262996) updated their user data.
[DEBUG] 21:54:02 | [WS => Shard 0] Heartbeat acknowledged, latency of 123ms.
[INFO] 21:54:08 | megurre (324856872987262996) connected to the database.
[WARN] 21:54:08 | Command: Validate | megurre (324856872987262996) tried to validate their 2FA code, but it was invalid.
[INFO] 21:54:19 | megurre (324856872987262996) connected to the database.
[INFO] 21:54:19 | Command: Validate | megurre (324856872987262996) successfully validated their reqyest.
[INFO] 21:54:19 | Command: Validate | megurre (324856872987262996) updated their user data.
[DEBUG] 21:54:43 | [WS => Shard 0] Heartbeat acknowledged, latency of 120ms.
[DEBUG] 21:55:24 | [WS => Shard 0] Heartbeat acknowledged, latency of 121ms.
[DEBUG] 21:56:05 | [WS => Shard 0] Heartbeat acknowledged, latency of 158ms.
[DEBUG] 21:56:47 | [WS => Shard 0] Heartbeat acknowledged, latency of 129ms.
[DEBUG] 21:57:28 | [WS => Shard 0] Heartbeat acknowledged, latency of 132ms.
[DEBUG] 21:58:09 | [WS => Shard 0] Heartbeat acknowledged, latency of 158ms.
[DEBUG] 21:58:50 | [WS => Shard 0] Heartbeat acknowledged, latency of 122ms.
[DEBUG] 21:59:32 | [WS => Shard 0] Heartbeat acknowledged, latency of 123ms.
[INFO] 21:59:36 | megurre (324856872987262996) connected to the database.
[WARN] 21:59:36 | Command: Validate | megurre (324856872987262996) tried to validate their 2FA code, but it was invalid.
[DEBUG] 22:00:13 | [WS => Shard 0] Heartbeat acknowledged, latency of 142ms.
[DEBUG] 22:00:54 | [WS => Shard 0] Heartbeat acknowledged, latency of 139ms.
[DEBUG] 22:01:35 | [WS => Shard 0] Heartbeat acknowledged, latency of 127ms.
[DEBUG] 22:02:17 | [WS => Shard 0] Heartbeat acknowledged, latency of 125ms.
[MEMORY] 22:02:46 | 21.31 MB out of 23.64 MB
[CPU] 22:02:46 |  0.00 % used
[UPTIME] 22:02:46 | 0d 0h 10m 0s
[DEBUG] 22:02:58 | [WS => Shard 0] Heartbeat acknowledged, latency of 126ms.
[DEBUG] 22:03:39 | [WS => Shard 0] Heartbeat acknowledged, latency of 145ms.
[DEBUG] 22:04:20 | [WS => Shard 0] Heartbeat acknowledged, latency of 131ms.
[DEBUG] 22:05:02 | [WS => Shard 0] Heartbeat acknowledged, latency of 127ms.
[DEBUG] 22:05:43 | [WS => Shard 0] Heartbeat acknowledged, latency of 123ms.
[DEBUG] 22:06:24 | [WS => Shard 0] Heartbeat acknowledged, latency of 131ms.
[DEBUG] 22:07:05 | [WS => Shard 0] Heartbeat acknowledged, latency of 121ms.
[DEBUG] 22:07:47 | [WS => Shard 0] Heartbeat acknowledged, latency of 123ms.
[DEBUG] 22:08:28 | [WS => Shard 0] Heartbeat acknowledged, latency of 131ms.
[DEBUG] 22:09:09 | [WS => Shard 0] Heartbeat acknowledged, latency of 124ms.
[DEBUG] 22:09:50 | [WS => Shard 0] Heartbeat acknowledged, latency of 126ms.
[DEBUG] 22:10:32 | [WS => Shard 0] Heartbeat acknowledged, latency of 124ms.
[DEBUG] 22:11:13 | [WS => Shard 0] Heartbeat acknowledged, latency of 123ms.
[DEBUG] 22:11:54 | [WS => Shard 0] Heartbeat acknowledged, latency of 163ms.
[DEBUG] 22:12:35 | [WS => Shard 0] Heartbeat acknowledged, latency of 127ms.
[MEMORY] 22:12:46 | 21.19 MB out of 22.89 MB
[CPU] 22:12:46 |  0.00 % used
[UPTIME] 22:12:46 | 0d 0h 20m 0s
[DEBUG] 22:13:17 | [WS => Shard 0] Heartbeat acknowledged, latency of 134ms.
[DEBUG] 22:13:58 | [WS => Shard 0] Heartbeat acknowledged, latency of 121ms.
[DEBUG] 22:14:39 | [WS => Shard 0] Heartbeat acknowledged, latency of 129ms.
[DEBUG] 22:15:20 | [WS => Shard 0] Heartbeat acknowledged, latency of 122ms.
[DEBUG] 22:16:02 | [WS => Shard 0] Heartbeat acknowledged, latency of 124ms.
[DEBUG] 22:16:43 | [WS => Shard 0] Heartbeat acknowledged, latency of 161ms.
[DEBUG] 22:17:24 | [WS => Shard 0] Heartbeat acknowledged, latency of 123ms.
[DEBUG] 22:18:05 | [WS => Shard 0] Heartbeat acknowledged, latency of 133ms.
[DEBUG] 22:18:47 | [WS => Shard 0] Heartbeat acknowledged, latency of 121ms.
[DEBUG] 22:19:28 | [WS => Shard 0] Heartbeat acknowledged, latency of 121ms.
[DEBUG] 22:20:09 | [WS => Shard 0] Heartbeat acknowledged, latency of 123ms.
[DEBUG] 22:20:50 | [WS => Shard 0] Heartbeat acknowledged, latency of 129ms.
[DEBUG] 22:21:32 | [WS => Shard 0] Heartbeat acknowledged, latency of 136ms.
[DEBUG] 22:22:13 | [WS => Shard 0] Heartbeat acknowledged, latency of 125ms.
[MEMORY] 22:22:46 | 21.58 MB out of 22.89 MB
[CPU] 22:22:46 |  0.01 % used
[UPTIME] 22:22:46 | 0d 0h 30m 0s
[DEBUG] 22:22:54 | [WS => Shard 0] Heartbeat acknowledged, latency of 127ms.
[DEBUG] 22:23:35 | [WS => Shard 0] Heartbeat acknowledged, latency of 125ms.
[DEBUG] 22:24:17 | [WS => Shard 0] Heartbeat acknowledged, latency of 125ms.
[DEBUG] 22:24:58 | [WS => Shard 0] Heartbeat acknowledged, latency of 125ms.
[DEBUG] 22:25:39 | [WS => Shard 0] Heartbeat acknowledged, latency of 125ms.
[DEBUG] 22:26:20 | [WS => Shard 0] Heartbeat acknowledged, latency of 125ms.
[DEBUG] 22:27:02 | [WS => Shard 0] Heartbeat acknowledged, latency of 136ms.
[DEBUG] 22:27:43 | [WS => Shard 0] Heartbeat acknowledged, latency of 123ms.
[DEBUG] 22:28:24 | [WS => Shard 0] Heartbeat acknowledged, latency of 128ms.
[DEBUG] 22:29:05 | [WS => Shard 0] Heartbeat acknowledged, latency of 125ms.
[DEBUG] 22:29:47 | [WS => Shard 0] Heartbeat acknowledged, latency of 124ms.
[DEBUG] 22:30:28 | [WS => Shard 0] Heartbeat acknowledged, latency of 124ms.
[DEBUG] 22:31:09 | [WS => Shard 0] Heartbeat acknowledged, latency of 122ms.
[DEBUG] 22:31:50 | [WS => Shard 0] Heartbeat acknowledged, latency of 141ms.
[DEBUG] 22:32:32 | [WS => Shard 0] Heartbeat acknowledged, latency of 132ms.
[MEMORY] 22:32:46 | 21.14 MB out of 22.89 MB
[CPU] 22:32:46 |  0.01 % used
[UPTIME] 22:32:46 | 0d 0h 40m 0s
[DEBUG] 22:33:13 | [WS => Shard 0] Heartbeat acknowledged, latency of 126ms.
[DEBUG] 22:33:54 | [WS => Shard 0] Heartbeat acknowledged, latency of 123ms.
[DEBUG] 22:34:35 | [WS => Shard 0] Heartbeat acknowledged, latency of 121ms.
[DEBUG] 22:35:17 | [WS => Shard 0] Heartbeat acknowledged, latency of 121ms.
[DEBUG] 22:35:58 | [WS => Shard 0] Heartbeat acknowledged, latency of 121ms.
[DEBUG] 22:36:39 | [WS => Shard 0] Heartbeat acknowledged, latency of 121ms.
[DEBUG] 22:37:20 | [WS => Shard 0] Heartbeat acknowledged, latency of 127ms.
[DEBUG] 22:38:02 | [WS => Shard 0] Heartbeat acknowledged, latency of 142ms.
[DEBUG] 22:38:43 | [WS => Shard 0] Heartbeat acknowledged, latency of 138ms.
[DEBUG] 22:39:24 | [WS => Shard 0] Heartbeat acknowledged, latency of 121ms.
[DEBUG] 22:40:05 | [WS => Shard 0] Heartbeat acknowledged, latency of 126ms.
[DEBUG] 22:40:47 | [WS => Shard 0] Heartbeat acknowledged, latency of 123ms.
[DEBUG] 22:41:28 | [WS => Shard 0] Heartbeat acknowledged, latency of 124ms.
[DEBUG] 22:42:09 | [WS => Shard 0] Heartbeat acknowledged, latency of 136ms.
[MEMORY] 22:42:46 | 21.53 MB out of 22.89 MB
[CPU] 22:42:46 |  0.01 % used
[UPTIME] 22:42:46 | 0d 0h 50m 0s
[DEBUG] 22:42:50 | [WS => Shard 0] Heartbeat acknowledged, latency of 128ms.
[DEBUG] 22:43:32 | [WS => Shard 0] Heartbeat acknowledged, latency of 123ms.
[DEBUG] 22:44:13 | [WS => Shard 0] Heartbeat acknowledged, latency of 142ms.
[DEBUG] 22:44:54 | [WS => Shard 0] Heartbeat acknowledged, latency of 127ms.
[DEBUG] 22:45:35 | [WS => Shard 0] Heartbeat acknowledged, latency of 124ms.
[DEBUG] 22:46:17 | [WS => Shard 0] Heartbeat acknowledged, latency of 134ms.
[DEBUG] 22:46:58 | [WS => Shard 0] Heartbeat acknowledged, latency of 128ms.
[DEBUG] 22:47:39 | [WS => Shard 0] Heartbeat acknowledged, latency of 126ms.
[DEBUG] 22:48:20 | [WS => Shard 0] Heartbeat acknowledged, latency of 130ms.
[DEBUG] 22:49:02 | [WS => Shard 0] Heartbeat acknowledged, latency of 123ms.
[DEBUG] 22:49:43 | [WS => Shard 0] Heartbeat acknowledged, latency of 125ms.
[DEBUG] 22:50:24 | [WS => Shard 0] Heartbeat acknowledged, latency of 123ms.
[DEBUG] 22:51:05 | [WS => Shard 0] Heartbeat acknowledged, latency of 123ms.
[DEBUG] 22:51:47 | [WS => Shard 0] Heartbeat acknowledged, latency of 121ms.
[DEBUG] 22:52:28 | [WS => Shard 0] Heartbeat acknowledged, latency of 125ms.
[MEMORY] 22:52:46 | 21.95 MB out of 22.89 MB
[CPU] 22:52:46 |  0.01 % used
[UPTIME] 22:52:46 | 0d 1h 0m 0s
[DEBUG] 22:53:09 | [WS => Shard 0] Heartbeat acknowledged, latency of 132ms.
[DEBUG] 22:53:50 | [WS => Shard 0] Heartbeat acknowledged, latency of 123ms.
[DEBUG] 22:54:32 | [WS => Shard 0] Heartbeat acknowledged, latency of 139ms.
[DEBUG] 22:55:13 | [WS => Shard 0] Heartbeat acknowledged, latency of 124ms.
[DEBUG] 22:55:54 | [WS => Shard 0] Heartbeat acknowledged, latency of 140ms.
[DEBUG] 22:56:35 | [WS => Shard 0] Heartbeat acknowledged, latency of 122ms.
[DEBUG] 22:57:17 | [WS => Shard 0] Heartbeat acknowledged, latency of 128ms.
[DEBUG] 22:57:58 | [WS => Shard 0] Heartbeat acknowledged, latency of 128ms.
[DEBUG] 22:58:39 | [WS => Shard 0] Heartbeat acknowledged, latency of 121ms.
[DEBUG] 22:59:20 | [WS => Shard 0] Heartbeat acknowledged, latency of 121ms.
[DEBUG] 23:00:02 | [WS => Shard 0] Heartbeat acknowledged, latency of 130ms.
[DEBUG] 23:00:43 | [WS => Shard 0] Heartbeat acknowledged, latency of 124ms.
[DEBUG] 23:01:24 | [WS => Shard 0] Heartbeat acknowledged, latency of 125ms.
[DEBUG] 23:02:05 | [WS => Shard 0] Heartbeat acknowledged, latency of 121ms.
[MEMORY] 23:02:46 | 21.37 MB out of 22.89 MB
[CPU] 23:02:46 |  0.01 % used
[UPTIME] 23:02:46 | 0d 1h 10m 0s
[DEBUG] 23:02:47 | [WS => Shard 0] Heartbeat acknowledged, latency of 120ms.
[DEBUG] 23:03:28 | [WS => Shard 0] Heartbeat acknowledged, latency of 129ms.
[DEBUG] 23:04:09 | [WS => Shard 0] Heartbeat acknowledged, latency of 125ms.
[DEBUG] 23:04:50 | [WS => Shard 0] Heartbeat acknowledged, latency of 120ms.
[DEBUG] 23:05:32 | [WS => Shard 0] Heartbeat acknowledged, latency of 124ms.
[DEBUG] 23:06:13 | [WS => Shard 0] Heartbeat acknowledged, latency of 121ms.
[DEBUG] 23:06:54 | [WS => Shard 0] Heartbeat acknowledged, latency of 126ms.
[DEBUG] 23:07:35 | [WS => Shard 0] Heartbeat acknowledged, latency of 129ms.
[DEBUG] 23:08:17 | [WS => Shard 0] Heartbeat acknowledged, latency of 125ms.
[DEBUG] 23:08:58 | [WS => Shard 0] Heartbeat acknowledged, latency of 130ms.
[DEBUG] 23:09:39 | [WS => Shard 0] Heartbeat acknowledged, latency of 125ms.
[DEBUG] 23:10:20 | [WS => Shard 0] Heartbeat acknowledged, latency of 121ms.
[DEBUG] 23:11:02 | [WS => Shard 0] Heartbeat acknowledged, latency of 124ms.
[DEBUG] 23:11:43 | [WS => Shard 0] Heartbeat acknowledged, latency of 135ms.
[DEBUG] 23:12:24 | [WS => Shard 0] Heartbeat acknowledged, latency of 122ms.
[MEMORY] 23:12:46 | 21.77 MB out of 22.89 MB
[CPU] 23:12:46 |  0.01 % used
[UPTIME] 23:12:46 | 0d 1h 20m 0s
[DEBUG] 23:13:05 | [WS => Shard 0] Heartbeat acknowledged, latency of 121ms.
[DEBUG] 23:13:47 | [WS => Shard 0] Heartbeat acknowledged, latency of 122ms.
[DEBUG] 23:14:28 | [WS => Shard 0] Heartbeat acknowledged, latency of 125ms.
[DEBUG] 23:15:09 | [WS => Shard 0] Heartbeat acknowledged, latency of 124ms.
[DEBUG] 23:15:50 | [WS => Shard 0] Heartbeat acknowledged, latency of 123ms.
[DEBUG] 23:16:32 | [WS => Shard 0] Heartbeat acknowledged, latency of 138ms.
[DEBUG] 23:17:13 | [WS => Shard 0] Heartbeat acknowledged, latency of 122ms.
[DEBUG] 23:17:54 | [WS => Shard 0] Heartbeat acknowledged, latency of 121ms.
[DEBUG] 23:18:35 | [WS => Shard 0] Heartbeat acknowledged, latency of 128ms.
[DEBUG] 23:19:17 | [WS => Shard 0] Heartbeat acknowledged, latency of 121ms.
[DEBUG] 23:19:58 | [WS => Shard 0] Heartbeat acknowledged, latency of 123ms.
[DEBUG] 23:20:39 | [WS => Shard 0] Heartbeat acknowledged, latency of 129ms.
[DEBUG] 23:21:20 | [WS => Shard 0] Heartbeat acknowledged, latency of 131ms.
[DEBUG] 23:22:02 | [WS => Shard 0] Heartbeat acknowledged, latency of 122ms.
[DEBUG] 23:22:43 | [WS => Shard 0] Heartbeat acknowledged, latency of 124ms.
[MEMORY] 23:22:46 | 21.32 MB out of 22.89 MB
[CPU] 23:22:46 |  0.01 % used
[UPTIME] 23:22:46 | 0d 1h 30m 0s
[DEBUG] 23:23:24 | [WS => Shard 0] Heartbeat acknowledged, latency of 132ms.
[DEBUG] 23:24:05 | [WS => Shard 0] Heartbeat acknowledged, latency of 125ms.
[DEBUG] 23:24:47 | [WS => Shard 0] Heartbeat acknowledged, latency of 121ms.
[DEBUG] 23:25:28 | [WS => Shard 0] Heartbeat acknowledged, latency of 121ms.
[DEBUG] 23:26:09 | [WS => Shard 0] Heartbeat acknowledged, latency of 120ms.
[DEBUG] 23:26:50 | [WS => Shard 0] Heartbeat acknowledged, latency of 124ms.
[DEBUG] 23:27:32 | [WS => Shard 0] Heartbeat acknowledged, latency of 121ms.
[DEBUG] 23:28:13 | [WS => Shard 0] Heartbeat acknowledged, latency of 125ms.
[DEBUG] 23:28:54 | [WS => Shard 0] Heartbeat acknowledged, latency of 138ms.
[DEBUG] 23:29:35 | [WS => Shard 0] Heartbeat acknowledged, latency of 124ms.
[DEBUG] 23:30:17 | [WS => Shard 0] Heartbeat acknowledged, latency of 121ms.
[DEBUG] 23:30:58 | [WS => Shard 0] Heartbeat acknowledged, latency of 123ms.
[DEBUG] 23:31:39 | [WS => Shard 0] Heartbeat acknowledged, latency of 122ms.
