[WARNING] 14:17:04 | The command at C:\Users\richa\OneDrive - w6l3y\northernlightsdev\northern-lights-development-bot\commands\guild\tickets.js is missing a required "data" or "execute" property.
[INFO] 14:17:04 | Started refreshing 11 application (/) commands.
[INFO] 14:17:05 | Successfully reloaded 11 application (/) commands.
[DEBUG] 14:17:05 | Provided token: MTA4NTYxMjkzOTc3MzQ4NTE5MA.GZK5eK.**************************************
[DEBUG] 14:17:05 | Preparing to connect to the gateway...
[DEBUG] 14:17:05 | [WS => Manager] Fetched Gateway Information
    URL: wss://gateway.discord.gg
    Recommended Shards: 1
[DEBUG] 14:17:05 | [WS => Manager] Session Limit Information
    Total: 1000
    Remaining: 951
[DEBUG] 14:17:05 | [WS => Shard 0] Connecting to wss://gateway.discord.gg?v=10&encoding=json
[DEBUG] 14:17:05 | [WS => Shard 0] Waiting for event hello for 60000ms
[DEBUG] 14:17:06 | [WS => Shard 0] Preparing first heartbeat of the connection with a jitter of 0.6551804253252436; waiting 27026ms
[DEBUG] 14:17:06 | [WS => Shard 0] Waiting for identify throttle
[DEBUG] 14:17:06 | [WS => Shard 0] Identifying
	shard id: 0
	shard count: 1
	intents: 513
	compression: none
[DEBUG] 14:17:06 | [WS => Shard 0] Waiting for event ready for 15000ms
[DEBUG] 14:17:06 | [WS => Shard 0] Shard received all its guilds. Marking as fully ready.
[DEBUG] 14:17:33 | [WS => Shard 0] First heartbeat sent, starting to beat every 41250ms
[DEBUG] 14:17:33 | [WS => Shard 0] Heartbeat acknowledged, latency of 120ms.
[DEBUG] 14:18:14 | [WS => Shard 0] Heartbeat acknowledged, latency of 120ms.
[COMMAND] 14:18:19 | Command: Restart | megurre (324856872987262996) restarted the bot.
[WARNING] 14:18:19 | The command at C:\Users\richa\OneDrive - w6l3y\northernlightsdev\northern-lights-development-bot\commands\guild\tickets.js is missing a required "data" or "execute" property.
[WARNING] 14:18:45 | The command at C:\Users\richa\OneDrive - w6l3y\northernlightsdev\northern-lights-development-bot\commands\guild\tickets.js is missing a required "data" or "execute" property.
[INFO] 14:18:45 | Started refreshing 11 application (/) commands.
[INFO] 14:18:45 | Successfully reloaded 11 application (/) commands.
[DEBUG] 14:18:46 | Provided token: MTA4NTYxMjkzOTc3MzQ4NTE5MA.GZK5eK.**************************************
[DEBUG] 14:18:46 | Preparing to connect to the gateway...
[DEBUG] 14:18:46 | [WS => Manager] Fetched Gateway Information
    URL: wss://gateway.discord.gg
    Recommended Shards: 1
[DEBUG] 14:18:46 | [WS => Manager] Session Limit Information
    Total: 1000
    Remaining: 950
[DEBUG] 14:18:46 | [WS => Shard 0] Connecting to wss://gateway.discord.gg?v=10&encoding=json
[DEBUG] 14:18:46 | [WS => Shard 0] Waiting for event hello for 60000ms
[DEBUG] 14:18:46 | [WS => Shard 0] Preparing first heartbeat of the connection with a jitter of 0.7950677168958467; waiting 32796ms
[DEBUG] 14:18:46 | [WS => Shard 0] Waiting for identify throttle
[DEBUG] 14:18:46 | [WS => Shard 0] Identifying
	shard id: 0
	shard count: 1
	intents: 513
	compression: none
[DEBUG] 14:18:46 | [WS => Shard 0] Waiting for event ready for 15000ms
[DEBUG] 14:18:46 | [WS => Shard 0] Shard received all its guilds. Marking as fully ready.
[DEBUG] 14:19:19 | [WS => Shard 0] First heartbeat sent, starting to beat every 41250ms
[DEBUG] 14:19:19 | [WS => Shard 0] Heartbeat acknowledged, latency of 140ms.
[DEBUG] 14:20:00 | [WS => Shard 0] Heartbeat acknowledged, latency of 130ms.
[DEBUG] 14:20:41 | [WS => Shard 0] Heartbeat acknowledged, latency of 130ms.
[DEBUG] 14:21:23 | [WS => Shard 0] Heartbeat acknowledged, latency of 120ms.
[DEBUG] 14:22:04 | [WS => Shard 0] Heartbeat acknowledged, latency of 119ms.
[DEBUG] 14:22:45 | [WS => Shard 0] Heartbeat acknowledged, latency of 122ms.
[DEBUG] 14:23:26 | [WS => Shard 0] Heartbeat acknowledged, latency of 133ms.
[DEBUG] 14:24:08 | [WS => Shard 0] Heartbeat acknowledged, latency of 120ms.
[DEBUG] 14:24:49 | [WS => Shard 0] Heartbeat acknowledged, latency of 120ms.
[DEBUG] 14:25:30 | [WS => Shard 0] Heartbeat acknowledged, latency of 123ms.
[DEBUG] 14:26:11 | [WS => Shard 0] Heartbeat acknowledged, latency of 130ms.
[DEBUG] 14:26:53 | [WS => Shard 0] Heartbeat acknowledged, latency of 119ms.
[DEBUG] 14:27:34 | [WS => Shard 0] Heartbeat acknowledged, latency of 132ms.
[DEBUG] 14:28:15 | [WS => Shard 0] Heartbeat acknowledged, latency of 121ms.
[MEMORY] 14:28:46 | 17.66 MB out of 19.64 MB
[CPU] 14:28:46 |  0.01 % used
[UPTIME] 14:28:46 | 0d 0h 10m 0s
[DEBUG] 14:28:56 | [WS => Shard 0] Heartbeat acknowledged, latency of 129ms.
[WARNING] 14:29:17 | The command at C:\Users\richa\OneDrive - w6l3y\northernlightsdev\northern-lights-development-bot\commands\guild\tickets.js is missing a required "data" or "execute" property.
[INFO] 14:29:17 | Started refreshing 11 application (/) commands.
[INFO] 14:29:17 | Successfully reloaded 11 application (/) commands.
[DEBUG] 14:29:17 | Provided token: MTA4NTYxMjkzOTc3MzQ4NTE5MA.GZK5eK.**************************************
[DEBUG] 14:29:17 | Preparing to connect to the gateway...
[DEBUG] 14:29:18 | [WS => Manager] Fetched Gateway Information
    URL: wss://gateway.discord.gg
    Recommended Shards: 1
[DEBUG] 14:29:18 | [WS => Manager] Session Limit Information
    Total: 1000
    Remaining: 949
[DEBUG] 14:29:18 | [WS => Shard 0] Connecting to wss://gateway.discord.gg?v=10&encoding=json
[DEBUG] 14:29:18 | [WS => Shard 0] Waiting for event hello for 60000ms
[DEBUG] 14:29:18 | [WS => Shard 0] Preparing first heartbeat of the connection with a jitter of 0.5822502382544787; waiting 24017ms
[DEBUG] 14:29:18 | [WS => Shard 0] Waiting for identify throttle
[DEBUG] 14:29:18 | [WS => Shard 0] Identifying
	shard id: 0
	shard count: 1
	intents: 513
	compression: none
[DEBUG] 14:29:18 | [WS => Shard 0] Waiting for event ready for 15000ms
[DEBUG] 14:29:18 | [WS => Shard 0] Shard received all its guilds. Marking as fully ready.
[DEBUG] 14:29:42 | [WS => Shard 0] First heartbeat sent, starting to beat every 41250ms
[DEBUG] 14:29:42 | [WS => Shard 0] Heartbeat acknowledged, latency of 121ms.
[WARNING] 14:30:16 | The command at C:\Users\richa\OneDrive - w6l3y\northernlightsdev\northern-lights-development-bot\commands\guild\tickets.js is missing a required "data" or "execute" property.
[INFO] 14:30:16 | Started refreshing 11 application (/) commands.
[INFO] 14:30:16 | Successfully reloaded 11 application (/) commands.
[DEBUG] 14:30:16 | Provided token: MTA4NTYxMjkzOTc3MzQ4NTE5MA.GZK5eK.**************************************
[DEBUG] 14:30:16 | Preparing to connect to the gateway...
[DEBUG] 14:30:17 | [WS => Manager] Fetched Gateway Information
    URL: wss://gateway.discord.gg
    Recommended Shards: 1
[DEBUG] 14:30:17 | [WS => Manager] Session Limit Information
    Total: 1000
    Remaining: 948
[DEBUG] 14:30:17 | [WS => Shard 0] Connecting to wss://gateway.discord.gg?v=10&encoding=json
[DEBUG] 14:30:17 | [WS => Shard 0] Waiting for event hello for 60000ms
[DEBUG] 14:30:17 | [WS => Shard 0] Preparing first heartbeat of the connection with a jitter of 0.7888036948379928; waiting 32538ms
[DEBUG] 14:30:17 | [WS => Shard 0] Waiting for identify throttle
[DEBUG] 14:30:17 | [WS => Shard 0] Identifying
	shard id: 0
	shard count: 1
	intents: 513
	compression: none
[DEBUG] 14:30:17 | [WS => Shard 0] Waiting for event ready for 15000ms
[DEBUG] 14:30:17 | [WS => Shard 0] Shard received all its guilds. Marking as fully ready.
[ERROR] 14:30:28 | TypeError: Cannot read properties of undefined (reading 'execute')
    at Object.execute (C:\Users\richa\OneDrive - w6l3y\northernlightsdev\northern-lights-development-bot\events\interactionCreate.js:56:27)
    at process.processTicksAndRejections (node:internal/process/task_queues:95:5)
[DEBUG] 14:30:49 | [WS => Shard 0] First heartbeat sent, starting to beat every 41250ms
[DEBUG] 14:30:50 | [WS => Shard 0] Heartbeat acknowledged, latency of 131ms.
[2024-03-23, 14:30:23] [ERROR] | Command: Settings | Command Section: 2FA | megurre (324856872987262996) received an error: ReferenceError: channel2 is not defined
[DEBUG] 14:31:31 | [WS => Shard 0] Heartbeat acknowledged, latency of 164ms.
[WARNING] 14:31:44 | The command at C:\Users\richa\OneDrive - w6l3y\northernlightsdev\northern-lights-development-bot\commands\guild\tickets.js is missing a required "data" or "execute" property.
[INFO] 14:31:44 | Started refreshing 11 application (/) commands.
[INFO] 14:31:45 | Successfully reloaded 11 application (/) commands.
[DEBUG] 14:31:45 | Provided token: MTA4NTYxMjkzOTc3MzQ4NTE5MA.GZK5eK.**************************************
[DEBUG] 14:31:45 | Preparing to connect to the gateway...
[DEBUG] 14:31:45 | [WS => Manager] Fetched Gateway Information
    URL: wss://gateway.discord.gg
    Recommended Shards: 1
[DEBUG] 14:31:45 | [WS => Manager] Session Limit Information
    Total: 1000
    Remaining: 947
[DEBUG] 14:31:45 | [WS => Shard 0] Connecting to wss://gateway.discord.gg?v=10&encoding=json
[DEBUG] 14:31:45 | [WS => Shard 0] Waiting for event hello for 60000ms
[DEBUG] 14:31:45 | [WS => Shard 0] Preparing first heartbeat of the connection with a jitter of 0.6040028930259316; waiting 24915ms
[DEBUG] 14:31:45 | [WS => Shard 0] Waiting for identify throttle
[DEBUG] 14:31:45 | [WS => Shard 0] Identifying
	shard id: 0
	shard count: 1
	intents: 513
	compression: none
[DEBUG] 14:31:46 | [WS => Shard 0] Waiting for event ready for 15000ms
[DEBUG] 14:31:46 | [WS => Shard 0] Shard received all its guilds. Marking as fully ready.
[ERROR] 14:31:56 | TypeError: Cannot read properties of undefined (reading 'execute')
    at Object.execute (C:\Users\richa\OneDrive - w6l3y\northernlightsdev\northern-lights-development-bot\events\interactionCreate.js:56:27)
    at process.processTicksAndRejections (node:internal/process/task_queues:95:5)
[DEBUG] 14:32:10 | [WS => Shard 0] First heartbeat sent, starting to beat every 41250ms
[DEBUG] 14:32:11 | [WS => Shard 0] Heartbeat acknowledged, latency of 124ms.
[2024-03-23, 14:31:53] [ERROR] | Command: Settings | Command Section: 2FA | megurre (324856872987262996) received an error: TypeError: Cannot read properties of undefined (reading 'fetchWebhooks')
[WARNING] 14:32:34 | The command at C:\Users\richa\OneDrive - w6l3y\northernlightsdev\northern-lights-development-bot\commands\guild\tickets.js is missing a required "data" or "execute" property.
[INFO] 14:32:34 | Started refreshing 11 application (/) commands.
[INFO] 14:32:35 | Successfully reloaded 11 application (/) commands.
[DEBUG] 14:32:35 | Provided token: MTA4NTYxMjkzOTc3MzQ4NTE5MA.GZK5eK.**************************************
[DEBUG] 14:32:35 | Preparing to connect to the gateway...
[DEBUG] 14:32:35 | [WS => Manager] Fetched Gateway Information
    URL: wss://gateway.discord.gg
    Recommended Shards: 1
[DEBUG] 14:32:35 | [WS => Manager] Session Limit Information
    Total: 1000
    Remaining: 946
[DEBUG] 14:32:35 | [WS => Shard 0] Connecting to wss://gateway.discord.gg?v=10&encoding=json
[DEBUG] 14:32:35 | [WS => Shard 0] Waiting for event hello for 60000ms
[DEBUG] 14:32:35 | [WS => Shard 0] Preparing first heartbeat of the connection with a jitter of 0.31490710110473086; waiting 12989ms
[DEBUG] 14:32:35 | [WS => Shard 0] Waiting for identify throttle
[DEBUG] 14:32:35 | [WS => Shard 0] Identifying
	shard id: 0
	shard count: 1
	intents: 513
	compression: none
[DEBUG] 14:32:35 | [WS => Shard 0] Waiting for event ready for 15000ms
[DEBUG] 14:32:36 | [WS => Shard 0] Shard received all its guilds. Marking as fully ready.
[DEBUG] 14:32:48 | [WS => Shard 0] First heartbeat sent, starting to beat every 41250ms
[DEBUG] 14:32:48 | [WS => Shard 0] Heartbeat acknowledged, latency of 122ms.
[WARNING] 14:33:15 | The command at C:\Users\richa\OneDrive - w6l3y\northernlightsdev\northern-lights-development-bot\commands\guild\tickets.js is missing a required "data" or "execute" property.
[INFO] 14:33:15 | Started refreshing 11 application (/) commands.
[INFO] 14:33:15 | Successfully reloaded 11 application (/) commands.
[DEBUG] 14:33:16 | Provided token: MTA4NTYxMjkzOTc3MzQ4NTE5MA.GZK5eK.**************************************
[DEBUG] 14:33:16 | Preparing to connect to the gateway...
[DEBUG] 14:33:16 | [WS => Manager] Fetched Gateway Information
    URL: wss://gateway.discord.gg
    Recommended Shards: 1
[DEBUG] 14:33:16 | [WS => Manager] Session Limit Information
    Total: 1000
    Remaining: 945
[DEBUG] 14:33:16 | [WS => Shard 0] Connecting to wss://gateway.discord.gg?v=10&encoding=json
[DEBUG] 14:33:16 | [WS => Shard 0] Waiting for event hello for 60000ms
[DEBUG] 14:33:16 | [WS => Shard 0] Preparing first heartbeat of the connection with a jitter of 0.8091548284413161; waiting 33377ms
[DEBUG] 14:33:16 | [WS => Shard 0] Waiting for identify throttle
[DEBUG] 14:33:16 | [WS => Shard 0] Identifying
	shard id: 0
	shard count: 1
	intents: 513
	compression: none
[DEBUG] 14:33:16 | [WS => Shard 0] Waiting for event ready for 15000ms
[DEBUG] 14:33:17 | [WS => Shard 0] Shard received all its guilds. Marking as fully ready.
[WARNING] 14:33:33 | The command at C:\Users\richa\OneDrive - w6l3y\northernlightsdev\northern-lights-development-bot\commands\guild\tickets.js is missing a required "data" or "execute" property.
[INFO] 14:33:33 | Started refreshing 11 application (/) commands.
[INFO] 14:33:33 | Successfully reloaded 11 application (/) commands.
[DEBUG] 14:33:33 | Provided token: MTA4NTYxMjkzOTc3MzQ4NTE5MA.GZK5eK.**************************************
[DEBUG] 14:33:33 | Preparing to connect to the gateway...
[DEBUG] 14:33:34 | [WS => Manager] Fetched Gateway Information
    URL: wss://gateway.discord.gg
    Recommended Shards: 1
[DEBUG] 14:33:34 | [WS => Manager] Session Limit Information
    Total: 1000
    Remaining: 944
[DEBUG] 14:33:34 | [WS => Shard 0] Connecting to wss://gateway.discord.gg?v=10&encoding=json
[DEBUG] 14:33:34 | [WS => Shard 0] Waiting for event hello for 60000ms
[DEBUG] 14:33:34 | [WS => Shard 0] Preparing first heartbeat of the connection with a jitter of 0.3614175314428072; waiting 14908ms
[DEBUG] 14:33:34 | [WS => Shard 0] Waiting for identify throttle
[DEBUG] 14:33:34 | [WS => Shard 0] Identifying
	shard id: 0
	shard count: 1
	intents: 513
	compression: none
[DEBUG] 14:33:34 | [WS => Shard 0] Waiting for event ready for 15000ms
[DEBUG] 14:33:34 | [WS => Shard 0] Shard received all its guilds. Marking as fully ready.
[DEBUG] 14:33:49 | [WS => Shard 0] First heartbeat sent, starting to beat every 41250ms
[DEBUG] 14:33:49 | [WS => Shard 0] Heartbeat acknowledged, latency of 126ms.
[2024-03-23, 14:33:35] [ERROR] | Command: Settings | Command Section: 2FA | megurre (324856872987262996) received an error: TypeError: Cannot read properties of undefined (reading 'fetchWebhooks')
[DEBUG] 14:34:30 | [WS => Shard 0] Heartbeat acknowledged, latency of 122ms.
[ERROR] 14:35:01 | Error: Received one or more errors
    at _ArrayValidator.handle (C:\Users\richa\node_modules\@sapphire\shapeshift\dist\cjs\index.cjs:480:70)
    at _ArrayValidator.parse (C:\Users\richa\node_modules\@sapphire\shapeshift\dist\cjs\index.cjs:216:88)
    at EmbedBuilder.addFields (C:\Users\richa\node_modules\@discordjs\builders\dist\index.js:225:31)
    at Object.execute (C:\Users\richa\OneDrive - w6l3y\northernlightsdev\northern-lights-development-bot\commands\bot\dev.js:116:18)
    at process.processTicksAndRejections (node:internal/process/task_queues:95:5)
    at async Object.execute (C:\Users\richa\OneDrive - w6l3y\northernlightsdev\northern-lights-development-bot\events\interactionCreate.js:56:13)
[WARNING] 14:35:12 | The command at C:\Users\richa\OneDrive - w6l3y\northernlightsdev\northern-lights-development-bot\commands\guild\tickets.js is missing a required "data" or "execute" property.
[INFO] 14:35:12 | Started refreshing 11 application (/) commands.
[INFO] 14:35:13 | Successfully reloaded 11 application (/) commands.
[DEBUG] 14:35:13 | Provided token: MTA4NTYxMjkzOTc3MzQ4NTE5MA.GZK5eK.**************************************
[DEBUG] 14:35:13 | Preparing to connect to the gateway...
[DEBUG] 14:35:13 | [WS => Manager] Fetched Gateway Information
    URL: wss://gateway.discord.gg
    Recommended Shards: 1
[DEBUG] 14:35:13 | [WS => Manager] Session Limit Information
    Total: 1000
    Remaining: 943
[DEBUG] 14:35:13 | [WS => Shard 0] Connecting to wss://gateway.discord.gg?v=10&encoding=json
[DEBUG] 14:35:13 | [WS => Shard 0] Waiting for event hello for 60000ms
[DEBUG] 14:35:14 | [WS => Shard 0] Preparing first heartbeat of the connection with a jitter of 0.636514749752598; waiting 26256ms
[DEBUG] 14:35:14 | [WS => Shard 0] Waiting for identify throttle
[DEBUG] 14:35:14 | [WS => Shard 0] Identifying
	shard id: 0
	shard count: 1
	intents: 513
	compression: none
[DEBUG] 14:35:14 | [WS => Shard 0] Waiting for event ready for 15000ms
[DEBUG] 14:35:14 | [WS => Shard 0] Shard received all its guilds. Marking as fully ready.
[ERROR] 14:35:26 | Error: Received one or more errors
    at _ArrayValidator.handle (C:\Users\richa\node_modules\@sapphire\shapeshift\dist\cjs\index.cjs:480:70)
    at _ArrayValidator.parse (C:\Users\richa\node_modules\@sapphire\shapeshift\dist\cjs\index.cjs:216:88)
    at EmbedBuilder.addFields (C:\Users\richa\node_modules\@discordjs\builders\dist\index.js:225:31)
    at Object.execute (C:\Users\richa\OneDrive - w6l3y\northernlightsdev\northern-lights-development-bot\commands\bot\dev.js:116:18)
    at process.processTicksAndRejections (node:internal/process/task_queues:95:5)
    at async Object.execute (C:\Users\richa\OneDrive - w6l3y\northernlightsdev\northern-lights-development-bot\events\interactionCreate.js:56:13)
[DEBUG] 14:35:40 | [WS => Shard 0] First heartbeat sent, starting to beat every 41250ms
[DEBUG] 14:35:40 | [WS => Shard 0] Heartbeat acknowledged, latency of 126ms.
[DEBUG] 14:36:21 | [WS => Shard 0] Heartbeat acknowledged, latency of 127ms.
[WARNING] 14:36:39 | The command at C:\Users\richa\OneDrive - w6l3y\northernlightsdev\northern-lights-development-bot\commands\guild\tickets.js is missing a required "data" or "execute" property.
[INFO] 14:36:39 | Started refreshing 11 application (/) commands.
[INFO] 14:36:39 | Successfully reloaded 11 application (/) commands.
[DEBUG] 14:36:39 | Provided token: MTA4NTYxMjkzOTc3MzQ4NTE5MA.GZK5eK.**************************************
[DEBUG] 14:36:40 | Preparing to connect to the gateway...
[DEBUG] 14:36:40 | [WS => Manager] Fetched Gateway Information
    URL: wss://gateway.discord.gg
    Recommended Shards: 1
[DEBUG] 14:36:40 | [WS => Manager] Session Limit Information
    Total: 1000
    Remaining: 942
[DEBUG] 14:36:40 | [WS => Shard 0] Connecting to wss://gateway.discord.gg?v=10&encoding=json
[DEBUG] 14:36:40 | [WS => Shard 0] Waiting for event hello for 60000ms
[DEBUG] 14:36:40 | [WS => Shard 0] Preparing first heartbeat of the connection with a jitter of 0.6903370281135159; waiting 28476ms
[DEBUG] 14:36:40 | [WS => Shard 0] Waiting for identify throttle
[DEBUG] 14:36:40 | [WS => Shard 0] Identifying
	shard id: 0
	shard count: 1
	intents: 513
	compression: none
[DEBUG] 14:36:40 | [WS => Shard 0] Waiting for event ready for 15000ms
[DEBUG] 14:36:40 | [WS => Shard 0] Shard received all its guilds. Marking as fully ready.
[ERROR] 14:36:44 | Error: Received one or more errors
    at _ArrayValidator.handle (C:\Users\richa\node_modules\@sapphire\shapeshift\dist\cjs\index.cjs:480:70)
    at _ArrayValidator.parse (C:\Users\richa\node_modules\@sapphire\shapeshift\dist\cjs\index.cjs:216:88)
    at EmbedBuilder.addFields (C:\Users\richa\node_modules\@discordjs\builders\dist\index.js:225:31)
    at Object.execute (C:\Users\richa\OneDrive - w6l3y\northernlightsdev\northern-lights-development-bot\commands\bot\dev.js:116:18)
    at process.processTicksAndRejections (node:internal/process/task_queues:95:5)
    at async Object.execute (C:\Users\richa\OneDrive - w6l3y\northernlightsdev\northern-lights-development-bot\events\interactionCreate.js:56:13)
[DEBUG] 14:37:08 | [WS => Shard 0] First heartbeat sent, starting to beat every 41250ms
[DEBUG] 14:37:09 | [WS => Shard 0] Heartbeat acknowledged, latency of 123ms.
[DEBUG] 14:37:50 | [WS => Shard 0] Heartbeat acknowledged, latency of 123ms.
[DEBUG] 14:38:31 | [WS => Shard 0] Heartbeat acknowledged, latency of 125ms.
[WARNING] 14:38:58 | The command at C:\Users\richa\OneDrive - w6l3y\northernlightsdev\northern-lights-development-bot\commands\guild\tickets.js is missing a required "data" or "execute" property.
[INFO] 14:38:58 | Started refreshing 11 application (/) commands.
[INFO] 14:38:58 | Successfully reloaded 11 application (/) commands.
[DEBUG] 14:38:59 | Provided token: MTA4NTYxMjkzOTc3MzQ4NTE5MA.GZK5eK.**************************************
[DEBUG] 14:38:59 | Preparing to connect to the gateway...
[DEBUG] 14:38:59 | [WS => Manager] Fetched Gateway Information
    URL: wss://gateway.discord.gg
    Recommended Shards: 1
[DEBUG] 14:38:59 | [WS => Manager] Session Limit Information
    Total: 1000
    Remaining: 941
[DEBUG] 14:38:59 | [WS => Shard 0] Connecting to wss://gateway.discord.gg?v=10&encoding=json
[DEBUG] 14:38:59 | [WS => Shard 0] Waiting for event hello for 60000ms
[DEBUG] 14:38:59 | [WS => Shard 0] Preparing first heartbeat of the connection with a jitter of 0.26240061215000976; waiting 10824ms
[DEBUG] 14:38:59 | [WS => Shard 0] Waiting for identify throttle
[DEBUG] 14:38:59 | [WS => Shard 0] Identifying
	shard id: 0
	shard count: 1
	intents: 513
	compression: none
[DEBUG] 14:38:59 | [WS => Shard 0] Waiting for event ready for 15000ms
[DEBUG] 14:39:00 | [WS => Shard 0] Shard received all its guilds. Marking as fully ready.
[ERROR] 14:39:04 | Error: Received one or more errors
    at _ArrayValidator.handle (C:\Users\richa\node_modules\@sapphire\shapeshift\dist\cjs\index.cjs:480:70)
    at _ArrayValidator.parse (C:\Users\richa\node_modules\@sapphire\shapeshift\dist\cjs\index.cjs:216:88)
    at EmbedBuilder.addFields (C:\Users\richa\node_modules\@discordjs\builders\dist\index.js:225:31)
    at Object.execute (C:\Users\richa\OneDrive - w6l3y\northernlightsdev\northern-lights-development-bot\commands\bot\dev.js:116:18)
    at process.processTicksAndRejections (node:internal/process/task_queues:95:5)
    at async Object.execute (C:\Users\richa\OneDrive - w6l3y\northernlightsdev\northern-lights-development-bot\events\interactionCreate.js:56:13)
[DEBUG] 14:39:10 | [WS => Shard 0] First heartbeat sent, starting to beat every 41250ms
[DEBUG] 14:39:10 | [WS => Shard 0] Heartbeat acknowledged, latency of 129ms.
[WARNING] 14:39:51 | The command at C:\Users\richa\OneDrive - w6l3y\northernlightsdev\northern-lights-development-bot\commands\guild\tickets.js is missing a required "data" or "execute" property.
[INFO] 14:39:51 | Started refreshing 11 application (/) commands.
[INFO] 14:39:52 | Successfully reloaded 11 application (/) commands.
[DEBUG] 14:39:52 | Provided token: MTA4NTYxMjkzOTc3MzQ4NTE5MA.GZK5eK.**************************************
[DEBUG] 14:39:52 | Preparing to connect to the gateway...
[DEBUG] 14:39:52 | [WS => Manager] Fetched Gateway Information
    URL: wss://gateway.discord.gg
    Recommended Shards: 1
[DEBUG] 14:39:52 | [WS => Manager] Session Limit Information
    Total: 1000
    Remaining: 940
[DEBUG] 14:39:52 | [WS => Shard 0] Connecting to wss://gateway.discord.gg?v=10&encoding=json
[DEBUG] 14:39:52 | [WS => Shard 0] Waiting for event hello for 60000ms
[DEBUG] 14:39:52 | [WS => Shard 0] Preparing first heartbeat of the connection with a jitter of 0.8926272985870247; waiting 36820ms
[DEBUG] 14:39:52 | [WS => Shard 0] Waiting for identify throttle
[DEBUG] 14:39:52 | [WS => Shard 0] Identifying
	shard id: 0
	shard count: 1
	intents: 513
	compression: none
[DEBUG] 14:39:52 | [WS => Shard 0] Waiting for event ready for 15000ms
[DEBUG] 14:39:53 | [WS => Shard 0] Shard received all its guilds. Marking as fully ready.
[ERROR] 14:39:56 | Error: Received one or more errors
    at _ArrayValidator.handle (C:\Users\richa\node_modules\@sapphire\shapeshift\dist\cjs\index.cjs:480:70)
    at _ArrayValidator.parse (C:\Users\richa\node_modules\@sapphire\shapeshift\dist\cjs\index.cjs:216:88)
    at EmbedBuilder.addFields (C:\Users\richa\node_modules\@discordjs\builders\dist\index.js:225:31)
    at Object.execute (C:\Users\richa\OneDrive - w6l3y\northernlightsdev\northern-lights-development-bot\commands\bot\dev.js:117:18)
    at process.processTicksAndRejections (node:internal/process/task_queues:95:5)
    at async Object.execute (C:\Users\richa\OneDrive - w6l3y\northernlightsdev\northern-lights-development-bot\events\interactionCreate.js:56:13)
[DEBUG] 14:40:29 | [WS => Shard 0] First heartbeat sent, starting to beat every 41250ms
[DEBUG] 14:40:29 | [WS => Shard 0] Heartbeat acknowledged, latency of 139ms.
[WARNING] 14:40:44 | The command at C:\Users\richa\OneDrive - w6l3y\northernlightsdev\northern-lights-development-bot\commands\guild\tickets.js is missing a required "data" or "execute" property.
[INFO] 14:40:44 | Started refreshing 11 application (/) commands.
[INFO] 14:40:44 | Successfully reloaded 11 application (/) commands.
[DEBUG] 14:40:44 | Provided token: MTA4NTYxMjkzOTc3MzQ4NTE5MA.GZK5eK.**************************************
[DEBUG] 14:40:44 | Preparing to connect to the gateway...
[DEBUG] 14:40:45 | [WS => Manager] Fetched Gateway Information
    URL: wss://gateway.discord.gg
    Recommended Shards: 1
[DEBUG] 14:40:45 | [WS => Manager] Session Limit Information
    Total: 1000
    Remaining: 939
[DEBUG] 14:40:45 | [WS => Shard 0] Connecting to wss://gateway.discord.gg?v=10&encoding=json
[DEBUG] 14:40:45 | [WS => Shard 0] Waiting for event hello for 60000ms
[DEBUG] 14:40:45 | [WS => Shard 0] Preparing first heartbeat of the connection with a jitter of 0.3843993741947964; waiting 15856ms
[DEBUG] 14:40:45 | [WS => Shard 0] Waiting for identify throttle
[DEBUG] 14:40:45 | [WS => Shard 0] Identifying
	shard id: 0
	shard count: 1
	intents: 513
	compression: none
[DEBUG] 14:40:45 | [WS => Shard 0] Waiting for event ready for 15000ms
[DEBUG] 14:40:45 | [WS => Shard 0] Shard received all its guilds. Marking as fully ready.
[ERROR] 14:40:49 | TypeError: Assignment to constant variable.
    at Object.execute (C:\Users\richa\OneDrive - w6l3y\northernlightsdev\northern-lights-development-bot\commands\bot\dev.js:110:31)
    at process.processTicksAndRejections (node:internal/process/task_queues:95:5)
    at async Object.execute (C:\Users\richa\OneDrive - w6l3y\northernlightsdev\northern-lights-development-bot\events\interactionCreate.js:56:13)
[DEBUG] 14:41:01 | [WS => Shard 0] First heartbeat sent, starting to beat every 41250ms
[DEBUG] 14:41:01 | [WS => Shard 0] Heartbeat acknowledged, latency of 124ms.
[WARNING] 14:41:27 | The command at C:\Users\richa\OneDrive - w6l3y\northernlightsdev\northern-lights-development-bot\commands\guild\tickets.js is missing a required "data" or "execute" property.
[INFO] 14:41:27 | Started refreshing 11 application (/) commands.
[INFO] 14:41:27 | Successfully reloaded 11 application (/) commands.
[DEBUG] 14:41:27 | Provided token: MTA4NTYxMjkzOTc3MzQ4NTE5MA.GZK5eK.**************************************
[DEBUG] 14:41:27 | Preparing to connect to the gateway...
[DEBUG] 14:41:28 | [WS => Manager] Fetched Gateway Information
    URL: wss://gateway.discord.gg
    Recommended Shards: 1
[DEBUG] 14:41:28 | [WS => Manager] Session Limit Information
    Total: 1000
    Remaining: 938
[DEBUG] 14:41:28 | [WS => Shard 0] Connecting to wss://gateway.discord.gg?v=10&encoding=json
[DEBUG] 14:41:28 | [WS => Shard 0] Waiting for event hello for 60000ms
[DEBUG] 14:41:28 | [WS => Shard 0] Preparing first heartbeat of the connection with a jitter of 0.28045390291941263; waiting 11568ms
[DEBUG] 14:41:28 | [WS => Shard 0] Waiting for identify throttle
[DEBUG] 14:41:28 | [WS => Shard 0] Identifying
	shard id: 0
	shard count: 1
	intents: 513
	compression: none
[DEBUG] 14:41:28 | [WS => Shard 0] Waiting for event ready for 15000ms
[DEBUG] 14:41:28 | [WS => Shard 0] Shard received all its guilds. Marking as fully ready.
[ERROR] 14:41:35 | TypeError: Assignment to constant variable.
    at Object.execute (C:\Users\richa\OneDrive - w6l3y\northernlightsdev\northern-lights-development-bot\commands\bot\dev.js:111:31)
    at process.processTicksAndRejections (node:internal/process/task_queues:95:5)
    at async Object.execute (C:\Users\richa\OneDrive - w6l3y\northernlightsdev\northern-lights-development-bot\events\interactionCreate.js:56:13)
[DEBUG] 14:41:39 | [WS => Shard 0] First heartbeat sent, starting to beat every 41250ms
[DEBUG] 14:41:40 | [WS => Shard 0] Heartbeat acknowledged, latency of 130ms.
[WARNING] 14:42:09 | The command at C:\Users\richa\OneDrive - w6l3y\northernlightsdev\northern-lights-development-bot\commands\guild\tickets.js is missing a required "data" or "execute" property.
[INFO] 14:42:09 | Started refreshing 11 application (/) commands.
[INFO] 14:42:10 | Successfully reloaded 11 application (/) commands.
[DEBUG] 14:42:10 | Provided token: MTA4NTYxMjkzOTc3MzQ4NTE5MA.GZK5eK.**************************************
[DEBUG] 14:42:10 | Preparing to connect to the gateway...
[DEBUG] 14:42:10 | [WS => Manager] Fetched Gateway Information
    URL: wss://gateway.discord.gg
    Recommended Shards: 1
[DEBUG] 14:42:10 | [WS => Manager] Session Limit Information
    Total: 1000
    Remaining: 937
[DEBUG] 14:42:10 | [WS => Shard 0] Connecting to wss://gateway.discord.gg?v=10&encoding=json
[DEBUG] 14:42:10 | [WS => Shard 0] Waiting for event hello for 60000ms
[DEBUG] 14:42:11 | [WS => Shard 0] Preparing first heartbeat of the connection with a jitter of 0.8849654364578083; waiting 36504ms
[DEBUG] 14:42:11 | [WS => Shard 0] Waiting for identify throttle
[DEBUG] 14:42:11 | [WS => Shard 0] Identifying
	shard id: 0
	shard count: 1
	intents: 513
	compression: none
[DEBUG] 14:42:11 | [WS => Shard 0] Waiting for event ready for 15000ms
[DEBUG] 14:42:11 | [WS => Shard 0] Shard received all its guilds. Marking as fully ready.
[DEBUG] 14:42:47 | [WS => Shard 0] First heartbeat sent, starting to beat every 41250ms
[DEBUG] 14:42:47 | [WS => Shard 0] Heartbeat acknowledged, latency of 142ms.
[DEBUG] 14:43:28 | [WS => Shard 0] Heartbeat acknowledged, latency of 121ms.
[DEBUG] 14:44:10 | [WS => Shard 0] Heartbeat acknowledged, latency of 122ms.
[DEBUG] 14:44:51 | [WS => Shard 0] Heartbeat acknowledged, latency of 124ms.
[DEBUG] 14:45:32 | [WS => Shard 0] Heartbeat acknowledged, latency of 121ms.
[WARNING] 14:47:06 | The command at C:\Users\richa\OneDrive - w6l3y\northernlightsdev\northern-lights-development-bot\commands\guild\tickets.js is missing a required "data" or "execute" property.
[INFO] 14:47:06 | Started refreshing 11 application (/) commands.
[INFO] 14:47:07 | Successfully reloaded 11 application (/) commands.
[DEBUG] 14:47:07 | Provided token: MTA4NTYxMjkzOTc3MzQ4NTE5MA.GZK5eK.**************************************
[DEBUG] 14:47:07 | Preparing to connect to the gateway...
[DEBUG] 14:47:08 | [WS => Manager] Fetched Gateway Information
    URL: wss://gateway.discord.gg
    Recommended Shards: 1
[DEBUG] 14:47:08 | [WS => Manager] Session Limit Information
    Total: 1000
    Remaining: 936
[DEBUG] 14:47:08 | [WS => Shard 0] Connecting to wss://gateway.discord.gg?v=10&encoding=json
[DEBUG] 14:47:08 | [WS => Shard 0] Waiting for event hello for 60000ms
[DEBUG] 14:47:08 | [WS => Shard 0] Preparing first heartbeat of the connection with a jitter of 0.9423761294999475; waiting 38873ms
[DEBUG] 14:47:08 | [WS => Shard 0] Waiting for identify throttle
[DEBUG] 14:47:08 | [WS => Shard 0] Identifying
	shard id: 0
	shard count: 1
	intents: 513
	compression: none
[DEBUG] 14:47:08 | [WS => Shard 0] Waiting for event ready for 15000ms
[DEBUG] 14:47:08 | [WS => Shard 0] Shard received all its guilds. Marking as fully ready.
[2024-03-23, 14:47:12] [ERROR] | Command: Settings | Command Section: 2FA | megurre (324856872987262996) received an error: TypeError: Cannot read properties of undefined (reading 'fetchWebhooks')
[WARNING] 14:47:49 | The command at C:\Users\richa\OneDrive - w6l3y\northernlightsdev\northern-lights-development-bot\commands\guild\tickets.js is missing a required "data" or "execute" property.
[INFO] 14:47:49 | Started refreshing 11 application (/) commands.
[INFO] 14:47:49 | Successfully reloaded 11 application (/) commands.
[DEBUG] 14:47:50 | Provided token: MTA4NTYxMjkzOTc3MzQ4NTE5MA.GZK5eK.**************************************
[DEBUG] 14:47:50 | Preparing to connect to the gateway...
[DEBUG] 14:47:50 | [WS => Manager] Fetched Gateway Information
    URL: wss://gateway.discord.gg
    Recommended Shards: 1
[DEBUG] 14:47:50 | [WS => Manager] Session Limit Information
    Total: 1000
    Remaining: 935
[DEBUG] 14:47:50 | [WS => Shard 0] Connecting to wss://gateway.discord.gg?v=10&encoding=json
[DEBUG] 14:47:50 | [WS => Shard 0] Waiting for event hello for 60000ms
[DEBUG] 14:47:51 | [WS => Shard 0] Preparing first heartbeat of the connection with a jitter of 0.869811773353969; waiting 35879ms
[DEBUG] 14:47:51 | [WS => Shard 0] Waiting for identify throttle
[DEBUG] 14:47:51 | [WS => Shard 0] Identifying
	shard id: 0
	shard count: 1
	intents: 513
	compression: none
[DEBUG] 14:47:51 | [WS => Shard 0] Waiting for event ready for 15000ms
[DEBUG] 14:47:51 | [WS => Shard 0] Shard received all its guilds. Marking as fully ready.
[2024-03-23, 14:47:56] [ERROR] | Command: Settings | Command Section: 2FA | megurre (324856872987262996) received an error: TypeError: Cannot read properties of undefined (reading 'fetchWebhooks')
[DEBUG] 14:48:26 | [WS => Shard 0] First heartbeat sent, starting to beat every 41250ms
[DEBUG] 14:48:27 | [WS => Shard 0] Heartbeat acknowledged, latency of 121ms.
[DEBUG] 14:49:08 | [WS => Shard 0] Heartbeat acknowledged, latency of 121ms.
[WARNING] 14:51:07 | The command at C:\Users\richa\OneDrive - w6l3y\northernlightsdev\northern-lights-development-bot\commands\guild\tickets.js is missing a required "data" or "execute" property.
[INFO] 14:51:07 | Started refreshing 11 application (/) commands.
[INFO] 14:51:07 | Successfully reloaded 11 application (/) commands.
[DEBUG] 14:51:07 | Provided token: MTA4NTYxMjkzOTc3MzQ4NTE5MA.GZK5eK.**************************************
[DEBUG] 14:51:07 | Preparing to connect to the gateway...
[DEBUG] 14:51:08 | [WS => Manager] Fetched Gateway Information
    URL: wss://gateway.discord.gg
    Recommended Shards: 1
[DEBUG] 14:51:08 | [WS => Manager] Session Limit Information
    Total: 1000
    Remaining: 934
[DEBUG] 14:51:08 | [WS => Shard 0] Connecting to wss://gateway.discord.gg?v=10&encoding=json
[DEBUG] 14:51:08 | [WS => Shard 0] Waiting for event hello for 60000ms
[DEBUG] 14:51:08 | [WS => Shard 0] Preparing first heartbeat of the connection with a jitter of 0.7436959684865592; waiting 30677ms
[DEBUG] 14:51:08 | [WS => Shard 0] Waiting for identify throttle
[DEBUG] 14:51:08 | [WS => Shard 0] Identifying
	shard id: 0
	shard count: 1
	intents: 513
	compression: none
[DEBUG] 14:51:08 | [WS => Shard 0] Waiting for event ready for 15000ms
[DEBUG] 14:51:08 | [WS => Shard 0] Shard received all its guilds. Marking as fully ready.
[DEBUG] 14:51:38 | [WS => Shard 0] First heartbeat sent, starting to beat every 41250ms
[DEBUG] 14:51:39 | [WS => Shard 0] Heartbeat acknowledged, latency of 120ms.
[WARNING] 14:51:51 | The command at C:\Users\richa\OneDrive - w6l3y\northernlightsdev\northern-lights-development-bot\commands\guild\tickets.js is missing a required "data" or "execute" property.
[INFO] 14:51:51 | Started refreshing 11 application (/) commands.
[INFO] 14:51:51 | Successfully reloaded 11 application (/) commands.
[DEBUG] 14:51:51 | Provided token: MTA4NTYxMjkzOTc3MzQ4NTE5MA.GZK5eK.**************************************
[DEBUG] 14:51:51 | Preparing to connect to the gateway...
[DEBUG] 14:51:52 | [WS => Manager] Fetched Gateway Information
    URL: wss://gateway.discord.gg
    Recommended Shards: 1
[DEBUG] 14:51:52 | [WS => Manager] Session Limit Information
    Total: 1000
    Remaining: 933
[DEBUG] 14:51:52 | [WS => Shard 0] Connecting to wss://gateway.discord.gg?v=10&encoding=json
[DEBUG] 14:51:52 | [WS => Shard 0] Waiting for event hello for 60000ms
[DEBUG] 14:51:52 | [WS => Shard 0] Preparing first heartbeat of the connection with a jitter of 0.10454570442137356; waiting 4312ms
[DEBUG] 14:51:52 | [WS => Shard 0] Waiting for identify throttle
[DEBUG] 14:51:52 | [WS => Shard 0] Identifying
	shard id: 0
	shard count: 1
	intents: 513
	compression: none
[DEBUG] 14:51:52 | [WS => Shard 0] Waiting for event ready for 15000ms
[DEBUG] 14:51:52 | [WS => Shard 0] Shard received all its guilds. Marking as fully ready.
[DEBUG] 14:51:56 | [WS => Shard 0] First heartbeat sent, starting to beat every 41250ms
[DEBUG] 14:51:56 | [WS => Shard 0] Heartbeat acknowledged, latency of 130ms.
[ERROR] 14:52:00 | TypeError: interaction.reply is not a function
[DEBUG] 14:52:38 | [WS => Shard 0] Heartbeat acknowledged, latency of 126ms.
[WARNING] 14:53:17 | The command at C:\Users\richa\OneDrive - w6l3y\northernlightsdev\northern-lights-development-bot\commands\guild\tickets.js is missing a required "data" or "execute" property.
[INFO] 14:53:17 | Started refreshing 11 application (/) commands.
[INFO] 14:53:17 | Successfully reloaded 11 application (/) commands.
[DEBUG] 14:53:17 | Provided token: MTA4NTYxMjkzOTc3MzQ4NTE5MA.GZK5eK.**************************************
[DEBUG] 14:53:17 | Preparing to connect to the gateway...
[DEBUG] 14:53:18 | [WS => Manager] Fetched Gateway Information
    URL: wss://gateway.discord.gg
    Recommended Shards: 1
[DEBUG] 14:53:18 | [WS => Manager] Session Limit Information
    Total: 1000
    Remaining: 932
[DEBUG] 14:53:18 | [WS => Shard 0] Connecting to wss://gateway.discord.gg?v=10&encoding=json
[DEBUG] 14:53:18 | [WS => Shard 0] Waiting for event hello for 60000ms
[DEBUG] 14:53:18 | [WS => Shard 0] Preparing first heartbeat of the connection with a jitter of 0.4894186417413864; waiting 20188ms
[DEBUG] 14:53:18 | [WS => Shard 0] Waiting for identify throttle
[DEBUG] 14:53:18 | [WS => Shard 0] Identifying
	shard id: 0
	shard count: 1
	intents: 513
	compression: none
[DEBUG] 14:53:18 | [WS => Shard 0] Waiting for event ready for 15000ms
[DEBUG] 14:53:18 | [WS => Shard 0] Shard received all its guilds. Marking as fully ready.
[DEBUG] 14:53:38 | [WS => Shard 0] First heartbeat sent, starting to beat every 41250ms
[DEBUG] 14:53:38 | [WS => Shard 0] Heartbeat acknowledged, latency of 123ms.
[DEBUG] 14:54:19 | [WS => Shard 0] Heartbeat acknowledged, latency of 131ms.
[DEBUG] 14:55:01 | [WS => Shard 0] Heartbeat acknowledged, latency of 120ms.
[WARNING] 14:55:28 | The command at C:\Users\richa\OneDrive - w6l3y\northernlightsdev\northern-lights-development-bot\commands\guild\tickets.js is missing a required "data" or "execute" property.
[INFO] 14:55:28 | Started refreshing 11 application (/) commands.
[INFO] 14:55:28 | Successfully reloaded 11 application (/) commands.
[DEBUG] 14:55:29 | Provided token: MTA4NTYxMjkzOTc3MzQ4NTE5MA.GZK5eK.**************************************
[DEBUG] 14:55:29 | Preparing to connect to the gateway...
[DEBUG] 14:55:29 | [WS => Manager] Fetched Gateway Information
    URL: wss://gateway.discord.gg
    Recommended Shards: 1
[DEBUG] 14:55:29 | [WS => Manager] Session Limit Information
    Total: 1000
    Remaining: 931
[DEBUG] 14:55:29 | [WS => Shard 0] Connecting to wss://gateway.discord.gg?v=10&encoding=json
[DEBUG] 14:55:29 | [WS => Shard 0] Waiting for event hello for 60000ms
[DEBUG] 14:55:29 | [WS => Shard 0] Preparing first heartbeat of the connection with a jitter of 0.8097656157703321; waiting 33402ms
[DEBUG] 14:55:29 | [WS => Shard 0] Waiting for identify throttle
[DEBUG] 14:55:29 | [WS => Shard 0] Identifying
	shard id: 0
	shard count: 1
	intents: 513
	compression: none
[DEBUG] 14:55:29 | [WS => Shard 0] Waiting for event ready for 15000ms
[DEBUG] 14:55:30 | [WS => Shard 0] Shard received all its guilds. Marking as fully ready.
[ERROR] 14:55:32 | TypeError: interaction.reply is not a function
[DEBUG] 14:56:03 | [WS => Shard 0] First heartbeat sent, starting to beat every 41250ms
[DEBUG] 14:56:03 | [WS => Shard 0] Heartbeat acknowledged, latency of 137ms.
[WARNING] 14:56:11 | The command at C:\Users\richa\OneDrive - w6l3y\northernlightsdev\northern-lights-development-bot\commands\guild\tickets.js is missing a required "data" or "execute" property.
[INFO] 14:56:11 | Started refreshing 11 application (/) commands.
[INFO] 14:56:11 | Successfully reloaded 11 application (/) commands.
[DEBUG] 14:56:11 | Provided token: MTA4NTYxMjkzOTc3MzQ4NTE5MA.GZK5eK.**************************************
[DEBUG] 14:56:11 | Preparing to connect to the gateway...
[DEBUG] 14:56:12 | [WS => Manager] Fetched Gateway Information
    URL: wss://gateway.discord.gg
    Recommended Shards: 1
[DEBUG] 14:56:12 | [WS => Manager] Session Limit Information
    Total: 1000
    Remaining: 930
[DEBUG] 14:56:12 | [WS => Shard 0] Connecting to wss://gateway.discord.gg?v=10&encoding=json
[DEBUG] 14:56:12 | [WS => Shard 0] Waiting for event hello for 60000ms
[DEBUG] 14:56:12 | [WS => Shard 0] Preparing first heartbeat of the connection with a jitter of 0.6054934260235052; waiting 24976ms
[DEBUG] 14:56:12 | [WS => Shard 0] Waiting for identify throttle
[DEBUG] 14:56:12 | [WS => Shard 0] Identifying
	shard id: 0
	shard count: 1
	intents: 513
	compression: none
[DEBUG] 14:56:12 | [WS => Shard 0] Waiting for event ready for 15000ms
[DEBUG] 14:56:12 | [WS => Shard 0] Shard received all its guilds. Marking as fully ready.
[DEBUG] 14:56:37 | [WS => Shard 0] First heartbeat sent, starting to beat every 41250ms
[DEBUG] 14:56:37 | [WS => Shard 0] Heartbeat acknowledged, latency of 122ms.
[WARNING] 14:56:52 | The command at C:\Users\richa\OneDrive - w6l3y\northernlightsdev\northern-lights-development-bot\commands\guild\tickets.js is missing a required "data" or "execute" property.
[INFO] 14:56:52 | Started refreshing 11 application (/) commands.
[INFO] 14:56:52 | Successfully reloaded 11 application (/) commands.
[DEBUG] 14:56:52 | Provided token: MTA4NTYxMjkzOTc3MzQ4NTE5MA.GZK5eK.**************************************
[DEBUG] 14:56:52 | Preparing to connect to the gateway...
[DEBUG] 14:56:53 | [WS => Manager] Fetched Gateway Information
    URL: wss://gateway.discord.gg
    Recommended Shards: 1
[DEBUG] 14:56:53 | [WS => Manager] Session Limit Information
    Total: 1000
    Remaining: 929
[DEBUG] 14:56:53 | [WS => Shard 0] Connecting to wss://gateway.discord.gg?v=10&encoding=json
[DEBUG] 14:56:53 | [WS => Shard 0] Waiting for event hello for 60000ms
[DEBUG] 14:56:53 | [WS => Shard 0] Preparing first heartbeat of the connection with a jitter of 0.5308950180802903; waiting 21899ms
[DEBUG] 14:56:53 | [WS => Shard 0] Waiting for identify throttle
[DEBUG] 14:56:53 | [WS => Shard 0] Identifying
	shard id: 0
	shard count: 1
	intents: 513
	compression: none
[DEBUG] 14:56:53 | [WS => Shard 0] Waiting for event ready for 15000ms
[DEBUG] 14:56:53 | [WS => Shard 0] Shard received all its guilds. Marking as fully ready.
[DEBUG] 14:57:15 | [WS => Shard 0] First heartbeat sent, starting to beat every 41250ms
[DEBUG] 14:57:15 | [WS => Shard 0] Heartbeat acknowledged, latency of 131ms.
[2024-03-23, 14:57:04] [ERROR] | Command: Settings | Command Section: 2FA | megurre (324856872987262996) received an error: TypeError: Cannot read properties of undefined (reading 'fetchWebhooks')
[DEBUG] 14:57:56 | [WS => Shard 0] Heartbeat acknowledged, latency of 130ms.
[DEBUG] 14:58:37 | [WS => Shard 0] Heartbeat acknowledged, latency of 124ms.
[WARNING] 14:58:56 | The command at C:\Users\richa\OneDrive - w6l3y\northernlightsdev\northern-lights-development-bot\commands\guild\tickets.js is missing a required "data" or "execute" property.
[INFO] 14:58:57 | Started refreshing 11 application (/) commands.
[INFO] 14:58:57 | Successfully reloaded 11 application (/) commands.
[DEBUG] 14:58:57 | Provided token: MTA4NTYxMjkzOTc3MzQ4NTE5MA.GZK5eK.**************************************
[DEBUG] 14:58:57 | Preparing to connect to the gateway...
[DEBUG] 14:58:58 | [WS => Manager] Fetched Gateway Information
    URL: wss://gateway.discord.gg
    Recommended Shards: 1
[DEBUG] 14:58:58 | [WS => Manager] Session Limit Information
    Total: 1000
    Remaining: 928
[DEBUG] 14:58:58 | [WS => Shard 0] Connecting to wss://gateway.discord.gg?v=10&encoding=json
[DEBUG] 14:58:58 | [WS => Shard 0] Waiting for event hello for 60000ms
[DEBUG] 14:58:58 | [WS => Shard 0] Preparing first heartbeat of the connection with a jitter of 0.9026126258547609; waiting 37232ms
[DEBUG] 14:58:58 | [WS => Shard 0] Waiting for identify throttle
[DEBUG] 14:58:58 | [WS => Shard 0] Identifying
	shard id: 0
	shard count: 1
	intents: 513
	compression: none
[DEBUG] 14:58:58 | [WS => Shard 0] Waiting for event ready for 15000ms
[DEBUG] 14:58:58 | [WS => Shard 0] Shard received all its guilds. Marking as fully ready.
[DEBUG] 14:59:35 | [WS => Shard 0] First heartbeat sent, starting to beat every 41250ms
[DEBUG] 14:59:35 | [WS => Shard 0] Heartbeat acknowledged, latency of 125ms.
[DEBUG] 15:00:16 | [WS => Shard 0] Heartbeat acknowledged, latency of 147ms.
[DEBUG] 15:00:58 | [WS => Shard 0] Heartbeat acknowledged, latency of 137ms.
[DEBUG] 15:01:39 | [WS => Shard 0] Heartbeat acknowledged, latency of 129ms.
[WARNING] 15:02:23 | The command at C:\Users\richa\OneDrive - w6l3y\northernlightsdev\northern-lights-development-bot\commands\guild\tickets.js is missing a required "data" or "execute" property.
[INFO] 15:02:23 | Started refreshing 11 application (/) commands.
[INFO] 15:02:23 | Successfully reloaded 11 application (/) commands.
[DEBUG] 15:02:24 | Provided token: MTA4NTYxMjkzOTc3MzQ4NTE5MA.GZK5eK.**************************************
[DEBUG] 15:02:24 | Preparing to connect to the gateway...
[DEBUG] 15:02:24 | [WS => Manager] Fetched Gateway Information
    URL: wss://gateway.discord.gg
    Recommended Shards: 1
[DEBUG] 15:02:24 | [WS => Manager] Session Limit Information
    Total: 1000
    Remaining: 927
[DEBUG] 15:02:24 | [WS => Shard 0] Connecting to wss://gateway.discord.gg?v=10&encoding=json
[DEBUG] 15:02:24 | [WS => Shard 0] Waiting for event hello for 60000ms
[DEBUG] 15:02:24 | [WS => Shard 0] Preparing first heartbeat of the connection with a jitter of 0.0571248633285093; waiting 2356ms
[DEBUG] 15:02:24 | [WS => Shard 0] Waiting for identify throttle
[DEBUG] 15:02:24 | [WS => Shard 0] Identifying
	shard id: 0
	shard count: 1
	intents: 513
	compression: none
[DEBUG] 15:02:24 | [WS => Shard 0] Waiting for event ready for 15000ms
[DEBUG] 15:02:24 | [WS => Shard 0] Shard received all its guilds. Marking as fully ready.
[DEBUG] 15:02:27 | [WS => Shard 0] First heartbeat sent, starting to beat every 41250ms
[DEBUG] 15:02:27 | [WS => Shard 0] Heartbeat acknowledged, latency of 127ms.
[DEBUG] 15:03:08 | [WS => Shard 0] Heartbeat acknowledged, latency of 134ms.
[DEBUG] 15:03:49 | [WS => Shard 0] Heartbeat acknowledged, latency of 123ms.
[WARNING] 15:04:23 | The command at C:\Users\richa\OneDrive - w6l3y\northernlightsdev\northern-lights-development-bot\commands\guild\tickets.js is missing a required "data" or "execute" property.
[INFO] 15:04:23 | Started refreshing 11 application (/) commands.
[INFO] 15:04:23 | Successfully reloaded 11 application (/) commands.
[DEBUG] 15:04:23 | Provided token: MTA4NTYxMjkzOTc3MzQ4NTE5MA.GZK5eK.**************************************
[DEBUG] 15:04:23 | Preparing to connect to the gateway...
[DEBUG] 15:04:24 | [WS => Manager] Fetched Gateway Information
    URL: wss://gateway.discord.gg
    Recommended Shards: 1
[DEBUG] 15:04:24 | [WS => Manager] Session Limit Information
    Total: 1000
    Remaining: 926
[DEBUG] 15:04:24 | [WS => Shard 0] Connecting to wss://gateway.discord.gg?v=10&encoding=json
[DEBUG] 15:04:24 | [WS => Shard 0] Waiting for event hello for 60000ms
[DEBUG] 15:04:24 | [WS => Shard 0] Preparing first heartbeat of the connection with a jitter of 0.8625683384525653; waiting 35580ms
[DEBUG] 15:04:24 | [WS => Shard 0] Waiting for identify throttle
[DEBUG] 15:04:24 | [WS => Shard 0] Identifying
	shard id: 0
	shard count: 1
	intents: 513
	compression: none
[DEBUG] 15:04:24 | [WS => Shard 0] Waiting for event ready for 15000ms
[DEBUG] 15:04:24 | [WS => Shard 0] Shard received all its guilds. Marking as fully ready.
