[WARNING] 19:39:19 | The command at C:\Users\richa\OneDrive - w6l3y\northern-lights-development-bot\commands\guild\tickets.js is missing a required "data" or "execute" property.
[INFO] 19:39:19 | Started refreshing 11 application (/) commands.
[DEBUG] 19:39:20 | Provided token: MTA4NTYxMjkzOTc3MzQ4NTE5MA.GZK5eK.**************************************
[DEBUG] 19:39:20 | Preparing to connect to the gateway...
[DEBUG] 19:39:21 | [WS => Manager] Fetched Gateway Information
    URL: wss://gateway.discord.gg
    Recommended Shards: 1
[DEBUG] 19:39:21 | [WS => Manager] Session Limit Information
    Total: 1000
    Remaining: 1000
[DEBUG] 19:39:21 | [WS => Shard 0] Connecting to wss://gateway.discord.gg?v=10&encoding=json
[DEBUG] 19:39:21 | [WS => Shard 0] Waiting for event hello for 60000ms
[DEBUG] 19:39:21 | [WS => Shard 0] Preparing first heartbeat of the connection with a jitter of 0.7911471580138956; waiting 32634ms
[DEBUG] 19:39:21 | [WS => Shard 0] Waiting for identify throttle
[DEBUG] 19:39:21 | [WS => Shard 0] Identifying
	shard id: 0
	shard count: 1
	intents: 513
	compression: none
[DEBUG] 19:39:21 | [WS => Shard 0] Waiting for event ready for 15000ms
[DEBUG] 19:39:21 | [WS => Shard 0] Shard received all its guilds. Marking as fully ready.
[DEBUG] 19:39:54 | [WS => Shard 0] First heartbeat sent, starting to beat every 41250ms
[DEBUG] 19:39:54 | [WS => Shard 0] Heartbeat acknowledged, latency of 124ms.
[DEBUG] 19:40:35 | [WS => Shard 0] Heartbeat acknowledged, latency of 130ms.
[DEBUG] 19:41:16 | [WS => Shard 0] Heartbeat acknowledged, latency of 149ms.
[DEBUG] 19:41:57 | [WS => Shard 0] Heartbeat acknowledged, latency of 136ms.
[DEBUG] 19:42:39 | [WS => Shard 0] Heartbeat acknowledged, latency of 138ms.
[DEBUG] 19:43:20 | [WS => Shard 0] Heartbeat acknowledged, latency of 134ms.
[DEBUG] 19:44:01 | [WS => Shard 0] Heartbeat acknowledged, latency of 137ms.
[DEBUG] 19:44:42 | [WS => Shard 0] Heartbeat acknowledged, latency of 124ms.
[DEBUG] 19:45:24 | [WS => Shard 0] Heartbeat acknowledged, latency of 168ms.
[DEBUG] 19:45:34 | [WS => Shard 0] Destroying shard
	Reason: Told to reconnect by Discord
	Code: 4200
	Recover: Resume
[DEBUG] 19:45:34 | [WS => Shard 0] Connection status during destroy
	Needs closing: true
	Ready state: 1
[DEBUG] 19:45:35 | [WS => Shard 0] Connecting to wss://gateway-us-east1-b.discord.gg?v=10&encoding=json
[DEBUG] 19:45:35 | [WS => Shard 0] Waiting for event hello for 60000ms
[DEBUG] 19:45:35 | [WS => Shard 0] Preparing first heartbeat of the connection with a jitter of 0.3669331338446764; waiting 15135ms
[DEBUG] 19:45:35 | [WS => Shard 0] Resuming session
	resume url: wss://gateway-us-east1-b.discord.gg
	sequence: 3
	shard id: 0
[DEBUG] 19:45:35 | [WS => Shard 0] Resumed and replayed 1 events
[DEBUG] 19:45:50 | [WS => Shard 0] First heartbeat sent, starting to beat every 41250ms
[DEBUG] 19:45:50 | [WS => Shard 0] Heartbeat acknowledged, latency of 138ms.
[DEBUG] 19:46:31 | [WS => Shard 0] Heartbeat acknowledged, latency of 125ms.
[DEBUG] 19:47:13 | [WS => Shard 0] Heartbeat acknowledged, latency of 137ms.
[DEBUG] 19:47:54 | [WS => Shard 0] Heartbeat acknowledged, latency of 138ms.
[DEBUG] 19:48:35 | [WS => Shard 0] Heartbeat acknowledged, latency of 122ms.
[WARNING] 19:49:14 | The command at C:\Users\richa\OneDrive - w6l3y\northern-lights-development-bot\commands\guild\tickets.js is missing a required "data" or "execute" property.
[INFO] 19:49:14 | Started refreshing 11 application (/) commands.
[DEBUG] 19:49:15 | Provided token: MTA4NTYxMjkzOTc3MzQ4NTE5MA.GZK5eK.**************************************
[DEBUG] 19:49:15 | Preparing to connect to the gateway...
[DEBUG] 19:49:15 | [WS => Manager] Fetched Gateway Information
    URL: wss://gateway.discord.gg
    Recommended Shards: 1
[DEBUG] 19:49:15 | [WS => Manager] Session Limit Information
    Total: 1000
    Remaining: 999
[DEBUG] 19:49:15 | [WS => Shard 0] Connecting to wss://gateway.discord.gg?v=10&encoding=json
[DEBUG] 19:49:15 | [WS => Shard 0] Waiting for event hello for 60000ms
[DEBUG] 19:49:16 | [WS => Shard 0] Preparing first heartbeat of the connection with a jitter of 0.5839862075462265; waiting 24089ms
[DEBUG] 19:49:16 | [WS => Shard 0] Waiting for identify throttle
[DEBUG] 19:49:16 | [WS => Shard 0] Identifying
	shard id: 0
	shard count: 1
	intents: 513
	compression: none
[DEBUG] 19:49:16 | [WS => Shard 0] Waiting for event ready for 15000ms
[DEBUG] 19:49:16 | [WS => Shard 0] Shard received all its guilds. Marking as fully ready.
[WARNING] 19:49:33 | The command at C:\Users\richa\OneDrive - w6l3y\northern-lights-development-bot\commands\guild\tickets.js is missing a required "data" or "execute" property.
[INFO] 19:49:33 | Started refreshing 10 application (/) commands.
[INFO] 19:49:34 | Successfully reloaded 10 application (/) commands.
[DEBUG] 19:49:34 | Provided token: MTA4NTYxMjkzOTc3MzQ4NTE5MA.GZK5eK.**************************************
[DEBUG] 19:49:34 | Preparing to connect to the gateway...
[DEBUG] 19:49:34 | [WS => Manager] Fetched Gateway Information
    URL: wss://gateway.discord.gg
    Recommended Shards: 1
[DEBUG] 19:49:34 | [WS => Manager] Session Limit Information
    Total: 1000
    Remaining: 998
[DEBUG] 19:49:34 | [WS => Shard 0] Connecting to wss://gateway.discord.gg?v=10&encoding=json
[DEBUG] 19:49:34 | [WS => Shard 0] Waiting for event hello for 60000ms
[DEBUG] 19:49:34 | [WS => Shard 0] Preparing first heartbeat of the connection with a jitter of 0.07009893648767362; waiting 2891ms
[DEBUG] 19:49:34 | [WS => Shard 0] Waiting for identify throttle
[DEBUG] 19:49:34 | [WS => Shard 0] Identifying
	shard id: 0
	shard count: 1
	intents: 513
	compression: none
[DEBUG] 19:49:34 | [WS => Shard 0] Waiting for event ready for 15000ms
[DEBUG] 19:49:35 | [WS => Shard 0] Shard received all its guilds. Marking as fully ready.
[DEBUG] 19:49:37 | [WS => Shard 0] First heartbeat sent, starting to beat every 41250ms
[DEBUG] 19:49:37 | [WS => Shard 0] Heartbeat acknowledged, latency of 139ms.
[DEBUG] 19:50:12 | Provided token: MTA4NTYxMjkzOTc3MzQ4NTE5MA.GZK5eK.**************************************
[DEBUG] 19:50:12 | Preparing to connect to the gateway...
[DEBUG] 19:50:13 | [WS => Manager] Fetched Gateway Information
    URL: wss://gateway.discord.gg
    Recommended Shards: 1
[DEBUG] 19:50:13 | [WS => Manager] Session Limit Information
    Total: 1000
    Remaining: 997
[DEBUG] 19:50:13 | [WS => Shard 0] Connecting to wss://gateway.discord.gg?v=10&encoding=json
[DEBUG] 19:50:13 | [WS => Shard 0] Waiting for event hello for 60000ms
[DEBUG] 19:50:13 | [WS => Shard 0] Preparing first heartbeat of the connection with a jitter of 0.3285717452930559; waiting 13553ms
[DEBUG] 19:50:13 | [WS => Shard 0] Waiting for identify throttle
[DEBUG] 19:50:13 | [WS => Shard 0] Identifying
	shard id: 0
	shard count: 1
	intents: 513
	compression: none
[DEBUG] 19:50:13 | [WS => Shard 0] Waiting for event ready for 15000ms
[DEBUG] 19:50:13 | [WS => Shard 0] Shard received all its guilds. Marking as fully ready.
[DEBUG] 19:50:26 | [WS => Shard 0] First heartbeat sent, starting to beat every 41250ms
[DEBUG] 19:50:26 | [WS => Shard 0] Heartbeat acknowledged, latency of 129ms.
[DEBUG] 19:51:08 | [WS => Shard 0] Heartbeat acknowledged, latency of 127ms.
[DEBUG] 19:51:49 | [WS => Shard 0] Heartbeat acknowledged, latency of 127ms.
[DEBUG] 19:52:30 | [WS => Shard 0] Heartbeat acknowledged, latency of 128ms.
[DEBUG] 19:53:11 | [WS => Shard 0] Heartbeat acknowledged, latency of 124ms.
[WARNING] 19:53:40 | The command at C:\Users\richa\OneDrive - w6l3y\northern-lights-development-bot\commands\guild\tickets.js is missing a required "data" or "execute" property.
[INFO] 19:53:40 | Started refreshing 10 application (/) commands.
[WARNING] 19:53:42 | The command at C:\Users\richa\OneDrive - w6l3y\northern-lights-development-bot\commands\guild\tickets.js is missing a required "data" or "execute" property.
[INFO] 19:53:42 | Started refreshing 10 application (/) commands.
[INFO] 19:53:43 | Successfully reloaded 10 application (/) commands.
[DEBUG] 19:53:43 | Provided token: MTA4NTYxMjkzOTc3MzQ4NTE5MA.GZK5eK.**************************************
[DEBUG] 19:53:43 | Preparing to connect to the gateway...
[DEBUG] 19:53:45 | [WS => Manager] Fetched Gateway Information
    URL: wss://gateway.discord.gg
    Recommended Shards: 1
[DEBUG] 19:53:45 | [WS => Manager] Session Limit Information
    Total: 1000
    Remaining: 996
[DEBUG] 19:53:45 | [WS => Shard 0] Connecting to wss://gateway.discord.gg?v=10&encoding=json
[DEBUG] 19:53:45 | [WS => Shard 0] Waiting for event hello for 60000ms
[DEBUG] 19:53:46 | [WS => Shard 0] Preparing first heartbeat of the connection with a jitter of 0.7818307233476556; waiting 32250ms
[DEBUG] 19:53:46 | [WS => Shard 0] Waiting for identify throttle
[DEBUG] 19:53:46 | [WS => Shard 0] Identifying
	shard id: 0
	shard count: 1
	intents: 513
	compression: none
[DEBUG] 19:53:46 | [WS => Shard 0] Waiting for event ready for 15000ms
[DEBUG] 19:53:46 | [WS => Shard 0] Shard received all its guilds. Marking as fully ready.
[DEBUG] 19:54:18 | [WS => Shard 0] First heartbeat sent, starting to beat every 41250ms
[DEBUG] 19:54:18 | [WS => Shard 0] Heartbeat acknowledged, latency of 126ms.
[DEBUG] 19:54:59 | [WS => Shard 0] Heartbeat acknowledged, latency of 125ms.
