[WARNING] 18:09:45 | The command at C:\Users\richa\Documents\GitHub\northern-lights-development-bot\commands\guild\tickets.js is missing a required "data" or "execute" property.
[WARNING] 18:09:45 | The command at C:\Users\richa\Documents\GitHub\northern-lights-development-bot\commands\moderation\blacklist.js is missing a required "data" or "execute" property.
[INFO] 18:09:45 | Started refreshing 24 application (/) commands.
[WARNING] 18:09:58 | The command at C:\Users\richa\Documents\GitHub\northern-lights-development-bot\commands\guild\tickets.js is missing a required "data" or "execute" property.
[WARNING] 18:09:58 | The command at C:\Users\richa\Documents\GitHub\northern-lights-development-bot\commands\moderation\blacklist.js is missing a required "data" or "execute" property.
[INFO] 18:09:58 | Started refreshing 24 application (/) commands.
[INFO] 18:09:59 | Successfully reloaded 24 application (/) commands.
[DEBUG] 18:09:59 | Provided token: MTA4NTYxMjkzOTc3MzQ4NTE5MA.GZ0lsI.**************************************
[DEBUG] 18:09:59 | Preparing to connect to the gateway...
[DEBUG] 18:09:59 | [WS => Manager] Fetched Gateway Information
    URL: wss://gateway.discord.gg
    Recommended Shards: 1
[DEBUG] 18:09:59 | [WS => Manager] Session Limit Information
    Total: 1000
    Remaining: 982
[DEBUG] 18:09:59 | [WS => Shard 0] Connecting to wss://gateway.discord.gg?v=10&encoding=json
[DEBUG] 18:09:59 | [WS => Shard 0] Waiting for event hello for 60000ms
[DEBUG] 18:09:59 | [WS => Shard 0] Preparing first heartbeat of the connection with a jitter of 0.32587538469574273; waiting 13442ms
[DEBUG] 18:09:59 | [WS => Shard 0] Waiting for identify throttle
[DEBUG] 18:09:59 | [WS => Shard 0] Identifying
	shard id: 0
	shard count: 1
	intents: 513
	compression: none
[DEBUG] 18:09:59 | [WS => Shard 0] Waiting for event ready for 15000ms
[DEBUG] 18:10:00 | [WS => Shard 0] Shard received all its guilds. Marking as fully ready.
[ERROR] 18:10:00 | File: ready.js | Error connecting to database: Error: getaddrinfo ENOTFOUND 192.168.1.254:8080
[ERROR] 18:10:05 | ReferenceError: logFilePath is not defined
[DEBUG] 18:10:13 | [WS => Shard 0] First heartbeat sent, starting to beat every 41250ms
[DEBUG] 18:10:13 | [WS => Shard 0] Heartbeat acknowledged, latency of 139ms.
[WARNING] 18:10:30 | The command at C:\Users\richa\Documents\GitHub\northern-lights-development-bot\commands\guild\tickets.js is missing a required "data" or "execute" property.
[WARNING] 18:10:30 | The command at C:\Users\richa\Documents\GitHub\northern-lights-development-bot\commands\moderation\blacklist.js is missing a required "data" or "execute" property.
[INFO] 18:10:30 | Started refreshing 24 application (/) commands.
[INFO] 18:10:31 | Successfully reloaded 24 application (/) commands.
[DEBUG] 18:10:31 | Provided token: MTA4NTYxMjkzOTc3MzQ4NTE5MA.GZ0lsI.**************************************
[DEBUG] 18:10:31 | Preparing to connect to the gateway...
[DEBUG] 18:10:31 | [WS => Manager] Fetched Gateway Information
    URL: wss://gateway.discord.gg
    Recommended Shards: 1
[DEBUG] 18:10:31 | [WS => Manager] Session Limit Information
    Total: 1000
    Remaining: 981
[DEBUG] 18:10:31 | [WS => Shard 0] Connecting to wss://gateway.discord.gg?v=10&encoding=json
[DEBUG] 18:10:31 | [WS => Shard 0] Waiting for event hello for 60000ms
[DEBUG] 18:10:32 | [WS => Shard 0] Preparing first heartbeat of the connection with a jitter of 0.881653799113699; waiting 36368ms
[DEBUG] 18:10:32 | [WS => Shard 0] Waiting for identify throttle
[DEBUG] 18:10:32 | [WS => Shard 0] Identifying
	shard id: 0
	shard count: 1
	intents: 513
	compression: none
[DEBUG] 18:10:32 | [WS => Shard 0] Waiting for event ready for 15000ms
[DEBUG] 18:10:32 | [WS => Shard 0] Shard received all its guilds. Marking as fully ready.
[ERROR] 18:10:32 | File: ready.js | Error connecting to database: Error: getaddrinfo ENOTFOUND 192.168.1.237:8080
[ERROR] 18:10:34 | ReferenceError: logFilePath is not defined
[DEBUG] 18:11:08 | [WS => Shard 0] First heartbeat sent, starting to beat every 41250ms
[DEBUG] 18:11:08 | [WS => Shard 0] Heartbeat acknowledged, latency of 146ms.
[WARNING] 18:11:12 | The command at C:\Users\richa\Documents\GitHub\northern-lights-development-bot\commands\guild\tickets.js is missing a required "data" or "execute" property.
[WARNING] 18:11:12 | The command at C:\Users\richa\Documents\GitHub\northern-lights-development-bot\commands\moderation\blacklist.js is missing a required "data" or "execute" property.
[INFO] 18:11:12 | Started refreshing 24 application (/) commands.
[INFO] 18:11:12 | Successfully reloaded 24 application (/) commands.
[DEBUG] 18:11:12 | Provided token: MTA4NTYxMjkzOTc3MzQ4NTE5MA.GZ0lsI.**************************************
[DEBUG] 18:11:12 | Preparing to connect to the gateway...
[DEBUG] 18:11:13 | [WS => Manager] Fetched Gateway Information
    URL: wss://gateway.discord.gg
    Recommended Shards: 1
[DEBUG] 18:11:13 | [WS => Manager] Session Limit Information
    Total: 1000
    Remaining: 980
[DEBUG] 18:11:13 | [WS => Shard 0] Connecting to wss://gateway.discord.gg?v=10&encoding=json
[DEBUG] 18:11:13 | [WS => Shard 0] Waiting for event hello for 60000ms
[DEBUG] 18:11:13 | [WS => Shard 0] Preparing first heartbeat of the connection with a jitter of 0.06760662311297705; waiting 2788ms
[DEBUG] 18:11:13 | [WS => Shard 0] Waiting for identify throttle
[DEBUG] 18:11:13 | [WS => Shard 0] Identifying
	shard id: 0
	shard count: 1
	intents: 513
	compression: none
[DEBUG] 18:11:13 | [WS => Shard 0] Waiting for event ready for 15000ms
[DEBUG] 18:11:13 | [WS => Shard 0] Shard received all its guilds. Marking as fully ready.
[ERROR] 18:11:13 | File: ready.js | Error connecting to database: Error: Host 'megurre' is not allowed to connect to this MariaDB server
[ERROR] 18:11:15 | ReferenceError: logFilePath is not defined
[DEBUG] 18:11:16 | [WS => Shard 0] First heartbeat sent, starting to beat every 41250ms
[DEBUG] 18:11:16 | [WS => Shard 0] Heartbeat acknowledged, latency of 137ms.
[ERROR] 18:11:17 | ReferenceError: logFilePath is not defined
[ERROR] 18:11:27 | ReferenceError: logFilePath is not defined
[ERROR] 18:11:54 | DiscordAPIError[10062]: Unknown interaction
[DEBUG] 18:11:57 | [WS => Shard 0] Heartbeat acknowledged, latency of 137ms.
[ERROR] 18:12:25 | ReferenceError: logFilePath is not defined
[ERROR] 18:12:30 | ReferenceError: logFilePath is not defined
[DEBUG] 18:12:38 | [WS => Shard 0] Heartbeat acknowledged, latency of 161ms.
[ERROR] 18:12:40 | ReferenceError: logFilePath is not defined
[WARNING] 18:13:32 | The command at C:\Users\richa\Documents\GitHub\northern-lights-development-bot\commands\guild\tickets.js is missing a required "data" or "execute" property.
[WARNING] 18:13:32 | The command at C:\Users\richa\Documents\GitHub\northern-lights-development-bot\commands\moderation\blacklist.js is missing a required "data" or "execute" property.
[INFO] 18:13:32 | Started refreshing 24 application (/) commands.
[INFO] 18:13:32 | Successfully reloaded 24 application (/) commands.
[DEBUG] 18:13:32 | Provided token: MTA4NTYxMjkzOTc3MzQ4NTE5MA.GZ0lsI.**************************************
[DEBUG] 18:13:32 | Preparing to connect to the gateway...
[DEBUG] 18:13:33 | [WS => Manager] Fetched Gateway Information
    URL: wss://gateway.discord.gg
    Recommended Shards: 1
[DEBUG] 18:13:33 | [WS => Manager] Session Limit Information
    Total: 1000
    Remaining: 975
[DEBUG] 18:13:33 | [WS => Shard 0] Connecting to wss://gateway.discord.gg?v=10&encoding=json
[DEBUG] 18:13:33 | [WS => Shard 0] Waiting for event hello for 60000ms
[DEBUG] 18:13:33 | [WS => Shard 0] Preparing first heartbeat of the connection with a jitter of 0.5903116274437594; waiting 24350ms
[DEBUG] 18:13:33 | [WS => Shard 0] Waiting for identify throttle
[DEBUG] 18:13:33 | [WS => Shard 0] Identifying
	shard id: 0
	shard count: 1
	intents: 513
	compression: none
[DEBUG] 18:13:33 | [WS => Shard 0] Waiting for event ready for 15000ms
[DEBUG] 18:13:33 | [WS => Shard 0] Shard received all its guilds. Marking as fully ready.
[ERROR] 18:13:33 | File: ready.js | Error connecting to database: Error: Access denied for user 'root'@'megurre' (using password: NO)
[ERROR] 18:13:35 | ReferenceError: logFilePath is not defined
[DEBUG] 18:13:57 | [WS => Shard 0] First heartbeat sent, starting to beat every 41250ms
[DEBUG] 18:13:57 | [WS => Shard 0] Heartbeat acknowledged, latency of 196ms.
[DEBUG] 18:14:39 | [WS => Shard 0] Heartbeat acknowledged, latency of 135ms.
[WARNING] 18:14:57 | The command at C:\Users\richa\Documents\GitHub\northern-lights-development-bot\commands\guild\tickets.js is missing a required "data" or "execute" property.
[WARNING] 18:14:57 | The command at C:\Users\richa\Documents\GitHub\northern-lights-development-bot\commands\moderation\blacklist.js is missing a required "data" or "execute" property.
[INFO] 18:14:57 | Started refreshing 24 application (/) commands.
[INFO] 18:14:57 | Successfully reloaded 24 application (/) commands.
[DEBUG] 18:14:57 | Provided token: MTA4NTYxMjkzOTc3MzQ4NTE5MA.GZ0lsI.**************************************
[DEBUG] 18:14:57 | Preparing to connect to the gateway...
[DEBUG] 18:14:58 | [WS => Manager] Fetched Gateway Information
    URL: wss://gateway.discord.gg
    Recommended Shards: 1
[DEBUG] 18:14:58 | [WS => Manager] Session Limit Information
    Total: 1000
    Remaining: 974
[DEBUG] 18:14:58 | [WS => Shard 0] Connecting to wss://gateway.discord.gg?v=10&encoding=json
[DEBUG] 18:14:58 | [WS => Shard 0] Waiting for event hello for 60000ms
[DEBUG] 18:14:58 | [WS => Shard 0] Preparing first heartbeat of the connection with a jitter of 0.24315247230880654; waiting 10030ms
[DEBUG] 18:14:58 | [WS => Shard 0] Waiting for identify throttle
[DEBUG] 18:14:58 | [WS => Shard 0] Identifying
	shard id: 0
	shard count: 1
	intents: 513
	compression: none
[DEBUG] 18:14:58 | [WS => Shard 0] Waiting for event ready for 15000ms
[DEBUG] 18:14:58 | [WS => Shard 0] Shard received all its guilds. Marking as fully ready.
