[WARNING] 16:43:38 | The command at C:\Users\richa\OneDrive - w6l3y\northern-lights-development-bot\commands\project\currentprojects.js is missing a required "data" or "execute" property.
[INFO] 16:43:38 | Started refreshing 8 application (/) commands.
[INFO] 16:43:39 | Successfully reloaded 8 application (/) commands.
[DEBUG] 16:43:39 | Provided token: MTA4NTYxMjkzOTc3MzQ4NTE5MA.GZK5eK.**************************************
[DEBUG] 16:43:39 | Preparing to connect to the gateway...
[DEBUG] 16:43:39 | [WS => Manager] Fetched Gateway Information
    URL: wss://gateway.discord.gg
    Recommended Shards: 1
[DEBUG] 16:43:39 | [WS => Manager] Session Limit Information
    Total: 1000
    Remaining: 1000
[DEBUG] 16:43:40 | [WS => Shard 0] Connecting to wss://gateway.discord.gg?v=10&encoding=json
[DEBUG] 16:43:40 | [WS => Shard 0] Waiting for event hello for 60000ms
[DEBUG] 16:43:40 | [WS => Shard 0] Preparing first heartbeat of the connection with a jitter of 0.928058856616188; waiting 38282ms
[DEBUG] 16:43:40 | [WS => Shard 0] Waiting for identify throttle
[DEBUG] 16:43:40 | [WS => Shard 0] Identifying
	shard id: 0
	shard count: 1
	intents: 513
	compression: none
[DEBUG] 16:43:40 | [WS => Shard 0] Waiting for event ready for 15000ms
[DEBUG] 16:43:40 | [WS => Shard 0] Shard received all its guilds. Marking as fully ready.
[DEBUG] 16:44:18 | [WS => Shard 0] First heartbeat sent, starting to beat every 41250ms
[DEBUG] 16:44:18 | [WS => Shard 0] Heartbeat acknowledged, latency of 121ms.
[DEBUG] 16:44:59 | [WS => Shard 0] Heartbeat acknowledged, latency of 124ms.
[DEBUG] 16:45:41 | [WS => Shard 0] Heartbeat acknowledged, latency of 139ms.
[DEBUG] 16:46:22 | [WS => Shard 0] Heartbeat acknowledged, latency of 120ms.
[DEBUG] 16:47:03 | [WS => Shard 0] Heartbeat acknowledged, latency of 125ms.
[DEBUG] 16:47:44 | [WS => Shard 0] Heartbeat acknowledged, latency of 133ms.
[DEBUG] 16:48:26 | [WS => Shard 0] Heartbeat acknowledged, latency of 124ms.
[DEBUG] 16:49:07 | [WS => Shard 0] Heartbeat acknowledged, latency of 146ms.
[DEBUG] 16:49:48 | [WS => Shard 0] Heartbeat acknowledged, latency of 132ms.
[DEBUG] 16:50:29 | [WS => Shard 0] Heartbeat acknowledged, latency of 123ms.
[DEBUG] 16:51:11 | [WS => Shard 0] Heartbeat acknowledged, latency of 125ms.
[DEBUG] 16:51:52 | [WS => Shard 0] Heartbeat acknowledged, latency of 128ms.
[DEBUG] 16:52:33 | [WS => Shard 0] Heartbeat acknowledged, latency of 126ms.
[DEBUG] 16:53:14 | [WS => Shard 0] Heartbeat acknowledged, latency of 123ms.
[MEMORY] 16:53:39 | 16.84 MB out of 18.64 MB
[CPU] 16:53:39 |  0.02 % used
[UPTIME] 16:53:39 | 0d 0h 10m 0s
[DEBUG] 16:53:56 | [WS => Shard 0] Heartbeat acknowledged, latency of 122ms.
[DEBUG] 16:54:37 | [WS => Shard 0] Heartbeat acknowledged, latency of 183ms.
[DEBUG] 16:55:18 | [WS => Shard 0] Heartbeat acknowledged, latency of 121ms.
[DEBUG] 16:55:59 | [WS => Shard 0] Heartbeat acknowledged, latency of 130ms.
[DEBUG] 16:56:41 | [WS => Shard 0] Heartbeat acknowledged, latency of 122ms.
[DEBUG] 16:57:22 | [WS => Shard 0] Heartbeat acknowledged, latency of 127ms.
[DEBUG] 16:58:03 | [WS => Shard 0] Heartbeat acknowledged, latency of 164ms.
[DEBUG] 16:58:44 | [WS => Shard 0] Heartbeat acknowledged, latency of 123ms.
[DEBUG] 16:59:26 | [WS => Shard 0] Heartbeat acknowledged, latency of 135ms.
[DEBUG] 17:00:07 | [WS => Shard 0] Heartbeat acknowledged, latency of 124ms.
[DEBUG] 17:00:48 | [WS => Shard 0] Heartbeat acknowledged, latency of 125ms.
[DEBUG] 17:01:29 | [WS => Shard 0] Heartbeat acknowledged, latency of 133ms.
[DEBUG] 17:02:11 | [WS => Shard 0] Heartbeat acknowledged, latency of 126ms.
[DEBUG] 17:02:52 | [WS => Shard 0] Heartbeat acknowledged, latency of 127ms.
[DEBUG] 17:03:33 | [WS => Shard 0] Heartbeat acknowledged, latency of 125ms.
[MEMORY] 17:03:39 | 16.51 MB out of 19.64 MB
[CPU] 17:03:39 |  0.02 % used
[UPTIME] 17:03:39 | 0d 0h 20m 0s
[DEBUG] 17:04:14 | [WS => Shard 0] Heartbeat acknowledged, latency of 125ms.
[DEBUG] 17:04:56 | [WS => Shard 0] Heartbeat acknowledged, latency of 134ms.
[DEBUG] 17:05:37 | [WS => Shard 0] Heartbeat acknowledged, latency of 126ms.
[DEBUG] 17:06:18 | [WS => Shard 0] Heartbeat acknowledged, latency of 120ms.
[DEBUG] 17:06:59 | [WS => Shard 0] Heartbeat acknowledged, latency of 127ms.
[DEBUG] 17:07:41 | [WS => Shard 0] Heartbeat acknowledged, latency of 121ms.
[DEBUG] 17:08:22 | [WS => Shard 0] Heartbeat acknowledged, latency of 124ms.
[DEBUG] 17:09:03 | [WS => Shard 0] Heartbeat acknowledged, latency of 124ms.
[DEBUG] 17:09:44 | [WS => Shard 0] Heartbeat acknowledged, latency of 124ms.
[DEBUG] 17:10:26 | [WS => Shard 0] Heartbeat acknowledged, latency of 130ms.
[DEBUG] 17:11:07 | [WS => Shard 0] Heartbeat acknowledged, latency of 124ms.
[DEBUG] 17:11:48 | [WS => Shard 0] Heartbeat acknowledged, latency of 128ms.
[DEBUG] 17:12:29 | [WS => Shard 0] Heartbeat acknowledged, latency of 130ms.
[DEBUG] 17:13:11 | [WS => Shard 0] Heartbeat acknowledged, latency of 156ms.
[MEMORY] 17:13:39 | 17.15 MB out of 19.64 MB
[CPU] 17:13:39 |  0.02 % used
[UPTIME] 17:13:39 | 0d 0h 30m 0s
[DEBUG] 17:13:52 | [WS => Shard 0] Heartbeat acknowledged, latency of 121ms.
[DEBUG] 17:14:33 | [WS => Shard 0] Heartbeat acknowledged, latency of 129ms.
[DEBUG] 17:15:14 | [WS => Shard 0] Heartbeat acknowledged, latency of 138ms.
[DEBUG] 17:15:56 | [WS => Shard 0] Heartbeat acknowledged, latency of 122ms.
[DEBUG] 17:16:37 | [WS => Shard 0] Heartbeat acknowledged, latency of 125ms.
[DEBUG] 17:17:18 | [WS => Shard 0] Heartbeat acknowledged, latency of 133ms.
[DEBUG] 17:17:59 | [WS => Shard 0] Heartbeat acknowledged, latency of 131ms.
[DEBUG] 17:18:41 | [WS => Shard 0] Heartbeat acknowledged, latency of 128ms.
[DEBUG] 17:19:22 | [WS => Shard 0] Heartbeat acknowledged, latency of 124ms.
[DEBUG] 17:20:03 | [WS => Shard 0] Heartbeat acknowledged, latency of 125ms.
[DEBUG] 17:20:44 | [WS => Shard 0] Heartbeat acknowledged, latency of 137ms.
[DEBUG] 17:21:26 | [WS => Shard 0] Heartbeat acknowledged, latency of 161ms.
[DEBUG] 17:22:07 | [WS => Shard 0] Heartbeat acknowledged, latency of 128ms.
[DEBUG] 17:22:48 | [WS => Shard 0] Heartbeat acknowledged, latency of 122ms.
[DEBUG] 17:23:29 | [WS => Shard 0] Heartbeat acknowledged, latency of 128ms.
[MEMORY] 17:23:39 | 16.62 MB out of 18.64 MB
[CPU] 17:23:39 |  0.02 % used
[UPTIME] 17:23:39 | 0d 0h 40m 0s
[DEBUG] 17:24:11 | [WS => Shard 0] Heartbeat acknowledged, latency of 122ms.
[DEBUG] 17:24:52 | [WS => Shard 0] Heartbeat acknowledged, latency of 120ms.
[DEBUG] 17:25:33 | [WS => Shard 0] Heartbeat acknowledged, latency of 136ms.
[DEBUG] 17:26:14 | [WS => Shard 0] Heartbeat acknowledged, latency of 136ms.
[DEBUG] 17:26:56 | [WS => Shard 0] Heartbeat acknowledged, latency of 123ms.
[DEBUG] 17:27:37 | [WS => Shard 0] Heartbeat acknowledged, latency of 125ms.
[DEBUG] 17:28:18 | [WS => Shard 0] Heartbeat acknowledged, latency of 130ms.
[DEBUG] 17:28:59 | [WS => Shard 0] Heartbeat acknowledged, latency of 124ms.
[DEBUG] 17:29:41 | [WS => Shard 0] Heartbeat acknowledged, latency of 126ms.
[DEBUG] 17:30:22 | [WS => Shard 0] Heartbeat acknowledged, latency of 129ms.
[DEBUG] 17:31:03 | [WS => Shard 0] Heartbeat acknowledged, latency of 122ms.
[DEBUG] 17:31:44 | [WS => Shard 0] Heartbeat acknowledged, latency of 130ms.
[DEBUG] 17:32:26 | [WS => Shard 0] Heartbeat acknowledged, latency of 121ms.
[DEBUG] 17:33:07 | [WS => Shard 0] Heartbeat acknowledged, latency of 129ms.
[MEMORY] 17:33:39 | 17.01 MB out of 18.64 MB
[CPU] 17:33:39 |  0.02 % used
[UPTIME] 17:33:39 | 0d 0h 50m 0s
[DEBUG] 17:33:48 | [WS => Shard 0] Heartbeat acknowledged, latency of 136ms.
[DEBUG] 17:34:29 | [WS => Shard 0] Heartbeat acknowledged, latency of 126ms.
[DEBUG] 17:35:11 | [WS => Shard 0] Heartbeat acknowledged, latency of 130ms.
[DEBUG] 17:35:52 | [WS => Shard 0] Heartbeat acknowledged, latency of 126ms.
[DEBUG] 17:36:33 | [WS => Shard 0] Heartbeat acknowledged, latency of 127ms.
[DEBUG] 17:37:14 | [WS => Shard 0] Heartbeat acknowledged, latency of 121ms.
[DEBUG] 17:37:56 | [WS => Shard 0] Heartbeat acknowledged, latency of 125ms.
[DEBUG] 17:38:37 | [WS => Shard 0] Heartbeat acknowledged, latency of 127ms.
[DEBUG] 17:39:18 | [WS => Shard 0] Heartbeat acknowledged, latency of 121ms.
[DEBUG] 17:39:59 | [WS => Shard 0] Heartbeat acknowledged, latency of 135ms.
[DEBUG] 17:40:41 | [WS => Shard 0] Heartbeat acknowledged, latency of 162ms.
[DEBUG] 17:41:22 | [WS => Shard 0] Heartbeat acknowledged, latency of 134ms.
[DEBUG] 17:42:03 | [WS => Shard 0] Heartbeat acknowledged, latency of 132ms.
[DEBUG] 17:42:44 | [WS => Shard 0] Heartbeat acknowledged, latency of 128ms.
[DEBUG] 17:43:26 | [WS => Shard 0] Heartbeat acknowledged, latency of 127ms.
[MEMORY] 17:43:39 | 16.60 MB out of 18.64 MB
[CPU] 17:43:39 |  0.02 % used
[UPTIME] 17:43:39 | 0d 1h 0m 0s
[DEBUG] 17:44:07 | [WS => Shard 0] Heartbeat acknowledged, latency of 129ms.
[DEBUG] 17:44:48 | [WS => Shard 0] Heartbeat acknowledged, latency of 141ms.
[DEBUG] 17:45:29 | [WS => Shard 0] Heartbeat acknowledged, latency of 122ms.
[DEBUG] 17:46:11 | [WS => Shard 0] Heartbeat acknowledged, latency of 129ms.
[DEBUG] 17:46:52 | [WS => Shard 0] Heartbeat acknowledged, latency of 129ms.
[DEBUG] 17:47:33 | [WS => Shard 0] Heartbeat acknowledged, latency of 126ms.
[DEBUG] 17:48:14 | [WS => Shard 0] Heartbeat acknowledged, latency of 132ms.
[DEBUG] 17:48:56 | [WS => Shard 0] Heartbeat acknowledged, latency of 139ms.
[DEBUG] 17:49:37 | [WS => Shard 0] Heartbeat acknowledged, latency of 137ms.
[DEBUG] 17:50:18 | [WS => Shard 0] Heartbeat acknowledged, latency of 128ms.
[DEBUG] 17:50:59 | [WS => Shard 0] Heartbeat acknowledged, latency of 123ms.
[INFO] 17:51:34 | Started refreshing 9 application (/) commands.
[INFO] 17:51:34 | Successfully reloaded 9 application (/) commands.
[DEBUG] 17:51:35 | Provided token: MTA4NTYxMjkzOTc3MzQ4NTE5MA.GZK5eK.**************************************
[DEBUG] 17:51:35 | Preparing to connect to the gateway...
[DEBUG] 17:51:35 | [WS => Manager] Fetched Gateway Information
    URL: wss://gateway.discord.gg
    Recommended Shards: 1
[DEBUG] 17:51:35 | [WS => Manager] Session Limit Information
    Total: 1000
    Remaining: 999
[DEBUG] 17:51:35 | [WS => Shard 0] Connecting to wss://gateway.discord.gg?v=10&encoding=json
[DEBUG] 17:51:35 | [WS => Shard 0] Waiting for event hello for 60000ms
[DEBUG] 17:51:35 | [WS => Shard 0] Preparing first heartbeat of the connection with a jitter of 0.9110299557756021; waiting 37579ms
[DEBUG] 17:51:35 | [WS => Shard 0] Waiting for identify throttle
[DEBUG] 17:51:35 | [WS => Shard 0] Identifying
	shard id: 0
	shard count: 1
	intents: 513
	compression: none
[DEBUG] 17:51:35 | [WS => Shard 0] Waiting for event ready for 15000ms
[DEBUG] 17:51:35 | [WS => Shard 0] Shard received all its guilds. Marking as fully ready.
[DEBUG] 17:52:01 | Provided token: MTA4NTYxMjkzOTc3MzQ4NTE5MA.GZK5eK.**************************************
[DEBUG] 17:52:01 | Preparing to connect to the gateway...
[DEBUG] 17:52:01 | [WS => Manager] Fetched Gateway Information
    URL: wss://gateway.discord.gg
    Recommended Shards: 1
[DEBUG] 17:52:01 | [WS => Manager] Session Limit Information
    Total: 1000
    Remaining: 998
[DEBUG] 17:52:01 | [WS => Shard 0] Connecting to wss://gateway.discord.gg?v=10&encoding=json
[DEBUG] 17:52:01 | [WS => Shard 0] Waiting for event hello for 60000ms
[DEBUG] 17:52:01 | [WS => Shard 0] Preparing first heartbeat of the connection with a jitter of 0.047113868136924086; waiting 1943ms
[DEBUG] 17:52:01 | [WS => Shard 0] Waiting for identify throttle
[DEBUG] 17:52:01 | [WS => Shard 0] Identifying
	shard id: 0
	shard count: 1
	intents: 513
	compression: none
[DEBUG] 17:52:01 | [WS => Shard 0] Waiting for event ready for 15000ms
[DEBUG] 17:52:02 | [WS => Shard 0] Shard received all its guilds. Marking as fully ready.
[DEBUG] 17:52:03 | [WS => Shard 0] First heartbeat sent, starting to beat every 41250ms
[DEBUG] 17:52:03 | [WS => Shard 0] Heartbeat acknowledged, latency of 123ms.
[INFO] 17:52:44 | Started refreshing 9 application (/) commands.
[INFO] 17:52:44 | Successfully reloaded 9 application (/) commands.
[DEBUG] 17:52:45 | Provided token: MTA4NTYxMjkzOTc3MzQ4NTE5MA.GZK5eK.**************************************
[DEBUG] 17:52:45 | Preparing to connect to the gateway...
[DEBUG] 17:52:45 | [WS => Manager] Fetched Gateway Information
    URL: wss://gateway.discord.gg
    Recommended Shards: 1
[DEBUG] 17:52:45 | [WS => Manager] Session Limit Information
    Total: 1000
    Remaining: 997
[DEBUG] 17:52:45 | [WS => Shard 0] Connecting to wss://gateway.discord.gg?v=10&encoding=json
[DEBUG] 17:52:45 | [WS => Shard 0] Waiting for event hello for 60000ms
[DEBUG] 17:52:45 | [WS => Shard 0] Preparing first heartbeat of the connection with a jitter of 0.3558401311781465; waiting 14678ms
[DEBUG] 17:52:45 | [WS => Shard 0] Waiting for identify throttle
[DEBUG] 17:52:45 | [WS => Shard 0] Identifying
	shard id: 0
	shard count: 1
	intents: 513
	compression: none
[DEBUG] 17:52:45 | [WS => Shard 0] Waiting for event ready for 15000ms
[DEBUG] 17:52:46 | [WS => Shard 0] Shard received all its guilds. Marking as fully ready.
[DEBUG] 17:52:58 | Provided token: MTA4NTYxMjkzOTc3MzQ4NTE5MA.GZK5eK.**************************************
[DEBUG] 17:52:58 | Preparing to connect to the gateway...
[DEBUG] 17:52:59 | [WS => Manager] Fetched Gateway Information
    URL: wss://gateway.discord.gg
    Recommended Shards: 1
[DEBUG] 17:52:59 | [WS => Manager] Session Limit Information
    Total: 1000
    Remaining: 996
[DEBUG] 17:52:59 | [WS => Shard 0] Connecting to wss://gateway.discord.gg?v=10&encoding=json
[DEBUG] 17:52:59 | [WS => Shard 0] Waiting for event hello for 60000ms
[DEBUG] 17:52:59 | [WS => Shard 0] Preparing first heartbeat of the connection with a jitter of 0.06589995342585508; waiting 2718ms
[DEBUG] 17:52:59 | [WS => Shard 0] Waiting for identify throttle
[DEBUG] 17:52:59 | [WS => Shard 0] Identifying
	shard id: 0
	shard count: 1
	intents: 513
	compression: none
[DEBUG] 17:52:59 | [WS => Shard 0] Waiting for event ready for 15000ms
[DEBUG] 17:52:59 | [WS => Shard 0] Shard received all its guilds. Marking as fully ready.
[DEBUG] 17:53:02 | [WS => Shard 0] First heartbeat sent, starting to beat every 41250ms
[DEBUG] 17:53:02 | [WS => Shard 0] Heartbeat acknowledged, latency of 124ms.
[DEBUG] 17:53:43 | [WS => Shard 0] Heartbeat acknowledged, latency of 144ms.
[DEBUG] 17:54:24 | [WS => Shard 0] Heartbeat acknowledged, latency of 126ms.
[DEBUG] 17:55:05 | [WS => Shard 0] Heartbeat acknowledged, latency of 126ms.
[COMMAND] 17:55:16 | Command: Reload | megurre (324856872987262996) reloaded currentprojects.
[DEBUG] 17:55:47 | [WS => Shard 0] Heartbeat acknowledged, latency of 133ms.
[INFO] 17:56:05 | Started refreshing 9 application (/) commands.
[INFO] 17:56:05 | Successfully reloaded 9 application (/) commands.
[DEBUG] 17:56:05 | Provided token: MTA4NTYxMjkzOTc3MzQ4NTE5MA.GZK5eK.**************************************
[DEBUG] 17:56:05 | Preparing to connect to the gateway...
[DEBUG] 17:56:06 | [WS => Manager] Fetched Gateway Information
    URL: wss://gateway.discord.gg
    Recommended Shards: 1
[DEBUG] 17:56:06 | [WS => Manager] Session Limit Information
    Total: 1000
    Remaining: 995
[DEBUG] 17:56:06 | [WS => Shard 0] Connecting to wss://gateway.discord.gg?v=10&encoding=json
[DEBUG] 17:56:06 | [WS => Shard 0] Waiting for event hello for 60000ms
[DEBUG] 17:56:06 | [WS => Shard 0] Preparing first heartbeat of the connection with a jitter of 0.767286666347796; waiting 31650ms
[DEBUG] 17:56:06 | [WS => Shard 0] Waiting for identify throttle
[DEBUG] 17:56:06 | [WS => Shard 0] Identifying
	shard id: 0
	shard count: 1
	intents: 513
	compression: none
[DEBUG] 17:56:06 | [WS => Shard 0] Waiting for event ready for 15000ms
[DEBUG] 17:56:06 | [WS => Shard 0] Shard received all its guilds. Marking as fully ready.
[DEBUG] 17:56:38 | [WS => Shard 0] First heartbeat sent, starting to beat every 41250ms
[DEBUG] 17:56:38 | [WS => Shard 0] Heartbeat acknowledged, latency of 124ms.
[DEBUG] 17:57:19 | [WS => Shard 0] Heartbeat acknowledged, latency of 123ms.
[DEBUG] 17:58:00 | [WS => Shard 0] Heartbeat acknowledged, latency of 139ms.
[DEBUG] 17:58:42 | [WS => Shard 0] Heartbeat acknowledged, latency of 124ms.
[DEBUG] 17:59:23 | [WS => Shard 0] Heartbeat acknowledged, latency of 132ms.
[DEBUG] 18:00:04 | [WS => Shard 0] Heartbeat acknowledged, latency of 139ms.
[INFO] 18:01:06 | Started refreshing 9 application (/) commands.
[INFO] 18:01:07 | Successfully reloaded 9 application (/) commands.
[DEBUG] 18:01:07 | Provided token: MTA4NTYxMjkzOTc3MzQ4NTE5MA.GZK5eK.**************************************
[DEBUG] 18:01:07 | Preparing to connect to the gateway...
[DEBUG] 18:01:07 | [WS => Manager] Fetched Gateway Information
    URL: wss://gateway.discord.gg
    Recommended Shards: 1
[DEBUG] 18:01:07 | [WS => Manager] Session Limit Information
    Total: 1000
    Remaining: 994
[DEBUG] 18:01:07 | [WS => Shard 0] Connecting to wss://gateway.discord.gg?v=10&encoding=json
[DEBUG] 18:01:07 | [WS => Shard 0] Waiting for event hello for 60000ms
[DEBUG] 18:01:08 | [WS => Shard 0] Preparing first heartbeat of the connection with a jitter of 0.12539822625381936; waiting 5172ms
[DEBUG] 18:01:08 | [WS => Shard 0] Waiting for identify throttle
[DEBUG] 18:01:08 | [WS => Shard 0] Identifying
	shard id: 0
	shard count: 1
	intents: 513
	compression: none
[DEBUG] 18:01:08 | [WS => Shard 0] Waiting for event ready for 15000ms
[DEBUG] 18:01:08 | [WS => Shard 0] Shard received all its guilds. Marking as fully ready.
[DEBUG] 18:01:13 | Provided token: MTA4NTYxMjkzOTc3MzQ4NTE5MA.GZK5eK.**************************************
[DEBUG] 18:01:13 | Preparing to connect to the gateway...
[DEBUG] 18:01:13 | [WS => Manager] Fetched Gateway Information
    URL: wss://gateway.discord.gg
    Recommended Shards: 1
[DEBUG] 18:01:13 | [WS => Manager] Session Limit Information
    Total: 1000
    Remaining: 993
[DEBUG] 18:01:13 | [WS => Shard 0] Connecting to wss://gateway.discord.gg?v=10&encoding=json
[DEBUG] 18:01:13 | [WS => Shard 0] Waiting for event hello for 60000ms
[DEBUG] 18:01:14 | [WS => Shard 0] Preparing first heartbeat of the connection with a jitter of 0.2718440886900191; waiting 11213ms
[DEBUG] 18:01:14 | [WS => Shard 0] Waiting for identify throttle
[DEBUG] 18:01:14 | [WS => Shard 0] Identifying
	shard id: 0
	shard count: 1
	intents: 513
	compression: none
[DEBUG] 18:01:14 | [WS => Shard 0] Waiting for event ready for 15000ms
[DEBUG] 18:01:14 | [WS => Shard 0] Shard received all its guilds. Marking as fully ready.
[DEBUG] 18:01:25 | [WS => Shard 0] First heartbeat sent, starting to beat every 41250ms
[DEBUG] 18:01:25 | [WS => Shard 0] Heartbeat acknowledged, latency of 124ms.
[DEBUG] 18:02:06 | [WS => Shard 0] Heartbeat acknowledged, latency of 120ms.
[DEBUG] 18:02:47 | [WS => Shard 0] Heartbeat acknowledged, latency of 124ms.
[DEBUG] 18:03:29 | [WS => Shard 0] Heartbeat acknowledged, latency of 127ms.
[DEBUG] 18:04:10 | [WS => Shard 0] Heartbeat acknowledged, latency of 120ms.
[DEBUG] 18:04:51 | [WS => Shard 0] Heartbeat acknowledged, latency of 127ms.
[DEBUG] 18:05:32 | [WS => Shard 0] Heartbeat acknowledged, latency of 132ms.
[DEBUG] 18:06:14 | [WS => Shard 0] Heartbeat acknowledged, latency of 123ms.
[DEBUG] 18:06:55 | [WS => Shard 0] Heartbeat acknowledged, latency of 127ms.
[DEBUG] 18:07:36 | [WS => Shard 0] Heartbeat acknowledged, latency of 124ms.
[DEBUG] 18:08:17 | [WS => Shard 0] Heartbeat acknowledged, latency of 127ms.
[DEBUG] 18:08:59 | [WS => Shard 0] Heartbeat acknowledged, latency of 129ms.
[DEBUG] 18:09:40 | [WS => Shard 0] Heartbeat acknowledged, latency of 122ms.
[DEBUG] 18:10:21 | [WS => Shard 0] Heartbeat acknowledged, latency of 121ms.
[DEBUG] 18:11:02 | [WS => Shard 0] Heartbeat acknowledged, latency of 189ms.
[MEMORY] 18:11:13 | 17.57 MB out of 18.89 MB
[CPU] 18:11:13 |  0.04 % used
[UPTIME] 18:11:13 | 0d 0h 10m 0s
[DEBUG] 18:11:44 | [WS => Shard 0] Heartbeat acknowledged, latency of 124ms.
[DEBUG] 18:12:25 | [WS => Shard 0] Heartbeat acknowledged, latency of 122ms.
[DEBUG] 18:13:06 | [WS => Shard 0] Heartbeat acknowledged, latency of 130ms.
[DEBUG] 18:13:47 | [WS => Shard 0] Heartbeat acknowledged, latency of 125ms.
[DEBUG] 18:14:29 | [WS => Shard 0] Heartbeat acknowledged, latency of 147ms.
[DEBUG] 18:15:10 | [WS => Shard 0] Heartbeat acknowledged, latency of 121ms.
[DEBUG] 18:15:51 | [WS => Shard 0] Heartbeat acknowledged, latency of 121ms.
[DEBUG] 18:16:32 | [WS => Shard 0] Heartbeat acknowledged, latency of 126ms.
[DEBUG] 18:17:14 | [WS => Shard 0] Heartbeat acknowledged, latency of 128ms.
[DEBUG] 18:17:55 | [WS => Shard 0] Heartbeat acknowledged, latency of 123ms.
[DEBUG] 18:18:36 | [WS => Shard 0] Heartbeat acknowledged, latency of 122ms.
[DEBUG] 18:19:17 | [WS => Shard 0] Heartbeat acknowledged, latency of 125ms.
[DEBUG] 18:19:59 | [WS => Shard 0] Heartbeat acknowledged, latency of 130ms.
[DEBUG] 18:20:40 | [WS => Shard 0] Heartbeat acknowledged, latency of 123ms.
[MEMORY] 18:21:13 | 17.47 MB out of 20.14 MB
[CPU] 18:21:13 |  0.04 % used
[UPTIME] 18:21:13 | 0d 0h 20m 0s
[DEBUG] 18:21:21 | [WS => Shard 0] Heartbeat acknowledged, latency of 128ms.
[DEBUG] 18:22:02 | [WS => Shard 0] Heartbeat acknowledged, latency of 141ms.
[DEBUG] 18:22:44 | [WS => Shard 0] Heartbeat acknowledged, latency of 127ms.
[DEBUG] 18:23:25 | [WS => Shard 0] Heartbeat acknowledged, latency of 124ms.
[DEBUG] 18:24:06 | [WS => Shard 0] Heartbeat acknowledged, latency of 138ms.
[DEBUG] 18:24:47 | [WS => Shard 0] Heartbeat acknowledged, latency of 138ms.
[DEBUG] 18:25:29 | [WS => Shard 0] Heartbeat acknowledged, latency of 121ms.
[DEBUG] 18:26:10 | [WS => Shard 0] Heartbeat acknowledged, latency of 124ms.
[DEBUG] 18:26:51 | [WS => Shard 0] Heartbeat acknowledged, latency of 125ms.
[DEBUG] 18:27:32 | [WS => Shard 0] Heartbeat acknowledged, latency of 127ms.
[DEBUG] 18:28:14 | [WS => Shard 0] Heartbeat acknowledged, latency of 134ms.
